2025-09-18 22:01:42,599 [INFO] Activator:176 - 


2025-09-18 22:01:42,603 [INFO] Activator:177 - !SESSION log4j initialized
2025-09-18 22:01:49,479 [INFO] LogOutputStream:77 - [STDOUT_REDIRECT] 
2025-09-18 22:01:52,547 [INFO] ApplicationProperties:184 - Using Application install path: D:\STM32CubeIDE_1.14.0\STM32CubeIDE\plugins\com.st.stm32cube.common.mx_6.10.0.202311202037
2025-09-18 22:01:52,569 [INFO] DbMcusXml:78 - Set database path to: D:\STM32CubeIDE_1.14.0\STM32CubeIDE\plugins\com.st.stm32cube.common.mx_6.10.0.202311202037\\db\/mcu/
2025-09-18 22:01:52,569 [INFO] ApiDb:274 - Set plugin database path to: D:\STM32CubeIDE_1.14.0\STM32CubeIDE\plugins\com.st.stm32cube.common.mx_6.10.0.202311202037\\db\/plugins/boardmanager/
2025-09-18 22:01:52,570 [WARN] ApiDb:259 - Overriding images path with different value:  => D:\STM32CubeIDE_1.14.0\STM32CubeIDE\plugins\com.st.stm32cube.common.mx_6.10.0.202311202037\\db\/plugins/mcufinder/images/
2025-09-18 22:01:52,578 [INFO] ApiDb:250 - Set database path to: C:\Users\ASUS\.stmcufinder\plugins\mcufinder//mcu/
2025-09-18 22:01:52,579 [INFO] DbMcusAds:125 - Set database path to: C:\Users\ASUS\.stmcufinder\plugins\mcufinder//mcu/
2025-09-18 22:01:52,582 [INFO] CrossReferenceDbSqlite:203 - Set database path to: C:\Users\ASUS\.stmcufinder\plugins\mcufinder//mcu/cs/
2025-09-18 22:01:52,723 [INFO] RulesReader:64 - Compatibility file has been processed (297 Rules)
2025-09-18 22:01:52,826 [INFO] DbMcusXml:78 - Set database path to: D:\STM32CubeIDE_1.14.0\STM32CubeIDE\plugins\com.st.stm32cube.common.mx_6.10.0.202311202037\\db\/mcu/
2025-09-18 22:01:52,826 [INFO] ApiDb:274 - Set plugin database path to: D:\STM32CubeIDE_1.14.0\STM32CubeIDE\plugins\com.st.stm32cube.common.mx_6.10.0.202311202037\\db\/plugins/boardmanager/
2025-09-18 22:01:52,826 [INFO] ApiDb:261 - Set plugin images path to: D:\STM32CubeIDE_1.14.0\STM32CubeIDE\plugins\com.st.stm32cube.common.mx_6.10.0.202311202037\\db\/plugins/mcufinder/images/
2025-09-18 22:01:52,826 [WARN] DbFile:41 - Overriding database path with different value: C:\Users\ASUS\.stmcufinder\plugins\mcufinder/ => C:\Users\ASUS\.stmcufinder\plugins\mcufinder
2025-09-18 22:01:52,826 [INFO] ApiDb:250 - Set database path to: C:\Users\ASUS\.stmcufinder\plugins\mcufinder//mcu/
2025-09-18 22:01:52,827 [WARN] DbFile:41 - Overriding database path with different value: C:\Users\ASUS\.stmcufinder\plugins\mcufinder/ => C:\Users\ASUS\.stmcufinder\plugins\mcufinder
2025-09-18 22:01:52,827 [INFO] DbMcusAds:125 - Set database path to: C:\Users\ASUS\.stmcufinder\plugins\mcufinder//mcu/
2025-09-18 22:01:52,827 [WARN] DbFile:41 - Overriding database path with different value: C:\Users\ASUS\.stmcufinder\plugins\mcufinder/ => C:\Users\ASUS\.stmcufinder\plugins\mcufinder
2025-09-18 22:01:52,827 [WARN] DbFile:41 - Overriding database path with different value: C:\Users\ASUS\.stmcufinder\plugins\mcufinder/ => C:\Users\ASUS\.stmcufinder\plugins\mcufinder
2025-09-18 22:01:52,827 [INFO] CrossReferenceDbSqlite:203 - Set database path to: C:\Users\ASUS\.stmcufinder\plugins\mcufinder//mcu/cs/
2025-09-18 22:01:52,925 [INFO] MainPanel:264 - HeapMemory: 268435456
2025-09-18 22:01:53,083 [INFO] DbMcusXml:78 - Set database path to: D:\STM32CubeIDE_1.14.0\STM32CubeIDE\plugins\com.st.stm32cube.common.mx_6.10.0.202311202037\\db\/mcu/
2025-09-18 22:01:53,083 [INFO] ApiDb:274 - Set plugin database path to: D:\STM32CubeIDE_1.14.0\STM32CubeIDE\plugins\com.st.stm32cube.common.mx_6.10.0.202311202037\\db\/plugins/boardmanager/
2025-09-18 22:01:53,084 [INFO] ApiDb:261 - Set plugin images path to: D:\STM32CubeIDE_1.14.0\STM32CubeIDE\plugins\com.st.stm32cube.common.mx_6.10.0.202311202037\\db\/plugins/mcufinder/images/
2025-09-18 22:01:53,084 [WARN] DbFile:41 - Overriding database path with different value: C:\Users\ASUS\.stmcufinder\plugins\mcufinder/ => C:\Users\ASUS\.stmcufinder\plugins\mcufinder
2025-09-18 22:01:53,084 [INFO] ApiDb:250 - Set database path to: C:\Users\ASUS\.stmcufinder\plugins\mcufinder//mcu/
2025-09-18 22:01:53,084 [WARN] DbFile:41 - Overriding database path with different value: C:\Users\ASUS\.stmcufinder\plugins\mcufinder/ => C:\Users\ASUS\.stmcufinder\plugins\mcufinder
2025-09-18 22:01:53,084 [INFO] DbMcusAds:125 - Set database path to: C:\Users\ASUS\.stmcufinder\plugins\mcufinder//mcu/
2025-09-18 22:01:53,085 [WARN] DbFile:41 - Overriding database path with different value: C:\Users\ASUS\.stmcufinder\plugins\mcufinder/ => C:\Users\ASUS\.stmcufinder\plugins\mcufinder
2025-09-18 22:01:53,085 [WARN] DbFile:41 - Overriding database path with different value: C:\Users\ASUS\.stmcufinder\plugins\mcufinder/ => C:\Users\ASUS\.stmcufinder\plugins\mcufinder
2025-09-18 22:01:53,085 [INFO] CrossReferenceDbSqlite:203 - Set database path to: C:\Users\ASUS\.stmcufinder\plugins\mcufinder//mcu/cs/
2025-09-18 22:01:53,107 [INFO] ApplicationProperties:184 - Using Application install path: D:\STM32CubeIDE_1.14.0\STM32CubeIDE\plugins\com.st.stm32cube.common.mx_6.10.0.202311202037
2025-09-18 22:01:53,109 [INFO] PluginManage:196 - Search for loadable plugins [exclusion list=, ]
2025-09-18 22:01:53,111 [INFO] PluginManage:310 - Check plugin analytics
2025-09-18 22:01:53,314 [INFO] AnalyticsPlugin:253 - Accepted Software Licenses: 
2025-09-18 22:01:53,315 [INFO] AnalyticsPlugin:255 - Accepted CMSIS Pack Licenses: 
2025-09-18 22:01:53,315 [INFO] AnalyticsPlugin:257 - Accepted Firmware Licenses: FW.F4.1.28.0
2025-09-18 22:01:53,319 [INFO] PluginManage:359 - Loaded plugin analytics (category:tool,tabindex:-1)
2025-09-18 22:01:53,320 [INFO] PluginManage:310 - Check plugin cadmodel
2025-09-18 22:01:53,344 [INFO] CADModel:105 - Init CAD model plugin
2025-09-18 22:01:53,345 [INFO] PluginManage:359 - Loaded plugin cadmodel (category:power,tabindex:5)
2025-09-18 22:01:53,345 [INFO] PluginManage:310 - Check plugin clock
2025-09-18 22:01:53,372 [INFO] PluginManage:359 - Loaded plugin clock (category:base,tabindex:2)
2025-09-18 22:01:53,372 [INFO] PluginManage:310 - Check plugin ddr
2025-09-18 22:01:53,376 [INFO] PluginManage:359 - Loaded plugin ddr (category:tool,tabindex:6)
2025-09-18 22:01:53,376 [INFO] PluginManage:310 - Check plugin filemanager
2025-09-18 22:01:53,520 [INFO] PluginManage:359 - Loaded plugin filemanager (category:base,tabindex:10)
2025-09-18 22:01:53,520 [INFO] PluginManage:310 - Check plugin ipmanager
2025-09-18 22:01:53,528 [INFO] PluginManage:359 - Loaded plugin ipmanager (category:base,tabindex:5)
2025-09-18 22:01:53,528 [INFO] PluginManage:310 - Check plugin lpbam
2025-09-18 22:01:53,549 [INFO] PluginManage:359 - Loaded plugin lpbam (category:base,tabindex:0)
2025-09-18 22:01:53,549 [INFO] PluginManage:310 - Check plugin memorymap
2025-09-18 22:01:53,575 [INFO] PluginManage:359 - Loaded plugin memorymap (category:base,tabindex:4)
2025-09-18 22:01:53,575 [INFO] PluginManage:310 - Check plugin pinoutandconfiguration
2025-09-18 22:01:53,595 [INFO] PluginManage:359 - Loaded plugin pinoutandconfiguration (category:base,tabindex:1)
2025-09-18 22:01:53,596 [INFO] PluginManage:310 - Check plugin pinoutconfig
2025-09-18 22:01:53,694 [WARN] SupportedApi:132 - Cannot load RTOS API schema: s4s-elt-must-match.1: The content of 'definitions' must match (annotation?, (simpleType | complexType)?, (unique | key | keyref)*)). A problem was found starting at: attribute.
2025-09-18 22:01:53,864 [INFO] PluginManage:359 - Loaded plugin pinoutconfig (category:base,tabindex:0)
2025-09-18 22:01:53,864 [INFO] PluginManage:310 - Check plugin power
2025-09-18 22:01:53,899 [INFO] PluginManage:359 - Loaded plugin power (category:power,tabindex:4)
2025-09-18 22:01:53,899 [INFO] PluginManage:310 - Check plugin projectmanager
2025-09-18 22:01:53,918 [INFO] PluginManage:359 - Loaded plugin projectmanager (category:projectmanager,tabindex:3)
2025-09-18 22:01:53,919 [INFO] PluginManage:310 - Check plugin thirdparty
2025-09-18 22:01:54,403 [INFO] PluginManage:359 - Loaded plugin thirdparty (category:base,tabindex:-1)
2025-09-18 22:01:54,403 [INFO] PluginManage:310 - Check plugin tools
2025-09-18 22:01:54,403 [WARN] IntegrityCheckThread:84 - waiting for thirdparty lock release [integrity check]
2025-09-18 22:01:54,403 [INFO] IntegrityCheckThread:86 - entering critical section [integrity check]
2025-09-18 22:01:54,404 [INFO] ThirdPartyUpdaterWithRetryManager:70 - Updater plugin not ready yet. [1/15]
2025-09-18 22:01:54,459 [INFO] PluginManage:359 - Loaded plugin tools (category:base,tabindex:7)
2025-09-18 22:01:54,459 [INFO] PluginManage:310 - Check plugin tutovideos
2025-09-18 22:01:54,673 [INFO] PluginManage:359 - Loaded plugin tutovideos (category:base,tabindex:-1)
2025-09-18 22:01:54,673 [INFO] PluginManage:310 - Check plugin updater
2025-09-18 22:01:54,684 [INFO] PluginManage:359 - Loaded plugin updater (category:base,tabindex:12)
2025-09-18 22:01:54,684 [INFO] PluginManage:310 - Check plugin userauth
2025-09-18 22:01:54,689 [INFO] UserAuth:114 - Init User Auth plugin
2025-09-18 22:01:54,689 [INFO] PluginManage:359 - Loaded plugin userauth (category:base,tabindex:14)
2025-09-18 22:01:54,689 [INFO] PluginManage:283 - PluginManage : Loaded plugins [17]
2025-09-18 22:01:54,918 [INFO] PinOutPanel:1499 - setPackage(No Configuration,No Configuration)
2025-09-18 22:01:55,024 [INFO] CADModel:165 - CPN selected for project level
2025-09-18 22:01:55,024 [INFO] CADModel:114 - Register for checkConnection events
2025-09-18 22:01:55,062 [INFO] IPUIPlugin:80 - create IPUIPlugin
2025-09-18 22:01:55,062 [INFO] PluginManager:220 - loadIPPluginJar : add adc
2025-09-18 22:01:55,128 [INFO] IPUIPlugin:80 - create IPUIPlugin
2025-09-18 22:01:55,129 [INFO] PluginManager:220 - loadIPPluginJar : add aes
2025-09-18 22:01:55,160 [INFO] McuFinderGlobals:63 - Set McuFinder mode to 2 (CubeIDE integrated)
2025-09-18 22:01:55,194 [INFO] IPUIPlugin:80 - create IPUIPlugin
2025-09-18 22:01:55,195 [INFO] PluginManager:220 - loadIPPluginJar : add can
2025-09-18 22:01:55,232 [INFO] IPUIPlugin:80 - create IPUIPlugin
2025-09-18 22:01:55,232 [INFO] PluginManager:220 - loadIPPluginJar : add comp
2025-09-18 22:01:55,284 [INFO] IPUIPlugin:80 - create IPUIPlugin
2025-09-18 22:01:55,284 [INFO] PluginManager:220 - loadIPPluginJar : add cryp
2025-09-18 22:01:55,327 [INFO] IPUIPlugin:80 - create IPUIPlugin
2025-09-18 22:01:55,327 [INFO] PluginManager:220 - loadIPPluginJar : add dfsdm
2025-09-18 22:01:55,344 [INFO] IPUIPlugin:80 - create IPUIPlugin
2025-09-18 22:01:55,345 [INFO] PluginManager:220 - loadIPPluginJar : add dma
2025-09-18 22:01:55,409 [INFO] IPUIPlugin:80 - create IPUIPlugin
2025-09-18 22:01:55,410 [INFO] PluginManager:220 - loadIPPluginJar : add dma3
2025-09-18 22:01:55,437 [INFO] IPUIPlugin:80 - create IPUIPlugin
2025-09-18 22:01:55,438 [INFO] PluginManager:220 - loadIPPluginJar : add fatfs
2025-09-18 22:01:55,502 [INFO] IPUIPlugin:80 - create IPUIPlugin
2025-09-18 22:01:55,502 [INFO] PluginManager:220 - loadIPPluginJar : add fmc
2025-09-18 22:01:55,527 [INFO] IPUIPlugin:80 - create IPUIPlugin
2025-09-18 22:01:55,527 [INFO] PluginManager:220 - loadIPPluginJar : add freertos
2025-09-18 22:01:55,556 [INFO] IPUIPlugin:80 - create IPUIPlugin
2025-09-18 22:01:55,556 [INFO] PluginManager:220 - loadIPPluginJar : add genericplugin
2025-09-18 22:01:55,687 [INFO] IPUIPlugin:80 - create IPUIPlugin
2025-09-18 22:01:55,687 [INFO] PluginManager:220 - loadIPPluginJar : add gfxmmu
2025-09-18 22:01:55,883 [INFO] IPUIPlugin:80 - create IPUIPlugin
2025-09-18 22:01:55,883 [INFO] PluginManager:220 - loadIPPluginJar : add gic
2025-09-18 22:01:55,899 [INFO] IPUIPlugin:80 - create IPUIPlugin
2025-09-18 22:01:55,899 [INFO] PluginManager:220 - loadIPPluginJar : add gpio
2025-09-18 22:01:56,022 [INFO] IPUIPlugin:80 - create IPUIPlugin
2025-09-18 22:01:56,022 [INFO] PluginManager:220 - loadIPPluginJar : add gtzc
2025-09-18 22:01:56,081 [INFO] IPUIPlugin:80 - create IPUIPlugin
2025-09-18 22:01:56,081 [INFO] PluginManager:220 - loadIPPluginJar : add hash
2025-09-18 22:01:56,153 [INFO] IPUIPlugin:80 - create IPUIPlugin
2025-09-18 22:01:56,153 [INFO] PluginManager:220 - loadIPPluginJar : add i2c
2025-09-18 22:01:56,209 [INFO] IPUIPlugin:80 - create IPUIPlugin
2025-09-18 22:01:56,209 [INFO] PluginManager:220 - loadIPPluginJar : add i2s
2025-09-18 22:01:56,265 [INFO] IPUIPlugin:80 - create IPUIPlugin
2025-09-18 22:01:56,265 [INFO] PluginManager:220 - loadIPPluginJar : add i3c
2025-09-18 22:01:56,410 [INFO] IPUIPlugin:80 - create IPUIPlugin
2025-09-18 22:01:56,410 [INFO] PluginManager:220 - loadIPPluginJar : add ipddr
2025-09-18 22:01:56,535 [INFO] IPUIPlugin:80 - create IPUIPlugin
2025-09-18 22:01:56,535 [INFO] PluginManager:220 - loadIPPluginJar : add linkedlist
2025-09-18 22:01:56,596 [INFO] IPUIPlugin:80 - create IPUIPlugin
2025-09-18 22:01:56,596 [INFO] PluginManager:220 - loadIPPluginJar : add lorawan
2025-09-18 22:01:56,647 [INFO] IPUIPlugin:80 - create IPUIPlugin
2025-09-18 22:01:56,647 [INFO] PluginManager:220 - loadIPPluginJar : add ltdc
2025-09-18 22:01:56,663 [INFO] IPUIPlugin:80 - create IPUIPlugin
2025-09-18 22:01:56,663 [INFO] PluginManager:220 - loadIPPluginJar : add mdma
2025-09-18 22:01:56,678 [INFO] IPUIPlugin:80 - create IPUIPlugin
2025-09-18 22:01:56,679 [INFO] PluginManager:220 - loadIPPluginJar : add nvic
2025-09-18 22:01:56,730 [INFO] IPUIPlugin:80 - create IPUIPlugin
2025-09-18 22:01:56,730 [INFO] PluginManager:220 - loadIPPluginJar : add opamp
2025-09-18 22:01:56,822 [INFO] IPUIPlugin:80 - create IPUIPlugin
2025-09-18 22:01:56,823 [INFO] PluginManager:220 - loadIPPluginJar : add openamp
2025-09-18 22:01:56,883 [INFO] IPUIPlugin:80 - create IPUIPlugin
2025-09-18 22:01:56,884 [INFO] PluginManager:220 - loadIPPluginJar : add pdm2pcm
2025-09-18 22:01:56,900 [INFO] IPUIPlugin:80 - create IPUIPlugin
2025-09-18 22:01:56,902 [INFO] PluginManager:220 - loadIPPluginJar : add plateformsettings
2025-09-18 22:01:56,933 [INFO] IPUIPlugin:80 - create IPUIPlugin
2025-09-18 22:01:56,933 [INFO] PluginManager:220 - loadIPPluginJar : add quadspi
2025-09-18 22:01:56,950 [INFO] IPUIPlugin:80 - create IPUIPlugin
2025-09-18 22:01:56,950 [INFO] PluginManager:220 - loadIPPluginJar : add resmgrutility
2025-09-18 22:01:57,014 [INFO] IPUIPlugin:80 - create IPUIPlugin
2025-09-18 22:01:57,014 [INFO] PluginManager:220 - loadIPPluginJar : add sai
2025-09-18 22:01:57,066 [INFO] IPUIPlugin:80 - create IPUIPlugin
2025-09-18 22:01:57,066 [INFO] PluginManager:220 - loadIPPluginJar : add spi
2025-09-18 22:01:57,157 [INFO] IPUIPlugin:80 - create IPUIPlugin
2025-09-18 22:01:57,157 [INFO] PluginManager:220 - loadIPPluginJar : add stm32_wpan
2025-09-18 22:01:57,190 [INFO] IPUIPlugin:80 - create IPUIPlugin
2025-09-18 22:01:57,191 [INFO] PluginManager:220 - loadIPPluginJar : add tim
2025-09-18 22:01:57,263 [INFO] IPUIPlugin:80 - create IPUIPlugin
2025-09-18 22:01:57,263 [INFO] PluginManager:220 - loadIPPluginJar : add touchsensing
2025-09-18 22:01:57,294 [INFO] IPUIPlugin:80 - create IPUIPlugin
2025-09-18 22:01:57,295 [INFO] PluginManager:220 - loadIPPluginJar : add tracer_emb
2025-09-18 22:01:57,327 [INFO] IPUIPlugin:80 - create IPUIPlugin
2025-09-18 22:01:57,327 [INFO] PluginManager:220 - loadIPPluginJar : add ts
2025-09-18 22:01:57,362 [INFO] IPUIPlugin:80 - create IPUIPlugin
2025-09-18 22:01:57,362 [INFO] PluginManager:220 - loadIPPluginJar : add tsc
2025-09-18 22:01:57,399 [INFO] IPUIPlugin:80 - create IPUIPlugin
2025-09-18 22:01:57,400 [INFO] PluginManager:220 - loadIPPluginJar : add ucpd
2025-09-18 22:01:57,405 [INFO] ThirdPartyUpdaterWithRetryManager:70 - Updater plugin not ready yet. [2/15]
2025-09-18 22:01:57,467 [INFO] IPUIPlugin:80 - create IPUIPlugin
2025-09-18 22:01:57,467 [INFO] PluginManager:220 - loadIPPluginJar : add usart
2025-09-18 22:01:57,528 [INFO] IPUIPlugin:80 - create IPUIPlugin
2025-09-18 22:01:57,528 [INFO] PluginManager:220 - loadIPPluginJar : add usbx
2025-09-18 22:01:57,653 [INFO] CADModel:165 - CPN selected for project level
2025-09-18 22:01:57,653 [INFO] CADModel:114 - Register for checkConnection events
2025-09-18 22:01:57,654 [FATAL] Updater:308 - Updater called before beeing initialized
2025-09-18 22:01:57,654 [ERROR] CADModel:125 - Updater not yet initialized, retry later 
2025-09-18 22:01:57,787 [INFO] CADModel:165 - CPN selected for project level
2025-09-18 22:01:57,787 [INFO] CADModel:114 - Register for checkConnection events
2025-09-18 22:01:57,787 [FATAL] Updater:308 - Updater called before beeing initialized
2025-09-18 22:01:57,787 [ERROR] CADModel:125 - Updater not yet initialized, retry later 
2025-09-18 22:01:57,791 [FATAL] Updater:308 - Updater called before beeing initialized
2025-09-18 22:01:57,917 [FATAL] Updater:308 - Updater called before beeing initialized
2025-09-18 22:01:57,929 [INFO] DbMcusAds:53 - JSON generation date=Tue Jul 08 15:14:23 ICT 2025 (1751962463582)
2025-09-18 22:01:57,929 [FATAL] Updater:308 - Updater called before beeing initialized
2025-09-18 22:01:58,023 [WARN] DetailPanel:346 - Failed to get advertising image, set to default
2025-09-18 22:01:58,111 [FATAL] Updater:308 - Updater called before beeing initialized
2025-09-18 22:01:58,115 [FATAL] Updater:308 - Updater called before beeing initialized
2025-09-18 22:01:58,115 [FATAL] Updater:308 - Updater called before beeing initialized
2025-09-18 22:01:58,115 [WARN] DetailPanel:346 - Failed to get advertising image, set to default
2025-09-18 22:01:58,116 [FATAL] Updater:308 - Updater called before beeing initialized
2025-09-18 22:01:58,185 [ERROR] Updater:1120 - MainUpdater not yet initialized. External WinMGr cannot be set.
2025-09-18 22:01:58,201 [INFO] Updater:1056 - Updater Version found : 6.10.0
2025-09-18 22:01:58,220 [INFO] ApplicationProperties:184 - Using Application install path: D:\STM32CubeIDE_1.14.0\STM32CubeIDE\plugins\com.st.stm32cube.common.mx_6.10.0.202311202037
2025-09-18 22:01:59,805 [ERROR] LogOutputStream:75 - [STDERR_REDIRECT] Sep 18, 2025 10:01:59 PM java.util.prefs.WindowsPreferences <init>
2025-09-18 22:01:59,806 [ERROR] LogOutputStream:75 - [STDERR_REDIRECT] WARNING: Could not open/create prefs root node Software\JavaSoft\Prefs at root 0xffffffff80000002. Windows RegCreateKeyEx(...) returned error code 5.
2025-09-18 22:01:59,806 [ERROR] LogOutputStream:75 - [STDERR_REDIRECT] 
2025-09-18 22:02:00,155 [INFO] MainUpdater:2873 - connection check result : 10
2025-09-18 22:02:00,155 [INFO] MainUpdater:3567 - Updater definition file requires update
2025-09-18 22:02:00,157 [INFO] MainUpdater:290 - Updater Check For Update Now.
2025-09-18 22:02:00,157 [INFO] MicroXplorer:498 - Change Database Version : DB.6.0.100
2025-09-18 22:02:00,182 [INFO] McuFinderGlobals:63 - Set McuFinder mode to 2 (CubeIDE integrated)
2025-09-18 22:02:00,210 [INFO] ServerAccessManage:473 - Download File updaters.zip
2025-09-18 22:02:00,339 [INFO] FileExtend:240 - Unzip File : updaters.zip
2025-09-18 22:02:00,339 [INFO] FileExtend:255 - Standard Zip Deflate
2025-09-18 22:02:00,408 [WARN] MainUpdater:1194 - Updater busy. Cannot search thirdparties
2025-09-18 22:02:00,408 [INFO] ThirdPartyUpdaterWithRetryManager:96 - Updater plugin is busy. [1/15]
2025-09-18 22:02:00,682 [INFO] UserAuth:404 - Internet connection configuration mode: 1
2025-09-18 22:02:00,723 [INFO] JxBrowserEngine:152 - Initiate JxBrowser Engine with user profile folder
2025-09-18 22:02:00,987 [INFO] ServerAccessManage:473 - Download File PacksControlFlags.xml
2025-09-18 22:02:01,138 [INFO] ServerAccessManage:473 - Download File cubemx.pidx
2025-09-18 22:02:02,391 [INFO] ServerAccessManage:473 - Download File STMicroelectronics.X-CUBE-FREERTOS.pdsc
2025-09-18 22:02:03,410 [WARN] MainUpdater:1194 - Updater busy. Cannot search thirdparties
2025-09-18 22:02:03,410 [INFO] ThirdPartyUpdaterWithRetryManager:96 - Updater plugin is busy. [2/15]
2025-09-18 22:02:05,161 [INFO] WebApp:161 - Instantiating new browser for Auth
2025-09-18 22:02:06,117 [INFO] WebApp:780 - Register for checkConnection events
2025-09-18 22:02:06,117 [INFO] WebApp:414 - Apply proxy settings
2025-09-18 22:02:06,117 [INFO] WebApp:499 - Chromium requires no authentication
2025-09-18 22:02:06,125 [INFO] WebApp:442 - Direct internet connection detected
2025-09-18 22:02:06,333 [INFO] WebApp:192 - Starting web application
2025-09-18 22:02:06,333 [INFO] WebApp:544 - Web application path used D:\STM32CubeIDE_1.14.0\STM32CubeIDE\plugins\com.st.stm32cube.common.mx_6.10.0.202311202037\db\plugins\mcufinder\reactClient1\index.html
2025-09-18 22:02:06,411 [WARN] MainUpdater:1194 - Updater busy. Cannot search thirdparties
2025-09-18 22:02:06,411 [INFO] ThirdPartyUpdaterWithRetryManager:96 - Updater plugin is busy. [3/15]
2025-09-18 22:02:07,193 [WARN] PackLoader:240 - Cannot read IP mode file for STMicroelectronics.X-CUBE-FREERTOS.1.3.1
2025-09-18 22:02:07,197 [INFO] PopulateThirdPartyThread:66 - Ending populate Thread
2025-09-18 22:02:07,203 [INFO] ThirdParty:1030 - CMSIS Pack Vendor :STMicroelectronics X-CUBE-FREERTOS 1.3.1
2025-09-18 22:02:07,204 [INFO] LoadServerUpdatesThread:375 - End of LoadServerUpdate Thread
2025-09-18 22:02:07,369 [INFO] CheckServerUpdateThread:120 - End of CheckServer Thread
2025-09-18 22:02:07,464 [INFO] MainUpdater:2873 - connection check result : 10
2025-09-18 22:02:07,516 [INFO] McuFinderGlobals:76 - Set McuFinderConnectedMode to true
2025-09-18 22:02:07,790 [INFO] ServerAccessManage:473 - Download File mcusAds.json._tmp_
2025-09-18 22:02:07,908 [INFO] LoadUrlFilesThread:156 - End of LoadUrlFiles Thread
2025-09-18 22:02:08,017 [INFO] ServerAccessManage:473 - Download File cube-finder-db.zip
2025-09-18 22:02:09,413 [WARN] MainUpdater:1194 - Updater busy. Cannot search thirdparties
2025-09-18 22:02:09,413 [INFO] ThirdPartyUpdaterWithRetryManager:96 - Updater plugin is busy. [4/15]
2025-09-18 22:02:12,413 [WARN] MainUpdater:1194 - Updater busy. Cannot search thirdparties
2025-09-18 22:02:12,413 [INFO] ThirdPartyUpdaterWithRetryManager:96 - Updater plugin is busy. [5/15]
2025-09-18 22:02:13,831 [INFO] FileExtend:240 - Unzip File : cube-finder-db.zip
2025-09-18 22:02:13,831 [INFO] FileExtend:255 - Standard Zip Deflate
2025-09-18 22:02:15,175 [INFO] LoadUrlFilesThread:156 - End of LoadUrlFiles Thread
2025-09-18 22:02:15,414 [WARN] MainUpdater:1194 - Updater busy. Cannot search thirdparties
2025-09-18 22:02:15,414 [INFO] ThirdPartyUpdaterWithRetryManager:96 - Updater plugin is busy. [6/15]
2025-09-18 22:02:16,252 [INFO] ServerAccessManage:473 - Download File crdb.zip
2025-09-18 22:02:17,917 [INFO] FileExtend:240 - Unzip File : crdb.zip
2025-09-18 22:02:17,917 [INFO] FileExtend:255 - Standard Zip Deflate
2025-09-18 22:02:18,058 [INFO] LoadUrlFilesThread:156 - End of LoadUrlFiles Thread
2025-09-18 22:02:18,180 [INFO] ServerAccessManage:473 - Download File tutoVideoDB.zip
2025-09-18 22:02:18,210 [INFO] FileExtend:240 - Unzip File : tutoVideoDB.zip
2025-09-18 22:02:18,212 [INFO] FileExtend:255 - Standard Zip Deflate
2025-09-18 22:02:18,344 [INFO] LoadUrlFilesThread:156 - End of LoadUrlFiles Thread
2025-09-18 22:02:18,349 [WARN] DbFile:41 - Overriding database path with different value: C:\Users\ASUS\.stmcufinder\plugins\mcufinder/ => C:\Users\ASUS\.stmcufinder\plugins\mcufinder
2025-09-18 22:02:18,419 [WARN] MainUpdater:1194 - Updater busy. Cannot search thirdparties
2025-09-18 22:02:18,420 [INFO] ThirdPartyUpdaterWithRetryManager:96 - Updater plugin is busy. [7/15]
2025-09-18 22:02:18,422 [INFO] ServerAccessManage:473 - Download File api_config.json
2025-09-18 22:02:18,537 [INFO] LoadUrlFilesThread:156 - End of LoadUrlFiles Thread
2025-09-18 22:02:18,537 [INFO] DbMcusAds:53 - JSON generation date=Tue Jul 08 15:14:23 ICT 2025 (1751962463524)
2025-09-18 22:02:18,579 [INFO] LoadUrlFilesThread:185 - End of LoadServerUrlFiles without Thread
2025-09-18 22:02:18,582 [INFO] TargetSelectorAdapter:259 - Refresh data is successful
2025-09-18 22:02:18,834 [INFO] ApiDb:581 - Connected to CubeFinder SQLite database (C:\Users\ASUS\.stmcufinder\plugins\mcufinder\mcu\cube-finder-db.db)
2025-09-18 22:02:18,936 [INFO] ApiDb:668 - CubeFinder database Data Model version=2.1
2025-09-18 22:02:18,936 [INFO] ApiDb:669 - CubeFinder database Configuration version=3.0.39
2025-09-18 22:02:18,937 [INFO] ApiDb:670 - CubeFinder database generation date=2025-08-25 (1756130511)
2025-09-18 22:02:18,937 [INFO] ApiDb:671 - CubeFinder database FW Pack versions=[FP-ATR-ASTRA1_V2.0.0, FP-SNS-FLIGHT1_V5.1.0, FP-SNS-MOTENV1_V5.0.0, FP-SNS-MOTENVWB1_V1.4.0, FP-SNS-SMARTAG2_V1.2.0, FP-SNS-STBOX1_V2.1.0, STM32Cube_FW_C0_V1.4.0, STM32Cube_FW_F4_V1.28.3, STM32Cube_FW_F7_V1.17.4, STM32Cube_FW_G0_V1.6.2, STM32Cube_FW_G4_V1.6.1, STM32Cube_FW_H5_V1.5.0, STM32Cube_FW_H7RS_V1.2.0, STM32Cube_FW_H7_V1.12.1, STM32Cube_FW_L0_V1.12.2, STM32Cube_FW_L4_V1.18.1, STM32Cube_FW_L5_V1.5.1, STM32Cube_FW_N6_V1.2.0, STM32Cube_FW_U0_V1.3.0, STM32Cube_FW_U3_V1.2.0, STM32Cube_FW_U5_V1.8.0, STM32Cube_FW_WB0_V1.3.0, STM32Cube_FW_WBA_V1.7.0, STM32Cube_FW_WB_V1.23.0, STM32Cube_FW_WL3_V1.2.0, STM32Cube_FW_WL_V1.3.1, X-CUBE-ALGOBUILD_V1.4.0, X-CUBE-ALS_V1.0.2, X-CUBE-AZRTOS-F4_V1.1.0, X-CUBE-AZRTOS-F7_V1.1.0, X-CUBE-AZRTOS-G0_V1.1.0, X-CUBE-AZRTOS-G4_V2.0.0, X-CUBE-AZRTOS-H7RS_V1.1.0, X-CUBE-AZRTOS-H7_V3.4.0, X-CUBE-AZRTOS-L4_V2.0.0, X-CUBE-AZRTOS-L5_V2.0.0, X-CUBE-AZRTOS-WB_V2.0.0, X-CUBE-AZRTOS-WL_V2.0.0, X-CUBE-BLE1_V7.1.0, X-CUBE-BLE2_V3.3.0, X-CUBE-BLEMGR_V4.1.0, X-CUBE-EEPRMA1_V5.2.0, X-CUBE-FREERTOS_V1.3.1, X-CUBE-GNSS1_V6.0.0, X-CUBE-MEMS1_V11.3.0, X-CUBE-NFC4_V3.0.0, X-CUBE-NFC7_V2.0.0, X-CUBE-SFXS2LP1_V4.0.0, X-CUBE-ST67W61_V1.0.0, X-CUBE-SUBG2_V5.0.0, X-CUBE-TOF1_V3.4.3]
2025-09-18 22:02:21,820 [WARN] PackLoader:240 - Cannot read IP mode file for STMicroelectronics.FP-SNS-MOTENVWB1.1.4.0
2025-09-18 22:02:21,833 [WARN] PackLoader:240 - Cannot read IP mode file for STMicroelectronics.FP-ATR-ASTRA1.2.0.2
2025-09-18 22:02:21,892 [WARN] PackLoader:240 - Cannot read IP mode file for STMicroelectronics.X-CUBE-SMBUS.2.1.0
2025-09-18 22:02:21,922 [ERROR] Engine:466 - C:\Users\ASUS\.stm32cubemx\thirdparties\pdsc\STMicroelectronics.X-CUBE-ST60.1.0.0.pdsc: PDSC version is not supported
2025-09-18 22:02:21,985 [WARN] PackLoader:240 - Cannot read IP mode file for STMicroelectronics.X-CUBE-AZRTOS-F7.1.1.0
2025-09-18 22:02:22,052 [WARN] PackLoader:240 - Cannot read IP mode file for Infineon.AIROC-Wi-Fi-Bluetooth-STM32.1.7.0
2025-09-18 22:02:22,125 [WARN] PackLoader:240 - Cannot read IP mode file for STMicroelectronics.X-CUBE-AZRTOS-H7.3.4.0
2025-09-18 22:02:22,164 [WARN] PackLoader:240 - Cannot read IP mode file for STMicroelectronics.X-CUBE-DISPLAY.3.0.0
2025-09-18 22:02:22,204 [WARN] PackLoader:240 - Cannot read IP mode file for STMicroelectronics.X-CUBE-NFC10.1.0.0
2025-09-18 22:02:22,243 [WARN] PackLoader:240 - Cannot read IP mode file for STMicroelectronics.X-CUBE-BLEMGR.4.0.0
2025-09-18 22:02:22,283 [WARN] PackLoader:240 - Cannot read IP mode file for emotas.I-CUBE-CANOPEN.1.3.0
2025-09-18 22:02:22,294 [WARN] ConditionMgr:438 - getConditionDescription Invalid condition id : Cortex-A Device cause : null
2025-09-18 22:02:22,335 [WARN] ConditionMgr:1039 - genDependencies : Invalid condition id : Cortex-A Device cause : null
2025-09-18 22:02:22,335 [WARN] ConditionMgr:1039 - genDependencies : Invalid condition id : Cortex-A Device cause : null
2025-09-18 22:02:22,335 [WARN] ConditionMgr:1039 - genDependencies : Invalid condition id : Cortex-A Device cause : null
2025-09-18 22:02:22,357 [ERROR] Engine:466 - C:\Users\ASUS\.stm32cubemx\thirdparties\pdsc\STMicroelectronics.FP-SNS-STBOX1.2.1.0.pdsc: PDSC version is not supported
2025-09-18 22:02:22,378 [WARN] PackLoader:240 - Cannot read IP mode file for STMicroelectronics.FP-SNS-SMARTAG2.1.2.0
2025-09-18 22:02:22,383 [ERROR] Engine:466 - C:\Users\ASUS\.stm32cubemx\thirdparties\pdsc\STMicroelectronics.FP-SNS-FLIGHT1.5.1.0.pdsc: PDSC version is not supported
2025-09-18 22:02:22,409 [INFO] LogOutputStream:77 - [STDOUT_REDIRECT] 1 : Invalid condition id : UX_CORESTACK_Condition cause : null
2025-09-18 22:02:22,411 [INFO] LogOutputStream:77 - [STDOUT_REDIRECT] 1 : Invalid condition id : UX_CORESTACK_Condition cause : null
2025-09-18 22:02:22,413 [INFO] LogOutputStream:77 - [STDOUT_REDIRECT] 1 : Invalid condition id : UX_CORESTACK_Condition cause : null
2025-09-18 22:02:22,414 [INFO] LogOutputStream:77 - [STDOUT_REDIRECT] 1 : Invalid condition id : UX_CORESTACK_Condition cause : null
2025-09-18 22:02:22,416 [INFO] LogOutputStream:77 - [STDOUT_REDIRECT] 1 : Invalid condition id : UX_CORESTACK_Condition cause : null
2025-09-18 22:02:22,419 [WARN] PackLoader:240 - Cannot read IP mode file for STMicroelectronics.X-CUBE-AZRTOS-WL.2.0.0
2025-09-18 22:02:22,438 [WARN] PackLoader:240 - Cannot read IP mode file for STMicroelectronics.FP-SNS-MOTENV1.5.0.0
2025-09-18 22:02:22,460 [WARN] PackLoader:240 - Cannot read IP mode file for WES.I-CUBE-Cesium.1.3.0
2025-09-18 22:02:22,481 [WARN] PackLoader:240 - Cannot read IP mode file for STMicroelectronics.X-CUBE-BLE2.3.3.0
2025-09-18 22:02:22,512 [WARN] PackLoader:240 - Cannot read IP mode file for STMicroelectronics.X-CUBE-NFC9.1.0.0
2025-09-18 22:02:22,544 [WARN] PackLoader:240 - Cannot read IP mode file for wolfSSL.I-CUBE-wolfSSL.5.8.0
2025-09-18 22:02:22,571 [WARN] PackLoader:240 - Cannot read IP mode file for STMicroelectronics.X-CUBE-BLE1.7.1.0
2025-09-18 22:02:22,577 [WARN] PackLoader:240 - Cannot read IP mode file for wolfSSL.I-CUBE-wolfMQTT.1.19.2
2025-09-18 22:02:22,602 [WARN] PackLoader:240 - Cannot read IP mode file for STMicroelectronics.X-CUBE-EEPRMA1.5.2.0
2025-09-18 22:02:22,627 [WARN] PackLoader:240 - Cannot read IP mode file for STMicroelectronics.X-CUBE-AI.10.1.0
2025-09-18 22:02:22,666 [WARN] PackLoader:240 - Cannot read IP mode file for STMicroelectronics.X-CUBE-AZRTOS-G0.1.1.0
2025-09-18 22:02:22,694 [WARN] PackLoader:240 - Cannot read IP mode file for STMicroelectronics.X-CUBE-SAFEA1.1.2.2
2025-09-18 22:02:22,717 [WARN] PackLoader:240 - Cannot read IP mode file for STMicroelectronics.X-CUBE-NFC4.3.0.0
2025-09-18 22:02:22,753 [WARN] PackLoader:240 - Cannot read IP mode file for EmbeddedOffice.I-CUBE-FS-RTOS.1.0.1
2025-09-18 22:02:22,753 [ERROR] ConditionMgr:805 - Attr not supported : Dmpu
2025-09-18 22:02:22,753 [ERROR] ConditionMgr:805 - Attr not supported : Dmpu
2025-09-18 22:02:22,753 [ERROR] ConditionMgr:805 - Attr not supported : Dmpu
2025-09-18 22:02:22,753 [ERROR] ConditionMgr:805 - Attr not supported : Dmpu
2025-09-18 22:02:22,753 [ERROR] ConditionMgr:805 - Attr not supported : Dmpu
2025-09-18 22:02:22,753 [ERROR] ConditionMgr:805 - Attr not supported : Dmpu
2025-09-18 22:02:22,754 [ERROR] ConditionMgr:805 - Attr not supported : Dmpu
2025-09-18 22:02:22,754 [ERROR] ConditionMgr:805 - Attr not supported : Dmpu
2025-09-18 22:02:22,754 [ERROR] ConditionMgr:805 - Attr not supported : Dmpu
2025-09-18 22:02:22,754 [ERROR] ConditionMgr:805 - Attr not supported : Dmpu
2025-09-18 22:02:22,754 [ERROR] ConditionMgr:805 - Attr not supported : Dmpu
2025-09-18 22:02:22,754 [ERROR] ConditionMgr:805 - Attr not supported : Dmpu
2025-09-18 22:02:22,755 [ERROR] ConditionMgr:805 - Attr not supported : Dmpu
2025-09-18 22:02:22,755 [ERROR] ConditionMgr:805 - Attr not supported : Dmpu
2025-09-18 22:02:22,755 [ERROR] ConditionMgr:805 - Attr not supported : Dmpu
2025-09-18 22:02:22,755 [ERROR] ConditionMgr:805 - Attr not supported : Dmpu
2025-09-18 22:02:22,755 [ERROR] ConditionMgr:805 - Attr not supported : Dmpu
2025-09-18 22:02:22,755 [ERROR] ConditionMgr:805 - Attr not supported : Dmpu
2025-09-18 22:02:22,755 [ERROR] ConditionMgr:805 - Attr not supported : Dmpu
2025-09-18 22:02:22,755 [ERROR] ConditionMgr:805 - Attr not supported : Dmpu
2025-09-18 22:02:22,755 [ERROR] ConditionMgr:805 - Attr not supported : Dmpu
2025-09-18 22:02:22,756 [ERROR] ConditionMgr:805 - Attr not supported : Dmpu
2025-09-18 22:02:22,756 [ERROR] ConditionMgr:805 - Attr not supported : Dmpu
2025-09-18 22:02:22,756 [ERROR] ConditionMgr:805 - Attr not supported : Dmpu
2025-09-18 22:02:22,756 [ERROR] ConditionMgr:805 - Attr not supported : Dmpu
2025-09-18 22:02:22,756 [ERROR] ConditionMgr:805 - Attr not supported : Dmpu
2025-09-18 22:02:22,756 [ERROR] ConditionMgr:805 - Attr not supported : Dmpu
2025-09-18 22:02:22,756 [ERROR] ConditionMgr:805 - Attr not supported : Dmpu
2025-09-18 22:02:22,756 [ERROR] ConditionMgr:805 - Attr not supported : Dmpu
2025-09-18 22:02:22,756 [ERROR] ConditionMgr:805 - Attr not supported : Dmpu
2025-09-18 22:02:22,756 [ERROR] ConditionMgr:805 - Attr not supported : Dmpu
2025-09-18 22:02:22,756 [ERROR] ConditionMgr:805 - Attr not supported : Dmpu
2025-09-18 22:02:22,756 [ERROR] ConditionMgr:805 - Attr not supported : Dmpu
2025-09-18 22:02:22,757 [ERROR] ConditionMgr:805 - Attr not supported : Dmpu
2025-09-18 22:02:22,757 [ERROR] ConditionMgr:805 - Attr not supported : Dmpu
2025-09-18 22:02:22,757 [ERROR] ConditionMgr:805 - Attr not supported : Dmpu
2025-09-18 22:02:22,757 [ERROR] ConditionMgr:805 - Attr not supported : Dmpu
2025-09-18 22:02:22,758 [ERROR] ConditionMgr:805 - Attr not supported : Dmpu
2025-09-18 22:02:22,758 [ERROR] ConditionMgr:805 - Attr not supported : Dmpu
2025-09-18 22:02:22,758 [ERROR] ConditionMgr:805 - Attr not supported : Dmpu
2025-09-18 22:02:22,758 [ERROR] ConditionMgr:805 - Attr not supported : Dmpu
2025-09-18 22:02:22,758 [ERROR] ConditionMgr:805 - Attr not supported : Dmpu
2025-09-18 22:02:22,758 [ERROR] ConditionMgr:805 - Attr not supported : Dmpu
2025-09-18 22:02:22,759 [ERROR] ConditionMgr:805 - Attr not supported : Dmpu
2025-09-18 22:02:22,759 [ERROR] ConditionMgr:805 - Attr not supported : Dmpu
2025-09-18 22:02:22,759 [ERROR] ConditionMgr:805 - Attr not supported : Dmpu
2025-09-18 22:02:22,759 [ERROR] ConditionMgr:805 - Attr not supported : Dmpu
2025-09-18 22:02:22,759 [ERROR] ConditionMgr:805 - Attr not supported : Dmpu
2025-09-18 22:02:22,759 [ERROR] ConditionMgr:805 - Attr not supported : Dmpu
2025-09-18 22:02:22,759 [ERROR] ConditionMgr:805 - Attr not supported : Dmpu
2025-09-18 22:02:22,759 [ERROR] ConditionMgr:805 - Attr not supported : Dmpu
2025-09-18 22:02:22,759 [ERROR] ConditionMgr:805 - Attr not supported : Dmpu
2025-09-18 22:02:22,759 [ERROR] ConditionMgr:805 - Attr not supported : Dmpu
2025-09-18 22:02:22,759 [ERROR] ConditionMgr:805 - Attr not supported : Dmpu
2025-09-18 22:02:22,760 [ERROR] ConditionMgr:805 - Attr not supported : Dmpu
2025-09-18 22:02:22,760 [ERROR] ConditionMgr:805 - Attr not supported : Dmpu
2025-09-18 22:02:22,760 [ERROR] ConditionMgr:805 - Attr not supported : Dmpu
2025-09-18 22:02:22,760 [ERROR] ConditionMgr:805 - Attr not supported : Dmpu
2025-09-18 22:02:22,760 [ERROR] ConditionMgr:805 - Attr not supported : Dmpu
2025-09-18 22:02:22,760 [ERROR] ConditionMgr:805 - Attr not supported : Dmpu
2025-09-18 22:02:22,760 [ERROR] ConditionMgr:805 - Attr not supported : Dmpu
2025-09-18 22:02:22,760 [ERROR] ConditionMgr:805 - Attr not supported : Dmpu
2025-09-18 22:02:22,760 [ERROR] ConditionMgr:805 - Attr not supported : Dmpu
2025-09-18 22:02:22,760 [ERROR] ConditionMgr:805 - Attr not supported : Dmpu
2025-09-18 22:02:22,795 [WARN] PackLoader:240 - Cannot read IP mode file for STMicroelectronics.X-CUBE-WB05N.2.0.0
2025-09-18 22:02:22,807 [WARN] PackLoader:240 - Cannot read IP mode file for wolfSSL.I-CUBE-wolfTPM.3.8.0
2025-09-18 22:02:22,841 [ERROR] Engine:466 - C:\Users\ASUS\.stm32cubemx\thirdparties\pdsc\STMicroelectronics.X-CUBE-TCPP.4.2.0.pdsc: PDSC version is not supported
2025-09-18 22:02:22,877 [WARN] PackLoader:240 - Cannot read IP mode file for RealThread.X-CUBE-RT-Thread_Nano.4.1.1
2025-09-18 22:02:22,887 [WARN] PackLoader:240 - Cannot read IP mode file for STMicroelectronics.FP-ATR-SIGFOX1.3.2.0
2025-09-18 22:02:22,896 [INFO] ApiDb:240 - Found 371 in-development CPN: [B-G473E-ZEST1S, B-WB1M-WPAN1, B-WL5M-SUBG1, NUCLEO-C031C6, NUCLEO-H503RB, NUCLEO-H563ZI, NUCLEO-U545RE-Q, NUCLEO-U5A5ZJ-Q, NUCLEO-WBA52CG, NUCLEO-WBA55CG, STEVAL-MKBOXPRO, STEVAL-PROTEUS1, STEVAL-STWINBX1, STM320518-EVAL, STM32C0116-DK, STM32C011D6Y3TR, STM32C011D6Y6TR, STM32C011F4P3, STM32C011F4P6, STM32C011F4U3, STM32C011F4U6TR, STM32C011F6P3, STM32C011F6P6, STM32C011F6U3, STM32C011F6U6TR, STM32C011J4M3, STM32C011J4M6, STM32C011J6M3, STM32C011J6M6, STM32C0316-DK, STM32C031C4T3, STM32C031C4T6, STM32C031C4U3, STM32C031C4U6, STM32C031C6T3, STM32C031C6T6, STM32C031C6U3, STM32C031C6U6, STM32C031F4P3, STM32C031F4P6, STM32C031F6P3, STM32C031F6P6, STM32C031G4U3, STM32C031G4U6, STM32C031G6U3, STM32C031G6U6, STM32C031K4T3, STM32C031K4T6, STM32C031K4U3, STM32C031K4U6, STM32C031K6T3, STM32C031K6T6, STM32C031K6U3, STM32C031K6U6, STM32G071K8TXN, STM32G071K8UXN, STM32G081GBU6N, STM32G081KBT6N, STM32G081KBUXN, STM32G0B1CCT6N, STM32G0B1KCT6, STM32G0B1NEY6TR, STM32G0B1RCT6N, STM32G0C1CCT6, STM32G0C1CCT6N, STM32G0C1CCU6N, STM32G0C1CET6N, STM32G0C1CEU6N, STM32G0C1KCT6, STM32G0C1NEY6TR, STM32G0C1RCI6N, STM32G0C1RCT6N, STM32G0C1REI6N, STM32G0C1RET6N, STM32G0C1VCI6, STM32G0C1VEI6, STM32G471CCT6, STM32G471CCU6, STM32G471CET3, STM32G471CET6, STM32G471CEU3, STM32G471CEU6, STM32G471MCT6, STM32G471MET3, STM32G471MET6, STM32G471MEY6TR, STM32G471QCT6, STM32G471QET3, STM32G471RCT6, STM32G471RET3, STM32G471RET6, STM32G471VCH6, STM32G471VCI6, STM32G471VCT6, STM32G471VEH3, STM32G471VEH6, STM32G471VEI3, STM32G471VEI6, STM32G471VET3, STM32G471VET6, STM32G474CCT6, STM32H503CBT6, STM32H503CBU6, STM32H503EBY6TR, STM32H503KBU6, STM32H503RBT6, STM32H562AGI6, STM32H562AII6, STM32H562IGK6, STM32H562IGT6, STM32H562IIK6, STM32H562IIT6, STM32H562RGT6, STM32H562RGV6, STM32H562RIT6, STM32H562RIV6, STM32H562VGT6, STM32H562VIT6, STM32H562ZGT6, STM32H562ZIT6, STM32H563AGI6, STM32H563AII3Q, STM32H563AII6, STM32H563IGK6, STM32H563IGT6, STM32H563IIK3Q, STM32H563IIK6, STM32H563IIT3Q, STM32H563IIT6, STM32H563MIY3QTR, STM32H563RGT6, STM32H563RGV6, STM32H563RIT6, STM32H563RIV6, STM32H563VGT6, STM32H563VIT3Q, STM32H563VIT6, STM32H563ZGT6, STM32H563ZIT3Q, STM32H563ZIT6, STM32H573AII3Q, STM32H573AII6, STM32H573I-DK, STM32H573IIK3Q, STM32H573IIK6, STM32H573IIT3Q, STM32H573IIT6, STM32H573MIY3QTR, STM32H573RIT6, STM32H573RIV6, STM32H573VIT3Q, STM32H573VIT6, STM32H573ZIT3Q, STM32H573ZIT6, STM32L4R5QGI6STR, STM32MP131AAE3, STM32MP131AAF3, STM32MP131AAG3, STM32MP131CAE3, STM32MP131CAF3, STM32MP131CAG3, STM32MP131DAE7, STM32MP131DAF7, STM32MP131DAG7, STM32MP131FAE7, STM32MP131FAF7, STM32MP131FAG7, STM32MP133AAE3, STM32MP133AAF3, STM32MP133AAG3, STM32MP133CAE3, STM32MP133CAF3, STM32MP133CAG3, STM32MP133DAE7, STM32MP133DAF7, STM32MP133DAG7, STM32MP133FAE7, STM32MP133FAF7, STM32MP133FAG7, STM32MP135AAE3, STM32MP135AAF3, STM32MP135AAG3, STM32MP135CAE3, STM32MP135CAF3, STM32MP135CAG3, STM32MP135DAE7, STM32MP135DAF7, STM32MP135DAG7, STM32MP135F-DK, STM32MP135FAE7, STM32MP135FAF7, STM32MP135FAF7T, STM32MP135FAF7U, STM32MP135FAG7, STM32U535CBT6, STM32U535CBT6Q, STM32U535CBU6, STM32U535CBU6Q, STM32U535CCT6, STM32U535CCT6Q, STM32U535CCU6, STM32U535CCU6Q, STM32U535CET6, STM32U535CET6Q, STM32U535CEU6, STM32U535CEU6Q, STM32U535JEY6QTR, STM32U535NCY6QTR, STM32U535NEY6QTR, STM32U535RBI6, STM32U535RBI6Q, STM32U535RBT6, STM32U535RBT6Q, STM32U535RCI6, STM32U535RCI6Q, STM32U535RCT6, STM32U535RCT6Q, STM32U535REI6, STM32U535REI6Q, STM32U535RET6, STM32U535RET6Q, STM32U535VCI6, STM32U535VCI6Q, STM32U535VCT6, STM32U535VCT6Q, STM32U535VEI6, STM32U535VEI6Q, STM32U535VET6, STM32U535VET6Q, STM32U545CET6, STM32U545CET6Q, STM32U545CEU6, STM32U545CEU6Q, STM32U545JEY6QTR, STM32U545NEY6QTR, STM32U545REI6, STM32U545REI6Q, STM32U545RET6, STM32U545RET6Q, STM32U545VEI6, STM32U545VEI6Q, STM32U545VET6, STM32U545VET6Q, STM32U595AIH6, STM32U595AIH6Q, STM32U595AJH6, STM32U595AJH6Q, STM32U595QII6, STM32U595QII6Q, STM32U595QJI6, STM32U595QJI6Q, STM32U595RIT6, STM32U595RIT6Q, STM32U595RJT6, STM32U595RJT6Q, STM32U595VIT6, STM32U595VIT6Q, STM32U595VJT6, STM32U595VJT6Q, STM32U595ZIT6, STM32U595ZIT6Q, STM32U595ZIY6QTR, STM32U595ZJT6, STM32U595ZJT6Q, STM32U595ZJY6QTR, STM32U599BJY6QTR, STM32U599NIH6Q, STM32U599NJH6Q, STM32U599VIT6Q, STM32U599VJT6, STM32U599VJT6Q, STM32U599ZIT6Q, STM32U599ZIY6QTR, STM32U599ZJT6Q, STM32U599ZJY6QTR, STM32U5A5AJH6, STM32U5A5AJH6Q, STM32U5A5QJI6, STM32U5A5QJI6Q, STM32U5A5RJT6, STM32U5A5RJT6Q, STM32U5A5VJT6, STM32U5A5VJT6Q, STM32U5A5ZJT6, STM32U5A5ZJT6Q, STM32U5A5ZJY6QTR, STM32U5A9BJY6QTR, STM32U5A9J-DK, STM32U5A9NJH6Q, STM32U5A9VJT6Q, STM32U5A9ZJT6Q, STM32U5A9ZJY6QTR, STM32U5F7VIT6, STM32U5F7VIT6Q, STM32U5F7VJT6, STM32U5F7VJT6Q, STM32U5F9BJY6QTR, STM32U5F9NJH6Q, STM32U5F9VIT6Q, STM32U5F9VJT6Q, STM32U5F9ZIJ6QTR, STM32U5F9ZIT6Q, STM32U5F9ZJJ6QTR, STM32U5F9ZJT6Q, STM32U5G7VJT6, STM32U5G7VJT6Q, STM32U5G9BJY6QTR, STM32U5G9J-DK1, STM32U5G9J-DK2, STM32U5G9NJH6Q, STM32U5G9VJT6Q, STM32U5G9ZJJ6QTR, STM32U5G9ZJT6Q, STM32WB1MMCH6, STM32WBA50KEU6, STM32WBA50KEU6TR, STM32WBA50KGU6, STM32WBA50KGU6TR, STM32WBA52CEU6, STM32WBA52CEU6TR, STM32WBA52CEU7, STM32WBA52CEU7TR, STM32WBA52CGU6, STM32WBA52CGU6TR, STM32WBA52CGU6U, STM32WBA52CGU7, STM32WBA52CGU7TR, STM32WBA52KEU6, STM32WBA52KEU6TR, STM32WBA52KGU6, STM32WBA52KGU6TR, STM32WBA54CEU6, STM32WBA54CEU6TR, STM32WBA54CEU7, STM32WBA54CEU7TR, STM32WBA54CGU6, STM32WBA54CGU6TR, STM32WBA54CGU7, STM32WBA54CGU7TR, STM32WBA54KEU6, STM32WBA54KEU6TR, STM32WBA54KEU7, STM32WBA54KEU7TR, STM32WBA54KGU6, STM32WBA54KGU6TR, STM32WBA54KGU7, STM32WBA54KGU7TR, STM32WBA55CEU6, STM32WBA55CEU6TR, STM32WBA55CEU7, STM32WBA55CEU7TR, STM32WBA55CGU6, STM32WBA55CGU6TR, STM32WBA55CGU6U, STM32WBA55CGU7, STM32WBA55CGU7TR, STM32WBA55G-DK1, STM32WBA55HEF6, STM32WBA55HEF7, STM32WBA55HGF6, STM32WBA55HGF7, STM32WBA55UEI6, STM32WBA55UEI6TR, STM32WBA55UEI7, STM32WBA55UEI7TR, STM32WBA55UGI6, STM32WBA55UGI6TR, STM32WBA55UGI7, STM32WBA55UGI7TR, STM32WL5MOCH6, STM32WL5MOCH6TR]
2025-09-18 22:02:22,916 [INFO] DbMcus:218 - Found 4733 MCUs, 4733 are supported
2025-09-18 22:02:22,918 [INFO] ApiDb:423 - Load user favorites file C:\Users\ASUS/.stm32cubeide/favorites.mcus.txt: 0 item(s)
2025-09-18 22:02:22,918 [INFO] ApiDb:427 - User favorites MCUs=[]
2025-09-18 22:02:22,919 [INFO] DbMcus:224 - Set 0 / 0 favorites MCUs
2025-09-18 22:02:22,922 [WARN] PackLoader:240 - Cannot read IP mode file for STMicroelectronics.X-CUBE-EEPRMA1.5.1.0
2025-09-18 22:02:22,958 [WARN] PackLoader:240 - Cannot read IP mode file for ITTIA_DB.I-CUBE-ITTIADB.8.9.0
2025-09-18 22:02:22,987 [ERROR] Engine:466 - C:\Users\ASUS\.stm32cubemx\thirdparties\pdsc\STMicroelectronics.X-CUBE-ST67W61.1.0.0.pdsc: PDSC version is not supported
2025-09-18 22:02:23,016 [WARN] PackLoader:240 - Cannot read IP mode file for STMicroelectronics.X-CUBE-AI.10.2.0
2025-09-18 22:02:23,090 [WARN] PackLoader:240 - Cannot read IP mode file for SEGGER.I-CUBE-embOS.1.3.1
2025-09-18 22:02:23,216 [WARN] PackLoader:240 - Cannot read IP mode file for STMicroelectronics.X-CUBE-ALGOBUILD.1.4.0
2025-09-18 22:02:23,336 [WARN] PackLoader:240 - Cannot read IP mode file for STMicroelectronics.X-CUBE-MEMS1.11.3.0
2025-09-18 22:02:23,571 [WARN] PackLoader:240 - Cannot read IP mode file for STMicroelectronics.X-CUBE-PM33A1.1.0.0
2025-09-18 22:02:23,634 [WARN] PackLoader:240 - Cannot read IP mode file for STMicroelectronics.X-CUBE-AZRTOS-F4.1.1.0
2025-09-18 22:02:23,644 [ERROR] Engine:466 - C:\Users\ASUS\.stm32cubemx\thirdparties\pdsc\Avnet-IotConnect.X-CUBE-IoTC-DA16k-PMOD.1.0.0.pdsc: PDSC version is not supported
2025-09-18 22:02:23,678 [WARN] PackLoader:240 - Cannot read IP mode file for STMicroelectronics.X-CUBE-ISPU.2.1.0
2025-09-18 22:02:23,715 [WARN] PackLoader:240 - Cannot read IP mode file for STMicroelectronics.X-CUBE-NFC12.1.0.0
2025-09-18 22:02:23,781 [WARN] PackLoader:240 - Cannot read IP mode file for STMicroelectronics.X-CUBE-AZRTOS-L5.2.0.0
2025-09-18 22:02:23,823 [WARN] PackLoader:240 - Cannot read IP mode file for STMicroelectronics.X-CUBE-NFC6.3.1.0
2025-09-18 22:02:23,837 [WARN] PackLoader:240 - Cannot read IP mode file for STMicroelectronics.X-CUBE-FREERTOS.1.3.1
2025-09-18 22:02:23,870 [ERROR] Engine:466 - C:\Users\ASUS\.stm32cubemx\thirdparties\pdsc\STMicroelectronics.FP-SNS-STAIOTCFT.1.0.0.pdsc: PDSC version is not supported
2025-09-18 22:02:23,905 [WARN] PackLoader:240 - Cannot read IP mode file for STMicroelectronics.X-CUBE-DPower.1.3.0
2025-09-18 22:02:23,968 [WARN] ConditionMgr:438 - getConditionDescription Invalid condition id : LAN8742 Phy interface Condition cause : null
2025-09-18 22:02:23,970 [WARN] PackLoader:240 - Cannot read IP mode file for STMicroelectronics.X-CUBE-AZRTOS-L4.2.0.0
2025-09-18 22:02:23,972 [WARN] ConditionMgr:1039 - genDependencies : Invalid condition id : LAN8742 Phy interface Condition cause : null
2025-09-18 22:02:23,973 [WARN] ConditionMgr:1039 - genDependencies : Invalid condition id : LAN8742 Phy interface Condition cause : null
2025-09-18 22:02:23,973 [WARN] ConditionMgr:1039 - genDependencies : Invalid condition id : LAN8742 Phy interface Condition cause : null
2025-09-18 22:02:24,011 [WARN] PackLoader:240 - Cannot read IP mode file for STMicroelectronics.X-CUBE-SFXS2LP1.4.0.0
2025-09-18 22:02:24,070 [WARN] PackLoader:240 - Cannot read IP mode file for STMicroelectronics.X-CUBE-AZRTOS-H7.3.3.0
2025-09-18 22:02:24,124 [ERROR] Engine:466 - C:\Users\ASUS\.stm32cubemx\thirdparties\pdsc\STMicroelectronics.X-CUBE-BLEMGR.4.1.0.pdsc: PDSC version is not supported
2025-09-18 22:02:24,174 [WARN] ConditionMgr:438 - getConditionDescription Invalid condition id : UX DEVICE CLASS RTOS Condition cause : null
2025-09-18 22:02:24,175 [WARN] ConditionMgr:438 - getConditionDescription Invalid condition id : UX DEVICE CLASS RTOS Condition cause : null
2025-09-18 22:02:24,178 [WARN] PackLoader:240 - Cannot read IP mode file for STMicroelectronics.X-CUBE-AZRTOS-WB.2.0.0
2025-09-18 22:02:24,180 [WARN] ConditionMgr:1039 - genDependencies : Invalid condition id : UX DEVICE CLASS RTOS Condition cause : null
2025-09-18 22:02:24,180 [WARN] ConditionMgr:1039 - genDependencies : Invalid condition id : UX DEVICE CLASS RTOS Condition cause : null
2025-09-18 22:02:24,181 [WARN] ConditionMgr:1039 - genDependencies : Invalid condition id : UX DEVICE CLASS RTOS Condition cause : null
2025-09-18 22:02:24,181 [WARN] ConditionMgr:1039 - genDependencies : Invalid condition id : UX DEVICE CLASS RTOS Condition cause : null
2025-09-18 22:02:24,182 [WARN] ConditionMgr:1039 - genDependencies : Invalid condition id : UX DEVICE CLASS RTOS Condition cause : null
2025-09-18 22:02:24,223 [WARN] PackLoader:240 - Cannot read IP mode file for STMicroelectronics.X-CUBE-GNSS1.7.0.1
2025-09-18 22:02:24,259 [WARN] PackLoader:240 - Cannot read IP mode file for STMicroelectronics.X-CUBE-TOUCHGFX.4.25.0
2025-09-18 22:02:24,297 [WARN] PackLoader:240 - Cannot read IP mode file for STMicroelectronics.FP-SNS-STBOX1.2.0.0
2025-09-18 22:02:24,346 [WARN] PackLoader:240 - Cannot read IP mode file for STMicroelectronics.X-CUBE-SUBG2.5.0.0
2025-09-18 22:02:24,414 [WARN] PackLoader:240 - Cannot read IP mode file for STMicroelectronics.X-CUBE-AZRTOS-H7RS.1.1.0
2025-09-18 22:02:24,426 [WARN] PackLoader:240 - Cannot read IP mode file for Cesanta.I-CUBE-Mongoose.7.13.0
2025-09-18 22:02:24,475 [WARN] PackLoader:240 - Cannot read IP mode file for STMicroelectronics.X-CUBE-AZRTOS-G4.2.0.0
2025-09-18 22:02:24,486 [WARN] PackLoader:240 - Cannot read IP mode file for wolfSSL.I-CUBE-wolfSSH.1.4.20
2025-09-18 22:02:24,517 [WARN] PackLoader:240 - Cannot read IP mode file for STMicroelectronics.X-CUBE-NFC7.2.0.0
2025-09-18 22:02:24,548 [ERROR] Engine:466 - C:\Users\ASUS\.stm32cubemx\thirdparties\pdsc\STMicroelectronics.X-CUBE-IPS.3.1.0.pdsc: PDSC version is not supported
2025-09-18 22:02:24,579 [WARN] PackLoader:240 - Cannot read IP mode file for STMicroelectronics.X-CUBE-ALS.1.0.2
2025-09-18 22:02:24,614 [WARN] PackLoader:240 - Cannot read IP mode file for STMicroelectronics.X-CUBE-STSE01.1.0.0
2025-09-18 22:02:24,647 [WARN] PackLoader:240 - Cannot read IP mode file for portGmbH.I-Cube-SoM-uGOAL.1.1.0
2025-09-18 22:02:24,683 [ERROR] Engine:466 - C:\Users\ASUS\.stm32cubemx\thirdparties\pdsc\STMicroelectronics.X-CUBE-TOF1.3.4.3.pdsc: PDSC version is not supported
2025-09-18 22:02:24,684 [INFO] ThirdParty:978 - Integrity check success = true
2025-09-18 22:02:24,684 [INFO] IntegrityCheckThread:100 - exiting critical section [integrity check]
2025-09-18 22:02:24,684 [INFO] IntegrityCheckThread:103 - End integrity checks thread
2025-09-18 22:02:25,254 [INFO] ApiDb:668 - CubeFinder database Data Model version=2.1
2025-09-18 22:02:25,254 [INFO] ApiDb:669 - CubeFinder database Configuration version=3.0.39
2025-09-18 22:02:25,254 [INFO] ApiDb:670 - CubeFinder database generation date=2025-08-25 (1756130511)
2025-09-18 22:02:25,255 [INFO] ApiDb:671 - CubeFinder database FW Pack versions=[FP-ATR-ASTRA1_V2.0.0, FP-SNS-FLIGHT1_V5.1.0, FP-SNS-MOTENV1_V5.0.0, FP-SNS-MOTENVWB1_V1.4.0, FP-SNS-SMARTAG2_V1.2.0, FP-SNS-STBOX1_V2.1.0, STM32Cube_FW_C0_V1.4.0, STM32Cube_FW_F4_V1.28.3, STM32Cube_FW_F7_V1.17.4, STM32Cube_FW_G0_V1.6.2, STM32Cube_FW_G4_V1.6.1, STM32Cube_FW_H5_V1.5.0, STM32Cube_FW_H7RS_V1.2.0, STM32Cube_FW_H7_V1.12.1, STM32Cube_FW_L0_V1.12.2, STM32Cube_FW_L4_V1.18.1, STM32Cube_FW_L5_V1.5.1, STM32Cube_FW_N6_V1.2.0, STM32Cube_FW_U0_V1.3.0, STM32Cube_FW_U3_V1.2.0, STM32Cube_FW_U5_V1.8.0, STM32Cube_FW_WB0_V1.3.0, STM32Cube_FW_WBA_V1.7.0, STM32Cube_FW_WB_V1.23.0, STM32Cube_FW_WL3_V1.2.0, STM32Cube_FW_WL_V1.3.1, X-CUBE-ALGOBUILD_V1.4.0, X-CUBE-ALS_V1.0.2, X-CUBE-AZRTOS-F4_V1.1.0, X-CUBE-AZRTOS-F7_V1.1.0, X-CUBE-AZRTOS-G0_V1.1.0, X-CUBE-AZRTOS-G4_V2.0.0, X-CUBE-AZRTOS-H7RS_V1.1.0, X-CUBE-AZRTOS-H7_V3.4.0, X-CUBE-AZRTOS-L4_V2.0.0, X-CUBE-AZRTOS-L5_V2.0.0, X-CUBE-AZRTOS-WB_V2.0.0, X-CUBE-AZRTOS-WL_V2.0.0, X-CUBE-BLE1_V7.1.0, X-CUBE-BLE2_V3.3.0, X-CUBE-BLEMGR_V4.1.0, X-CUBE-EEPRMA1_V5.2.0, X-CUBE-FREERTOS_V1.3.1, X-CUBE-GNSS1_V6.0.0, X-CUBE-MEMS1_V11.3.0, X-CUBE-NFC4_V3.0.0, X-CUBE-NFC7_V2.0.0, X-CUBE-SFXS2LP1_V4.0.0, X-CUBE-ST67W61_V1.0.0, X-CUBE-SUBG2_V5.0.0, X-CUBE-TOF1_V3.4.3]
2025-09-18 22:02:25,312 [INFO] DbBoardsSqlite:226 - include board P-NUCLEO-WB55-NUCLEO as a kit item of type 'Nucleo-64'
2025-09-18 22:02:25,313 [INFO] DbBoardsSqlite:226 - include board P-NUCLEO-WB55-USBDONGLE as a kit item of type 'Nucleo USB Dongle'
2025-09-18 22:02:25,313 [INFO] DbBoardsSqlite:226 - include board STEVAL-IDP005V1 as a kit item of type 'Evaluation Board'
2025-09-18 22:02:25,313 [INFO] DbBoardsSqlite:226 - include board STEVAL-IDP005V2 as a kit item of type 'Evaluation Board'
2025-09-18 22:02:25,387 [INFO] ApiDb:240 - Found 371 in-development CPN: [B-G473E-ZEST1S, B-WB1M-WPAN1, B-WL5M-SUBG1, NUCLEO-C031C6, NUCLEO-H503RB, NUCLEO-H563ZI, NUCLEO-U545RE-Q, NUCLEO-U5A5ZJ-Q, NUCLEO-WBA52CG, NUCLEO-WBA55CG, STEVAL-MKBOXPRO, STEVAL-PROTEUS1, STEVAL-STWINBX1, STM320518-EVAL, STM32C0116-DK, STM32C011D6Y3TR, STM32C011D6Y6TR, STM32C011F4P3, STM32C011F4P6, STM32C011F4U3, STM32C011F4U6TR, STM32C011F6P3, STM32C011F6P6, STM32C011F6U3, STM32C011F6U6TR, STM32C011J4M3, STM32C011J4M6, STM32C011J6M3, STM32C011J6M6, STM32C0316-DK, STM32C031C4T3, STM32C031C4T6, STM32C031C4U3, STM32C031C4U6, STM32C031C6T3, STM32C031C6T6, STM32C031C6U3, STM32C031C6U6, STM32C031F4P3, STM32C031F4P6, STM32C031F6P3, STM32C031F6P6, STM32C031G4U3, STM32C031G4U6, STM32C031G6U3, STM32C031G6U6, STM32C031K4T3, STM32C031K4T6, STM32C031K4U3, STM32C031K4U6, STM32C031K6T3, STM32C031K6T6, STM32C031K6U3, STM32C031K6U6, STM32G071K8TXN, STM32G071K8UXN, STM32G081GBU6N, STM32G081KBT6N, STM32G081KBUXN, STM32G0B1CCT6N, STM32G0B1KCT6, STM32G0B1NEY6TR, STM32G0B1RCT6N, STM32G0C1CCT6, STM32G0C1CCT6N, STM32G0C1CCU6N, STM32G0C1CET6N, STM32G0C1CEU6N, STM32G0C1KCT6, STM32G0C1NEY6TR, STM32G0C1RCI6N, STM32G0C1RCT6N, STM32G0C1REI6N, STM32G0C1RET6N, STM32G0C1VCI6, STM32G0C1VEI6, STM32G471CCT6, STM32G471CCU6, STM32G471CET3, STM32G471CET6, STM32G471CEU3, STM32G471CEU6, STM32G471MCT6, STM32G471MET3, STM32G471MET6, STM32G471MEY6TR, STM32G471QCT6, STM32G471QET3, STM32G471RCT6, STM32G471RET3, STM32G471RET6, STM32G471VCH6, STM32G471VCI6, STM32G471VCT6, STM32G471VEH3, STM32G471VEH6, STM32G471VEI3, STM32G471VEI6, STM32G471VET3, STM32G471VET6, STM32G474CCT6, STM32H503CBT6, STM32H503CBU6, STM32H503EBY6TR, STM32H503KBU6, STM32H503RBT6, STM32H562AGI6, STM32H562AII6, STM32H562IGK6, STM32H562IGT6, STM32H562IIK6, STM32H562IIT6, STM32H562RGT6, STM32H562RGV6, STM32H562RIT6, STM32H562RIV6, STM32H562VGT6, STM32H562VIT6, STM32H562ZGT6, STM32H562ZIT6, STM32H563AGI6, STM32H563AII3Q, STM32H563AII6, STM32H563IGK6, STM32H563IGT6, STM32H563IIK3Q, STM32H563IIK6, STM32H563IIT3Q, STM32H563IIT6, STM32H563MIY3QTR, STM32H563RGT6, STM32H563RGV6, STM32H563RIT6, STM32H563RIV6, STM32H563VGT6, STM32H563VIT3Q, STM32H563VIT6, STM32H563ZGT6, STM32H563ZIT3Q, STM32H563ZIT6, STM32H573AII3Q, STM32H573AII6, STM32H573I-DK, STM32H573IIK3Q, STM32H573IIK6, STM32H573IIT3Q, STM32H573IIT6, STM32H573MIY3QTR, STM32H573RIT6, STM32H573RIV6, STM32H573VIT3Q, STM32H573VIT6, STM32H573ZIT3Q, STM32H573ZIT6, STM32L4R5QGI6STR, STM32MP131AAE3, STM32MP131AAF3, STM32MP131AAG3, STM32MP131CAE3, STM32MP131CAF3, STM32MP131CAG3, STM32MP131DAE7, STM32MP131DAF7, STM32MP131DAG7, STM32MP131FAE7, STM32MP131FAF7, STM32MP131FAG7, STM32MP133AAE3, STM32MP133AAF3, STM32MP133AAG3, STM32MP133CAE3, STM32MP133CAF3, STM32MP133CAG3, STM32MP133DAE7, STM32MP133DAF7, STM32MP133DAG7, STM32MP133FAE7, STM32MP133FAF7, STM32MP133FAG7, STM32MP135AAE3, STM32MP135AAF3, STM32MP135AAG3, STM32MP135CAE3, STM32MP135CAF3, STM32MP135CAG3, STM32MP135DAE7, STM32MP135DAF7, STM32MP135DAG7, STM32MP135F-DK, STM32MP135FAE7, STM32MP135FAF7, STM32MP135FAF7T, STM32MP135FAF7U, STM32MP135FAG7, STM32U535CBT6, STM32U535CBT6Q, STM32U535CBU6, STM32U535CBU6Q, STM32U535CCT6, STM32U535CCT6Q, STM32U535CCU6, STM32U535CCU6Q, STM32U535CET6, STM32U535CET6Q, STM32U535CEU6, STM32U535CEU6Q, STM32U535JEY6QTR, STM32U535NCY6QTR, STM32U535NEY6QTR, STM32U535RBI6, STM32U535RBI6Q, STM32U535RBT6, STM32U535RBT6Q, STM32U535RCI6, STM32U535RCI6Q, STM32U535RCT6, STM32U535RCT6Q, STM32U535REI6, STM32U535REI6Q, STM32U535RET6, STM32U535RET6Q, STM32U535VCI6, STM32U535VCI6Q, STM32U535VCT6, STM32U535VCT6Q, STM32U535VEI6, STM32U535VEI6Q, STM32U535VET6, STM32U535VET6Q, STM32U545CET6, STM32U545CET6Q, STM32U545CEU6, STM32U545CEU6Q, STM32U545JEY6QTR, STM32U545NEY6QTR, STM32U545REI6, STM32U545REI6Q, STM32U545RET6, STM32U545RET6Q, STM32U545VEI6, STM32U545VEI6Q, STM32U545VET6, STM32U545VET6Q, STM32U595AIH6, STM32U595AIH6Q, STM32U595AJH6, STM32U595AJH6Q, STM32U595QII6, STM32U595QII6Q, STM32U595QJI6, STM32U595QJI6Q, STM32U595RIT6, STM32U595RIT6Q, STM32U595RJT6, STM32U595RJT6Q, STM32U595VIT6, STM32U595VIT6Q, STM32U595VJT6, STM32U595VJT6Q, STM32U595ZIT6, STM32U595ZIT6Q, STM32U595ZIY6QTR, STM32U595ZJT6, STM32U595ZJT6Q, STM32U595ZJY6QTR, STM32U599BJY6QTR, STM32U599NIH6Q, STM32U599NJH6Q, STM32U599VIT6Q, STM32U599VJT6, STM32U599VJT6Q, STM32U599ZIT6Q, STM32U599ZIY6QTR, STM32U599ZJT6Q, STM32U599ZJY6QTR, STM32U5A5AJH6, STM32U5A5AJH6Q, STM32U5A5QJI6, STM32U5A5QJI6Q, STM32U5A5RJT6, STM32U5A5RJT6Q, STM32U5A5VJT6, STM32U5A5VJT6Q, STM32U5A5ZJT6, STM32U5A5ZJT6Q, STM32U5A5ZJY6QTR, STM32U5A9BJY6QTR, STM32U5A9J-DK, STM32U5A9NJH6Q, STM32U5A9VJT6Q, STM32U5A9ZJT6Q, STM32U5A9ZJY6QTR, STM32U5F7VIT6, STM32U5F7VIT6Q, STM32U5F7VJT6, STM32U5F7VJT6Q, STM32U5F9BJY6QTR, STM32U5F9NJH6Q, STM32U5F9VIT6Q, STM32U5F9VJT6Q, STM32U5F9ZIJ6QTR, STM32U5F9ZIT6Q, STM32U5F9ZJJ6QTR, STM32U5F9ZJT6Q, STM32U5G7VJT6, STM32U5G7VJT6Q, STM32U5G9BJY6QTR, STM32U5G9J-DK1, STM32U5G9J-DK2, STM32U5G9NJH6Q, STM32U5G9VJT6Q, STM32U5G9ZJJ6QTR, STM32U5G9ZJT6Q, STM32WB1MMCH6, STM32WBA50KEU6, STM32WBA50KEU6TR, STM32WBA50KGU6, STM32WBA50KGU6TR, STM32WBA52CEU6, STM32WBA52CEU6TR, STM32WBA52CEU7, STM32WBA52CEU7TR, STM32WBA52CGU6, STM32WBA52CGU6TR, STM32WBA52CGU6U, STM32WBA52CGU7, STM32WBA52CGU7TR, STM32WBA52KEU6, STM32WBA52KEU6TR, STM32WBA52KGU6, STM32WBA52KGU6TR, STM32WBA54CEU6, STM32WBA54CEU6TR, STM32WBA54CEU7, STM32WBA54CEU7TR, STM32WBA54CGU6, STM32WBA54CGU6TR, STM32WBA54CGU7, STM32WBA54CGU7TR, STM32WBA54KEU6, STM32WBA54KEU6TR, STM32WBA54KEU7, STM32WBA54KEU7TR, STM32WBA54KGU6, STM32WBA54KGU6TR, STM32WBA54KGU7, STM32WBA54KGU7TR, STM32WBA55CEU6, STM32WBA55CEU6TR, STM32WBA55CEU7, STM32WBA55CEU7TR, STM32WBA55CGU6, STM32WBA55CGU6TR, STM32WBA55CGU6U, STM32WBA55CGU7, STM32WBA55CGU7TR, STM32WBA55G-DK1, STM32WBA55HEF6, STM32WBA55HEF7, STM32WBA55HGF6, STM32WBA55HGF7, STM32WBA55UEI6, STM32WBA55UEI6TR, STM32WBA55UEI7, STM32WBA55UEI7TR, STM32WBA55UGI6, STM32WBA55UGI6TR, STM32WBA55UGI7, STM32WBA55UGI7TR, STM32WL5MOCH6, STM32WL5MOCH6TR]
2025-09-18 22:02:25,413 [INFO] BoardInfo:889 - No configuration file found for board B-WBA5M-WPAN
2025-09-18 22:02:25,413 [INFO] DbBoards:161 - Board is not supported: B-WBA5M-WPAN
2025-09-18 22:02:25,417 [INFO] BoardInfo:889 - No configuration file found for board NUCLEO-C051C8
2025-09-18 22:02:25,417 [INFO] DbBoards:161 - Board is not supported: NUCLEO-C051C8
2025-09-18 22:02:25,419 [INFO] BoardInfo:889 - No configuration file found for board NUCLEO-C071RB
2025-09-18 22:02:25,419 [INFO] DbBoards:161 - Board is not supported: NUCLEO-C071RB
2025-09-18 22:02:25,420 [INFO] BoardInfo:889 - No configuration file found for board NUCLEO-C092RC
2025-09-18 22:02:25,420 [INFO] DbBoards:161 - Board is not supported: NUCLEO-C092RC
2025-09-18 22:02:25,459 [INFO] BoardInfo:889 - No configuration file found for board NUCLEO-H533RE
2025-09-18 22:02:25,459 [INFO] DbBoards:161 - Board is not supported: NUCLEO-H533RE
2025-09-18 22:02:25,467 [INFO] BoardInfo:889 - No configuration file found for board NUCLEO-H7S3L8
2025-09-18 22:02:25,467 [INFO] DbBoards:161 - Board is not supported: NUCLEO-H7S3L8
2025-09-18 22:02:25,488 [INFO] BoardInfo:889 - No configuration file found for board NUCLEO-N657X0-Q
2025-09-18 22:02:25,488 [INFO] DbBoards:161 - Board is not supported: NUCLEO-N657X0-Q
2025-09-18 22:02:25,489 [INFO] BoardInfo:889 - No configuration file found for board NUCLEO-U031R8
2025-09-18 22:02:25,489 [INFO] DbBoards:161 - Board is not supported: NUCLEO-U031R8
2025-09-18 22:02:25,490 [INFO] BoardInfo:889 - No configuration file found for board NUCLEO-U083RC
2025-09-18 22:02:25,490 [INFO] DbBoards:161 - Board is not supported: NUCLEO-U083RC
2025-09-18 22:02:25,493 [INFO] BoardInfo:889 - No configuration file found for board NUCLEO-U385RG-Q
2025-09-18 22:02:25,494 [INFO] DbBoards:161 - Board is not supported: NUCLEO-U385RG-Q
2025-09-18 22:02:25,502 [INFO] BoardInfo:889 - No configuration file found for board NUCLEO-WB05KZ
2025-09-18 22:02:25,502 [INFO] DbBoards:161 - Board is not supported: NUCLEO-WB05KZ
2025-09-18 22:02:25,504 [INFO] BoardInfo:889 - No configuration file found for board NUCLEO-WB07CC
2025-09-18 22:02:25,505 [INFO] DbBoards:161 - Board is not supported: NUCLEO-WB07CC
2025-09-18 22:02:25,506 [INFO] BoardInfo:889 - No configuration file found for board NUCLEO-WB09KE
2025-09-18 22:02:25,506 [INFO] DbBoards:161 - Board is not supported: NUCLEO-WB09KE
2025-09-18 22:02:25,517 [INFO] BoardInfo:889 - No configuration file found for board NUCLEO-WBA65RI
2025-09-18 22:02:25,517 [INFO] DbBoards:161 - Board is not supported: NUCLEO-WBA65RI
2025-09-18 22:02:25,518 [INFO] BoardInfo:889 - No configuration file found for board NUCLEO-WL33CC1
2025-09-18 22:02:25,519 [INFO] DbBoards:161 - Board is not supported: NUCLEO-WL33CC1
2025-09-18 22:02:25,521 [INFO] BoardInfo:889 - No configuration file found for board NUCLEO-WL33CC2
2025-09-18 22:02:25,521 [INFO] DbBoards:161 - Board is not supported: NUCLEO-WL33CC2
2025-09-18 22:02:25,527 [INFO] BoardInfo:889 - No configuration file found for board P-NUCLEO-WB55
2025-09-18 22:02:25,527 [INFO] DbBoards:161 - Kit is not supported: P-NUCLEO-WB55
2025-09-18 22:02:25,533 [INFO] BoardInfo:889 - No configuration file found for board STEVAL-BFA001V1B
2025-09-18 22:02:25,534 [INFO] DbBoards:161 - Kit is not supported: STEVAL-BFA001V1B
2025-09-18 22:02:25,535 [INFO] BoardInfo:889 - No configuration file found for board STEVAL-BFA001V2B
2025-09-18 22:02:25,535 [INFO] DbBoards:161 - Kit is not supported: STEVAL-BFA001V2B
2025-09-18 22:02:25,619 [INFO] BoardInfo:889 - No configuration file found for board STM32H7S78-DK
2025-09-18 22:02:25,620 [INFO] DbBoards:161 - Board is not supported: STM32H7S78-DK
2025-09-18 22:02:25,643 [INFO] BoardInfo:889 - No configuration file found for board STM32MP257F-DK
2025-09-18 22:02:25,644 [INFO] DbBoards:161 - Board is not supported: STM32MP257F-DK
2025-09-18 22:02:25,645 [INFO] BoardInfo:889 - No configuration file found for board STM32MP257F-EV1
2025-09-18 22:02:25,645 [INFO] DbBoards:161 - Board is not supported: STM32MP257F-EV1
2025-09-18 22:02:25,646 [INFO] BoardInfo:889 - No configuration file found for board STM32N6570-DK
2025-09-18 22:02:25,646 [INFO] DbBoards:161 - Board is not supported: STM32N6570-DK
2025-09-18 22:02:25,647 [INFO] BoardInfo:889 - No configuration file found for board STM32U083C-DK
2025-09-18 22:02:25,647 [INFO] DbBoards:161 - Board is not supported: STM32U083C-DK
2025-09-18 22:02:25,656 [INFO] BoardInfo:889 - No configuration file found for board STM32WBA65I-DK1
2025-09-18 22:02:25,656 [INFO] DbBoards:161 - Board is not supported: STM32WBA65I-DK1
2025-09-18 22:02:25,657 [INFO] DbBoards:168 - Found 211 boards, 186 are supported
2025-09-18 22:02:25,657 [INFO] DbBoards:169 - Found 211 boards, 3 of them is supported for  Bsp
2025-09-18 22:02:25,660 [INFO] ApiDb:423 - Load user favorites file C:\Users\ASUS/.stm32cubeide/favorites.boards.txt: 0 item(s)
2025-09-18 22:02:25,661 [INFO] ApiDb:427 - User favorites Boards=[]
2025-09-18 22:02:25,661 [INFO] DbBoards:198 - Set 0 / 0 favorites Boards
2025-09-18 22:02:25,663 [INFO] ApiDb:668 - CubeFinder database Data Model version=2.1
2025-09-18 22:02:25,663 [INFO] ApiDb:669 - CubeFinder database Configuration version=3.0.39
2025-09-18 22:02:25,663 [INFO] ApiDb:670 - CubeFinder database generation date=2025-08-25 (1756130511)
2025-09-18 22:02:25,663 [INFO] ApiDb:671 - CubeFinder database FW Pack versions=[FP-ATR-ASTRA1_V2.0.0, FP-SNS-FLIGHT1_V5.1.0, FP-SNS-MOTENV1_V5.0.0, FP-SNS-MOTENVWB1_V1.4.0, FP-SNS-SMARTAG2_V1.2.0, FP-SNS-STBOX1_V2.1.0, STM32Cube_FW_C0_V1.4.0, STM32Cube_FW_F4_V1.28.3, STM32Cube_FW_F7_V1.17.4, STM32Cube_FW_G0_V1.6.2, STM32Cube_FW_G4_V1.6.1, STM32Cube_FW_H5_V1.5.0, STM32Cube_FW_H7RS_V1.2.0, STM32Cube_FW_H7_V1.12.1, STM32Cube_FW_L0_V1.12.2, STM32Cube_FW_L4_V1.18.1, STM32Cube_FW_L5_V1.5.1, STM32Cube_FW_N6_V1.2.0, STM32Cube_FW_U0_V1.3.0, STM32Cube_FW_U3_V1.2.0, STM32Cube_FW_U5_V1.8.0, STM32Cube_FW_WB0_V1.3.0, STM32Cube_FW_WBA_V1.7.0, STM32Cube_FW_WB_V1.23.0, STM32Cube_FW_WL3_V1.2.0, STM32Cube_FW_WL_V1.3.1, X-CUBE-ALGOBUILD_V1.4.0, X-CUBE-ALS_V1.0.2, X-CUBE-AZRTOS-F4_V1.1.0, X-CUBE-AZRTOS-F7_V1.1.0, X-CUBE-AZRTOS-G0_V1.1.0, X-CUBE-AZRTOS-G4_V2.0.0, X-CUBE-AZRTOS-H7RS_V1.1.0, X-CUBE-AZRTOS-H7_V3.4.0, X-CUBE-AZRTOS-L4_V2.0.0, X-CUBE-AZRTOS-L5_V2.0.0, X-CUBE-AZRTOS-WB_V2.0.0, X-CUBE-AZRTOS-WL_V2.0.0, X-CUBE-BLE1_V7.1.0, X-CUBE-BLE2_V3.3.0, X-CUBE-BLEMGR_V4.1.0, X-CUBE-EEPRMA1_V5.2.0, X-CUBE-FREERTOS_V1.3.1, X-CUBE-GNSS1_V6.0.0, X-CUBE-MEMS1_V11.3.0, X-CUBE-NFC4_V3.0.0, X-CUBE-NFC7_V2.0.0, X-CUBE-SFXS2LP1_V4.0.0, X-CUBE-ST67W61_V1.0.0, X-CUBE-SUBG2_V5.0.0, X-CUBE-TOF1_V3.4.3]
2025-09-18 22:02:26,527 [ERROR] DbExamplesSqlite:437 - Missing JSON key: board_cpn
2025-09-18 22:02:26,527 [ERROR] DbExamplesSqlite:437 - Missing JSON key: board_cpn
2025-09-18 22:02:26,528 [ERROR] DbExamplesSqlite:437 - Missing JSON key: board_cpn
2025-09-18 22:02:26,528 [ERROR] DbExamplesSqlite:437 - Missing JSON key: board_cpn
2025-09-18 22:02:27,056 [ERROR] DbExamplesSqlite:437 - Missing JSON key: board_cpn
2025-09-18 22:02:27,056 [ERROR] DbExamplesSqlite:437 - Missing JSON key: board_cpn
2025-09-18 22:02:27,061 [INFO] DbExamplesSqlite:395 - Ignored 33 examples not supported by CubeIDE
2025-09-18 22:02:27,062 [INFO] DbExamplesSqlite:396 - Found 10871 examples active
2025-09-18 22:02:27,062 [INFO] DbExamplesSqlite:397 - Found 0 examples obsolete
2025-09-18 22:02:27,063 [INFO] DbExamplesSqlite:398 - Found 0 examples under development
2025-09-18 22:02:27,063 [INFO] DbExamplesSqlite:399 - Found 65 examples not building
2025-09-18 22:02:27,065 [INFO] DbExamples:125 - Found 10903 examples
2025-09-18 22:02:27,096 [INFO] DbExamples:222 - Found 134 boards with related examples
2025-09-18 22:02:27,098 [INFO] DbExamples:235 - Found 111 MCUs with related examples
2025-09-18 22:02:27,130 [INFO] ApiDb:414 - User favorites file not found: C:\Users\ASUS/.stm32cubeide/favorites.examples.txt
2025-09-18 22:02:27,130 [INFO] DbExamples:250 - Set 0 / 0 favorites Examples
2025-09-18 22:02:27,976 [INFO] McuFinderGlobals:76 - Set McuFinderConnectedMode to true
2025-09-18 22:02:27,996 [INFO] MultiScanPanel:200 - Auto-refresh data requested => check proxy status ongoing
2025-09-18 22:02:28,001 [INFO] FinderPluginLoader:95 - Searching for filters in installed packs
2025-09-18 22:02:28,597 [ERROR] LogOutputStream:75 - [STDERR_REDIRECT] SLF4J: Failed to load class "org.slf4j.impl.StaticLoggerBinder".
2025-09-18 22:02:28,598 [ERROR] LogOutputStream:75 - [STDERR_REDIRECT] SLF4J: Defaulting to no-operation (NOP) logger implementation
2025-09-18 22:02:28,602 [ERROR] LogOutputStream:75 - [STDERR_REDIRECT] SLF4J: See http://www.slf4j.org/codes.html#StaticLoggerBinder for further details.
2025-09-18 22:02:30,456 [INFO] LoadUrlFilesThread:185 - End of LoadServerUrlFiles without Thread
2025-09-18 22:02:30,666 [INFO] DetailPanel:341 - Set advertising image to C:/Users/ASUS/STM32Cube/Repository/\en.2400x1350px.jpeg
2025-09-18 22:04:42,607 [INFO] MainUpdater:2873 - connection check result : 10
2025-09-18 22:04:42,610 [INFO] MainUpdater:2873 - connection check result : 10
2025-09-18 22:04:42,683 [INFO] MicroXplorer:468 - Change Database Path : 
2025-09-18 22:04:42,683 [INFO] MicroXplorer:498 - Change Database Version : DB.6.0.100
2025-09-18 22:04:42,690 [WARN] ThirdParty:871 - waiting for thirdparty lock release [close project]
2025-09-18 22:04:42,691 [INFO] ThirdParty:873 - entering critical section [close project]
2025-09-18 22:04:42,692 [INFO] ThirdParty:883 - exiting critical section [close project]
2025-09-18 22:04:42,703 [INFO] PinOutPanel:1499 - setPackage(No Configuration,No Configuration)
2025-09-18 22:04:42,717 [INFO] UtilMem:75 - Begin LoadConfig() Used Memory: 793338416 Bytes (1073741824)
2025-09-18 22:04:42,720 [INFO] MicroXplorer:468 - Change Database Path : 
2025-09-18 22:04:42,720 [INFO] MicroXplorer:498 - Change Database Version : DB.6.0.100
2025-09-18 22:04:42,720 [INFO] OpenFileManager:312 - Change cursor
2025-09-18 22:04:42,827 [INFO] Mcu:2016 - Initializing MCU STM32F103C6Tx STM32F103C6Tx STM32F103C6T7A
2025-09-18 22:04:44,346 [INFO] Context:659 - Trying to add GPIOservice into a context  which must be forbidden
2025-09-18 22:04:44,648 [INFO] ImportTextPane:194 - (OptionalMessage_ERROR) Unable to find key (Mcu.ThirdPartyNb) in loaded IOC file
2025-09-18 22:04:44,648 [INFO] ImportTextPane:194 - (OptionalMessage_ERROR) Unable to find key (Mcu.PinsNb) in loaded IOC file
2025-09-18 22:04:44,649 [INFO] ImportTextPane:194 - (OptionalMessage_ERROR) Unable to find key (Mcu.IPNb) in loaded IOC file
2025-09-18 22:04:44,743 [INFO] RtosManager:555 - Registered RTOS mode: class=CMSIS, group=RTOS, mode=CMSIS_V1, owner=FREERTOS
2025-09-18 22:04:44,744 [INFO] RtosManager:555 - Registered RTOS mode: class=CMSIS, group=RTOS2, mode=CMSIS_V2, owner=FREERTOS
2025-09-18 22:04:44,744 [INFO] RtosManager:555 - Registered RTOS mode: class=RTOS, group=Core, mode=CMSIS_V1, owner=FREERTOS
2025-09-18 22:04:44,744 [INFO] RtosManager:555 - Registered RTOS mode: class=RTOS, group=Core, mode=CMSIS_V2, owner=FREERTOS
2025-09-18 22:04:44,745 [WARN] ModelIntegratedComponent:184 - Missing modes for component STMicroelectronics:FreeRTOS:0.0.1:STMicroelectronics:RTOS:FreeRTOS:Core:::10.2.0:
2025-09-18 22:04:44,776 [WARN] ModelIntegratedComponent:63 - No mode defined for component null
2025-09-18 22:04:44,776 [WARN] ModelIntegratedComponent:63 - No mode defined for component null
2025-09-18 22:04:44,776 [WARN] ModelIntegratedComponent:63 - No mode defined for component null
2025-09-18 22:04:44,776 [WARN] ModelIntegratedComponent:63 - No mode defined for component null
2025-09-18 22:04:44,776 [WARN] ModelIntegratedComponent:63 - No mode defined for component null
2025-09-18 22:04:44,776 [WARN] ModelIntegratedComponent:63 - No mode defined for component null
2025-09-18 22:04:44,776 [WARN] ModelIntegratedComponent:63 - No mode defined for component null
2025-09-18 22:04:44,776 [WARN] ModelIntegratedComponent:63 - No mode defined for component null
2025-09-18 22:04:44,776 [WARN] ModelIntegratedComponent:63 - No mode defined for component null
2025-09-18 22:04:44,776 [WARN] ModelIntegratedComponent:63 - No mode defined for component null
2025-09-18 22:04:44,776 [WARN] ModelIntegratedComponent:63 - No mode defined for component null
2025-09-18 22:04:44,776 [WARN] ModelIntegratedComponent:63 - No mode defined for component null
2025-09-18 22:04:44,776 [WARN] ModelIntegratedComponent:63 - No mode defined for component null
2025-09-18 22:04:44,776 [WARN] ModelIntegratedComponent:63 - No mode defined for component null
2025-09-18 22:04:44,776 [WARN] ModelIntegratedComponent:63 - No mode defined for component null
2025-09-18 22:04:44,776 [WARN] ModelIntegratedComponent:63 - No mode defined for component null
2025-09-18 22:04:44,776 [WARN] ModelIntegratedComponent:63 - No mode defined for component null
2025-09-18 22:04:44,777 [WARN] ModelIntegratedComponent:63 - No mode defined for component null
2025-09-18 22:04:44,777 [WARN] ModelIntegratedComponent:63 - No mode defined for component null
2025-09-18 22:04:44,777 [WARN] ModelIntegratedComponent:63 - No mode defined for component null
2025-09-18 22:04:44,777 [WARN] ModelIntegratedComponent:63 - No mode defined for component null
2025-09-18 22:04:44,777 [WARN] ModelIntegratedComponent:63 - No mode defined for component null
2025-09-18 22:04:44,777 [WARN] ModelIntegratedComponent:63 - No mode defined for component null
2025-09-18 22:04:44,777 [WARN] ModelIntegratedComponent:63 - No mode defined for component null
2025-09-18 22:04:44,777 [WARN] ModelIntegratedComponent:63 - No mode defined for component null
2025-09-18 22:04:44,777 [WARN] ModelIntegratedComponent:63 - No mode defined for component null
2025-09-18 22:04:44,777 [WARN] ModelIntegratedComponent:63 - No mode defined for component null
2025-09-18 22:04:44,777 [WARN] ModelIntegratedComponent:63 - No mode defined for component null
2025-09-18 22:04:44,777 [WARN] ModelIntegratedComponent:63 - No mode defined for component null
2025-09-18 22:04:44,777 [WARN] ModelIntegratedComponent:63 - No mode defined for component null
2025-09-18 22:04:44,777 [WARN] ModelIntegratedComponent:63 - No mode defined for component null
2025-09-18 22:04:44,777 [WARN] ModelIntegratedComponent:63 - No mode defined for component null
2025-09-18 22:04:44,777 [WARN] ModelIntegratedComponent:63 - No mode defined for component null
2025-09-18 22:04:45,004 [INFO] ThirdPartyModel:298 - Start build external matchings
2025-09-18 22:04:45,481 [INFO] ThirdPartyModel:316 - End build external matchings
2025-09-18 22:04:45,699 [INFO] UtilMem:75 - End LoadConfig() Used Memory: 819082880 Bytes (1073741824)
2025-09-18 22:04:45,903 [INFO] MicroXplorer:468 - Change Database Path : 
2025-09-18 22:04:45,903 [INFO] MicroXplorer:498 - Change Database Version : DB.6.0.100
2025-09-18 22:04:45,904 [WARN] ThirdParty:833 - waiting for thirdparty lock release [change project]
2025-09-18 22:04:45,905 [INFO] ThirdParty:835 - entering critical section [change project]
2025-09-18 22:04:45,905 [INFO] ThirdParty:1030 - CMSIS Pack Vendor :STMicroelectronics X-CUBE-PM33A1 1.0.0
2025-09-18 22:04:45,905 [INFO] ThirdParty:1030 - CMSIS Pack Vendor :STMicroelectronics USBPD 4.1
2025-09-18 22:04:45,905 [INFO] ThirdParty:1030 - CMSIS Pack Vendor :STMicroelectronics X-CUBE-AZRTOS-H7 3.3.0
2025-09-18 22:04:45,905 [INFO] ThirdParty:1030 - CMSIS Pack Vendor :STMicroelectronics X-CUBE-NFC9 1.0.0
2025-09-18 22:04:45,906 [INFO] ThirdParty:1030 - CMSIS Pack Vendor :wolfSSL I-CUBE-wolfSSL 5.8.0
2025-09-18 22:04:45,906 [INFO] ThirdParty:1030 - CMSIS Pack Vendor :STMicroelectronics USB_HOST 2.0.0
2025-09-18 22:04:45,906 [INFO] ThirdParty:1030 - CMSIS Pack Vendor :STMicroelectronics FP-SNS-MOTENVWB1 1.4.0
2025-09-18 22:04:45,906 [INFO] ThirdParty:1030 - CMSIS Pack Vendor :STMicroelectronics X-CUBE-AZRTOS-F4 1.1.0
2025-09-18 22:04:45,906 [INFO] ThirdParty:1030 - CMSIS Pack Vendor :STMicroelectronics LIBJPEG 8.0.0
2025-09-18 22:04:45,906 [INFO] ThirdParty:1030 - CMSIS Pack Vendor :STMicroelectronics FP-ATR-ASTRA1 2.0.2
2025-09-18 22:04:45,906 [INFO] ThirdParty:1030 - CMSIS Pack Vendor :STMicroelectronics X-CUBE-BLE1 7.1.0
2025-09-18 22:04:45,906 [INFO] ThirdParty:1030 - CMSIS Pack Vendor :STMicroelectronics X-CUBE-SMBUS 2.1.0
2025-09-18 22:04:45,906 [INFO] ThirdParty:1030 - CMSIS Pack Vendor :wolfSSL I-CUBE-wolfMQTT 1.19.2
2025-09-18 22:04:45,906 [INFO] ThirdParty:1030 - CMSIS Pack Vendor :STMicroelectronics USB_DEVICE 3.0.0
2025-09-18 22:04:45,906 [INFO] ThirdParty:1030 - CMSIS Pack Vendor :STMicroelectronics X-CUBE-ISPU 2.1.0
2025-09-18 22:04:45,906 [INFO] ThirdParty:1030 - CMSIS Pack Vendor :STMicroelectronics X-CUBE-EEPRMA1 5.2.0
2025-09-18 22:04:45,906 [INFO] ThirdParty:1030 - CMSIS Pack Vendor :STMicroelectronics X-CUBE-AZRTOS-WB 2.0.0
2025-09-18 22:04:45,907 [INFO] ThirdParty:1030 - CMSIS Pack Vendor :STMicroelectronics X-CUBE-GNSS1 7.0.1
2025-09-18 22:04:45,907 [INFO] ThirdParty:1030 - CMSIS Pack Vendor :STMicroelectronics X-CUBE-NFC12 1.0.0
2025-09-18 22:04:45,907 [INFO] ThirdParty:1030 - CMSIS Pack Vendor :STMicroelectronics X-CUBE-AZRTOS-F7 1.1.0
2025-09-18 22:04:45,907 [INFO] ThirdParty:1030 - CMSIS Pack Vendor :STMicroelectronics X-CUBE-AZRTOS-L5 2.0.0
2025-09-18 22:04:45,907 [INFO] ThirdParty:1030 - CMSIS Pack Vendor :STMicroelectronics X-CUBE-TOUCHGFX 4.25.0
2025-09-18 22:04:45,907 [INFO] ThirdParty:1030 - CMSIS Pack Vendor :STMicroelectronics USB_DEVICE 2.0.0
2025-09-18 22:04:45,907 [INFO] ThirdParty:1030 - CMSIS Pack Vendor :STMicroelectronics X-CUBE-NFC6 3.1.0
2025-09-18 22:04:45,907 [INFO] ThirdParty:1030 - CMSIS Pack Vendor :STMicroelectronics X-CUBE-AI 10.1.0
2025-09-18 22:04:45,907 [INFO] ThirdParty:1030 - CMSIS Pack Vendor :STMicroelectronics FP-SNS-STBOX1 2.0.0
2025-09-18 22:04:45,907 [INFO] ThirdParty:1030 - CMSIS Pack Vendor :STMicroelectronics FreeRTOS 0.0.1
2025-09-18 22:04:45,907 [INFO] ThirdParty:1030 - CMSIS Pack Vendor :STMicroelectronics X-CUBE-AZRTOS-G0 1.1.0
2025-09-18 22:04:45,907 [INFO] ThirdParty:1030 - CMSIS Pack Vendor :STMicroelectronics X-CUBE-SAFEA1 1.2.2
2025-09-18 22:04:45,907 [INFO] ThirdParty:1030 - CMSIS Pack Vendor :STMicroelectronics X-CUBE-NFC4 3.0.0
2025-09-18 22:04:45,907 [INFO] ThirdParty:1030 - CMSIS Pack Vendor :STMicroelectronics X-CUBE-SUBG2 5.0.0
2025-09-18 22:04:45,907 [INFO] ThirdParty:1030 - CMSIS Pack Vendor :STMicroelectronics X-CUBE-AZRTOS-H7RS 1.1.0
2025-09-18 22:04:45,907 [INFO] ThirdParty:1030 - CMSIS Pack Vendor :STMicroelectronics STM32_WPAN 1.0.0
2025-09-18 22:04:45,907 [INFO] ThirdParty:1030 - CMSIS Pack Vendor :EmbeddedOffice I-CUBE-FS-RTOS 1.0.1
2025-09-18 22:04:45,907 [INFO] ThirdParty:1030 - CMSIS Pack Vendor :STMicroelectronics lwIP 2.0.3
2025-09-18 22:04:45,907 [INFO] ThirdParty:1030 - CMSIS Pack Vendor :Cesanta I-CUBE-Mongoose 7.13.0
2025-09-18 22:04:45,907 [INFO] ThirdParty:1030 - CMSIS Pack Vendor :STMicroelectronics USB_HOST 1.0.0
2025-09-18 22:04:45,907 [INFO] ThirdParty:1030 - CMSIS Pack Vendor :Infineon AIROC-Wi-Fi-Bluetooth-STM32 1.7.0
2025-09-18 22:04:45,907 [INFO] ThirdParty:1030 - CMSIS Pack Vendor :STMicroelectronics X-CUBE-AZRTOS-G4 2.0.0
2025-09-18 22:04:45,907 [INFO] ThirdParty:1030 - CMSIS Pack Vendor :STMicroelectronics X-CUBE-WB05N 2.0.0
2025-09-18 22:04:45,908 [INFO] ThirdParty:1030 - CMSIS Pack Vendor :STMicroelectronics PDM2PCM 3.1.0
2025-09-18 22:04:45,908 [INFO] ThirdParty:1030 - CMSIS Pack Vendor :STMicroelectronics PDM2PCM 3.3.0
2025-09-18 22:04:45,908 [INFO] ThirdParty:1030 - CMSIS Pack Vendor :wolfSSL I-CUBE-wolfTPM 3.8.0
2025-09-18 22:04:45,908 [INFO] ThirdParty:1030 - CMSIS Pack Vendor :STMicroelectronics X-CUBE-AZRTOS-H7 3.4.0
2025-09-18 22:04:45,908 [INFO] ThirdParty:1030 - CMSIS Pack Vendor :STMicroelectronics X-CUBE-DISPLAY 3.0.0
2025-09-18 22:04:45,908 [INFO] ThirdParty:1030 - CMSIS Pack Vendor :wolfSSL I-CUBE-wolfSSH 1.4.20
2025-09-18 22:04:45,908 [INFO] ThirdParty:1030 - CMSIS Pack Vendor :STMicroelectronics X-CUBE-NFC7 2.0.0
2025-09-18 22:04:45,908 [INFO] ThirdParty:1030 - CMSIS Pack Vendor :RealThread X-CUBE-RT-Thread_Nano 4.1.1
2025-09-18 22:04:45,908 [INFO] ThirdParty:1030 - CMSIS Pack Vendor :STMicroelectronics FP-ATR-SIGFOX1 3.2.0
2025-09-18 22:04:45,908 [INFO] ThirdParty:1030 - CMSIS Pack Vendor :STMicroelectronics X-CUBE-NFC10 1.0.0
2025-09-18 22:04:45,908 [INFO] ThirdParty:1030 - CMSIS Pack Vendor :STMicroelectronics X-CUBE-BLEMGR 4.0.0
2025-09-18 22:04:45,908 [INFO] ThirdParty:1030 - CMSIS Pack Vendor :STMicroelectronics X-CUBE-EEPRMA1 5.1.0
2025-09-18 22:04:45,908 [INFO] ThirdParty:1030 - CMSIS Pack Vendor :STMicroelectronics X-CUBE-FREERTOS 1.3.1
2025-09-18 22:04:45,908 [INFO] ThirdParty:1030 - CMSIS Pack Vendor :STMicroelectronics HAL Drivers 0.0.0
2025-09-18 22:04:45,908 [INFO] ThirdParty:1030 - CMSIS Pack Vendor :STMicroelectronics MBEDTLS 2.16.2
2025-09-18 22:04:45,908 [INFO] ThirdParty:1030 - CMSIS Pack Vendor :STMicroelectronics X-CUBE-ALS 1.0.2
2025-09-18 22:04:45,908 [INFO] ThirdParty:1030 - CMSIS Pack Vendor :emotas I-CUBE-CANOPEN 1.3.0
2025-09-18 22:04:45,908 [INFO] ThirdParty:1030 - CMSIS Pack Vendor :STMicroelectronics MBEDTLS 2.14.1
2025-09-18 22:04:45,909 [INFO] ThirdParty:1030 - CMSIS Pack Vendor :ITTIA_DB I-CUBE-ITTIADB 8.9.0
2025-09-18 22:04:45,909 [INFO] ThirdParty:1030 - CMSIS Pack Vendor :STMicroelectronics X-CUBE-STSE01 1.0.0
2025-09-18 22:04:45,909 [INFO] ThirdParty:1030 - CMSIS Pack Vendor :portGmbH I-Cube-SoM-uGOAL 1.1.0
2025-09-18 22:04:45,909 [INFO] ThirdParty:1030 - CMSIS Pack Vendor :quantropi X-CUBE-qispace-sdk-base 2.0.0
2025-09-18 22:04:45,909 [INFO] ThirdParty:1030 - CMSIS Pack Vendor :STMicroelectronics X-CUBE-AI 10.2.0
2025-09-18 22:04:45,909 [INFO] ThirdParty:1030 - CMSIS Pack Vendor :STMicroelectronics ThreadX 1.0.0
2025-09-18 22:04:45,909 [INFO] ThirdParty:1030 - CMSIS Pack Vendor :STMicroelectronics FP-SNS-SMARTAG2 1.2.0
2025-09-18 22:04:45,909 [INFO] ThirdParty:1030 - CMSIS Pack Vendor :STMicroelectronics X-CUBE-AZRTOS-WL 2.0.0
2025-09-18 22:04:45,909 [INFO] ThirdParty:1030 - CMSIS Pack Vendor :SEGGER I-CUBE-embOS 1.3.1
2025-09-18 22:04:45,909 [INFO] ThirdParty:1030 - CMSIS Pack Vendor :STMicroelectronics X-CUBE-ALGOBUILD 1.4.0
2025-09-18 22:04:45,909 [INFO] ThirdParty:1030 - CMSIS Pack Vendor :STMicroelectronics X-CUBE-DPower 1.3.0
2025-09-18 22:04:45,909 [INFO] ThirdParty:1030 - CMSIS Pack Vendor :STMicroelectronics X-CUBE-MEMS1 11.3.0
2025-09-18 22:04:45,909 [INFO] ThirdParty:1030 - CMSIS Pack Vendor :STMicroelectronics FP-SNS-MOTENV1 5.0.0
2025-09-18 22:04:45,910 [INFO] ThirdParty:1030 - CMSIS Pack Vendor :STMicroelectronics USB_DEVICE 1.0.0
2025-09-18 22:04:45,910 [INFO] ThirdParty:1030 - CMSIS Pack Vendor :STMicroelectronics X-CUBE-AZRTOS-L4 2.0.0
2025-09-18 22:04:45,910 [INFO] ThirdParty:1030 - CMSIS Pack Vendor :STMicroelectronics ThreadX 0.0.2
2025-09-18 22:04:45,910 [INFO] ThirdParty:1030 - CMSIS Pack Vendor :WES I-CUBE-Cesium 1.3.0
2025-09-18 22:04:45,910 [INFO] ThirdParty:1030 - CMSIS Pack Vendor :STMicroelectronics lwIP 2.1.2
2025-09-18 22:04:45,910 [INFO] ThirdParty:1030 - CMSIS Pack Vendor :STMicroelectronics X-CUBE-SFXS2LP1 4.0.0
2025-09-18 22:04:45,910 [INFO] ThirdParty:1030 - CMSIS Pack Vendor :STMicroelectronics X-CUBE-BLE2 3.3.0
2025-09-18 22:04:45,910 [INFO] ThirdParty:1030 - CMSIS Pack Vendor :STMicroelectronics PDM2PCM 3.2.0
2025-09-18 22:04:45,911 [INFO] ThirdParty:841 - exiting critical section [change project]
2025-09-18 22:04:46,290 [INFO] PinOutPanel:1499 - setPackage(No Configuration,No Configuration)
2025-09-18 22:04:46,292 [INFO] PinOutPanel:1499 - setPackage(STM32F103C6Tx,LQFP48)
2025-09-18 22:04:46,967 [INFO] UtilMem:75 - Before build in PCC Used Memory: 870093184 Bytes (1073741824)
2025-09-18 22:04:48,025 [INFO] UtilMem:75 - After build in PCC Used Memory: 687171080 Bytes (1073741824)
2025-09-18 22:04:48,062 [INFO] IPUIPlugin:80 - create IPUIPlugin
2025-09-18 22:04:48,062 [INFO] IPUIPlugin:80 - create IPUIPlugin
2025-09-18 22:04:48,063 [INFO] IPUIPlugin:80 - create IPUIPlugin
2025-09-18 22:04:48,064 [INFO] IPUIPlugin:80 - create IPUIPlugin
2025-09-18 22:04:48,064 [INFO] IPUIPlugin:80 - create IPUIPlugin
2025-09-18 22:04:48,064 [INFO] IPUIPlugin:80 - create IPUIPlugin
2025-09-18 22:04:48,065 [INFO] IPUIPlugin:80 - create IPUIPlugin
2025-09-18 22:04:48,065 [INFO] IPUIPlugin:80 - create IPUIPlugin
2025-09-18 22:04:48,065 [INFO] IPUIPlugin:80 - create IPUIPlugin
2025-09-18 22:04:48,065 [INFO] IPUIPlugin:80 - create IPUIPlugin
2025-09-18 22:04:48,065 [INFO] IPUIPlugin:80 - create IPUIPlugin
2025-09-18 22:04:48,066 [INFO] IPUIPlugin:80 - create IPUIPlugin
2025-09-18 22:04:48,066 [INFO] IPUIPlugin:80 - create IPUIPlugin
2025-09-18 22:04:48,066 [INFO] IPUIPlugin:80 - create IPUIPlugin
2025-09-18 22:04:48,066 [INFO] IPUIPlugin:80 - create IPUIPlugin
2025-09-18 22:04:48,067 [INFO] IPUIPlugin:80 - create IPUIPlugin
2025-09-18 22:04:48,067 [INFO] IPUIPlugin:80 - create IPUIPlugin
2025-09-18 22:04:48,067 [INFO] IPUIPlugin:80 - create IPUIPlugin
2025-09-18 22:04:48,067 [INFO] IPUIPlugin:80 - create IPUIPlugin
2025-09-18 22:04:48,067 [INFO] IPUIPlugin:80 - create IPUIPlugin
2025-09-18 22:04:48,067 [INFO] IPUIPlugin:80 - create IPUIPlugin
2025-09-18 22:04:48,068 [INFO] IPUIPlugin:80 - create IPUIPlugin
2025-09-18 22:04:48,068 [INFO] IPUIPlugin:80 - create IPUIPlugin
2025-09-18 22:04:48,311 [INFO] CADModel:165 - CPN selected for project levelSTM32F103C6T7A
2025-09-18 22:04:48,311 [INFO] CADModel:114 - Register for checkConnection events
2025-09-18 22:04:48,365 [INFO] OpenFileManager:343 - Restore cursor
2025-09-18 22:04:51,115 [INFO] UtilMem:75 - End SaveConfig() Used Memory: 763220192 Bytes (1073741824)
2025-09-18 22:04:51,213 [INFO] UtilMem:75 - End SaveConfig() Used Memory: 774729224 Bytes (1073741824)
2025-09-18 22:04:51,732 [INFO] BlockDiagram:2759 - set Specific Code input for plugin: NVIC
2025-09-18 22:04:51,732 [INFO] BlockDiagram:2759 - set Specific Code input for plugin: RCC
2025-09-18 22:04:51,734 [INFO] CodeGenerator:807 - code generatio: config db path: D:\STM32CubeIDE_1.14.0\STM32CubeIDE\plugins\com.st.stm32cube.common.mx_6.10.0.202311202037\\db\
2025-09-18 22:04:52,083 [INFO] CodeEngine:255 - oldGeneratedFile, D:\VXL_VDK_LAB\LAB3\ButtonProcess\MXTmpFiles\license.tmp_save
2025-09-18 22:04:52,586 [INFO] CodeEngine:279 - Generated code: D:\VXL_VDK_LAB\LAB3\ButtonProcess\MXTmpFiles\license.tmp
2025-09-18 22:04:52,629 [INFO] CodeEngine:255 - oldGeneratedFile, D:\VXL_VDK_LAB\LAB3\ButtonProcess\Core\Src\stm32f1xx_it.c_save
2025-09-18 22:04:52,921 [INFO] CodeEngine:279 - Generated code: D:\VXL_VDK_LAB\LAB3\ButtonProcess\Core\Src\stm32f1xx_it.c
2025-09-18 22:04:52,940 [INFO] CodeEngine:255 - oldGeneratedFile, D:\VXL_VDK_LAB\LAB3\ButtonProcess\Core\Inc\stm32f1xx_it.h_save
2025-09-18 22:04:53,129 [INFO] CodeEngine:279 - Generated code: D:\VXL_VDK_LAB\LAB3\ButtonProcess\Core\Inc\stm32f1xx_it.h
2025-09-18 22:04:53,401 [INFO] CodeEngine:255 - oldGeneratedFile, D:\VXL_VDK_LAB\LAB3\ButtonProcess\Core\Src\stm32f1xx_hal_msp.c_save
2025-09-18 22:04:53,633 [INFO] CodeEngine:279 - Generated code: D:\VXL_VDK_LAB\LAB3\ButtonProcess\Core\Src\stm32f1xx_hal_msp.c
2025-09-18 22:04:53,651 [INFO] CodeEngine:255 - oldGeneratedFile, D:\VXL_VDK_LAB\LAB3\ButtonProcess\MXTmpFiles\system.tmp_save
2025-09-18 22:04:53,771 [INFO] CodeEngine:279 - Generated code: D:\VXL_VDK_LAB\LAB3\ButtonProcess\MXTmpFiles\system.tmp
2025-09-18 22:04:53,812 [INFO] CodeEngine:311 - oldGeneratedFile, D:\VXL_VDK_LAB\LAB3\ButtonProcess\Core\Inc\stm32f1xx_hal_conf.h_save
2025-09-18 22:04:53,993 [INFO] CodeEngine:335 - Generated code: D:\VXL_VDK_LAB\LAB3\ButtonProcess\Core\Inc\stm32f1xx_hal_conf.h
2025-09-18 22:04:54,097 [INFO] CodeEngine:255 - oldGeneratedFile, D:\VXL_VDK_LAB\LAB3\ButtonProcess\Core\Inc\main.h_save
2025-09-18 22:04:54,303 [INFO] CodeEngine:279 - Generated code: D:\VXL_VDK_LAB\LAB3\ButtonProcess\Core\Inc\main.h
2025-09-18 22:04:54,323 [INFO] CodeEngine:255 - oldGeneratedFile, D:\VXL_VDK_LAB\LAB3\ButtonProcess\Core\Src\main.c_save
2025-09-18 22:04:54,588 [INFO] CodeEngine:279 - Generated code: D:\VXL_VDK_LAB\LAB3\ButtonProcess\Core\Src\main.c
2025-09-18 22:04:55,606 [INFO] ProjectBuilder:3076 - Time for Copy HAL[1] : 200mS.
2025-09-18 22:04:55,615 [INFO] ProjectBuilder:4485 - Project Generator version: 4.2.0-B44
2025-09-18 22:04:56,128 [INFO] ConfigFileManager:1495 - The Die is : DIE412
2025-09-18 22:04:56,157 [INFO] ApiDbMcu:508 - Load IP Config File for FATFS
2025-09-18 22:04:56,183 [INFO] ApiDbMcu:508 - Load IP Config File for FREERTOS
2025-09-18 22:04:56,207 [INFO] ApiDbMcu:508 - Load IP Config File for USB_DEVICE
2025-09-18 22:04:58,357 [INFO] LogOutputStream:77 - [STDOUT_REDIRECT] 
2025-09-18 22:05:03,571 [INFO] ProjectBuilder:4747 - Time for Generating toolchain IDE Files: 7955mS.
2025-09-18 22:05:03,572 [INFO] ProjectBuilder:2947 - Time for Copy CMSIS : 0mS.
2025-09-18 22:05:03,574 [INFO] ProjectBuilder:2947 - Time for Copy CMSIS : 0mS.
2025-09-18 22:05:05,074 [INFO] McuFinderGlobals:76 - Set McuFinderConnectedMode to true
2025-09-18 22:05:05,081 [INFO] ApiDb:448 - Save user favorites file C:\Users\ASUS/.stm32cubeide/favorites.mcus.txt: 0 item(s)
2025-09-18 22:05:05,082 [INFO] ApiDb:452 - User favorites MCUs=[]
2025-09-18 22:06:10,165 [INFO] NvicIntPanel:101 - NVIC parent = com.st.microxplorer.plugins.ip.nvic.MultiNvicIntPanel[,0,0,450x93,layout=javax.swing.BoxLayout,alignmentX=0.0,alignmentY=0.0,border=,flags=9,maximumSize=,minimumSize=,preferredSize=]
2025-09-18 22:06:11,802 [INFO] NvicIntPanel:101 - NVIC parent = com.st.microxplorer.plugins.ip.nvic.MultiNvicIntPanel[,0,0,0x0,invalid,layout=javax.swing.BoxLayout,alignmentX=0.0,alignmentY=0.0,border=,flags=9,maximumSize=,minimumSize=,preferredSize=]
2025-09-18 22:07:01,129 [INFO] NvicIntPanel:101 - NVIC parent = com.st.microxplorer.plugins.ip.nvic.MultiNvicIntPanel[,0,0,0x0,invalid,layout=javax.swing.BoxLayout,alignmentX=0.0,alignmentY=0.0,border=,flags=9,maximumSize=,minimumSize=,preferredSize=]
2025-09-18 22:07:11,861 [INFO] NvicIntPanel:101 - NVIC parent = com.st.microxplorer.plugins.ip.nvic.MultiNvicIntPanel[,0,0,0x0,invalid,layout=javax.swing.BoxLayout,alignmentX=0.0,alignmentY=0.0,border=,flags=9,maximumSize=,minimumSize=,preferredSize=]
2025-09-18 22:07:54,147 [INFO] UtilMem:75 - End SaveConfig() Used Memory: 629945400 Bytes (1073741824)
2025-09-18 22:07:55,220 [INFO] UtilMem:75 - End SaveConfig() Used Memory: 642028176 Bytes (1073741824)
2025-09-18 22:07:58,023 [INFO] UtilMem:75 - End SaveConfig() Used Memory: 780418072 Bytes (1073741824)
2025-09-18 22:07:58,614 [INFO] BlockDiagram:2759 - set Specific Code input for plugin: NVIC
2025-09-18 22:07:58,615 [INFO] BlockDiagram:2759 - set Specific Code input for plugin: SYS
2025-09-18 22:07:58,615 [INFO] BlockDiagram:2759 - set Specific Code input for plugin: GPIO
2025-09-18 22:07:58,615 [INFO] BlockDiagram:2759 - set Specific Code input for plugin: RCC
2025-09-18 22:07:58,616 [INFO] BlockDiagram:2759 - set Specific Code input for plugin: TIM1_8F1
2025-09-18 22:07:58,617 [INFO] CodeGenerator:807 - code generatio: config db path: D:\STM32CubeIDE_1.14.0\STM32CubeIDE\plugins\com.st.stm32cube.common.mx_6.10.0.202311202037\\db\
2025-09-18 22:07:58,867 [INFO] CodeEngine:255 - oldGeneratedFile, D:\VXL_VDK_LAB\LAB3\ButtonProcess\MXTmpFiles\license.tmp_save
2025-09-18 22:07:59,078 [INFO] CodeEngine:279 - Generated code: D:\VXL_VDK_LAB\LAB3\ButtonProcess\MXTmpFiles\license.tmp
2025-09-18 22:07:59,251 [INFO] CodeEngine:255 - oldGeneratedFile, D:\VXL_VDK_LAB\LAB3\ButtonProcess\Core\Src\gpio.c_save
2025-09-18 22:07:59,511 [INFO] CodeEngine:279 - Generated code: D:\VXL_VDK_LAB\LAB3\ButtonProcess\Core\Src\gpio.c
2025-09-18 22:07:59,551 [INFO] CodeEngine:255 - oldGeneratedFile, D:\VXL_VDK_LAB\LAB3\ButtonProcess\Core\Inc\gpio.h_save
2025-09-18 22:07:59,720 [INFO] CodeEngine:279 - Generated code: D:\VXL_VDK_LAB\LAB3\ButtonProcess\Core\Inc\gpio.h
2025-09-18 22:07:59,909 [INFO] CodeEngine:255 - oldGeneratedFile, D:\VXL_VDK_LAB\LAB3\ButtonProcess\Core\Src\tim.c_save
2025-09-18 22:08:00,185 [INFO] CodeEngine:279 - Generated code: D:\VXL_VDK_LAB\LAB3\ButtonProcess\Core\Src\tim.c
2025-09-18 22:08:00,223 [INFO] CodeEngine:255 - oldGeneratedFile, D:\VXL_VDK_LAB\LAB3\ButtonProcess\Core\Inc\tim.h_save
2025-09-18 22:08:00,383 [INFO] CodeEngine:279 - Generated code: D:\VXL_VDK_LAB\LAB3\ButtonProcess\Core\Inc\tim.h
2025-09-18 22:08:00,416 [INFO] CodeEngine:255 - oldGeneratedFile, D:\VXL_VDK_LAB\LAB3\ButtonProcess\Core\Src\stm32f1xx_it.c_save
2025-09-18 22:08:00,879 [INFO] CodeEngine:279 - Generated code: D:\VXL_VDK_LAB\LAB3\ButtonProcess\Core\Src\stm32f1xx_it.c
2025-09-18 22:08:00,898 [INFO] CodeEngine:255 - oldGeneratedFile, D:\VXL_VDK_LAB\LAB3\ButtonProcess\Core\Inc\stm32f1xx_it.h_save
2025-09-18 22:08:01,004 [INFO] CodeEngine:279 - Generated code: D:\VXL_VDK_LAB\LAB3\ButtonProcess\Core\Inc\stm32f1xx_it.h
2025-09-18 22:08:01,034 [INFO] CodeEngine:255 - oldGeneratedFile, D:\VXL_VDK_LAB\LAB3\ButtonProcess\Core\Src\stm32f1xx_hal_msp.c_save
2025-09-18 22:08:01,178 [INFO] CodeEngine:279 - Generated code: D:\VXL_VDK_LAB\LAB3\ButtonProcess\Core\Src\stm32f1xx_hal_msp.c
2025-09-18 22:08:01,182 [INFO] CodeEngine:255 - oldGeneratedFile, D:\VXL_VDK_LAB\LAB3\ButtonProcess\MXTmpFiles\system.tmp_save
2025-09-18 22:08:01,252 [INFO] CodeEngine:279 - Generated code: D:\VXL_VDK_LAB\LAB3\ButtonProcess\MXTmpFiles\system.tmp
2025-09-18 22:08:01,272 [INFO] CodeEngine:311 - oldGeneratedFile, D:\VXL_VDK_LAB\LAB3\ButtonProcess\Core\Inc\stm32f1xx_hal_conf.h_save
2025-09-18 22:08:01,403 [INFO] CodeEngine:335 - Generated code: D:\VXL_VDK_LAB\LAB3\ButtonProcess\Core\Inc\stm32f1xx_hal_conf.h
2025-09-18 22:08:01,464 [INFO] CodeEngine:255 - oldGeneratedFile, D:\VXL_VDK_LAB\LAB3\ButtonProcess\Core\Inc\main.h_save
2025-09-18 22:08:01,577 [INFO] CodeEngine:279 - Generated code: D:\VXL_VDK_LAB\LAB3\ButtonProcess\Core\Inc\main.h
2025-09-18 22:08:01,596 [INFO] CodeEngine:255 - oldGeneratedFile, D:\VXL_VDK_LAB\LAB3\ButtonProcess\Core\Src\main.c_save
2025-09-18 22:08:01,729 [INFO] CodeEngine:279 - Generated code: D:\VXL_VDK_LAB\LAB3\ButtonProcess\Core\Src\main.c
2025-09-18 22:08:02,347 [INFO] ProjectBuilder:3076 - Time for Copy HAL[1] : 152mS.
2025-09-18 22:08:02,352 [INFO] ProjectBuilder:4485 - Project Generator version: 4.2.0-B44
2025-09-18 22:08:02,786 [INFO] ConfigFileManager:1495 - The Die is : DIE412
2025-09-18 22:08:05,643 [INFO] ProjectBuilder:4747 - Time for Generating toolchain IDE Files: 3291mS.
2025-09-18 22:08:05,644 [INFO] ProjectBuilder:2947 - Time for Copy CMSIS : 1mS.
2025-09-18 22:08:05,646 [INFO] ProjectBuilder:2947 - Time for Copy CMSIS : 0mS.
2025-09-18 22:36:31,180 [ERROR] LogOutputStream:75 - [STDERR_REDIRECT] 
2025-09-18 22:36:31,182 [ERROR] LogOutputStream:75 - [STDERR_REDIRECT] 
