2025-09-25 21:59:06,187 [INFO] Activator:176 - 


2025-09-25 21:59:06,187 [INFO] Activator:177 - !SESSION log4j initialized
2025-09-25 21:59:11,003 [INFO] LogOutputStream:77 - [STDOUT_REDIRECT] 
2025-09-25 21:59:12,577 [INFO] ApplicationProperties:184 - Using Application install path: D:\WORKSPACE\STM32_WS\STM32CubeIDE_1.14.0\STM32CubeIDE\plugins\com.st.stm32cube.common.mx_6.10.0.202311202037
2025-09-25 21:59:12,591 [INFO] DbMcusXml:78 - Set database path to: D:\WORKSPACE\STM32_WS\STM32CubeIDE_1.14.0\STM32CubeIDE\plugins\com.st.stm32cube.common.mx_6.10.0.202311202037\\db\/mcu/
2025-09-25 21:59:12,592 [INFO] ApiDb:274 - Set plugin database path to: D:\WORKSPACE\STM32_WS\STM32CubeIDE_1.14.0\STM32CubeIDE\plugins\com.st.stm32cube.common.mx_6.10.0.202311202037\\db\/plugins/boardmanager/
2025-09-25 21:59:12,592 [WARN] ApiDb:259 - Overriding images path with different value:  => D:\WORKSPACE\STM32_WS\STM32CubeIDE_1.14.0\STM32CubeIDE\plugins\com.st.stm32cube.common.mx_6.10.0.202311202037\\db\/plugins/mcufinder/images/
2025-09-25 21:59:12,595 [INFO] ApiDb:250 - Set database path to: C:\Users\ASUS\.stmcufinder\plugins\mcufinder//mcu/
2025-09-25 21:59:12,597 [INFO] DbMcusAds:125 - Set database path to: C:\Users\ASUS\.stmcufinder\plugins\mcufinder//mcu/
2025-09-25 21:59:12,598 [INFO] CrossReferenceDbSqlite:203 - Set database path to: C:\Users\ASUS\.stmcufinder\plugins\mcufinder//mcu/cs/
2025-09-25 21:59:12,694 [INFO] RulesReader:64 - Compatibility file has been processed (297 Rules)
2025-09-25 21:59:12,772 [INFO] DbMcusXml:78 - Set database path to: D:\WORKSPACE\STM32_WS\STM32CubeIDE_1.14.0\STM32CubeIDE\plugins\com.st.stm32cube.common.mx_6.10.0.202311202037\\db\/mcu/
2025-09-25 21:59:12,772 [INFO] ApiDb:274 - Set plugin database path to: D:\WORKSPACE\STM32_WS\STM32CubeIDE_1.14.0\STM32CubeIDE\plugins\com.st.stm32cube.common.mx_6.10.0.202311202037\\db\/plugins/boardmanager/
2025-09-25 21:59:12,772 [INFO] ApiDb:261 - Set plugin images path to: D:\WORKSPACE\STM32_WS\STM32CubeIDE_1.14.0\STM32CubeIDE\plugins\com.st.stm32cube.common.mx_6.10.0.202311202037\\db\/plugins/mcufinder/images/
2025-09-25 21:59:12,772 [WARN] DbFile:41 - Overriding database path with different value: C:\Users\ASUS\.stmcufinder\plugins\mcufinder/ => C:\Users\ASUS\.stmcufinder\plugins\mcufinder
2025-09-25 21:59:12,772 [INFO] ApiDb:250 - Set database path to: C:\Users\ASUS\.stmcufinder\plugins\mcufinder//mcu/
2025-09-25 21:59:12,772 [WARN] DbFile:41 - Overriding database path with different value: C:\Users\ASUS\.stmcufinder\plugins\mcufinder/ => C:\Users\ASUS\.stmcufinder\plugins\mcufinder
2025-09-25 21:59:12,772 [INFO] DbMcusAds:125 - Set database path to: C:\Users\ASUS\.stmcufinder\plugins\mcufinder//mcu/
2025-09-25 21:59:12,772 [WARN] DbFile:41 - Overriding database path with different value: C:\Users\ASUS\.stmcufinder\plugins\mcufinder/ => C:\Users\ASUS\.stmcufinder\plugins\mcufinder
2025-09-25 21:59:12,772 [WARN] DbFile:41 - Overriding database path with different value: C:\Users\ASUS\.stmcufinder\plugins\mcufinder/ => C:\Users\ASUS\.stmcufinder\plugins\mcufinder
2025-09-25 21:59:12,773 [INFO] CrossReferenceDbSqlite:203 - Set database path to: C:\Users\ASUS\.stmcufinder\plugins\mcufinder//mcu/cs/
2025-09-25 21:59:12,828 [INFO] MainPanel:264 - HeapMemory: 268435456
2025-09-25 21:59:12,884 [INFO] DbMcusXml:78 - Set database path to: D:\WORKSPACE\STM32_WS\STM32CubeIDE_1.14.0\STM32CubeIDE\plugins\com.st.stm32cube.common.mx_6.10.0.202311202037\\db\/mcu/
2025-09-25 21:59:12,884 [INFO] ApiDb:274 - Set plugin database path to: D:\WORKSPACE\STM32_WS\STM32CubeIDE_1.14.0\STM32CubeIDE\plugins\com.st.stm32cube.common.mx_6.10.0.202311202037\\db\/plugins/boardmanager/
2025-09-25 21:59:12,884 [INFO] ApiDb:261 - Set plugin images path to: D:\WORKSPACE\STM32_WS\STM32CubeIDE_1.14.0\STM32CubeIDE\plugins\com.st.stm32cube.common.mx_6.10.0.202311202037\\db\/plugins/mcufinder/images/
2025-09-25 21:59:12,885 [WARN] DbFile:41 - Overriding database path with different value: C:\Users\ASUS\.stmcufinder\plugins\mcufinder/ => C:\Users\ASUS\.stmcufinder\plugins\mcufinder
2025-09-25 21:59:12,885 [INFO] ApiDb:250 - Set database path to: C:\Users\ASUS\.stmcufinder\plugins\mcufinder//mcu/
2025-09-25 21:59:12,885 [WARN] DbFile:41 - Overriding database path with different value: C:\Users\ASUS\.stmcufinder\plugins\mcufinder/ => C:\Users\ASUS\.stmcufinder\plugins\mcufinder
2025-09-25 21:59:12,885 [INFO] DbMcusAds:125 - Set database path to: C:\Users\ASUS\.stmcufinder\plugins\mcufinder//mcu/
2025-09-25 21:59:12,885 [WARN] DbFile:41 - Overriding database path with different value: C:\Users\ASUS\.stmcufinder\plugins\mcufinder/ => C:\Users\ASUS\.stmcufinder\plugins\mcufinder
2025-09-25 21:59:12,885 [WARN] DbFile:41 - Overriding database path with different value: C:\Users\ASUS\.stmcufinder\plugins\mcufinder/ => C:\Users\ASUS\.stmcufinder\plugins\mcufinder
2025-09-25 21:59:12,885 [INFO] CrossReferenceDbSqlite:203 - Set database path to: C:\Users\ASUS\.stmcufinder\plugins\mcufinder//mcu/cs/
2025-09-25 21:59:12,899 [INFO] ApplicationProperties:184 - Using Application install path: D:\WORKSPACE\STM32_WS\STM32CubeIDE_1.14.0\STM32CubeIDE\plugins\com.st.stm32cube.common.mx_6.10.0.202311202037
2025-09-25 21:59:12,900 [INFO] PluginManage:196 - Search for loadable plugins [exclusion list=, ]
2025-09-25 21:59:12,900 [INFO] PluginManage:310 - Check plugin analytics
2025-09-25 21:59:13,038 [INFO] AnalyticsPlugin:253 - Accepted Software Licenses: 
2025-09-25 21:59:13,038 [INFO] AnalyticsPlugin:255 - Accepted CMSIS Pack Licenses: 
2025-09-25 21:59:13,038 [INFO] AnalyticsPlugin:257 - Accepted Firmware Licenses: FW.F4.1.28.0
2025-09-25 21:59:13,040 [INFO] PluginManage:359 - Loaded plugin analytics (category:tool,tabindex:-1)
2025-09-25 21:59:13,041 [INFO] PluginManage:310 - Check plugin cadmodel
2025-09-25 21:59:13,045 [INFO] CADModel:105 - Init CAD model plugin
2025-09-25 21:59:13,045 [INFO] PluginManage:359 - Loaded plugin cadmodel (category:power,tabindex:5)
2025-09-25 21:59:13,046 [INFO] PluginManage:310 - Check plugin clock
2025-09-25 21:59:13,055 [INFO] PluginManage:359 - Loaded plugin clock (category:base,tabindex:2)
2025-09-25 21:59:13,055 [INFO] PluginManage:310 - Check plugin ddr
2025-09-25 21:59:13,056 [INFO] PluginManage:359 - Loaded plugin ddr (category:tool,tabindex:6)
2025-09-25 21:59:13,057 [INFO] PluginManage:310 - Check plugin filemanager
2025-09-25 21:59:13,165 [INFO] PluginManage:359 - Loaded plugin filemanager (category:base,tabindex:10)
2025-09-25 21:59:13,165 [INFO] PluginManage:310 - Check plugin ipmanager
2025-09-25 21:59:13,171 [INFO] PluginManage:359 - Loaded plugin ipmanager (category:base,tabindex:5)
2025-09-25 21:59:13,171 [INFO] PluginManage:310 - Check plugin lpbam
2025-09-25 21:59:13,177 [INFO] PluginManage:359 - Loaded plugin lpbam (category:base,tabindex:0)
2025-09-25 21:59:13,177 [INFO] PluginManage:310 - Check plugin memorymap
2025-09-25 21:59:13,185 [INFO] PluginManage:359 - Loaded plugin memorymap (category:base,tabindex:4)
2025-09-25 21:59:13,185 [INFO] PluginManage:310 - Check plugin pinoutandconfiguration
2025-09-25 21:59:13,191 [INFO] PluginManage:359 - Loaded plugin pinoutandconfiguration (category:base,tabindex:1)
2025-09-25 21:59:13,191 [INFO] PluginManage:310 - Check plugin pinoutconfig
2025-09-25 21:59:13,270 [WARN] SupportedApi:132 - Cannot load RTOS API schema: s4s-elt-must-match.1: The content of 'definitions' must match (annotation?, (simpleType | complexType)?, (unique | key | keyref)*)). A problem was found starting at: attribute.
2025-09-25 21:59:13,391 [INFO] PluginManage:359 - Loaded plugin pinoutconfig (category:base,tabindex:0)
2025-09-25 21:59:13,391 [INFO] PluginManage:310 - Check plugin power
2025-09-25 21:59:13,398 [INFO] PluginManage:359 - Loaded plugin power (category:power,tabindex:4)
2025-09-25 21:59:13,398 [INFO] PluginManage:310 - Check plugin projectmanager
2025-09-25 21:59:13,413 [INFO] PluginManage:359 - Loaded plugin projectmanager (category:projectmanager,tabindex:3)
2025-09-25 21:59:13,414 [INFO] PluginManage:310 - Check plugin thirdparty
2025-09-25 21:59:13,522 [INFO] PluginManage:359 - Loaded plugin thirdparty (category:base,tabindex:-1)
2025-09-25 21:59:13,522 [WARN] IntegrityCheckThread:84 - waiting for thirdparty lock release [integrity check]
2025-09-25 21:59:13,522 [INFO] IntegrityCheckThread:86 - entering critical section [integrity check]
2025-09-25 21:59:13,522 [INFO] PluginManage:310 - Check plugin tools
2025-09-25 21:59:13,523 [INFO] ThirdPartyUpdaterWithRetryManager:70 - Updater plugin not ready yet. [1/15]
2025-09-25 21:59:13,524 [INFO] PluginManage:359 - Loaded plugin tools (category:base,tabindex:7)
2025-09-25 21:59:13,524 [INFO] PluginManage:310 - Check plugin tutovideos
2025-09-25 21:59:13,665 [INFO] PluginManage:359 - Loaded plugin tutovideos (category:base,tabindex:-1)
2025-09-25 21:59:13,665 [INFO] PluginManage:310 - Check plugin updater
2025-09-25 21:59:13,672 [INFO] PluginManage:359 - Loaded plugin updater (category:base,tabindex:12)
2025-09-25 21:59:13,673 [INFO] PluginManage:310 - Check plugin userauth
2025-09-25 21:59:13,676 [INFO] UserAuth:114 - Init User Auth plugin
2025-09-25 21:59:13,676 [INFO] PluginManage:359 - Loaded plugin userauth (category:base,tabindex:14)
2025-09-25 21:59:13,676 [INFO] PluginManage:283 - PluginManage : Loaded plugins [17]
2025-09-25 21:59:13,849 [INFO] PinOutPanel:1499 - setPackage(No Configuration,No Configuration)
2025-09-25 21:59:13,908 [INFO] CADModel:165 - CPN selected for project level
2025-09-25 21:59:13,910 [INFO] CADModel:114 - Register for checkConnection events
2025-09-25 21:59:13,921 [INFO] IPUIPlugin:80 - create IPUIPlugin
2025-09-25 21:59:13,921 [INFO] PluginManager:220 - loadIPPluginJar : add adc
2025-09-25 21:59:13,922 [INFO] IPUIPlugin:80 - create IPUIPlugin
2025-09-25 21:59:13,922 [INFO] PluginManager:220 - loadIPPluginJar : add aes
2025-09-25 21:59:13,925 [INFO] IPUIPlugin:80 - create IPUIPlugin
2025-09-25 21:59:13,925 [INFO] PluginManager:220 - loadIPPluginJar : add can
2025-09-25 21:59:13,926 [INFO] IPUIPlugin:80 - create IPUIPlugin
2025-09-25 21:59:13,926 [INFO] PluginManager:220 - loadIPPluginJar : add comp
2025-09-25 21:59:13,927 [INFO] IPUIPlugin:80 - create IPUIPlugin
2025-09-25 21:59:13,927 [INFO] PluginManager:220 - loadIPPluginJar : add cryp
2025-09-25 21:59:13,928 [INFO] IPUIPlugin:80 - create IPUIPlugin
2025-09-25 21:59:13,928 [INFO] PluginManager:220 - loadIPPluginJar : add dfsdm
2025-09-25 21:59:13,932 [INFO] IPUIPlugin:80 - create IPUIPlugin
2025-09-25 21:59:13,932 [INFO] PluginManager:220 - loadIPPluginJar : add dma
2025-09-25 21:59:13,933 [INFO] IPUIPlugin:80 - create IPUIPlugin
2025-09-25 21:59:13,933 [INFO] PluginManager:220 - loadIPPluginJar : add dma3
2025-09-25 21:59:13,934 [INFO] IPUIPlugin:80 - create IPUIPlugin
2025-09-25 21:59:13,934 [INFO] PluginManager:220 - loadIPPluginJar : add fatfs
2025-09-25 21:59:13,937 [INFO] IPUIPlugin:80 - create IPUIPlugin
2025-09-25 21:59:13,937 [INFO] PluginManager:220 - loadIPPluginJar : add fmc
2025-09-25 21:59:13,940 [INFO] IPUIPlugin:80 - create IPUIPlugin
2025-09-25 21:59:13,940 [INFO] PluginManager:220 - loadIPPluginJar : add freertos
2025-09-25 21:59:13,940 [INFO] IPUIPlugin:80 - create IPUIPlugin
2025-09-25 21:59:13,940 [INFO] PluginManager:220 - loadIPPluginJar : add genericplugin
2025-09-25 21:59:13,941 [INFO] IPUIPlugin:80 - create IPUIPlugin
2025-09-25 21:59:13,941 [INFO] PluginManager:220 - loadIPPluginJar : add gfxmmu
2025-09-25 21:59:13,945 [INFO] IPUIPlugin:80 - create IPUIPlugin
2025-09-25 21:59:13,945 [INFO] PluginManager:220 - loadIPPluginJar : add gic
2025-09-25 21:59:13,948 [INFO] IPUIPlugin:80 - create IPUIPlugin
2025-09-25 21:59:13,948 [INFO] PluginManager:220 - loadIPPluginJar : add gpio
2025-09-25 21:59:13,950 [INFO] IPUIPlugin:80 - create IPUIPlugin
2025-09-25 21:59:13,950 [INFO] PluginManager:220 - loadIPPluginJar : add gtzc
2025-09-25 21:59:13,951 [INFO] IPUIPlugin:80 - create IPUIPlugin
2025-09-25 21:59:13,951 [INFO] PluginManager:220 - loadIPPluginJar : add hash
2025-09-25 21:59:13,953 [INFO] IPUIPlugin:80 - create IPUIPlugin
2025-09-25 21:59:13,953 [INFO] PluginManager:220 - loadIPPluginJar : add i2c
2025-09-25 21:59:13,954 [INFO] IPUIPlugin:80 - create IPUIPlugin
2025-09-25 21:59:13,954 [INFO] PluginManager:220 - loadIPPluginJar : add i2s
2025-09-25 21:59:13,956 [INFO] IPUIPlugin:80 - create IPUIPlugin
2025-09-25 21:59:13,956 [INFO] PluginManager:220 - loadIPPluginJar : add i3c
2025-09-25 21:59:13,960 [INFO] IPUIPlugin:80 - create IPUIPlugin
2025-09-25 21:59:13,960 [INFO] PluginManager:220 - loadIPPluginJar : add ipddr
2025-09-25 21:59:13,964 [INFO] IPUIPlugin:80 - create IPUIPlugin
2025-09-25 21:59:13,964 [INFO] PluginManager:220 - loadIPPluginJar : add linkedlist
2025-09-25 21:59:13,967 [INFO] IPUIPlugin:80 - create IPUIPlugin
2025-09-25 21:59:13,967 [INFO] PluginManager:220 - loadIPPluginJar : add lorawan
2025-09-25 21:59:13,968 [INFO] IPUIPlugin:80 - create IPUIPlugin
2025-09-25 21:59:13,968 [INFO] PluginManager:220 - loadIPPluginJar : add ltdc
2025-09-25 21:59:13,974 [INFO] IPUIPlugin:80 - create IPUIPlugin
2025-09-25 21:59:13,974 [INFO] PluginManager:220 - loadIPPluginJar : add mdma
2025-09-25 21:59:13,977 [INFO] IPUIPlugin:80 - create IPUIPlugin
2025-09-25 21:59:13,978 [INFO] PluginManager:220 - loadIPPluginJar : add nvic
2025-09-25 21:59:13,980 [INFO] IPUIPlugin:80 - create IPUIPlugin
2025-09-25 21:59:13,981 [INFO] PluginManager:220 - loadIPPluginJar : add opamp
2025-09-25 21:59:13,983 [INFO] IPUIPlugin:80 - create IPUIPlugin
2025-09-25 21:59:13,983 [INFO] PluginManager:220 - loadIPPluginJar : add openamp
2025-09-25 21:59:13,985 [INFO] IPUIPlugin:80 - create IPUIPlugin
2025-09-25 21:59:13,985 [INFO] PluginManager:220 - loadIPPluginJar : add pdm2pcm
2025-09-25 21:59:13,990 [INFO] IPUIPlugin:80 - create IPUIPlugin
2025-09-25 21:59:14,008 [INFO] PluginManager:220 - loadIPPluginJar : add plateformsettings
2025-09-25 21:59:14,010 [INFO] IPUIPlugin:80 - create IPUIPlugin
2025-09-25 21:59:14,010 [INFO] PluginManager:220 - loadIPPluginJar : add quadspi
2025-09-25 21:59:14,013 [INFO] IPUIPlugin:80 - create IPUIPlugin
2025-09-25 21:59:14,013 [INFO] PluginManager:220 - loadIPPluginJar : add resmgrutility
2025-09-25 21:59:14,017 [INFO] IPUIPlugin:80 - create IPUIPlugin
2025-09-25 21:59:14,017 [INFO] PluginManager:220 - loadIPPluginJar : add sai
2025-09-25 21:59:14,018 [INFO] IPUIPlugin:80 - create IPUIPlugin
2025-09-25 21:59:14,019 [INFO] PluginManager:220 - loadIPPluginJar : add spi
2025-09-25 21:59:14,022 [INFO] IPUIPlugin:80 - create IPUIPlugin
2025-09-25 21:59:14,022 [INFO] PluginManager:220 - loadIPPluginJar : add stm32_wpan
2025-09-25 21:59:14,023 [INFO] IPUIPlugin:80 - create IPUIPlugin
2025-09-25 21:59:14,023 [INFO] PluginManager:220 - loadIPPluginJar : add tim
2025-09-25 21:59:14,035 [INFO] IPUIPlugin:80 - create IPUIPlugin
2025-09-25 21:59:14,035 [INFO] PluginManager:220 - loadIPPluginJar : add touchsensing
2025-09-25 21:59:14,036 [INFO] IPUIPlugin:80 - create IPUIPlugin
2025-09-25 21:59:14,036 [INFO] PluginManager:220 - loadIPPluginJar : add tracer_emb
2025-09-25 21:59:14,038 [INFO] IPUIPlugin:80 - create IPUIPlugin
2025-09-25 21:59:14,038 [INFO] PluginManager:220 - loadIPPluginJar : add ts
2025-09-25 21:59:14,039 [INFO] IPUIPlugin:80 - create IPUIPlugin
2025-09-25 21:59:14,039 [INFO] PluginManager:220 - loadIPPluginJar : add tsc
2025-09-25 21:59:14,040 [INFO] IPUIPlugin:80 - create IPUIPlugin
2025-09-25 21:59:14,040 [INFO] PluginManager:220 - loadIPPluginJar : add ucpd
2025-09-25 21:59:14,042 [INFO] IPUIPlugin:80 - create IPUIPlugin
2025-09-25 21:59:14,042 [INFO] PluginManager:220 - loadIPPluginJar : add usart
2025-09-25 21:59:14,045 [INFO] IPUIPlugin:80 - create IPUIPlugin
2025-09-25 21:59:14,045 [INFO] PluginManager:220 - loadIPPluginJar : add usbx
2025-09-25 21:59:14,174 [INFO] CADModel:165 - CPN selected for project level
2025-09-25 21:59:14,174 [INFO] CADModel:114 - Register for checkConnection events
2025-09-25 21:59:14,174 [FATAL] Updater:308 - Updater called before beeing initialized
2025-09-25 21:59:14,175 [ERROR] CADModel:125 - Updater not yet initialized, retry later 
2025-09-25 21:59:14,321 [INFO] CADModel:165 - CPN selected for project level
2025-09-25 21:59:14,321 [INFO] CADModel:114 - Register for checkConnection events
2025-09-25 21:59:14,321 [FATAL] Updater:308 - Updater called before beeing initialized
2025-09-25 21:59:14,322 [ERROR] CADModel:125 - Updater not yet initialized, retry later 
2025-09-25 21:59:14,324 [FATAL] Updater:308 - Updater called before beeing initialized
2025-09-25 21:59:14,428 [FATAL] Updater:308 - Updater called before beeing initialized
2025-09-25 21:59:14,435 [INFO] DbMcusAds:53 - JSON generation date=Tue Jul 08 15:14:23 ICT 2025 (1751962463524)
2025-09-25 21:59:14,436 [FATAL] Updater:308 - Updater called before beeing initialized
2025-09-25 21:59:14,463 [WARN] DetailPanel:346 - Failed to get advertising image, set to default
2025-09-25 21:59:14,537 [FATAL] Updater:308 - Updater called before beeing initialized
2025-09-25 21:59:14,538 [FATAL] Updater:308 - Updater called before beeing initialized
2025-09-25 21:59:14,538 [FATAL] Updater:308 - Updater called before beeing initialized
2025-09-25 21:59:14,538 [WARN] DetailPanel:346 - Failed to get advertising image, set to default
2025-09-25 21:59:14,539 [FATAL] Updater:308 - Updater called before beeing initialized
2025-09-25 21:59:14,574 [ERROR] Updater:1120 - MainUpdater not yet initialized. External WinMGr cannot be set.
2025-09-25 21:59:14,576 [INFO] Updater:1056 - Updater Version found : 6.10.0
2025-09-25 21:59:14,590 [INFO] ApplicationProperties:184 - Using Application install path: D:\WORKSPACE\STM32_WS\STM32CubeIDE_1.14.0\STM32CubeIDE\plugins\com.st.stm32cube.common.mx_6.10.0.202311202037
2025-09-25 21:59:16,167 [ERROR] LogOutputStream:75 - [STDERR_REDIRECT] Sep 25, 2025 9:59:16 PM java.util.prefs.WindowsPreferences <init>
2025-09-25 21:59:16,168 [ERROR] LogOutputStream:75 - [STDERR_REDIRECT] WARNING: Could not open/create prefs root node Software\JavaSoft\Prefs at root 0xffffffff80000002. Windows RegCreateKeyEx(...) returned error code 5.
2025-09-25 21:59:16,168 [ERROR] LogOutputStream:75 - [STDERR_REDIRECT] 
2025-09-25 21:59:16,525 [INFO] ThirdPartyUpdaterWithRetryManager:70 - Updater plugin not ready yet. [2/15]
2025-09-25 21:59:19,526 [FATAL] Updater:308 - Updater called before beeing initialized
2025-09-25 21:59:19,528 [ERROR] IntegrityCheckThread:130 - Cannot retrieve database content from updater: error 21
2025-09-25 21:59:19,529 [INFO] ThirdParty:978 - Integrity check success = false
2025-09-25 21:59:19,529 [INFO] IntegrityCheckThread:100 - exiting critical section [integrity check]
2025-09-25 21:59:19,529 [INFO] IntegrityCheckThread:103 - End integrity checks thread
2025-09-25 21:59:20,165 [ERROR] ConfigurationRetriever:142 - IOException on connection: Read timed out
2025-09-25 21:59:20,677 [INFO] MainUpdater:2873 - connection check result : 10
2025-09-25 21:59:20,678 [INFO] MainUpdater:290 - Updater Check For Update Now.
2025-09-25 21:59:20,678 [INFO] MicroXplorer:498 - Change Database Version : DB.6.0.100
2025-09-25 21:59:20,685 [INFO] McuFinderGlobals:63 - Set McuFinder mode to 2 (CubeIDE integrated)
2025-09-25 21:59:20,873 [INFO] CheckServerUpdateThread:120 - End of CheckServer Thread
2025-09-25 21:59:20,989 [INFO] UserAuth:404 - Internet connection configuration mode: 1
2025-09-25 21:59:21,047 [INFO] JxBrowserEngine:152 - Initiate JxBrowser Engine with user profile folder
2025-09-25 21:59:23,900 [INFO] WebApp:161 - Instantiating new browser for Auth
2025-09-25 21:59:24,468 [INFO] WebApp:780 - Register for checkConnection events
2025-09-25 21:59:24,468 [INFO] WebApp:414 - Apply proxy settings
2025-09-25 21:59:24,468 [INFO] WebApp:499 - Chromium requires no authentication
2025-09-25 21:59:24,476 [INFO] WebApp:442 - Direct internet connection detected
2025-09-25 21:59:24,666 [INFO] WebApp:192 - Starting web application
2025-09-25 21:59:24,667 [INFO] WebApp:544 - Web application path used D:\WORKSPACE\STM32_WS\STM32CubeIDE_1.14.0\STM32CubeIDE\plugins\com.st.stm32cube.common.mx_6.10.0.202311202037\db\plugins\mcufinder\reactClient1\index.html
2025-09-25 21:59:45,550 [ERROR] LogOutputStream:75 - [STDERR_REDIRECT] SLF4J: Failed to load class "org.slf4j.impl.StaticLoggerBinder".
2025-09-25 21:59:45,551 [ERROR] LogOutputStream:75 - [STDERR_REDIRECT] SLF4J: Defaulting to no-operation (NOP) logger implementation
2025-09-25 21:59:45,552 [ERROR] LogOutputStream:75 - [STDERR_REDIRECT] SLF4J: See http://www.slf4j.org/codes.html#StaticLoggerBinder for further details.
2025-09-25 22:21:15,087 [ERROR] LogOutputStream:75 - [STDERR_REDIRECT] 
2025-09-25 22:21:15,087 [ERROR] LogOutputStream:75 - [STDERR_REDIRECT] 
