2025-10-01 19:40:38,384 [INFO] Activator:176 - 


2025-10-01 19:40:38,388 [INFO] Activator:177 - !SESSION log4j initialized
2025-10-01 19:40:45,461 [INFO] LogOutputStream:77 - [STDOUT_REDIRECT] 
2025-10-01 19:40:47,481 [INFO] ApplicationProperties:184 - Using Application install path: D:\WORKSPACE\STM32_WS\STM32CubeIDE_1.14.0\STM32CubeIDE\plugins\com.st.stm32cube.common.mx_6.10.0.202311202037
2025-10-01 19:40:47,504 [INFO] DbMcusXml:78 - Set database path to: D:\WORKSPACE\STM32_WS\STM32CubeIDE_1.14.0\STM32CubeIDE\plugins\com.st.stm32cube.common.mx_6.10.0.202311202037\\db\/mcu/
2025-10-01 19:40:47,504 [INFO] ApiDb:274 - Set plugin database path to: D:\WORKSPACE\STM32_WS\STM32CubeIDE_1.14.0\STM32CubeIDE\plugins\com.st.stm32cube.common.mx_6.10.0.202311202037\\db\/plugins/boardmanager/
2025-10-01 19:40:47,504 [WARN] ApiDb:259 - Overriding images path with different value:  => D:\WORKSPACE\STM32_WS\STM32CubeIDE_1.14.0\STM32CubeIDE\plugins\com.st.stm32cube.common.mx_6.10.0.202311202037\\db\/plugins/mcufinder/images/
2025-10-01 19:40:47,520 [INFO] ApiDb:250 - Set database path to: C:\Users\ASUS\.stmcufinder\plugins\mcufinder//mcu/
2025-10-01 19:40:47,521 [INFO] DbMcusAds:125 - Set database path to: C:\Users\ASUS\.stmcufinder\plugins\mcufinder//mcu/
2025-10-01 19:40:47,523 [INFO] CrossReferenceDbSqlite:203 - Set database path to: C:\Users\ASUS\.stmcufinder\plugins\mcufinder//mcu/cs/
2025-10-01 19:40:47,656 [INFO] RulesReader:64 - Compatibility file has been processed (297 Rules)
2025-10-01 19:40:47,752 [INFO] DbMcusXml:78 - Set database path to: D:\WORKSPACE\STM32_WS\STM32CubeIDE_1.14.0\STM32CubeIDE\plugins\com.st.stm32cube.common.mx_6.10.0.202311202037\\db\/mcu/
2025-10-01 19:40:47,752 [INFO] ApiDb:274 - Set plugin database path to: D:\WORKSPACE\STM32_WS\STM32CubeIDE_1.14.0\STM32CubeIDE\plugins\com.st.stm32cube.common.mx_6.10.0.202311202037\\db\/plugins/boardmanager/
2025-10-01 19:40:47,752 [INFO] ApiDb:261 - Set plugin images path to: D:\WORKSPACE\STM32_WS\STM32CubeIDE_1.14.0\STM32CubeIDE\plugins\com.st.stm32cube.common.mx_6.10.0.202311202037\\db\/plugins/mcufinder/images/
2025-10-01 19:40:47,753 [WARN] DbFile:41 - Overriding database path with different value: C:\Users\ASUS\.stmcufinder\plugins\mcufinder/ => C:\Users\ASUS\.stmcufinder\plugins\mcufinder
2025-10-01 19:40:47,753 [INFO] ApiDb:250 - Set database path to: C:\Users\ASUS\.stmcufinder\plugins\mcufinder//mcu/
2025-10-01 19:40:47,753 [WARN] DbFile:41 - Overriding database path with different value: C:\Users\ASUS\.stmcufinder\plugins\mcufinder/ => C:\Users\ASUS\.stmcufinder\plugins\mcufinder
2025-10-01 19:40:47,753 [INFO] DbMcusAds:125 - Set database path to: C:\Users\ASUS\.stmcufinder\plugins\mcufinder//mcu/
2025-10-01 19:40:47,753 [WARN] DbFile:41 - Overriding database path with different value: C:\Users\ASUS\.stmcufinder\plugins\mcufinder/ => C:\Users\ASUS\.stmcufinder\plugins\mcufinder
2025-10-01 19:40:47,753 [WARN] DbFile:41 - Overriding database path with different value: C:\Users\ASUS\.stmcufinder\plugins\mcufinder/ => C:\Users\ASUS\.stmcufinder\plugins\mcufinder
2025-10-01 19:40:47,753 [INFO] CrossReferenceDbSqlite:203 - Set database path to: C:\Users\ASUS\.stmcufinder\plugins\mcufinder//mcu/cs/
2025-10-01 19:40:47,846 [INFO] MainPanel:264 - HeapMemory: 268435456
2025-10-01 19:40:47,945 [INFO] DbMcusXml:78 - Set database path to: D:\WORKSPACE\STM32_WS\STM32CubeIDE_1.14.0\STM32CubeIDE\plugins\com.st.stm32cube.common.mx_6.10.0.202311202037\\db\/mcu/
2025-10-01 19:40:47,945 [INFO] ApiDb:274 - Set plugin database path to: D:\WORKSPACE\STM32_WS\STM32CubeIDE_1.14.0\STM32CubeIDE\plugins\com.st.stm32cube.common.mx_6.10.0.202311202037\\db\/plugins/boardmanager/
2025-10-01 19:40:47,945 [INFO] ApiDb:261 - Set plugin images path to: D:\WORKSPACE\STM32_WS\STM32CubeIDE_1.14.0\STM32CubeIDE\plugins\com.st.stm32cube.common.mx_6.10.0.202311202037\\db\/plugins/mcufinder/images/
2025-10-01 19:40:47,946 [WARN] DbFile:41 - Overriding database path with different value: C:\Users\ASUS\.stmcufinder\plugins\mcufinder/ => C:\Users\ASUS\.stmcufinder\plugins\mcufinder
2025-10-01 19:40:47,946 [INFO] ApiDb:250 - Set database path to: C:\Users\ASUS\.stmcufinder\plugins\mcufinder//mcu/
2025-10-01 19:40:47,946 [WARN] DbFile:41 - Overriding database path with different value: C:\Users\ASUS\.stmcufinder\plugins\mcufinder/ => C:\Users\ASUS\.stmcufinder\plugins\mcufinder
2025-10-01 19:40:47,946 [INFO] DbMcusAds:125 - Set database path to: C:\Users\ASUS\.stmcufinder\plugins\mcufinder//mcu/
2025-10-01 19:40:47,946 [WARN] DbFile:41 - Overriding database path with different value: C:\Users\ASUS\.stmcufinder\plugins\mcufinder/ => C:\Users\ASUS\.stmcufinder\plugins\mcufinder
2025-10-01 19:40:47,946 [WARN] DbFile:41 - Overriding database path with different value: C:\Users\ASUS\.stmcufinder\plugins\mcufinder/ => C:\Users\ASUS\.stmcufinder\plugins\mcufinder
2025-10-01 19:40:47,946 [INFO] CrossReferenceDbSqlite:203 - Set database path to: C:\Users\ASUS\.stmcufinder\plugins\mcufinder//mcu/cs/
2025-10-01 19:40:47,966 [INFO] ApplicationProperties:184 - Using Application install path: D:\WORKSPACE\STM32_WS\STM32CubeIDE_1.14.0\STM32CubeIDE\plugins\com.st.stm32cube.common.mx_6.10.0.202311202037
2025-10-01 19:40:47,968 [INFO] PluginManage:196 - Search for loadable plugins [exclusion list=, ]
2025-10-01 19:40:47,969 [INFO] PluginManage:310 - Check plugin analytics
2025-10-01 19:40:48,146 [INFO] AnalyticsPlugin:253 - Accepted Software Licenses: 
2025-10-01 19:40:48,147 [INFO] AnalyticsPlugin:255 - Accepted CMSIS Pack Licenses: 
2025-10-01 19:40:48,147 [INFO] AnalyticsPlugin:257 - Accepted Firmware Licenses: FW.F4.1.28.0
2025-10-01 19:40:48,151 [INFO] PluginManage:359 - Loaded plugin analytics (category:tool,tabindex:-1)
2025-10-01 19:40:48,152 [INFO] PluginManage:310 - Check plugin cadmodel
2025-10-01 19:40:48,181 [INFO] CADModel:105 - Init CAD model plugin
2025-10-01 19:40:48,181 [INFO] PluginManage:359 - Loaded plugin cadmodel (category:power,tabindex:5)
2025-10-01 19:40:48,181 [INFO] PluginManage:310 - Check plugin clock
2025-10-01 19:40:48,230 [INFO] PluginManage:359 - Loaded plugin clock (category:base,tabindex:2)
2025-10-01 19:40:48,230 [INFO] PluginManage:310 - Check plugin ddr
2025-10-01 19:40:48,234 [INFO] PluginManage:359 - Loaded plugin ddr (category:tool,tabindex:6)
2025-10-01 19:40:48,235 [INFO] PluginManage:310 - Check plugin filemanager
2025-10-01 19:40:48,374 [INFO] PluginManage:359 - Loaded plugin filemanager (category:base,tabindex:10)
2025-10-01 19:40:48,374 [INFO] PluginManage:310 - Check plugin ipmanager
2025-10-01 19:40:48,382 [INFO] PluginManage:359 - Loaded plugin ipmanager (category:base,tabindex:5)
2025-10-01 19:40:48,382 [INFO] PluginManage:310 - Check plugin lpbam
2025-10-01 19:40:48,403 [INFO] PluginManage:359 - Loaded plugin lpbam (category:base,tabindex:0)
2025-10-01 19:40:48,404 [INFO] PluginManage:310 - Check plugin memorymap
2025-10-01 19:40:48,432 [INFO] PluginManage:359 - Loaded plugin memorymap (category:base,tabindex:4)
2025-10-01 19:40:48,432 [INFO] PluginManage:310 - Check plugin pinoutandconfiguration
2025-10-01 19:40:48,454 [INFO] PluginManage:359 - Loaded plugin pinoutandconfiguration (category:base,tabindex:1)
2025-10-01 19:40:48,455 [INFO] PluginManage:310 - Check plugin pinoutconfig
2025-10-01 19:40:48,608 [WARN] SupportedApi:132 - Cannot load RTOS API schema: s4s-elt-must-match.1: The content of 'definitions' must match (annotation?, (simpleType | complexType)?, (unique | key | keyref)*)). A problem was found starting at: attribute.
2025-10-01 19:40:48,772 [INFO] PluginManage:359 - Loaded plugin pinoutconfig (category:base,tabindex:0)
2025-10-01 19:40:48,772 [INFO] PluginManage:310 - Check plugin power
2025-10-01 19:40:48,811 [INFO] PluginManage:359 - Loaded plugin power (category:power,tabindex:4)
2025-10-01 19:40:48,811 [INFO] PluginManage:310 - Check plugin projectmanager
2025-10-01 19:40:48,834 [INFO] PluginManage:359 - Loaded plugin projectmanager (category:projectmanager,tabindex:3)
2025-10-01 19:40:48,834 [INFO] PluginManage:310 - Check plugin thirdparty
2025-10-01 19:40:49,212 [INFO] PluginManage:359 - Loaded plugin thirdparty (category:base,tabindex:-1)
2025-10-01 19:40:49,212 [INFO] PluginManage:310 - Check plugin tools
2025-10-01 19:40:49,212 [WARN] IntegrityCheckThread:84 - waiting for thirdparty lock release [integrity check]
2025-10-01 19:40:49,212 [INFO] IntegrityCheckThread:86 - entering critical section [integrity check]
2025-10-01 19:40:49,213 [INFO] ThirdPartyUpdaterWithRetryManager:70 - Updater plugin not ready yet. [1/15]
2025-10-01 19:40:49,256 [INFO] PluginManage:359 - Loaded plugin tools (category:base,tabindex:7)
2025-10-01 19:40:49,256 [INFO] PluginManage:310 - Check plugin tutovideos
2025-10-01 19:40:49,467 [INFO] PluginManage:359 - Loaded plugin tutovideos (category:base,tabindex:-1)
2025-10-01 19:40:49,467 [INFO] PluginManage:310 - Check plugin updater
2025-10-01 19:40:49,479 [INFO] PluginManage:359 - Loaded plugin updater (category:base,tabindex:12)
2025-10-01 19:40:49,480 [INFO] PluginManage:310 - Check plugin userauth
2025-10-01 19:40:49,488 [INFO] UserAuth:114 - Init User Auth plugin
2025-10-01 19:40:49,488 [INFO] PluginManage:359 - Loaded plugin userauth (category:base,tabindex:14)
2025-10-01 19:40:49,488 [INFO] PluginManage:283 - PluginManage : Loaded plugins [17]
2025-10-01 19:40:49,692 [INFO] PinOutPanel:1499 - setPackage(No Configuration,No Configuration)
2025-10-01 19:40:49,761 [INFO] CADModel:165 - CPN selected for project level
2025-10-01 19:40:49,761 [INFO] CADModel:114 - Register for checkConnection events
2025-10-01 19:40:49,790 [INFO] IPUIPlugin:80 - create IPUIPlugin
2025-10-01 19:40:49,790 [INFO] PluginManager:220 - loadIPPluginJar : add adc
2025-10-01 19:40:49,832 [INFO] IPUIPlugin:80 - create IPUIPlugin
2025-10-01 19:40:49,832 [INFO] PluginManager:220 - loadIPPluginJar : add aes
2025-10-01 19:40:49,878 [INFO] IPUIPlugin:80 - create IPUIPlugin
2025-10-01 19:40:49,878 [INFO] PluginManager:220 - loadIPPluginJar : add can
2025-10-01 19:40:49,905 [INFO] IPUIPlugin:80 - create IPUIPlugin
2025-10-01 19:40:49,905 [INFO] PluginManager:220 - loadIPPluginJar : add comp
2025-10-01 19:40:49,941 [INFO] IPUIPlugin:80 - create IPUIPlugin
2025-10-01 19:40:49,941 [INFO] PluginManager:220 - loadIPPluginJar : add cryp
2025-10-01 19:40:49,973 [INFO] IPUIPlugin:80 - create IPUIPlugin
2025-10-01 19:40:49,973 [INFO] PluginManager:220 - loadIPPluginJar : add dfsdm
2025-10-01 19:40:49,989 [INFO] IPUIPlugin:80 - create IPUIPlugin
2025-10-01 19:40:49,990 [INFO] PluginManager:220 - loadIPPluginJar : add dma
2025-10-01 19:40:50,041 [INFO] IPUIPlugin:80 - create IPUIPlugin
2025-10-01 19:40:50,041 [INFO] PluginManager:220 - loadIPPluginJar : add dma3
2025-10-01 19:40:50,066 [INFO] IPUIPlugin:80 - create IPUIPlugin
2025-10-01 19:40:50,066 [INFO] PluginManager:220 - loadIPPluginJar : add fatfs
2025-10-01 19:40:50,124 [INFO] IPUIPlugin:80 - create IPUIPlugin
2025-10-01 19:40:50,124 [INFO] PluginManager:220 - loadIPPluginJar : add fmc
2025-10-01 19:40:50,142 [INFO] IPUIPlugin:80 - create IPUIPlugin
2025-10-01 19:40:50,142 [INFO] PluginManager:220 - loadIPPluginJar : add freertos
2025-10-01 19:40:50,167 [INFO] IPUIPlugin:80 - create IPUIPlugin
2025-10-01 19:40:50,167 [INFO] PluginManager:220 - loadIPPluginJar : add genericplugin
2025-10-01 19:40:50,271 [INFO] IPUIPlugin:80 - create IPUIPlugin
2025-10-01 19:40:50,272 [INFO] PluginManager:220 - loadIPPluginJar : add gfxmmu
2025-10-01 19:40:50,417 [INFO] IPUIPlugin:80 - create IPUIPlugin
2025-10-01 19:40:50,417 [INFO] PluginManager:220 - loadIPPluginJar : add gic
2025-10-01 19:40:50,432 [INFO] IPUIPlugin:80 - create IPUIPlugin
2025-10-01 19:40:50,433 [INFO] PluginManager:220 - loadIPPluginJar : add gpio
2025-10-01 19:40:50,537 [INFO] IPUIPlugin:80 - create IPUIPlugin
2025-10-01 19:40:50,537 [INFO] PluginManager:220 - loadIPPluginJar : add gtzc
2025-10-01 19:40:50,579 [INFO] IPUIPlugin:80 - create IPUIPlugin
2025-10-01 19:40:50,579 [INFO] PluginManager:220 - loadIPPluginJar : add hash
2025-10-01 19:40:50,645 [INFO] IPUIPlugin:80 - create IPUIPlugin
2025-10-01 19:40:50,645 [INFO] PluginManager:220 - loadIPPluginJar : add i2c
2025-10-01 19:40:50,694 [INFO] IPUIPlugin:80 - create IPUIPlugin
2025-10-01 19:40:50,695 [INFO] PluginManager:220 - loadIPPluginJar : add i2s
2025-10-01 19:40:50,759 [INFO] IPUIPlugin:80 - create IPUIPlugin
2025-10-01 19:40:50,760 [INFO] PluginManager:220 - loadIPPluginJar : add i3c
2025-10-01 19:40:50,901 [INFO] IPUIPlugin:80 - create IPUIPlugin
2025-10-01 19:40:50,901 [INFO] PluginManager:220 - loadIPPluginJar : add ipddr
2025-10-01 19:40:51,017 [INFO] IPUIPlugin:80 - create IPUIPlugin
2025-10-01 19:40:51,017 [INFO] PluginManager:220 - loadIPPluginJar : add linkedlist
2025-10-01 19:40:51,066 [INFO] IPUIPlugin:80 - create IPUIPlugin
2025-10-01 19:40:51,066 [INFO] PluginManager:220 - loadIPPluginJar : add lorawan
2025-10-01 19:40:51,115 [INFO] IPUIPlugin:80 - create IPUIPlugin
2025-10-01 19:40:51,115 [INFO] PluginManager:220 - loadIPPluginJar : add ltdc
2025-10-01 19:40:51,132 [INFO] IPUIPlugin:80 - create IPUIPlugin
2025-10-01 19:40:51,132 [INFO] PluginManager:220 - loadIPPluginJar : add mdma
2025-10-01 19:40:51,150 [INFO] IPUIPlugin:80 - create IPUIPlugin
2025-10-01 19:40:51,150 [INFO] PluginManager:220 - loadIPPluginJar : add nvic
2025-10-01 19:40:51,200 [INFO] IPUIPlugin:80 - create IPUIPlugin
2025-10-01 19:40:51,200 [INFO] PluginManager:220 - loadIPPluginJar : add opamp
2025-10-01 19:40:51,288 [INFO] IPUIPlugin:80 - create IPUIPlugin
2025-10-01 19:40:51,288 [INFO] PluginManager:220 - loadIPPluginJar : add openamp
2025-10-01 19:40:51,340 [INFO] IPUIPlugin:80 - create IPUIPlugin
2025-10-01 19:40:51,340 [INFO] PluginManager:220 - loadIPPluginJar : add pdm2pcm
2025-10-01 19:40:51,355 [INFO] IPUIPlugin:80 - create IPUIPlugin
2025-10-01 19:40:51,357 [INFO] PluginManager:220 - loadIPPluginJar : add plateformsettings
2025-10-01 19:40:51,384 [INFO] IPUIPlugin:80 - create IPUIPlugin
2025-10-01 19:40:51,384 [INFO] PluginManager:220 - loadIPPluginJar : add quadspi
2025-10-01 19:40:51,399 [INFO] IPUIPlugin:80 - create IPUIPlugin
2025-10-01 19:40:51,399 [INFO] PluginManager:220 - loadIPPluginJar : add resmgrutility
2025-10-01 19:40:51,455 [INFO] IPUIPlugin:80 - create IPUIPlugin
2025-10-01 19:40:51,455 [INFO] PluginManager:220 - loadIPPluginJar : add sai
2025-10-01 19:40:51,513 [INFO] IPUIPlugin:80 - create IPUIPlugin
2025-10-01 19:40:51,513 [INFO] PluginManager:220 - loadIPPluginJar : add spi
2025-10-01 19:40:51,598 [INFO] IPUIPlugin:80 - create IPUIPlugin
2025-10-01 19:40:51,598 [INFO] PluginManager:220 - loadIPPluginJar : add stm32_wpan
2025-10-01 19:40:51,630 [INFO] IPUIPlugin:80 - create IPUIPlugin
2025-10-01 19:40:51,631 [INFO] PluginManager:220 - loadIPPluginJar : add tim
2025-10-01 19:40:51,699 [INFO] IPUIPlugin:80 - create IPUIPlugin
2025-10-01 19:40:51,699 [INFO] PluginManager:220 - loadIPPluginJar : add touchsensing
2025-10-01 19:40:51,731 [INFO] IPUIPlugin:80 - create IPUIPlugin
2025-10-01 19:40:51,732 [INFO] PluginManager:220 - loadIPPluginJar : add tracer_emb
2025-10-01 19:40:51,764 [INFO] IPUIPlugin:80 - create IPUIPlugin
2025-10-01 19:40:51,764 [INFO] PluginManager:220 - loadIPPluginJar : add ts
2025-10-01 19:40:51,797 [INFO] IPUIPlugin:80 - create IPUIPlugin
2025-10-01 19:40:51,797 [INFO] PluginManager:220 - loadIPPluginJar : add tsc
2025-10-01 19:40:51,825 [INFO] IPUIPlugin:80 - create IPUIPlugin
2025-10-01 19:40:51,825 [INFO] PluginManager:220 - loadIPPluginJar : add ucpd
2025-10-01 19:40:51,892 [INFO] IPUIPlugin:80 - create IPUIPlugin
2025-10-01 19:40:51,892 [INFO] PluginManager:220 - loadIPPluginJar : add usart
2025-10-01 19:40:51,953 [INFO] IPUIPlugin:80 - create IPUIPlugin
2025-10-01 19:40:51,953 [INFO] PluginManager:220 - loadIPPluginJar : add usbx
2025-10-01 19:40:52,101 [INFO] CADModel:165 - CPN selected for project level
2025-10-01 19:40:52,101 [INFO] CADModel:114 - Register for checkConnection events
2025-10-01 19:40:52,102 [FATAL] Updater:308 - Updater called before beeing initialized
2025-10-01 19:40:52,102 [ERROR] CADModel:125 - Updater not yet initialized, retry later 
2025-10-01 19:40:52,216 [INFO] ThirdPartyUpdaterWithRetryManager:70 - Updater plugin not ready yet. [2/15]
2025-10-01 19:40:52,263 [INFO] CADModel:165 - CPN selected for project level
2025-10-01 19:40:52,263 [INFO] CADModel:114 - Register for checkConnection events
2025-10-01 19:40:52,263 [FATAL] Updater:308 - Updater called before beeing initialized
2025-10-01 19:40:52,263 [ERROR] CADModel:125 - Updater not yet initialized, retry later 
2025-10-01 19:40:52,266 [FATAL] Updater:308 - Updater called before beeing initialized
2025-10-01 19:40:52,403 [FATAL] Updater:308 - Updater called before beeing initialized
2025-10-01 19:40:52,423 [INFO] DbMcusAds:53 - JSON generation date=Tue Jul 08 15:14:23 ICT 2025 (1751962463524)
2025-10-01 19:40:52,423 [FATAL] Updater:308 - Updater called before beeing initialized
2025-10-01 19:40:52,572 [WARN] DetailPanel:346 - Failed to get advertising image, set to default
2025-10-01 19:40:52,686 [FATAL] Updater:308 - Updater called before beeing initialized
2025-10-01 19:40:52,689 [FATAL] Updater:308 - Updater called before beeing initialized
2025-10-01 19:40:52,689 [FATAL] Updater:308 - Updater called before beeing initialized
2025-10-01 19:40:52,689 [WARN] DetailPanel:346 - Failed to get advertising image, set to default
2025-10-01 19:40:52,690 [FATAL] Updater:308 - Updater called before beeing initialized
2025-10-01 19:40:52,779 [ERROR] Updater:1120 - MainUpdater not yet initialized. External WinMGr cannot be set.
2025-10-01 19:40:52,796 [INFO] Updater:1056 - Updater Version found : 6.10.0
2025-10-01 19:40:52,819 [INFO] ApplicationProperties:184 - Using Application install path: D:\WORKSPACE\STM32_WS\STM32CubeIDE_1.14.0\STM32CubeIDE\plugins\com.st.stm32cube.common.mx_6.10.0.202311202037
2025-10-01 19:40:54,404 [ERROR] LogOutputStream:75 - [STDERR_REDIRECT] Oct 01, 2025 7:40:54 PM java.util.prefs.WindowsPreferences <init>
2025-10-01 19:40:54,406 [ERROR] LogOutputStream:75 - [STDERR_REDIRECT] WARNING: Could not open/create prefs root node Software\JavaSoft\Prefs at root 0xffffffff80000002. Windows RegCreateKeyEx(...) returned error code 5.
2025-10-01 19:40:54,406 [ERROR] LogOutputStream:75 - [STDERR_REDIRECT] 
2025-10-01 19:40:54,875 [INFO] MainUpdater:2873 - connection check result : 10
2025-10-01 19:40:54,876 [INFO] MainUpdater:3567 - Updater definition file requires update
2025-10-01 19:40:54,877 [INFO] MainUpdater:290 - Updater Check For Update Now.
2025-10-01 19:40:54,877 [INFO] MicroXplorer:498 - Change Database Version : DB.6.0.100
2025-10-01 19:40:54,897 [INFO] McuFinderGlobals:63 - Set McuFinder mode to 2 (CubeIDE integrated)
2025-10-01 19:40:55,068 [INFO] ServerAccessManage:473 - Download File updaters.zip
2025-10-01 19:40:55,217 [WARN] MainUpdater:1194 - Updater busy. Cannot search thirdparties
2025-10-01 19:40:55,217 [INFO] ThirdPartyUpdaterWithRetryManager:96 - Updater plugin is busy. [1/15]
2025-10-01 19:40:55,283 [INFO] FileExtend:240 - Unzip File : updaters.zip
2025-10-01 19:40:55,283 [INFO] FileExtend:255 - Standard Zip Deflate
2025-10-01 19:40:55,356 [INFO] UserAuth:404 - Internet connection configuration mode: 1
2025-10-01 19:40:55,417 [INFO] JxBrowserEngine:152 - Initiate JxBrowser Engine with user profile folder
2025-10-01 19:40:56,138 [INFO] ServerAccessManage:473 - Download File PacksControlFlags.xml
2025-10-01 19:40:56,335 [INFO] ServerAccessManage:473 - Download File cubemx.pidx
2025-10-01 19:40:57,594 [INFO] ServerAccessManage:473 - Download File STMicroelectronics.X-CUBE-FREERTOS.pdsc
2025-10-01 19:40:58,218 [WARN] MainUpdater:1194 - Updater busy. Cannot search thirdparties
2025-10-01 19:40:58,218 [INFO] ThirdPartyUpdaterWithRetryManager:96 - Updater plugin is busy. [2/15]
2025-10-01 19:40:59,287 [INFO] ServerAccessManage:473 - Download File STMicroelectronics.X-CUBE-TOUCHGFX.pdsc
2025-10-01 19:41:00,069 [INFO] WebApp:161 - Instantiating new browser for Auth
2025-10-01 19:41:01,050 [INFO] WebApp:780 - Register for checkConnection events
2025-10-01 19:41:01,050 [INFO] WebApp:414 - Apply proxy settings
2025-10-01 19:41:01,051 [INFO] WebApp:499 - Chromium requires no authentication
2025-10-01 19:41:01,064 [INFO] WebApp:442 - Direct internet connection detected
2025-10-01 19:41:01,219 [WARN] MainUpdater:1194 - Updater busy. Cannot search thirdparties
2025-10-01 19:41:01,219 [INFO] ThirdPartyUpdaterWithRetryManager:96 - Updater plugin is busy. [3/15]
2025-10-01 19:41:01,348 [INFO] WebApp:192 - Starting web application
2025-10-01 19:41:01,348 [INFO] WebApp:544 - Web application path used D:\WORKSPACE\STM32_WS\STM32CubeIDE_1.14.0\STM32CubeIDE\plugins\com.st.stm32cube.common.mx_6.10.0.202311202037\db\plugins\mcufinder\reactClient1\index.html
2025-10-01 19:41:03,650 [WARN] PackLoader:240 - Cannot read IP mode file for STMicroelectronics.X-CUBE-FREERTOS.1.3.1
2025-10-01 19:41:03,656 [WARN] PackLoader:240 - Cannot read IP mode file for STMicroelectronics.X-CUBE-TOUCHGFX.4.26.0
2025-10-01 19:41:03,657 [INFO] PopulateThirdPartyThread:66 - Ending populate Thread
2025-10-01 19:41:03,658 [INFO] ThirdParty:1030 - CMSIS Pack Vendor :STMicroelectronics X-CUBE-FREERTOS 1.3.1
2025-10-01 19:41:03,658 [INFO] ThirdParty:1030 - CMSIS Pack Vendor :STMicroelectronics X-CUBE-TOUCHGFX 4.26.0
2025-10-01 19:41:03,658 [INFO] LoadServerUpdatesThread:375 - End of LoadServerUpdate Thread
2025-10-01 19:41:03,800 [INFO] CheckServerUpdateThread:120 - End of CheckServer Thread
2025-10-01 19:41:04,511 [WARN] PackLoader:240 - Cannot read IP mode file for STMicroelectronics.FP-SNS-MOTENVWB1.1.4.0
2025-10-01 19:41:04,519 [WARN] PackLoader:240 - Cannot read IP mode file for STMicroelectronics.FP-ATR-ASTRA1.2.0.2
2025-10-01 19:41:04,536 [WARN] PackLoader:240 - Cannot read IP mode file for STMicroelectronics.X-CUBE-SMBUS.2.1.0
2025-10-01 19:41:04,548 [ERROR] Engine:466 - C:\Users\ASUS\.stm32cubemx\thirdparties\pdsc\STMicroelectronics.X-CUBE-ST60.1.0.0.pdsc: PDSC version is not supported
2025-10-01 19:41:04,584 [WARN] PackLoader:240 - Cannot read IP mode file for STMicroelectronics.X-CUBE-AZRTOS-F7.1.1.0
2025-10-01 19:41:04,624 [WARN] PackLoader:240 - Cannot read IP mode file for Infineon.AIROC-Wi-Fi-Bluetooth-STM32.1.7.0
2025-10-01 19:41:04,670 [WARN] PackLoader:240 - Cannot read IP mode file for STMicroelectronics.X-CUBE-AZRTOS-H7.3.4.0
2025-10-01 19:41:04,692 [WARN] PackLoader:240 - Cannot read IP mode file for STMicroelectronics.X-CUBE-DISPLAY.3.0.0
2025-10-01 19:41:04,714 [WARN] PackLoader:240 - Cannot read IP mode file for STMicroelectronics.X-CUBE-NFC10.1.0.0
2025-10-01 19:41:04,746 [WARN] PackLoader:240 - Cannot read IP mode file for STMicroelectronics.X-CUBE-BLEMGR.4.0.0
2025-10-01 19:41:04,769 [WARN] PackLoader:240 - Cannot read IP mode file for emotas.I-CUBE-CANOPEN.1.3.0
2025-10-01 19:41:04,774 [WARN] ConditionMgr:438 - getConditionDescription Invalid condition id : Cortex-A Device cause : null
2025-10-01 19:41:04,796 [WARN] ConditionMgr:1039 - genDependencies : Invalid condition id : Cortex-A Device cause : null
2025-10-01 19:41:04,796 [WARN] ConditionMgr:1039 - genDependencies : Invalid condition id : Cortex-A Device cause : null
2025-10-01 19:41:04,796 [WARN] ConditionMgr:1039 - genDependencies : Invalid condition id : Cortex-A Device cause : null
2025-10-01 19:41:04,811 [ERROR] Engine:466 - C:\Users\ASUS\.stm32cubemx\thirdparties\pdsc\STMicroelectronics.FP-SNS-STBOX1.2.1.0.pdsc: PDSC version is not supported
2025-10-01 19:41:04,837 [WARN] PackLoader:240 - Cannot read IP mode file for STMicroelectronics.FP-SNS-SMARTAG2.1.2.0
2025-10-01 19:41:04,841 [ERROR] Engine:466 - C:\Users\ASUS\.stm32cubemx\thirdparties\pdsc\STMicroelectronics.FP-SNS-FLIGHT1.5.1.0.pdsc: PDSC version is not supported
2025-10-01 19:41:04,872 [INFO] LogOutputStream:77 - [STDOUT_REDIRECT] 1 : Invalid condition id : UX_CORESTACK_Condition cause : null
2025-10-01 19:41:04,873 [INFO] LogOutputStream:77 - [STDOUT_REDIRECT] 1 : Invalid condition id : UX_CORESTACK_Condition cause : null
2025-10-01 19:41:04,874 [INFO] LogOutputStream:77 - [STDOUT_REDIRECT] 1 : Invalid condition id : UX_CORESTACK_Condition cause : null
2025-10-01 19:41:04,876 [INFO] LogOutputStream:77 - [STDOUT_REDIRECT] 1 : Invalid condition id : UX_CORESTACK_Condition cause : null
2025-10-01 19:41:04,877 [INFO] LogOutputStream:77 - [STDOUT_REDIRECT] 1 : Invalid condition id : UX_CORESTACK_Condition cause : null
2025-10-01 19:41:04,881 [WARN] PackLoader:240 - Cannot read IP mode file for STMicroelectronics.X-CUBE-AZRTOS-WL.2.0.0
2025-10-01 19:41:04,918 [WARN] PackLoader:240 - Cannot read IP mode file for STMicroelectronics.FP-SNS-MOTENV1.5.0.0
2025-10-01 19:41:04,956 [WARN] PackLoader:240 - Cannot read IP mode file for WES.I-CUBE-Cesium.1.3.0
2025-10-01 19:41:04,989 [WARN] PackLoader:240 - Cannot read IP mode file for STMicroelectronics.X-CUBE-BLE2.3.3.0
2025-10-01 19:41:05,016 [WARN] PackLoader:240 - Cannot read IP mode file for STMicroelectronics.X-CUBE-NFC9.1.0.0
2025-10-01 19:41:05,038 [WARN] PackLoader:240 - Cannot read IP mode file for wolfSSL.I-CUBE-wolfSSL.5.8.0
2025-10-01 19:41:05,054 [WARN] PackLoader:240 - Cannot read IP mode file for STMicroelectronics.X-CUBE-BLE1.7.1.0
2025-10-01 19:41:05,061 [WARN] PackLoader:240 - Cannot read IP mode file for wolfSSL.I-CUBE-wolfMQTT.1.19.2
2025-10-01 19:41:05,082 [WARN] PackLoader:240 - Cannot read IP mode file for STMicroelectronics.X-CUBE-EEPRMA1.5.2.0
2025-10-01 19:41:05,109 [WARN] PackLoader:240 - Cannot read IP mode file for STMicroelectronics.X-CUBE-AI.10.1.0
2025-10-01 19:41:05,152 [WARN] PackLoader:240 - Cannot read IP mode file for STMicroelectronics.X-CUBE-AZRTOS-G0.1.1.0
2025-10-01 19:41:05,178 [WARN] PackLoader:240 - Cannot read IP mode file for STMicroelectronics.X-CUBE-SAFEA1.1.2.2
2025-10-01 19:41:05,204 [WARN] PackLoader:240 - Cannot read IP mode file for STMicroelectronics.X-CUBE-NFC4.3.0.0
2025-10-01 19:41:05,228 [WARN] PackLoader:240 - Cannot read IP mode file for EmbeddedOffice.I-CUBE-FS-RTOS.1.0.1
2025-10-01 19:41:05,228 [ERROR] ConditionMgr:805 - Attr not supported : Dmpu
2025-10-01 19:41:05,229 [ERROR] ConditionMgr:805 - Attr not supported : Dmpu
2025-10-01 19:41:05,229 [ERROR] ConditionMgr:805 - Attr not supported : Dmpu
2025-10-01 19:41:05,229 [ERROR] ConditionMgr:805 - Attr not supported : Dmpu
2025-10-01 19:41:05,229 [ERROR] ConditionMgr:805 - Attr not supported : Dmpu
2025-10-01 19:41:05,229 [ERROR] ConditionMgr:805 - Attr not supported : Dmpu
2025-10-01 19:41:05,229 [ERROR] ConditionMgr:805 - Attr not supported : Dmpu
2025-10-01 19:41:05,229 [ERROR] ConditionMgr:805 - Attr not supported : Dmpu
2025-10-01 19:41:05,229 [ERROR] ConditionMgr:805 - Attr not supported : Dmpu
2025-10-01 19:41:05,229 [ERROR] ConditionMgr:805 - Attr not supported : Dmpu
2025-10-01 19:41:05,229 [ERROR] ConditionMgr:805 - Attr not supported : Dmpu
2025-10-01 19:41:05,229 [ERROR] ConditionMgr:805 - Attr not supported : Dmpu
2025-10-01 19:41:05,230 [ERROR] ConditionMgr:805 - Attr not supported : Dmpu
2025-10-01 19:41:05,230 [ERROR] ConditionMgr:805 - Attr not supported : Dmpu
2025-10-01 19:41:05,230 [ERROR] ConditionMgr:805 - Attr not supported : Dmpu
2025-10-01 19:41:05,230 [ERROR] ConditionMgr:805 - Attr not supported : Dmpu
2025-10-01 19:41:05,230 [ERROR] ConditionMgr:805 - Attr not supported : Dmpu
2025-10-01 19:41:05,230 [ERROR] ConditionMgr:805 - Attr not supported : Dmpu
2025-10-01 19:41:05,230 [ERROR] ConditionMgr:805 - Attr not supported : Dmpu
2025-10-01 19:41:05,230 [ERROR] ConditionMgr:805 - Attr not supported : Dmpu
2025-10-01 19:41:05,230 [ERROR] ConditionMgr:805 - Attr not supported : Dmpu
2025-10-01 19:41:05,230 [ERROR] ConditionMgr:805 - Attr not supported : Dmpu
2025-10-01 19:41:05,230 [ERROR] ConditionMgr:805 - Attr not supported : Dmpu
2025-10-01 19:41:05,230 [ERROR] ConditionMgr:805 - Attr not supported : Dmpu
2025-10-01 19:41:05,230 [ERROR] ConditionMgr:805 - Attr not supported : Dmpu
2025-10-01 19:41:05,230 [ERROR] ConditionMgr:805 - Attr not supported : Dmpu
2025-10-01 19:41:05,231 [ERROR] ConditionMgr:805 - Attr not supported : Dmpu
2025-10-01 19:41:05,231 [ERROR] ConditionMgr:805 - Attr not supported : Dmpu
2025-10-01 19:41:05,231 [ERROR] ConditionMgr:805 - Attr not supported : Dmpu
2025-10-01 19:41:05,231 [ERROR] ConditionMgr:805 - Attr not supported : Dmpu
2025-10-01 19:41:05,231 [ERROR] ConditionMgr:805 - Attr not supported : Dmpu
2025-10-01 19:41:05,231 [ERROR] ConditionMgr:805 - Attr not supported : Dmpu
2025-10-01 19:41:05,231 [ERROR] ConditionMgr:805 - Attr not supported : Dmpu
2025-10-01 19:41:05,231 [ERROR] ConditionMgr:805 - Attr not supported : Dmpu
2025-10-01 19:41:05,231 [ERROR] ConditionMgr:805 - Attr not supported : Dmpu
2025-10-01 19:41:05,231 [ERROR] ConditionMgr:805 - Attr not supported : Dmpu
2025-10-01 19:41:05,231 [ERROR] ConditionMgr:805 - Attr not supported : Dmpu
2025-10-01 19:41:05,231 [ERROR] ConditionMgr:805 - Attr not supported : Dmpu
2025-10-01 19:41:05,231 [ERROR] ConditionMgr:805 - Attr not supported : Dmpu
2025-10-01 19:41:05,231 [ERROR] ConditionMgr:805 - Attr not supported : Dmpu
2025-10-01 19:41:05,231 [ERROR] ConditionMgr:805 - Attr not supported : Dmpu
2025-10-01 19:41:05,231 [ERROR] ConditionMgr:805 - Attr not supported : Dmpu
2025-10-01 19:41:05,232 [ERROR] ConditionMgr:805 - Attr not supported : Dmpu
2025-10-01 19:41:05,232 [ERROR] ConditionMgr:805 - Attr not supported : Dmpu
2025-10-01 19:41:05,232 [ERROR] ConditionMgr:805 - Attr not supported : Dmpu
2025-10-01 19:41:05,232 [ERROR] ConditionMgr:805 - Attr not supported : Dmpu
2025-10-01 19:41:05,232 [ERROR] ConditionMgr:805 - Attr not supported : Dmpu
2025-10-01 19:41:05,232 [ERROR] ConditionMgr:805 - Attr not supported : Dmpu
2025-10-01 19:41:05,232 [ERROR] ConditionMgr:805 - Attr not supported : Dmpu
2025-10-01 19:41:05,232 [ERROR] ConditionMgr:805 - Attr not supported : Dmpu
2025-10-01 19:41:05,232 [ERROR] ConditionMgr:805 - Attr not supported : Dmpu
2025-10-01 19:41:05,232 [ERROR] ConditionMgr:805 - Attr not supported : Dmpu
2025-10-01 19:41:05,232 [ERROR] ConditionMgr:805 - Attr not supported : Dmpu
2025-10-01 19:41:05,232 [ERROR] ConditionMgr:805 - Attr not supported : Dmpu
2025-10-01 19:41:05,232 [ERROR] ConditionMgr:805 - Attr not supported : Dmpu
2025-10-01 19:41:05,232 [ERROR] ConditionMgr:805 - Attr not supported : Dmpu
2025-10-01 19:41:05,232 [ERROR] ConditionMgr:805 - Attr not supported : Dmpu
2025-10-01 19:41:05,232 [ERROR] ConditionMgr:805 - Attr not supported : Dmpu
2025-10-01 19:41:05,233 [ERROR] ConditionMgr:805 - Attr not supported : Dmpu
2025-10-01 19:41:05,233 [ERROR] ConditionMgr:805 - Attr not supported : Dmpu
2025-10-01 19:41:05,233 [ERROR] ConditionMgr:805 - Attr not supported : Dmpu
2025-10-01 19:41:05,233 [ERROR] ConditionMgr:805 - Attr not supported : Dmpu
2025-10-01 19:41:05,233 [ERROR] ConditionMgr:805 - Attr not supported : Dmpu
2025-10-01 19:41:05,233 [ERROR] ConditionMgr:805 - Attr not supported : Dmpu
2025-10-01 19:41:05,258 [WARN] PackLoader:240 - Cannot read IP mode file for STMicroelectronics.X-CUBE-WB05N.2.0.0
2025-10-01 19:41:05,265 [WARN] PackLoader:240 - Cannot read IP mode file for wolfSSL.I-CUBE-wolfTPM.3.8.0
2025-10-01 19:41:05,283 [ERROR] Engine:466 - C:\Users\ASUS\.stm32cubemx\thirdparties\pdsc\STMicroelectronics.X-CUBE-TCPP.4.2.0.pdsc: PDSC version is not supported
2025-10-01 19:41:05,299 [WARN] PackLoader:240 - Cannot read IP mode file for RealThread.X-CUBE-RT-Thread_Nano.4.1.1
2025-10-01 19:41:05,306 [WARN] PackLoader:240 - Cannot read IP mode file for STMicroelectronics.FP-ATR-SIGFOX1.3.2.0
2025-10-01 19:41:05,325 [WARN] PackLoader:240 - Cannot read IP mode file for STMicroelectronics.X-CUBE-EEPRMA1.5.1.0
2025-10-01 19:41:05,344 [WARN] PackLoader:240 - Cannot read IP mode file for ITTIA_DB.I-CUBE-ITTIADB.8.9.0
2025-10-01 19:41:05,359 [ERROR] Engine:466 - C:\Users\ASUS\.stm32cubemx\thirdparties\pdsc\STMicroelectronics.X-CUBE-ST67W61.1.0.0.pdsc: PDSC version is not supported
2025-10-01 19:41:05,376 [WARN] PackLoader:240 - Cannot read IP mode file for STMicroelectronics.X-CUBE-AI.10.2.0
2025-10-01 19:41:05,418 [WARN] PackLoader:240 - Cannot read IP mode file for SEGGER.I-CUBE-embOS.1.3.1
2025-10-01 19:41:05,469 [WARN] PackLoader:240 - Cannot read IP mode file for STMicroelectronics.X-CUBE-ALGOBUILD.1.4.0
2025-10-01 19:41:05,532 [WARN] PackLoader:240 - Cannot read IP mode file for STMicroelectronics.X-CUBE-MEMS1.11.3.0
2025-10-01 19:41:05,701 [WARN] PackLoader:240 - Cannot read IP mode file for STMicroelectronics.X-CUBE-PM33A1.1.0.0
2025-10-01 19:41:05,748 [WARN] PackLoader:240 - Cannot read IP mode file for STMicroelectronics.X-CUBE-AZRTOS-F4.1.1.0
2025-10-01 19:41:05,768 [ERROR] Engine:466 - C:\Users\ASUS\.stm32cubemx\thirdparties\pdsc\Avnet-IotConnect.X-CUBE-IoTC-DA16k-PMOD.1.0.0.pdsc: PDSC version is not supported
2025-10-01 19:41:05,788 [WARN] PackLoader:240 - Cannot read IP mode file for STMicroelectronics.X-CUBE-ISPU.2.1.0
2025-10-01 19:41:05,811 [WARN] PackLoader:240 - Cannot read IP mode file for STMicroelectronics.X-CUBE-NFC12.1.0.0
2025-10-01 19:41:05,848 [WARN] PackLoader:240 - Cannot read IP mode file for STMicroelectronics.X-CUBE-AZRTOS-L5.2.0.0
2025-10-01 19:41:05,872 [WARN] PackLoader:240 - Cannot read IP mode file for STMicroelectronics.X-CUBE-NFC6.3.1.0
2025-10-01 19:41:05,880 [WARN] PackLoader:240 - Cannot read IP mode file for STMicroelectronics.X-CUBE-FREERTOS.1.3.1
2025-10-01 19:41:05,884 [WARN] PackLoader:240 - Cannot read IP mode file for STMicroelectronics.X-CUBE-TOUCHGFX.4.26.0
2025-10-01 19:41:05,901 [ERROR] Engine:466 - C:\Users\ASUS\.stm32cubemx\thirdparties\pdsc\STMicroelectronics.FP-SNS-STAIOTCFT.1.0.0.pdsc: PDSC version is not supported
2025-10-01 19:41:05,922 [WARN] PackLoader:240 - Cannot read IP mode file for STMicroelectronics.X-CUBE-DPower.1.3.0
2025-10-01 19:41:05,955 [WARN] ConditionMgr:438 - getConditionDescription Invalid condition id : LAN8742 Phy interface Condition cause : null
2025-10-01 19:41:05,956 [WARN] PackLoader:240 - Cannot read IP mode file for STMicroelectronics.X-CUBE-AZRTOS-L4.2.0.0
2025-10-01 19:41:05,957 [WARN] ConditionMgr:1039 - genDependencies : Invalid condition id : LAN8742 Phy interface Condition cause : null
2025-10-01 19:41:05,957 [WARN] ConditionMgr:1039 - genDependencies : Invalid condition id : LAN8742 Phy interface Condition cause : null
2025-10-01 19:41:05,957 [WARN] ConditionMgr:1039 - genDependencies : Invalid condition id : LAN8742 Phy interface Condition cause : null
2025-10-01 19:41:05,978 [WARN] PackLoader:240 - Cannot read IP mode file for STMicroelectronics.X-CUBE-SFXS2LP1.4.0.0
2025-10-01 19:41:06,019 [WARN] PackLoader:240 - Cannot read IP mode file for STMicroelectronics.X-CUBE-AZRTOS-H7.3.3.0
2025-10-01 19:41:06,047 [ERROR] Engine:466 - C:\Users\ASUS\.stm32cubemx\thirdparties\pdsc\STMicroelectronics.X-CUBE-BLEMGR.4.1.0.pdsc: PDSC version is not supported
2025-10-01 19:41:06,079 [WARN] ConditionMgr:438 - getConditionDescription Invalid condition id : UX DEVICE CLASS RTOS Condition cause : null
2025-10-01 19:41:06,079 [WARN] ConditionMgr:438 - getConditionDescription Invalid condition id : UX DEVICE CLASS RTOS Condition cause : null
2025-10-01 19:41:06,082 [WARN] PackLoader:240 - Cannot read IP mode file for STMicroelectronics.X-CUBE-AZRTOS-WB.2.0.0
2025-10-01 19:41:06,082 [WARN] ConditionMgr:1039 - genDependencies : Invalid condition id : UX DEVICE CLASS RTOS Condition cause : null
2025-10-01 19:41:06,082 [WARN] ConditionMgr:1039 - genDependencies : Invalid condition id : UX DEVICE CLASS RTOS Condition cause : null
2025-10-01 19:41:06,083 [WARN] ConditionMgr:1039 - genDependencies : Invalid condition id : UX DEVICE CLASS RTOS Condition cause : null
2025-10-01 19:41:06,083 [WARN] ConditionMgr:1039 - genDependencies : Invalid condition id : UX DEVICE CLASS RTOS Condition cause : null
2025-10-01 19:41:06,083 [WARN] ConditionMgr:1039 - genDependencies : Invalid condition id : UX DEVICE CLASS RTOS Condition cause : null
2025-10-01 19:41:06,101 [WARN] PackLoader:240 - Cannot read IP mode file for STMicroelectronics.X-CUBE-GNSS1.7.0.1
2025-10-01 19:41:06,122 [WARN] PackLoader:240 - Cannot read IP mode file for STMicroelectronics.X-CUBE-TOUCHGFX.4.25.0
2025-10-01 19:41:06,142 [WARN] PackLoader:240 - Cannot read IP mode file for STMicroelectronics.FP-SNS-STBOX1.2.0.0
2025-10-01 19:41:06,169 [WARN] PackLoader:240 - Cannot read IP mode file for STMicroelectronics.X-CUBE-SUBG2.5.0.0
2025-10-01 19:41:06,204 [WARN] PackLoader:240 - Cannot read IP mode file for STMicroelectronics.X-CUBE-AZRTOS-H7RS.1.1.0
2025-10-01 19:41:06,213 [WARN] PackLoader:240 - Cannot read IP mode file for Cesanta.I-CUBE-Mongoose.7.13.0
2025-10-01 19:41:06,244 [WARN] PackLoader:240 - Cannot read IP mode file for STMicroelectronics.X-CUBE-AZRTOS-G4.2.0.0
2025-10-01 19:41:06,252 [WARN] PackLoader:240 - Cannot read IP mode file for wolfSSL.I-CUBE-wolfSSH.1.4.20
2025-10-01 19:41:06,271 [WARN] PackLoader:240 - Cannot read IP mode file for STMicroelectronics.X-CUBE-NFC7.2.0.0
2025-10-01 19:41:06,289 [ERROR] Engine:466 - C:\Users\ASUS\.stm32cubemx\thirdparties\pdsc\STMicroelectronics.X-CUBE-IPS.3.1.0.pdsc: PDSC version is not supported
2025-10-01 19:41:06,304 [WARN] PackLoader:240 - Cannot read IP mode file for STMicroelectronics.X-CUBE-ALS.1.0.2
2025-10-01 19:41:06,325 [WARN] PackLoader:240 - Cannot read IP mode file for STMicroelectronics.X-CUBE-STSE01.1.0.0
2025-10-01 19:41:06,345 [WARN] PackLoader:240 - Cannot read IP mode file for portGmbH.I-Cube-SoM-uGOAL.1.1.0
2025-10-01 19:41:06,366 [ERROR] Engine:466 - C:\Users\ASUS\.stm32cubemx\thirdparties\pdsc\STMicroelectronics.X-CUBE-TOF1.3.4.3.pdsc: PDSC version is not supported
2025-10-01 19:41:06,366 [INFO] ThirdParty:978 - Integrity check success = true
2025-10-01 19:41:06,367 [INFO] IntegrityCheckThread:100 - exiting critical section [integrity check]
2025-10-01 19:41:06,367 [INFO] IntegrityCheckThread:103 - End integrity checks thread
2025-10-01 19:41:24,174 [ERROR] LogOutputStream:75 - [STDERR_REDIRECT] SLF4J: Failed to load class "org.slf4j.impl.StaticLoggerBinder".
2025-10-01 19:41:24,174 [ERROR] LogOutputStream:75 - [STDERR_REDIRECT] SLF4J: Defaulting to no-operation (NOP) logger implementation
2025-10-01 19:41:24,174 [ERROR] LogOutputStream:75 - [STDERR_REDIRECT] SLF4J: See http://www.slf4j.org/codes.html#StaticLoggerBinder for further details.
2025-10-01 19:43:27,924 [INFO] McuFinderGlobals:63 - Set McuFinder mode to 2 (CubeIDE integrated)
2025-10-01 19:43:27,952 [INFO] MainUpdater:2873 - connection check result : 10
2025-10-01 19:43:27,960 [INFO] MainUpdater:2873 - connection check result : 10
2025-10-01 19:43:28,198 [INFO] MicroXplorer:468 - Change Database Path : 
2025-10-01 19:43:28,198 [INFO] MicroXplorer:498 - Change Database Version : DB.6.0.100
2025-10-01 19:43:28,214 [WARN] ThirdParty:871 - waiting for thirdparty lock release [close project]
2025-10-01 19:43:28,214 [INFO] ThirdParty:873 - entering critical section [close project]
2025-10-01 19:43:28,216 [INFO] ThirdParty:883 - exiting critical section [close project]
2025-10-01 19:43:28,217 [INFO] PinOutPanel:1499 - setPackage(No Configuration,No Configuration)
2025-10-01 19:43:28,220 [INFO] UtilMem:75 - Begin LoadConfig() Used Memory: 156617608 Bytes (591396864)
2025-10-01 19:43:28,222 [INFO] MicroXplorer:468 - Change Database Path : 
2025-10-01 19:43:28,222 [INFO] MicroXplorer:498 - Change Database Version : DB.6.0.100
2025-10-01 19:43:28,222 [INFO] OpenFileManager:312 - Change cursor
2025-10-01 19:43:28,264 [INFO] Mcu:2016 - Initializing MCU STM32F103C(4-6)Tx STM32F103C6Tx STM32F103C6T7A
2025-10-01 19:43:29,229 [INFO] Context:659 - Trying to add GPIOservice into a context  which must be forbidden
2025-10-01 19:43:29,537 [INFO] RtosManager:555 - Registered RTOS mode: class=CMSIS, group=RTOS, mode=CMSIS_V1, owner=FREERTOS
2025-10-01 19:43:29,537 [INFO] RtosManager:555 - Registered RTOS mode: class=CMSIS, group=RTOS2, mode=CMSIS_V2, owner=FREERTOS
2025-10-01 19:43:29,537 [INFO] RtosManager:555 - Registered RTOS mode: class=RTOS, group=Core, mode=CMSIS_V1, owner=FREERTOS
2025-10-01 19:43:29,537 [INFO] RtosManager:555 - Registered RTOS mode: class=RTOS, group=Core, mode=CMSIS_V2, owner=FREERTOS
2025-10-01 19:43:29,537 [WARN] ModelIntegratedComponent:184 - Missing modes for component STMicroelectronics:FreeRTOS:0.0.1:STMicroelectronics:RTOS:FreeRTOS:Core:::10.2.0:
2025-10-01 19:43:29,563 [WARN] ModelIntegratedComponent:63 - No mode defined for component null
2025-10-01 19:43:29,563 [WARN] ModelIntegratedComponent:63 - No mode defined for component null
2025-10-01 19:43:29,563 [WARN] ModelIntegratedComponent:63 - No mode defined for component null
2025-10-01 19:43:29,563 [WARN] ModelIntegratedComponent:63 - No mode defined for component null
2025-10-01 19:43:29,563 [WARN] ModelIntegratedComponent:63 - No mode defined for component null
2025-10-01 19:43:29,563 [WARN] ModelIntegratedComponent:63 - No mode defined for component null
2025-10-01 19:43:29,563 [WARN] ModelIntegratedComponent:63 - No mode defined for component null
2025-10-01 19:43:29,563 [WARN] ModelIntegratedComponent:63 - No mode defined for component null
2025-10-01 19:43:29,564 [WARN] ModelIntegratedComponent:63 - No mode defined for component null
2025-10-01 19:43:29,564 [WARN] ModelIntegratedComponent:63 - No mode defined for component null
2025-10-01 19:43:29,564 [WARN] ModelIntegratedComponent:63 - No mode defined for component null
2025-10-01 19:43:29,564 [WARN] ModelIntegratedComponent:63 - No mode defined for component null
2025-10-01 19:43:29,564 [WARN] ModelIntegratedComponent:63 - No mode defined for component null
2025-10-01 19:43:29,564 [WARN] ModelIntegratedComponent:63 - No mode defined for component null
2025-10-01 19:43:29,564 [WARN] ModelIntegratedComponent:63 - No mode defined for component null
2025-10-01 19:43:29,564 [WARN] ModelIntegratedComponent:63 - No mode defined for component null
2025-10-01 19:43:29,564 [WARN] ModelIntegratedComponent:63 - No mode defined for component null
2025-10-01 19:43:29,564 [WARN] ModelIntegratedComponent:63 - No mode defined for component null
2025-10-01 19:43:29,564 [WARN] ModelIntegratedComponent:63 - No mode defined for component null
2025-10-01 19:43:29,564 [WARN] ModelIntegratedComponent:63 - No mode defined for component null
2025-10-01 19:43:29,564 [WARN] ModelIntegratedComponent:63 - No mode defined for component null
2025-10-01 19:43:29,564 [WARN] ModelIntegratedComponent:63 - No mode defined for component null
2025-10-01 19:43:29,564 [WARN] ModelIntegratedComponent:63 - No mode defined for component null
2025-10-01 19:43:29,564 [WARN] ModelIntegratedComponent:63 - No mode defined for component null
2025-10-01 19:43:29,564 [WARN] ModelIntegratedComponent:63 - No mode defined for component null
2025-10-01 19:43:29,564 [WARN] ModelIntegratedComponent:63 - No mode defined for component null
2025-10-01 19:43:29,564 [WARN] ModelIntegratedComponent:63 - No mode defined for component null
2025-10-01 19:43:29,564 [WARN] ModelIntegratedComponent:63 - No mode defined for component null
2025-10-01 19:43:29,564 [WARN] ModelIntegratedComponent:63 - No mode defined for component null
2025-10-01 19:43:29,565 [WARN] ModelIntegratedComponent:63 - No mode defined for component null
2025-10-01 19:43:29,565 [WARN] ModelIntegratedComponent:63 - No mode defined for component null
2025-10-01 19:43:29,565 [WARN] ModelIntegratedComponent:63 - No mode defined for component null
2025-10-01 19:43:29,565 [WARN] ModelIntegratedComponent:63 - No mode defined for component null
2025-10-01 19:43:29,667 [INFO] ThirdPartyModel:298 - Start build external matchings
2025-10-01 19:43:29,943 [INFO] ThirdPartyModel:316 - End build external matchings
2025-10-01 19:43:30,065 [INFO] UtilMem:75 - End LoadConfig() Used Memory: 223615144 Bytes (538968064)
2025-10-01 19:43:30,223 [INFO] ApiDb:581 - Connected to CubeFinder SQLite database (C:\Users\ASUS\.stmcufinder\plugins\mcufinder\mcu\cube-finder-db.db)
2025-10-01 19:43:30,310 [INFO] ApiDb:668 - CubeFinder database Data Model version=2.1
2025-10-01 19:43:30,310 [INFO] ApiDb:669 - CubeFinder database Configuration version=3.0.39
2025-10-01 19:43:30,311 [INFO] ApiDb:670 - CubeFinder database generation date=2025-08-25 (1756130511)
2025-10-01 19:43:30,311 [INFO] ApiDb:671 - CubeFinder database FW Pack versions=[FP-ATR-ASTRA1_V2.0.0, FP-SNS-FLIGHT1_V5.1.0, FP-SNS-MOTENV1_V5.0.0, FP-SNS-MOTENVWB1_V1.4.0, FP-SNS-SMARTAG2_V1.2.0, FP-SNS-STBOX1_V2.1.0, STM32Cube_FW_C0_V1.4.0, STM32Cube_FW_F4_V1.28.3, STM32Cube_FW_F7_V1.17.4, STM32Cube_FW_G0_V1.6.2, STM32Cube_FW_G4_V1.6.1, STM32Cube_FW_H5_V1.5.0, STM32Cube_FW_H7RS_V1.2.0, STM32Cube_FW_H7_V1.12.1, STM32Cube_FW_L0_V1.12.2, STM32Cube_FW_L4_V1.18.1, STM32Cube_FW_L5_V1.5.1, STM32Cube_FW_N6_V1.2.0, STM32Cube_FW_U0_V1.3.0, STM32Cube_FW_U3_V1.2.0, STM32Cube_FW_U5_V1.8.0, STM32Cube_FW_WB0_V1.3.0, STM32Cube_FW_WBA_V1.7.0, STM32Cube_FW_WB_V1.23.0, STM32Cube_FW_WL3_V1.2.0, STM32Cube_FW_WL_V1.3.1, X-CUBE-ALGOBUILD_V1.4.0, X-CUBE-ALS_V1.0.2, X-CUBE-AZRTOS-F4_V1.1.0, X-CUBE-AZRTOS-F7_V1.1.0, X-CUBE-AZRTOS-G0_V1.1.0, X-CUBE-AZRTOS-G4_V2.0.0, X-CUBE-AZRTOS-H7RS_V1.1.0, X-CUBE-AZRTOS-H7_V3.4.0, X-CUBE-AZRTOS-L4_V2.0.0, X-CUBE-AZRTOS-L5_V2.0.0, X-CUBE-AZRTOS-WB_V2.0.0, X-CUBE-AZRTOS-WL_V2.0.0, X-CUBE-BLE1_V7.1.0, X-CUBE-BLE2_V3.3.0, X-CUBE-BLEMGR_V4.1.0, X-CUBE-EEPRMA1_V5.2.0, X-CUBE-FREERTOS_V1.3.1, X-CUBE-GNSS1_V6.0.0, X-CUBE-MEMS1_V11.3.0, X-CUBE-NFC4_V3.0.0, X-CUBE-NFC7_V2.0.0, X-CUBE-SFXS2LP1_V4.0.0, X-CUBE-ST67W61_V1.0.0, X-CUBE-SUBG2_V5.0.0, X-CUBE-TOF1_V3.4.3]
2025-10-01 19:43:33,131 [INFO] ApiDb:240 - Found 371 in-development CPN: [B-G473E-ZEST1S, B-WB1M-WPAN1, B-WL5M-SUBG1, NUCLEO-C031C6, NUCLEO-H503RB, NUCLEO-H563ZI, NUCLEO-U545RE-Q, NUCLEO-U5A5ZJ-Q, NUCLEO-WBA52CG, NUCLEO-WBA55CG, STEVAL-MKBOXPRO, STEVAL-PROTEUS1, STEVAL-STWINBX1, STM320518-EVAL, STM32C0116-DK, STM32C011D6Y3TR, STM32C011D6Y6TR, STM32C011F4P3, STM32C011F4P6, STM32C011F4U3, STM32C011F4U6TR, STM32C011F6P3, STM32C011F6P6, STM32C011F6U3, STM32C011F6U6TR, STM32C011J4M3, STM32C011J4M6, STM32C011J6M3, STM32C011J6M6, STM32C0316-DK, STM32C031C4T3, STM32C031C4T6, STM32C031C4U3, STM32C031C4U6, STM32C031C6T3, STM32C031C6T6, STM32C031C6U3, STM32C031C6U6, STM32C031F4P3, STM32C031F4P6, STM32C031F6P3, STM32C031F6P6, STM32C031G4U3, STM32C031G4U6, STM32C031G6U3, STM32C031G6U6, STM32C031K4T3, STM32C031K4T6, STM32C031K4U3, STM32C031K4U6, STM32C031K6T3, STM32C031K6T6, STM32C031K6U3, STM32C031K6U6, STM32G071K8TXN, STM32G071K8UXN, STM32G081GBU6N, STM32G081KBT6N, STM32G081KBUXN, STM32G0B1CCT6N, STM32G0B1KCT6, STM32G0B1NEY6TR, STM32G0B1RCT6N, STM32G0C1CCT6, STM32G0C1CCT6N, STM32G0C1CCU6N, STM32G0C1CET6N, STM32G0C1CEU6N, STM32G0C1KCT6, STM32G0C1NEY6TR, STM32G0C1RCI6N, STM32G0C1RCT6N, STM32G0C1REI6N, STM32G0C1RET6N, STM32G0C1VCI6, STM32G0C1VEI6, STM32G471CCT6, STM32G471CCU6, STM32G471CET3, STM32G471CET6, STM32G471CEU3, STM32G471CEU6, STM32G471MCT6, STM32G471MET3, STM32G471MET6, STM32G471MEY6TR, STM32G471QCT6, STM32G471QET3, STM32G471RCT6, STM32G471RET3, STM32G471RET6, STM32G471VCH6, STM32G471VCI6, STM32G471VCT6, STM32G471VEH3, STM32G471VEH6, STM32G471VEI3, STM32G471VEI6, STM32G471VET3, STM32G471VET6, STM32G474CCT6, STM32H503CBT6, STM32H503CBU6, STM32H503EBY6TR, STM32H503KBU6, STM32H503RBT6, STM32H562AGI6, STM32H562AII6, STM32H562IGK6, STM32H562IGT6, STM32H562IIK6, STM32H562IIT6, STM32H562RGT6, STM32H562RGV6, STM32H562RIT6, STM32H562RIV6, STM32H562VGT6, STM32H562VIT6, STM32H562ZGT6, STM32H562ZIT6, STM32H563AGI6, STM32H563AII3Q, STM32H563AII6, STM32H563IGK6, STM32H563IGT6, STM32H563IIK3Q, STM32H563IIK6, STM32H563IIT3Q, STM32H563IIT6, STM32H563MIY3QTR, STM32H563RGT6, STM32H563RGV6, STM32H563RIT6, STM32H563RIV6, STM32H563VGT6, STM32H563VIT3Q, STM32H563VIT6, STM32H563ZGT6, STM32H563ZIT3Q, STM32H563ZIT6, STM32H573AII3Q, STM32H573AII6, STM32H573I-DK, STM32H573IIK3Q, STM32H573IIK6, STM32H573IIT3Q, STM32H573IIT6, STM32H573MIY3QTR, STM32H573RIT6, STM32H573RIV6, STM32H573VIT3Q, STM32H573VIT6, STM32H573ZIT3Q, STM32H573ZIT6, STM32L4R5QGI6STR, STM32MP131AAE3, STM32MP131AAF3, STM32MP131AAG3, STM32MP131CAE3, STM32MP131CAF3, STM32MP131CAG3, STM32MP131DAE7, STM32MP131DAF7, STM32MP131DAG7, STM32MP131FAE7, STM32MP131FAF7, STM32MP131FAG7, STM32MP133AAE3, STM32MP133AAF3, STM32MP133AAG3, STM32MP133CAE3, STM32MP133CAF3, STM32MP133CAG3, STM32MP133DAE7, STM32MP133DAF7, STM32MP133DAG7, STM32MP133FAE7, STM32MP133FAF7, STM32MP133FAG7, STM32MP135AAE3, STM32MP135AAF3, STM32MP135AAG3, STM32MP135CAE3, STM32MP135CAF3, STM32MP135CAG3, STM32MP135DAE7, STM32MP135DAF7, STM32MP135DAG7, STM32MP135F-DK, STM32MP135FAE7, STM32MP135FAF7, STM32MP135FAF7T, STM32MP135FAF7U, STM32MP135FAG7, STM32U535CBT6, STM32U535CBT6Q, STM32U535CBU6, STM32U535CBU6Q, STM32U535CCT6, STM32U535CCT6Q, STM32U535CCU6, STM32U535CCU6Q, STM32U535CET6, STM32U535CET6Q, STM32U535CEU6, STM32U535CEU6Q, STM32U535JEY6QTR, STM32U535NCY6QTR, STM32U535NEY6QTR, STM32U535RBI6, STM32U535RBI6Q, STM32U535RBT6, STM32U535RBT6Q, STM32U535RCI6, STM32U535RCI6Q, STM32U535RCT6, STM32U535RCT6Q, STM32U535REI6, STM32U535REI6Q, STM32U535RET6, STM32U535RET6Q, STM32U535VCI6, STM32U535VCI6Q, STM32U535VCT6, STM32U535VCT6Q, STM32U535VEI6, STM32U535VEI6Q, STM32U535VET6, STM32U535VET6Q, STM32U545CET6, STM32U545CET6Q, STM32U545CEU6, STM32U545CEU6Q, STM32U545JEY6QTR, STM32U545NEY6QTR, STM32U545REI6, STM32U545REI6Q, STM32U545RET6, STM32U545RET6Q, STM32U545VEI6, STM32U545VEI6Q, STM32U545VET6, STM32U545VET6Q, STM32U595AIH6, STM32U595AIH6Q, STM32U595AJH6, STM32U595AJH6Q, STM32U595QII6, STM32U595QII6Q, STM32U595QJI6, STM32U595QJI6Q, STM32U595RIT6, STM32U595RIT6Q, STM32U595RJT6, STM32U595RJT6Q, STM32U595VIT6, STM32U595VIT6Q, STM32U595VJT6, STM32U595VJT6Q, STM32U595ZIT6, STM32U595ZIT6Q, STM32U595ZIY6QTR, STM32U595ZJT6, STM32U595ZJT6Q, STM32U595ZJY6QTR, STM32U599BJY6QTR, STM32U599NIH6Q, STM32U599NJH6Q, STM32U599VIT6Q, STM32U599VJT6, STM32U599VJT6Q, STM32U599ZIT6Q, STM32U599ZIY6QTR, STM32U599ZJT6Q, STM32U599ZJY6QTR, STM32U5A5AJH6, STM32U5A5AJH6Q, STM32U5A5QJI6, STM32U5A5QJI6Q, STM32U5A5RJT6, STM32U5A5RJT6Q, STM32U5A5VJT6, STM32U5A5VJT6Q, STM32U5A5ZJT6, STM32U5A5ZJT6Q, STM32U5A5ZJY6QTR, STM32U5A9BJY6QTR, STM32U5A9J-DK, STM32U5A9NJH6Q, STM32U5A9VJT6Q, STM32U5A9ZJT6Q, STM32U5A9ZJY6QTR, STM32U5F7VIT6, STM32U5F7VIT6Q, STM32U5F7VJT6, STM32U5F7VJT6Q, STM32U5F9BJY6QTR, STM32U5F9NJH6Q, STM32U5F9VIT6Q, STM32U5F9VJT6Q, STM32U5F9ZIJ6QTR, STM32U5F9ZIT6Q, STM32U5F9ZJJ6QTR, STM32U5F9ZJT6Q, STM32U5G7VJT6, STM32U5G7VJT6Q, STM32U5G9BJY6QTR, STM32U5G9J-DK1, STM32U5G9J-DK2, STM32U5G9NJH6Q, STM32U5G9VJT6Q, STM32U5G9ZJJ6QTR, STM32U5G9ZJT6Q, STM32WB1MMCH6, STM32WBA50KEU6, STM32WBA50KEU6TR, STM32WBA50KGU6, STM32WBA50KGU6TR, STM32WBA52CEU6, STM32WBA52CEU6TR, STM32WBA52CEU7, STM32WBA52CEU7TR, STM32WBA52CGU6, STM32WBA52CGU6TR, STM32WBA52CGU6U, STM32WBA52CGU7, STM32WBA52CGU7TR, STM32WBA52KEU6, STM32WBA52KEU6TR, STM32WBA52KGU6, STM32WBA52KGU6TR, STM32WBA54CEU6, STM32WBA54CEU6TR, STM32WBA54CEU7, STM32WBA54CEU7TR, STM32WBA54CGU6, STM32WBA54CGU6TR, STM32WBA54CGU7, STM32WBA54CGU7TR, STM32WBA54KEU6, STM32WBA54KEU6TR, STM32WBA54KEU7, STM32WBA54KEU7TR, STM32WBA54KGU6, STM32WBA54KGU6TR, STM32WBA54KGU7, STM32WBA54KGU7TR, STM32WBA55CEU6, STM32WBA55CEU6TR, STM32WBA55CEU7, STM32WBA55CEU7TR, STM32WBA55CGU6, STM32WBA55CGU6TR, STM32WBA55CGU6U, STM32WBA55CGU7, STM32WBA55CGU7TR, STM32WBA55G-DK1, STM32WBA55HEF6, STM32WBA55HEF7, STM32WBA55HGF6, STM32WBA55HGF7, STM32WBA55UEI6, STM32WBA55UEI6TR, STM32WBA55UEI7, STM32WBA55UEI7TR, STM32WBA55UGI6, STM32WBA55UGI6TR, STM32WBA55UGI7, STM32WBA55UGI7TR, STM32WL5MOCH6, STM32WL5MOCH6TR]
2025-10-01 19:43:33,134 [INFO] DbMcus:218 - Found 4733 MCUs, 4733 are supported
2025-10-01 19:43:33,135 [INFO] ApiDb:423 - Load user favorites file C:\Users\ASUS/.stm32cubeide/favorites.mcus.txt: 0 item(s)
2025-10-01 19:43:33,135 [INFO] ApiDb:427 - User favorites MCUs=[]
2025-10-01 19:43:33,135 [INFO] DbMcus:224 - Set 0 / 0 favorites MCUs
2025-10-01 19:43:33,732 [INFO] MicroXplorer:468 - Change Database Path : 
2025-10-01 19:43:33,732 [INFO] MicroXplorer:498 - Change Database Version : DB.6.0.100
2025-10-01 19:43:33,733 [WARN] ThirdParty:833 - waiting for thirdparty lock release [change project]
2025-10-01 19:43:33,733 [INFO] ThirdParty:835 - entering critical section [change project]
2025-10-01 19:43:33,733 [INFO] ThirdParty:1030 - CMSIS Pack Vendor :STMicroelectronics X-CUBE-PM33A1 1.0.0
2025-10-01 19:43:33,733 [INFO] ThirdParty:1030 - CMSIS Pack Vendor :STMicroelectronics USBPD 4.1
2025-10-01 19:43:33,733 [INFO] ThirdParty:1030 - CMSIS Pack Vendor :STMicroelectronics X-CUBE-AZRTOS-H7 3.3.0
2025-10-01 19:43:33,733 [INFO] ThirdParty:1030 - CMSIS Pack Vendor :STMicroelectronics X-CUBE-NFC9 1.0.0
2025-10-01 19:43:33,733 [INFO] ThirdParty:1030 - CMSIS Pack Vendor :wolfSSL I-CUBE-wolfSSL 5.8.0
2025-10-01 19:43:33,733 [INFO] ThirdParty:1030 - CMSIS Pack Vendor :STMicroelectronics USB_HOST 2.0.0
2025-10-01 19:43:33,733 [INFO] ThirdParty:1030 - CMSIS Pack Vendor :STMicroelectronics FP-SNS-MOTENVWB1 1.4.0
2025-10-01 19:43:33,733 [INFO] ThirdParty:1030 - CMSIS Pack Vendor :STMicroelectronics X-CUBE-AZRTOS-F4 1.1.0
2025-10-01 19:43:33,733 [INFO] ThirdParty:1030 - CMSIS Pack Vendor :STMicroelectronics LIBJPEG 8.0.0
2025-10-01 19:43:33,733 [INFO] ThirdParty:1030 - CMSIS Pack Vendor :STMicroelectronics FP-ATR-ASTRA1 2.0.2
2025-10-01 19:43:33,733 [INFO] ThirdParty:1030 - CMSIS Pack Vendor :STMicroelectronics X-CUBE-BLE1 7.1.0
2025-10-01 19:43:33,733 [INFO] ThirdParty:1030 - CMSIS Pack Vendor :STMicroelectronics X-CUBE-SMBUS 2.1.0
2025-10-01 19:43:33,734 [INFO] ThirdParty:1030 - CMSIS Pack Vendor :wolfSSL I-CUBE-wolfMQTT 1.19.2
2025-10-01 19:43:33,734 [INFO] ThirdParty:1030 - CMSIS Pack Vendor :STMicroelectronics USB_DEVICE 3.0.0
2025-10-01 19:43:33,734 [INFO] ThirdParty:1030 - CMSIS Pack Vendor :STMicroelectronics X-CUBE-ISPU 2.1.0
2025-10-01 19:43:33,734 [INFO] ThirdParty:1030 - CMSIS Pack Vendor :STMicroelectronics X-CUBE-EEPRMA1 5.2.0
2025-10-01 19:43:33,734 [INFO] ThirdParty:1030 - CMSIS Pack Vendor :STMicroelectronics X-CUBE-AZRTOS-WB 2.0.0
2025-10-01 19:43:33,734 [INFO] ThirdParty:1030 - CMSIS Pack Vendor :STMicroelectronics X-CUBE-GNSS1 7.0.1
2025-10-01 19:43:33,734 [INFO] ThirdParty:1030 - CMSIS Pack Vendor :STMicroelectronics X-CUBE-NFC12 1.0.0
2025-10-01 19:43:33,734 [INFO] ThirdParty:1030 - CMSIS Pack Vendor :STMicroelectronics X-CUBE-AZRTOS-F7 1.1.0
2025-10-01 19:43:33,734 [INFO] ThirdParty:1030 - CMSIS Pack Vendor :STMicroelectronics X-CUBE-AZRTOS-L5 2.0.0
2025-10-01 19:43:33,734 [INFO] ThirdParty:1030 - CMSIS Pack Vendor :STMicroelectronics X-CUBE-TOUCHGFX 4.25.0
2025-10-01 19:43:33,734 [INFO] ThirdParty:1030 - CMSIS Pack Vendor :STMicroelectronics USB_DEVICE 2.0.0
2025-10-01 19:43:33,734 [INFO] ThirdParty:1030 - CMSIS Pack Vendor :STMicroelectronics X-CUBE-NFC6 3.1.0
2025-10-01 19:43:33,734 [INFO] ThirdParty:1030 - CMSIS Pack Vendor :STMicroelectronics X-CUBE-AI 10.1.0
2025-10-01 19:43:33,734 [INFO] ThirdParty:1030 - CMSIS Pack Vendor :STMicroelectronics FP-SNS-STBOX1 2.0.0
2025-10-01 19:43:33,734 [INFO] ThirdParty:1030 - CMSIS Pack Vendor :STMicroelectronics FreeRTOS 0.0.1
2025-10-01 19:43:33,734 [INFO] ThirdParty:1030 - CMSIS Pack Vendor :STMicroelectronics X-CUBE-AZRTOS-G0 1.1.0
2025-10-01 19:43:33,734 [INFO] ThirdParty:1030 - CMSIS Pack Vendor :STMicroelectronics X-CUBE-SAFEA1 1.2.2
2025-10-01 19:43:33,734 [INFO] ThirdParty:1030 - CMSIS Pack Vendor :STMicroelectronics X-CUBE-NFC4 3.0.0
2025-10-01 19:43:33,734 [INFO] ThirdParty:1030 - CMSIS Pack Vendor :STMicroelectronics X-CUBE-SUBG2 5.0.0
2025-10-01 19:43:33,735 [INFO] ThirdParty:1030 - CMSIS Pack Vendor :STMicroelectronics X-CUBE-AZRTOS-H7RS 1.1.0
2025-10-01 19:43:33,735 [INFO] ThirdParty:1030 - CMSIS Pack Vendor :STMicroelectronics STM32_WPAN 1.0.0
2025-10-01 19:43:33,735 [INFO] ThirdParty:1030 - CMSIS Pack Vendor :EmbeddedOffice I-CUBE-FS-RTOS 1.0.1
2025-10-01 19:43:33,735 [INFO] ThirdParty:1030 - CMSIS Pack Vendor :STMicroelectronics lwIP 2.0.3
2025-10-01 19:43:33,735 [INFO] ThirdParty:1030 - CMSIS Pack Vendor :Cesanta I-CUBE-Mongoose 7.13.0
2025-10-01 19:43:33,735 [INFO] ThirdParty:1030 - CMSIS Pack Vendor :STMicroelectronics USB_HOST 1.0.0
2025-10-01 19:43:33,735 [INFO] ThirdParty:1030 - CMSIS Pack Vendor :Infineon AIROC-Wi-Fi-Bluetooth-STM32 1.7.0
2025-10-01 19:43:33,735 [INFO] ThirdParty:1030 - CMSIS Pack Vendor :STMicroelectronics X-CUBE-AZRTOS-G4 2.0.0
2025-10-01 19:43:33,735 [INFO] ThirdParty:1030 - CMSIS Pack Vendor :STMicroelectronics X-CUBE-WB05N 2.0.0
2025-10-01 19:43:33,735 [INFO] ThirdParty:1030 - CMSIS Pack Vendor :STMicroelectronics PDM2PCM 3.1.0
2025-10-01 19:43:33,735 [INFO] ThirdParty:1030 - CMSIS Pack Vendor :STMicroelectronics PDM2PCM 3.3.0
2025-10-01 19:43:33,735 [INFO] ThirdParty:1030 - CMSIS Pack Vendor :wolfSSL I-CUBE-wolfTPM 3.8.0
2025-10-01 19:43:33,735 [INFO] ThirdParty:1030 - CMSIS Pack Vendor :STMicroelectronics X-CUBE-AZRTOS-H7 3.4.0
2025-10-01 19:43:33,735 [INFO] ThirdParty:1030 - CMSIS Pack Vendor :STMicroelectronics X-CUBE-DISPLAY 3.0.0
2025-10-01 19:43:33,735 [INFO] ThirdParty:1030 - CMSIS Pack Vendor :wolfSSL I-CUBE-wolfSSH 1.4.20
2025-10-01 19:43:33,735 [INFO] ThirdParty:1030 - CMSIS Pack Vendor :STMicroelectronics X-CUBE-NFC7 2.0.0
2025-10-01 19:43:33,735 [INFO] ThirdParty:1030 - CMSIS Pack Vendor :RealThread X-CUBE-RT-Thread_Nano 4.1.1
2025-10-01 19:43:33,735 [INFO] ThirdParty:1030 - CMSIS Pack Vendor :STMicroelectronics FP-ATR-SIGFOX1 3.2.0
2025-10-01 19:43:33,735 [INFO] ThirdParty:1030 - CMSIS Pack Vendor :STMicroelectronics X-CUBE-NFC10 1.0.0
2025-10-01 19:43:33,735 [INFO] ThirdParty:1030 - CMSIS Pack Vendor :STMicroelectronics X-CUBE-BLEMGR 4.0.0
2025-10-01 19:43:33,735 [INFO] ThirdParty:1030 - CMSIS Pack Vendor :STMicroelectronics X-CUBE-EEPRMA1 5.1.0
2025-10-01 19:43:33,735 [INFO] ThirdParty:1030 - CMSIS Pack Vendor :STMicroelectronics X-CUBE-FREERTOS 1.3.1
2025-10-01 19:43:33,735 [INFO] ThirdParty:1030 - CMSIS Pack Vendor :STMicroelectronics HAL Drivers 0.0.0
2025-10-01 19:43:33,735 [INFO] ThirdParty:1030 - CMSIS Pack Vendor :STMicroelectronics MBEDTLS 2.16.2
2025-10-01 19:43:33,736 [INFO] ThirdParty:1030 - CMSIS Pack Vendor :STMicroelectronics X-CUBE-ALS 1.0.2
2025-10-01 19:43:33,736 [INFO] ThirdParty:1030 - CMSIS Pack Vendor :emotas I-CUBE-CANOPEN 1.3.0
2025-10-01 19:43:33,736 [INFO] ThirdParty:1030 - CMSIS Pack Vendor :STMicroelectronics MBEDTLS 2.14.1
2025-10-01 19:43:33,736 [INFO] ThirdParty:1030 - CMSIS Pack Vendor :ITTIA_DB I-CUBE-ITTIADB 8.9.0
2025-10-01 19:43:33,736 [INFO] ThirdParty:1030 - CMSIS Pack Vendor :STMicroelectronics X-CUBE-TOUCHGFX 4.26.0
2025-10-01 19:43:33,736 [INFO] ThirdParty:1030 - CMSIS Pack Vendor :STMicroelectronics X-CUBE-STSE01 1.0.0
2025-10-01 19:43:33,736 [INFO] ThirdParty:1030 - CMSIS Pack Vendor :portGmbH I-Cube-SoM-uGOAL 1.1.0
2025-10-01 19:43:33,736 [INFO] ThirdParty:1030 - CMSIS Pack Vendor :quantropi X-CUBE-qispace-sdk-base 2.0.0
2025-10-01 19:43:33,736 [INFO] ThirdParty:1030 - CMSIS Pack Vendor :STMicroelectronics X-CUBE-AI 10.2.0
2025-10-01 19:43:33,736 [INFO] ThirdParty:1030 - CMSIS Pack Vendor :STMicroelectronics ThreadX 1.0.0
2025-10-01 19:43:33,736 [INFO] ThirdParty:1030 - CMSIS Pack Vendor :STMicroelectronics FP-SNS-SMARTAG2 1.2.0
2025-10-01 19:43:33,736 [INFO] ThirdParty:1030 - CMSIS Pack Vendor :STMicroelectronics X-CUBE-AZRTOS-WL 2.0.0
2025-10-01 19:43:33,736 [INFO] ThirdParty:1030 - CMSIS Pack Vendor :SEGGER I-CUBE-embOS 1.3.1
2025-10-01 19:43:33,736 [INFO] ThirdParty:1030 - CMSIS Pack Vendor :STMicroelectronics X-CUBE-ALGOBUILD 1.4.0
2025-10-01 19:43:33,736 [INFO] ThirdParty:1030 - CMSIS Pack Vendor :STMicroelectronics X-CUBE-DPower 1.3.0
2025-10-01 19:43:33,736 [INFO] ThirdParty:1030 - CMSIS Pack Vendor :STMicroelectronics X-CUBE-MEMS1 11.3.0
2025-10-01 19:43:33,736 [INFO] ThirdParty:1030 - CMSIS Pack Vendor :STMicroelectronics FP-SNS-MOTENV1 5.0.0
2025-10-01 19:43:33,736 [INFO] ThirdParty:1030 - CMSIS Pack Vendor :STMicroelectronics USB_DEVICE 1.0.0
2025-10-01 19:43:33,736 [INFO] ThirdParty:1030 - CMSIS Pack Vendor :STMicroelectronics X-CUBE-AZRTOS-L4 2.0.0
2025-10-01 19:43:33,736 [INFO] ThirdParty:1030 - CMSIS Pack Vendor :STMicroelectronics ThreadX 0.0.2
2025-10-01 19:43:33,736 [INFO] ThirdParty:1030 - CMSIS Pack Vendor :WES I-CUBE-Cesium 1.3.0
2025-10-01 19:43:33,737 [INFO] ThirdParty:1030 - CMSIS Pack Vendor :STMicroelectronics lwIP 2.1.2
2025-10-01 19:43:33,737 [INFO] ThirdParty:1030 - CMSIS Pack Vendor :STMicroelectronics X-CUBE-SFXS2LP1 4.0.0
2025-10-01 19:43:33,737 [INFO] ThirdParty:1030 - CMSIS Pack Vendor :STMicroelectronics X-CUBE-BLE2 3.3.0
2025-10-01 19:43:33,737 [INFO] ThirdParty:1030 - CMSIS Pack Vendor :STMicroelectronics PDM2PCM 3.2.0
2025-10-01 19:43:33,737 [INFO] ThirdParty:841 - exiting critical section [change project]
2025-10-01 19:43:33,983 [INFO] PinOutPanel:1499 - setPackage(No Configuration,No Configuration)
2025-10-01 19:43:33,985 [INFO] PinOutPanel:1499 - setPackage(STM32F103C6Tx,LQFP48)
2025-10-01 19:43:34,398 [INFO] UtilMem:75 - Before build in PCC Used Memory: 430393232 Bytes (538968064)
2025-10-01 19:43:35,223 [INFO] UtilMem:75 - After build in PCC Used Memory: 254913680 Bytes (538968064)
2025-10-01 19:43:35,252 [INFO] IPUIPlugin:80 - create IPUIPlugin
2025-10-01 19:43:35,252 [INFO] IPUIPlugin:80 - create IPUIPlugin
2025-10-01 19:43:35,252 [INFO] IPUIPlugin:80 - create IPUIPlugin
2025-10-01 19:43:35,252 [INFO] IPUIPlugin:80 - create IPUIPlugin
2025-10-01 19:43:35,252 [INFO] IPUIPlugin:80 - create IPUIPlugin
2025-10-01 19:43:35,252 [INFO] IPUIPlugin:80 - create IPUIPlugin
2025-10-01 19:43:35,252 [INFO] IPUIPlugin:80 - create IPUIPlugin
2025-10-01 19:43:35,252 [INFO] IPUIPlugin:80 - create IPUIPlugin
2025-10-01 19:43:35,254 [INFO] IPUIPlugin:80 - create IPUIPlugin
2025-10-01 19:43:35,254 [INFO] IPUIPlugin:80 - create IPUIPlugin
2025-10-01 19:43:35,254 [INFO] IPUIPlugin:80 - create IPUIPlugin
2025-10-01 19:43:35,254 [INFO] IPUIPlugin:80 - create IPUIPlugin
2025-10-01 19:43:35,254 [INFO] IPUIPlugin:80 - create IPUIPlugin
2025-10-01 19:43:35,254 [INFO] IPUIPlugin:80 - create IPUIPlugin
2025-10-01 19:43:35,255 [INFO] IPUIPlugin:80 - create IPUIPlugin
2025-10-01 19:43:35,255 [INFO] IPUIPlugin:80 - create IPUIPlugin
2025-10-01 19:43:35,255 [INFO] IPUIPlugin:80 - create IPUIPlugin
2025-10-01 19:43:35,256 [INFO] IPUIPlugin:80 - create IPUIPlugin
2025-10-01 19:43:35,256 [INFO] IPUIPlugin:80 - create IPUIPlugin
2025-10-01 19:43:35,257 [INFO] IPUIPlugin:80 - create IPUIPlugin
2025-10-01 19:43:35,257 [INFO] IPUIPlugin:80 - create IPUIPlugin
2025-10-01 19:43:35,257 [INFO] IPUIPlugin:80 - create IPUIPlugin
2025-10-01 19:43:35,257 [INFO] IPUIPlugin:80 - create IPUIPlugin
2025-10-01 19:43:35,458 [INFO] CADModel:165 - CPN selected for project levelSTM32F103C6T7A
2025-10-01 19:43:35,458 [INFO] CADModel:114 - Register for checkConnection events
2025-10-01 19:43:35,510 [INFO] OpenFileManager:343 - Restore cursor
2025-10-01 21:45:44,276 [ERROR] ConfigurationRetriever:142 - IOException on connection: sw-center.st.com
2025-10-01 21:45:44,277 [ERROR] ConfigurationRetriever:142 - IOException on connection: sw-center.st.com
2025-10-01 21:45:44,277 [ERROR] ConfigurationRetriever:142 - IOException on connection: sw-center.st.com
2025-10-01 21:45:45,485 [ERROR] LogOutputStream:75 - [STDERR_REDIRECT] 
2025-10-01 21:45:45,485 [ERROR] LogOutputStream:75 - [STDERR_REDIRECT] 
