2025-10-23 09:36:33,889 [INFO] Activator:176 - 


2025-10-23 09:36:33,894 [INFO] Activator:177 - !SESSION log4j initialized
2025-10-23 09:36:38,435 [INFO] LogOutputStream:77 - [STDOUT_REDIRECT] 
2025-10-23 09:36:39,223 [INFO] ApplicationProperties:184 - Using Application install path: D:\WORKSPACE\STM32_WS\STM32CubeIDE_1.14.0\STM32CubeIDE\plugins\com.st.stm32cube.common.mx_6.15.0.202507011659
2025-10-23 09:36:39,239 [INFO] DbMcusXml:78 - Set database path to: D:\WORKSPACE\STM32_WS\STM32CubeIDE_1.14.0\STM32CubeIDE\plugins\com.st.stm32cube.common.mx_6.15.0.202507011659\\db\/mcu/
2025-10-23 09:36:39,239 [INFO] ApiDb:274 - Set plugin database path to: D:\WORKSPACE\STM32_WS\STM32CubeIDE_1.14.0\STM32CubeIDE\plugins\com.st.stm32cube.common.mx_6.15.0.202507011659\\db\/plugins/boardmanager/
2025-10-23 09:36:39,247 [WARN] ApiDb:259 - Overriding images path with different value:  => D:\WORKSPACE\STM32_WS\STM32CubeIDE_1.14.0\STM32CubeIDE\plugins\com.st.stm32cube.common.mx_6.15.0.202507011659\\db\/plugins/mcufinder/images/
2025-10-23 09:36:39,251 [INFO] ApiDb:250 - Set database path to: C:\Users\ASUS\.stmcufinder\plugins\mcufinder//mcu/
2025-10-23 09:36:39,254 [INFO] DbMcusAds:125 - Set database path to: C:\Users\ASUS\.stmcufinder\plugins\mcufinder//mcu/
2025-10-23 09:36:39,258 [INFO] CrossReferenceDbSqlite:203 - Set database path to: C:\Users\ASUS\.stmcufinder\plugins\mcufinder//mcu/cs/
2025-10-23 09:36:39,358 [INFO] RulesReader:64 - Compatibility file has been processed (317 Rules)
2025-10-23 09:36:39,425 [INFO] DbMcusXml:78 - Set database path to: D:\WORKSPACE\STM32_WS\STM32CubeIDE_1.14.0\STM32CubeIDE\plugins\com.st.stm32cube.common.mx_6.15.0.202507011659\\db\/mcu/
2025-10-23 09:36:39,425 [INFO] ApiDb:274 - Set plugin database path to: D:\WORKSPACE\STM32_WS\STM32CubeIDE_1.14.0\STM32CubeIDE\plugins\com.st.stm32cube.common.mx_6.15.0.202507011659\\db\/plugins/boardmanager/
2025-10-23 09:36:39,425 [INFO] ApiDb:261 - Set plugin images path to: D:\WORKSPACE\STM32_WS\STM32CubeIDE_1.14.0\STM32CubeIDE\plugins\com.st.stm32cube.common.mx_6.15.0.202507011659\\db\/plugins/mcufinder/images/
2025-10-23 09:36:39,425 [WARN] DbFile:41 - Overriding database path with different value: C:\Users\ASUS\.stmcufinder\plugins\mcufinder/ => C:\Users\ASUS\.stmcufinder\plugins\mcufinder
2025-10-23 09:36:39,426 [INFO] ApiDb:250 - Set database path to: C:\Users\ASUS\.stmcufinder\plugins\mcufinder//mcu/
2025-10-23 09:36:39,426 [WARN] DbFile:41 - Overriding database path with different value: C:\Users\ASUS\.stmcufinder\plugins\mcufinder/ => C:\Users\ASUS\.stmcufinder\plugins\mcufinder
2025-10-23 09:36:39,426 [INFO] DbMcusAds:125 - Set database path to: C:\Users\ASUS\.stmcufinder\plugins\mcufinder//mcu/
2025-10-23 09:36:39,426 [WARN] DbFile:41 - Overriding database path with different value: C:\Users\ASUS\.stmcufinder\plugins\mcufinder/ => C:\Users\ASUS\.stmcufinder\plugins\mcufinder
2025-10-23 09:36:39,426 [WARN] DbFile:41 - Overriding database path with different value: C:\Users\ASUS\.stmcufinder\plugins\mcufinder/ => C:\Users\ASUS\.stmcufinder\plugins\mcufinder
2025-10-23 09:36:39,426 [INFO] CrossReferenceDbSqlite:203 - Set database path to: C:\Users\ASUS\.stmcufinder\plugins\mcufinder//mcu/cs/
2025-10-23 09:36:39,491 [INFO] MainPanel:274 - HeapMemory: 268435456
2025-10-23 09:36:39,573 [INFO] DbMcusXml:78 - Set database path to: D:\WORKSPACE\STM32_WS\STM32CubeIDE_1.14.0\STM32CubeIDE\plugins\com.st.stm32cube.common.mx_6.15.0.202507011659\\db\/mcu/
2025-10-23 09:36:39,573 [INFO] ApiDb:274 - Set plugin database path to: D:\WORKSPACE\STM32_WS\STM32CubeIDE_1.14.0\STM32CubeIDE\plugins\com.st.stm32cube.common.mx_6.15.0.202507011659\\db\/plugins/boardmanager/
2025-10-23 09:36:39,573 [INFO] ApiDb:261 - Set plugin images path to: D:\WORKSPACE\STM32_WS\STM32CubeIDE_1.14.0\STM32CubeIDE\plugins\com.st.stm32cube.common.mx_6.15.0.202507011659\\db\/plugins/mcufinder/images/
2025-10-23 09:36:39,574 [WARN] DbFile:41 - Overriding database path with different value: C:\Users\ASUS\.stmcufinder\plugins\mcufinder/ => C:\Users\ASUS\.stmcufinder\plugins\mcufinder
2025-10-23 09:36:39,574 [INFO] ApiDb:250 - Set database path to: C:\Users\ASUS\.stmcufinder\plugins\mcufinder//mcu/
2025-10-23 09:36:39,574 [WARN] DbFile:41 - Overriding database path with different value: C:\Users\ASUS\.stmcufinder\plugins\mcufinder/ => C:\Users\ASUS\.stmcufinder\plugins\mcufinder
2025-10-23 09:36:39,574 [INFO] DbMcusAds:125 - Set database path to: C:\Users\ASUS\.stmcufinder\plugins\mcufinder//mcu/
2025-10-23 09:36:39,574 [WARN] DbFile:41 - Overriding database path with different value: C:\Users\ASUS\.stmcufinder\plugins\mcufinder/ => C:\Users\ASUS\.stmcufinder\plugins\mcufinder
2025-10-23 09:36:39,574 [WARN] DbFile:41 - Overriding database path with different value: C:\Users\ASUS\.stmcufinder\plugins\mcufinder/ => C:\Users\ASUS\.stmcufinder\plugins\mcufinder
2025-10-23 09:36:39,574 [INFO] CrossReferenceDbSqlite:203 - Set database path to: C:\Users\ASUS\.stmcufinder\plugins\mcufinder//mcu/cs/
2025-10-23 09:36:39,587 [INFO] ApplicationProperties:184 - Using Application install path: D:\WORKSPACE\STM32_WS\STM32CubeIDE_1.14.0\STM32CubeIDE\plugins\com.st.stm32cube.common.mx_6.15.0.202507011659
2025-10-23 09:36:39,588 [INFO] PluginManage:196 - Search for loadable plugins [exclusion list=, ]
2025-10-23 09:36:39,589 [INFO] PluginManage:310 - Check plugin analytics
2025-10-23 09:36:39,730 [INFO] AnalyticsPlugin:253 - Accepted Software Licenses: STM32CubeMX.6.15.0
2025-10-23 09:36:39,730 [INFO] AnalyticsPlugin:255 - Accepted CMSIS Pack Licenses: 
2025-10-23 09:36:39,730 [INFO] AnalyticsPlugin:257 - Accepted Firmware Licenses: FW.F4.1.28.0
2025-10-23 09:36:39,733 [INFO] PluginManage:359 - Loaded plugin analytics (category:tool,tabindex:-1)
2025-10-23 09:36:39,734 [INFO] PluginManage:310 - Check plugin cadmodel
2025-10-23 09:36:39,736 [INFO] CADModel:105 - Init CAD model plugin
2025-10-23 09:36:39,737 [INFO] PluginManage:359 - Loaded plugin cadmodel (category:power,tabindex:5)
2025-10-23 09:36:39,737 [INFO] PluginManage:310 - Check plugin clock
2025-10-23 09:36:39,743 [INFO] PluginManage:359 - Loaded plugin clock (category:base,tabindex:2)
2025-10-23 09:36:39,743 [INFO] PluginManage:310 - Check plugin ddr
2025-10-23 09:36:39,744 [INFO] PluginManage:359 - Loaded plugin ddr (category:tool,tabindex:6)
2025-10-23 09:36:39,745 [INFO] PluginManage:310 - Check plugin filemanager
2025-10-23 09:36:39,852 [INFO] PluginManage:359 - Loaded plugin filemanager (category:base,tabindex:10)
2025-10-23 09:36:39,852 [INFO] PluginManage:310 - Check plugin ipmanager
2025-10-23 09:36:39,856 [INFO] PluginManage:359 - Loaded plugin ipmanager (category:base,tabindex:5)
2025-10-23 09:36:39,856 [INFO] PluginManage:310 - Check plugin lpbam
2025-10-23 09:36:39,863 [INFO] PluginManage:359 - Loaded plugin lpbam (category:base,tabindex:0)
2025-10-23 09:36:39,864 [INFO] PluginManage:310 - Check plugin memorymap
2025-10-23 09:36:39,874 [INFO] PluginManage:359 - Loaded plugin memorymap (category:base,tabindex:4)
2025-10-23 09:36:39,874 [INFO] PluginManage:310 - Check plugin pinoutandconfiguration
2025-10-23 09:36:39,883 [INFO] PluginManage:359 - Loaded plugin pinoutandconfiguration (category:base,tabindex:1)
2025-10-23 09:36:39,883 [INFO] PluginManage:310 - Check plugin pinoutconfig
2025-10-23 09:36:39,961 [WARN] SupportedApi:132 - Cannot load RTOS API schema: s4s-elt-must-match.1: The content of 'definitions' must match (annotation?, (simpleType | complexType)?, (unique | key | keyref)*)). A problem was found starting at: attribute.
2025-10-23 09:36:40,079 [INFO] PluginManage:359 - Loaded plugin pinoutconfig (category:base,tabindex:0)
2025-10-23 09:36:40,079 [INFO] PluginManage:310 - Check plugin power
2025-10-23 09:36:40,084 [INFO] PluginManage:359 - Loaded plugin power (category:power,tabindex:4)
2025-10-23 09:36:40,085 [INFO] PluginManage:310 - Check plugin projectmanager
2025-10-23 09:36:40,099 [INFO] PluginManage:359 - Loaded plugin projectmanager (category:projectmanager,tabindex:4)
2025-10-23 09:36:40,099 [INFO] PluginManage:310 - Check plugin rif
2025-10-23 09:36:40,109 [INFO] PluginManage:359 - Loaded plugin rif (category:base,tabindex:3)
2025-10-23 09:36:40,109 [INFO] PluginManage:310 - Check plugin thirdparty
2025-10-23 09:36:40,613 [INFO] PluginManage:359 - Loaded plugin thirdparty (category:base,tabindex:-1)
2025-10-23 09:36:40,613 [WARN] IntegrityCheckThread:84 - waiting for thirdparty lock release [integrity check]
2025-10-23 09:36:40,613 [INFO] PluginManage:310 - Check plugin tools
2025-10-23 09:36:40,613 [INFO] IntegrityCheckThread:86 - entering critical section [integrity check]
2025-10-23 09:36:40,614 [INFO] ThirdPartyUpdaterWithRetryManager:70 - Updater plugin not ready yet. [1/15]
2025-10-23 09:36:40,616 [INFO] PluginManage:359 - Loaded plugin tools (category:base,tabindex:7)
2025-10-23 09:36:40,616 [INFO] PluginManage:310 - Check plugin tutovideos
2025-10-23 09:36:40,812 [INFO] PluginManage:359 - Loaded plugin tutovideos (category:base,tabindex:-1)
2025-10-23 09:36:40,812 [INFO] PluginManage:310 - Check plugin updater
2025-10-23 09:36:40,840 [INFO] PluginManage:359 - Loaded plugin updater (category:base,tabindex:12)
2025-10-23 09:36:40,841 [INFO] PluginManage:310 - Check plugin userauth
2025-10-23 09:36:40,844 [INFO] UserAuth:118 - Init User Auth plugin
2025-10-23 09:36:40,846 [INFO] PluginManage:359 - Loaded plugin userauth (category:base,tabindex:14)
2025-10-23 09:36:40,848 [INFO] PluginManage:283 - PluginManage : Loaded plugins [18]
2025-10-23 09:36:41,082 [INFO] PinOutPanel:1589 - setPackage(No Configuration,No Configuration)
2025-10-23 09:36:41,174 [INFO] CADModel:165 - CPN selected for project level
2025-10-23 09:36:41,174 [INFO] CADModel:114 - Register for checkConnection events
2025-10-23 09:36:41,191 [INFO] IPUIPlugin:80 - create IPUIPlugin
2025-10-23 09:36:41,192 [INFO] PluginManager:220 - loadIPPluginJar : add adc
2025-10-23 09:36:41,195 [INFO] IPUIPlugin:80 - create IPUIPlugin
2025-10-23 09:36:41,195 [INFO] PluginManager:220 - loadIPPluginJar : add aes
2025-10-23 09:36:41,197 [INFO] IPUIPlugin:80 - create IPUIPlugin
2025-10-23 09:36:41,198 [INFO] PluginManager:220 - loadIPPluginJar : add can
2025-10-23 09:36:41,200 [INFO] IPUIPlugin:80 - create IPUIPlugin
2025-10-23 09:36:41,200 [INFO] PluginManager:220 - loadIPPluginJar : add comp
2025-10-23 09:36:41,203 [INFO] IPUIPlugin:80 - create IPUIPlugin
2025-10-23 09:36:41,203 [INFO] PluginManager:220 - loadIPPluginJar : add cryp
2025-10-23 09:36:41,205 [INFO] IPUIPlugin:80 - create IPUIPlugin
2025-10-23 09:36:41,205 [INFO] PluginManager:220 - loadIPPluginJar : add ddr_ctrl_phy
2025-10-23 09:36:41,207 [INFO] IPUIPlugin:80 - create IPUIPlugin
2025-10-23 09:36:41,207 [INFO] PluginManager:220 - loadIPPluginJar : add dfsdm
2025-10-23 09:36:41,212 [INFO] IPUIPlugin:80 - create IPUIPlugin
2025-10-23 09:36:41,213 [INFO] PluginManager:220 - loadIPPluginJar : add dma
2025-10-23 09:36:41,216 [INFO] IPUIPlugin:80 - create IPUIPlugin
2025-10-23 09:36:41,216 [INFO] PluginManager:220 - loadIPPluginJar : add dma3
2025-10-23 09:36:41,220 [INFO] IPUIPlugin:80 - create IPUIPlugin
2025-10-23 09:36:41,220 [INFO] PluginManager:220 - loadIPPluginJar : add extmemmanager
2025-10-23 09:36:41,221 [INFO] IPUIPlugin:80 - create IPUIPlugin
2025-10-23 09:36:41,221 [INFO] PluginManager:220 - loadIPPluginJar : add fatfs
2025-10-23 09:36:41,225 [INFO] IPUIPlugin:80 - create IPUIPlugin
2025-10-23 09:36:41,225 [INFO] PluginManager:220 - loadIPPluginJar : add fmc
2025-10-23 09:36:41,231 [INFO] IPUIPlugin:80 - create IPUIPlugin
2025-10-23 09:36:41,231 [INFO] PluginManager:220 - loadIPPluginJar : add freertos
2025-10-23 09:36:41,234 [INFO] IPUIPlugin:80 - create IPUIPlugin
2025-10-23 09:36:41,234 [INFO] PluginManager:220 - loadIPPluginJar : add genericplugin
2025-10-23 09:36:41,237 [INFO] IPUIPlugin:80 - create IPUIPlugin
2025-10-23 09:36:41,238 [INFO] PluginManager:220 - loadIPPluginJar : add gfxmmu
2025-10-23 09:36:41,244 [INFO] IPUIPlugin:80 - create IPUIPlugin
2025-10-23 09:36:41,246 [INFO] PluginManager:220 - loadIPPluginJar : add gic
2025-10-23 09:36:41,252 [INFO] IPUIPlugin:80 - create IPUIPlugin
2025-10-23 09:36:41,252 [INFO] PluginManager:220 - loadIPPluginJar : add gpio
2025-10-23 09:36:41,257 [INFO] IPUIPlugin:80 - create IPUIPlugin
2025-10-23 09:36:41,257 [INFO] PluginManager:220 - loadIPPluginJar : add gtzc
2025-10-23 09:36:41,260 [INFO] IPUIPlugin:80 - create IPUIPlugin
2025-10-23 09:36:41,261 [INFO] PluginManager:220 - loadIPPluginJar : add hash
2025-10-23 09:36:41,266 [INFO] IPUIPlugin:80 - create IPUIPlugin
2025-10-23 09:36:41,266 [INFO] PluginManager:220 - loadIPPluginJar : add i2c
2025-10-23 09:36:41,270 [INFO] IPUIPlugin:80 - create IPUIPlugin
2025-10-23 09:36:41,270 [INFO] PluginManager:220 - loadIPPluginJar : add i2s
2025-10-23 09:36:41,273 [INFO] IPUIPlugin:80 - create IPUIPlugin
2025-10-23 09:36:41,273 [INFO] PluginManager:220 - loadIPPluginJar : add i3c
2025-10-23 09:36:41,278 [INFO] IPUIPlugin:80 - create IPUIPlugin
2025-10-23 09:36:41,278 [INFO] PluginManager:220 - loadIPPluginJar : add ipddr
2025-10-23 09:36:41,287 [INFO] IPUIPlugin:80 - create IPUIPlugin
2025-10-23 09:36:41,288 [INFO] PluginManager:220 - loadIPPluginJar : add linkedlist
2025-10-23 09:36:41,291 [INFO] IPUIPlugin:80 - create IPUIPlugin
2025-10-23 09:36:41,291 [INFO] PluginManager:220 - loadIPPluginJar : add lorawan
2025-10-23 09:36:41,293 [INFO] IPUIPlugin:80 - create IPUIPlugin
2025-10-23 09:36:41,293 [INFO] PluginManager:220 - loadIPPluginJar : add ltdc
2025-10-23 09:36:41,303 [INFO] IPUIPlugin:80 - create IPUIPlugin
2025-10-23 09:36:41,304 [INFO] PluginManager:220 - loadIPPluginJar : add mdma
2025-10-23 09:36:41,308 [INFO] IPUIPlugin:80 - create IPUIPlugin
2025-10-23 09:36:41,308 [INFO] PluginManager:220 - loadIPPluginJar : add nvic
2025-10-23 09:36:41,311 [INFO] IPUIPlugin:80 - create IPUIPlugin
2025-10-23 09:36:41,311 [INFO] PluginManager:220 - loadIPPluginJar : add opamp
2025-10-23 09:36:41,314 [INFO] IPUIPlugin:80 - create IPUIPlugin
2025-10-23 09:36:41,314 [INFO] PluginManager:220 - loadIPPluginJar : add openamp
2025-10-23 09:36:41,317 [INFO] IPUIPlugin:80 - create IPUIPlugin
2025-10-23 09:36:41,317 [INFO] PluginManager:220 - loadIPPluginJar : add pdm2pcm
2025-10-23 09:36:41,323 [INFO] IPUIPlugin:80 - create IPUIPlugin
2025-10-23 09:36:41,325 [INFO] PluginManager:220 - loadIPPluginJar : add plateformsettings
2025-10-23 09:36:41,327 [INFO] IPUIPlugin:80 - create IPUIPlugin
2025-10-23 09:36:41,327 [INFO] PluginManager:220 - loadIPPluginJar : add quadspi
2025-10-23 09:36:41,328 [INFO] IPUIPlugin:80 - create IPUIPlugin
2025-10-23 09:36:41,329 [INFO] PluginManager:220 - loadIPPluginJar : add radio
2025-10-23 09:36:41,331 [INFO] IPUIPlugin:80 - create IPUIPlugin
2025-10-23 09:36:41,331 [INFO] PluginManager:220 - loadIPPluginJar : add resmgrutility
2025-10-23 09:36:41,334 [INFO] IPUIPlugin:80 - create IPUIPlugin
2025-10-23 09:36:41,335 [INFO] PluginManager:220 - loadIPPluginJar : add sai
2025-10-23 09:36:41,337 [INFO] IPUIPlugin:80 - create IPUIPlugin
2025-10-23 09:36:41,337 [INFO] PluginManager:220 - loadIPPluginJar : add spi
2025-10-23 09:36:41,343 [INFO] IPUIPlugin:80 - create IPUIPlugin
2025-10-23 09:36:41,344 [INFO] PluginManager:220 - loadIPPluginJar : add stm32_wpan
2025-10-23 09:36:41,345 [INFO] IPUIPlugin:80 - create IPUIPlugin
2025-10-23 09:36:41,346 [INFO] PluginManager:220 - loadIPPluginJar : add tim
2025-10-23 09:36:41,349 [INFO] IPUIPlugin:80 - create IPUIPlugin
2025-10-23 09:36:41,350 [INFO] PluginManager:220 - loadIPPluginJar : add touchsensing
2025-10-23 09:36:41,352 [INFO] IPUIPlugin:80 - create IPUIPlugin
2025-10-23 09:36:41,352 [INFO] PluginManager:220 - loadIPPluginJar : add tracer_emb
2025-10-23 09:36:41,354 [INFO] IPUIPlugin:80 - create IPUIPlugin
2025-10-23 09:36:41,354 [INFO] PluginManager:220 - loadIPPluginJar : add ts
2025-10-23 09:36:41,355 [INFO] IPUIPlugin:80 - create IPUIPlugin
2025-10-23 09:36:41,355 [INFO] PluginManager:220 - loadIPPluginJar : add tsc
2025-10-23 09:36:41,357 [INFO] IPUIPlugin:80 - create IPUIPlugin
2025-10-23 09:36:41,357 [INFO] PluginManager:220 - loadIPPluginJar : add ucpd
2025-10-23 09:36:41,360 [INFO] IPUIPlugin:80 - create IPUIPlugin
2025-10-23 09:36:41,360 [INFO] PluginManager:220 - loadIPPluginJar : add usart
2025-10-23 09:36:41,363 [INFO] IPUIPlugin:80 - create IPUIPlugin
2025-10-23 09:36:41,363 [INFO] PluginManager:220 - loadIPPluginJar : add usbx
2025-10-23 09:36:41,493 [FATAL] Updater:351 - Updater called before beeing initialized
2025-10-23 09:36:41,516 [INFO] RulesReader:64 - Compatibility file has been processed (317 Rules)
2025-10-23 09:36:41,529 [INFO] RulesReader:64 - Compatibility file has been processed (317 Rules)
2025-10-23 09:36:41,537 [INFO] CADModel:165 - CPN selected for project level
2025-10-23 09:36:41,537 [INFO] CADModel:114 - Register for checkConnection events
2025-10-23 09:36:41,537 [FATAL] Updater:351 - Updater called before beeing initialized
2025-10-23 09:36:41,537 [ERROR] CADModel:125 - Updater not yet initialized, retry later 
2025-10-23 09:36:41,699 [FATAL] Updater:351 - Updater called before beeing initialized
2025-10-23 09:36:41,700 [INFO] CADModel:165 - CPN selected for project level
2025-10-23 09:36:41,700 [INFO] CADModel:114 - Register for checkConnection events
2025-10-23 09:36:41,700 [FATAL] Updater:351 - Updater called before beeing initialized
2025-10-23 09:36:41,700 [ERROR] CADModel:125 - Updater not yet initialized, retry later 
2025-10-23 09:36:41,703 [FATAL] Updater:351 - Updater called before beeing initialized
2025-10-23 09:36:41,800 [FATAL] Updater:351 - Updater called before beeing initialized
2025-10-23 09:36:41,803 [INFO] DbMcusAds:53 - JSON generation date=Thu Oct 02 16:36:05 ICT 2025 (1759397765645)
2025-10-23 09:36:41,803 [FATAL] Updater:351 - Updater called before beeing initialized
2025-10-23 09:36:41,835 [WARN] DetailPanel:346 - Failed to get advertising image, set to default
2025-10-23 09:36:41,914 [FATAL] Updater:351 - Updater called before beeing initialized
2025-10-23 09:36:41,918 [FATAL] Updater:351 - Updater called before beeing initialized
2025-10-23 09:36:41,918 [FATAL] Updater:351 - Updater called before beeing initialized
2025-10-23 09:36:41,918 [WARN] DetailPanel:346 - Failed to get advertising image, set to default
2025-10-23 09:36:41,919 [FATAL] Updater:351 - Updater called before beeing initialized
2025-10-23 09:36:41,975 [ERROR] Updater:1198 - MainUpdater not yet initialized. External WinMGr cannot be set.
2025-10-23 09:36:41,976 [INFO] Updater:1134 - Updater Version found : 6.15.0
2025-10-23 09:36:41,992 [INFO] ApplicationProperties:184 - Using Application install path: D:\WORKSPACE\STM32_WS\STM32CubeIDE_1.14.0\STM32CubeIDE\plugins\com.st.stm32cube.common.mx_6.15.0.202507011659
2025-10-23 09:36:42,179 [INFO] MainUpdater:2872 - connection check result : 22
2025-10-23 09:36:42,179 [INFO] MainUpdater:289 - Updater Check For Update Now.
2025-10-23 09:36:42,180 [INFO] MicroXplorer:498 - Change Database Version : DB.6.0.150
2025-10-23 09:36:42,185 [INFO] McuFinderGlobals:63 - Set McuFinder mode to 2 (CubeIDE integrated)
2025-10-23 09:36:42,186 [INFO] UserAuth:487 - Internet connection configuration mode: 2
2025-10-23 09:36:42,191 [INFO] UserAuth:487 - Internet connection configuration mode: 2
2025-10-23 09:36:42,388 [INFO] CheckServerUpdateThread:120 - End of CheckServer Thread
2025-10-23 09:36:43,779 [WARN] PackLoader:240 - Cannot read IP mode file for STMicroelectronics.FP-SNS-MOTENVWB1.1.4.0
2025-10-23 09:36:43,790 [WARN] PackLoader:240 - Cannot read IP mode file for STMicroelectronics.FP-ATR-ASTRA1.2.0.2
2025-10-23 09:36:43,799 [WARN] PackLoader:240 - Cannot read IP mode file for STMicroelectronics.X-CUBE-SMBUS.2.1.0
2025-10-23 09:36:43,805 [WARN] PackLoader:240 - Cannot read IP mode file for STMicroelectronics.X-CUBE-ST60.1.0.0
2025-10-23 09:36:43,839 [WARN] PackLoader:240 - Cannot read IP mode file for STMicroelectronics.X-CUBE-AZRTOS-F7.1.1.0
2025-10-23 09:36:43,878 [WARN] PackLoader:240 - Cannot read IP mode file for Infineon.AIROC-Wi-Fi-Bluetooth-STM32.1.7.0
2025-10-23 09:36:43,915 [WARN] PackLoader:240 - Cannot read IP mode file for STMicroelectronics.X-CUBE-AZRTOS-H7.3.4.0
2025-10-23 09:36:43,926 [WARN] PackLoader:240 - Cannot read IP mode file for STMicroelectronics.X-CUBE-DISPLAY.3.0.0
2025-10-23 09:36:43,937 [WARN] PackLoader:240 - Cannot read IP mode file for STMicroelectronics.X-CUBE-NFC10.1.0.0
2025-10-23 09:36:43,950 [WARN] PackLoader:240 - Cannot read IP mode file for STMicroelectronics.X-CUBE-BLEMGR.4.0.0
2025-10-23 09:36:43,955 [WARN] PackLoader:240 - Cannot read IP mode file for STMicroelectronics.X-CUBE-ST60.1.1.0
2025-10-23 09:36:43,960 [WARN] PackLoader:240 - Cannot read IP mode file for emotas.I-CUBE-CANOPEN.1.3.0
2025-10-23 09:36:43,964 [WARN] ConditionMgr:438 - getConditionDescription Invalid condition id : Cortex-A Device cause : null
2025-10-23 09:36:43,980 [WARN] ConditionMgr:1044 - genDependencies : Invalid condition id : Cortex-A Device cause : null
2025-10-23 09:36:43,981 [WARN] ConditionMgr:1044 - genDependencies : Invalid condition id : Cortex-A Device cause : null
2025-10-23 09:36:43,981 [WARN] ConditionMgr:1044 - genDependencies : Invalid condition id : Cortex-A Device cause : null
2025-10-23 09:36:43,996 [WARN] PackLoader:240 - Cannot read IP mode file for STMicroelectronics.FP-SNS-STBOX1.2.1.0
2025-10-23 09:36:44,031 [WARN] PackLoader:240 - Cannot read IP mode file for STMicroelectronics.FP-SNS-SMARTAG2.1.2.0
2025-10-23 09:36:44,042 [WARN] PackLoader:240 - Cannot read IP mode file for STMicroelectronics.FP-SNS-FLIGHT1.5.1.0
2025-10-23 09:36:44,059 [INFO] LogOutputStream:77 - [STDOUT_REDIRECT] 1 : Invalid condition id : UX_CORESTACK_Condition cause : null
2025-10-23 09:36:44,061 [INFO] LogOutputStream:77 - [STDOUT_REDIRECT] 1 : Invalid condition id : UX_CORESTACK_Condition cause : null
2025-10-23 09:36:44,062 [INFO] LogOutputStream:77 - [STDOUT_REDIRECT] 1 : Invalid condition id : UX_CORESTACK_Condition cause : null
2025-10-23 09:36:44,064 [INFO] LogOutputStream:77 - [STDOUT_REDIRECT] 1 : Invalid condition id : UX_CORESTACK_Condition cause : null
2025-10-23 09:36:44,067 [INFO] LogOutputStream:77 - [STDOUT_REDIRECT] 1 : Invalid condition id : UX_CORESTACK_Condition cause : null
2025-10-23 09:36:44,074 [WARN] PackLoader:240 - Cannot read IP mode file for STMicroelectronics.X-CUBE-AZRTOS-WL.2.0.0
2025-10-23 09:36:44,083 [WARN] PackLoader:240 - Cannot read IP mode file for STMicroelectronics.FP-SNS-MOTENV1.5.0.0
2025-10-23 09:36:44,093 [WARN] PackLoader:240 - Cannot read IP mode file for WES.I-CUBE-Cesium.1.3.0
2025-10-23 09:36:44,101 [WARN] PackLoader:240 - Cannot read IP mode file for STMicroelectronics.X-CUBE-BLE2.3.3.0
2025-10-23 09:36:44,114 [WARN] PackLoader:240 - Cannot read IP mode file for STMicroelectronics.X-CUBE-NFC9.1.0.0
2025-10-23 09:36:44,125 [WARN] PackLoader:240 - Cannot read IP mode file for wolfSSL.I-CUBE-wolfSSL.5.8.0
2025-10-23 09:36:44,132 [WARN] PackLoader:240 - Cannot read IP mode file for STMicroelectronics.X-CUBE-BLE1.7.1.0
2025-10-23 09:36:44,136 [WARN] PackLoader:240 - Cannot read IP mode file for wolfSSL.I-CUBE-wolfMQTT.1.19.2
2025-10-23 09:36:44,159 [WARN] PackLoader:240 - Cannot read IP mode file for STMicroelectronics.X-CUBE-EEPRMA1.5.2.0
2025-10-23 09:36:44,176 [WARN] PackLoader:240 - Cannot read IP mode file for STMicroelectronics.X-CUBE-ST67W61.1.1.0
2025-10-23 09:36:44,182 [WARN] PackLoader:240 - Cannot read IP mode file for STMicroelectronics.X-CUBE-AI.10.1.0
2025-10-23 09:36:44,203 [WARN] PackLoader:240 - Cannot read IP mode file for STMicroelectronics.X-CUBE-AZRTOS-G0.1.1.0
2025-10-23 09:36:44,212 [WARN] PackLoader:240 - Cannot read IP mode file for STMicroelectronics.X-CUBE-SAFEA1.1.2.2
2025-10-23 09:36:44,219 [WARN] PackLoader:240 - Cannot read IP mode file for STMicroelectronics.X-CUBE-NFC4.3.0.0
2025-10-23 09:36:44,226 [WARN] PackLoader:240 - Cannot read IP mode file for EmbeddedOffice.I-CUBE-FS-RTOS.1.0.1
2025-10-23 09:36:44,230 [WARN] PackLoader:240 - Cannot read IP mode file for STMicroelectronics.X-CUBE-WB05N.2.0.0
2025-10-23 09:36:44,235 [WARN] PackLoader:240 - Cannot read IP mode file for wolfSSL.I-CUBE-wolfTPM.3.8.0
2025-10-23 09:36:44,238 [WARN] PackLoader:240 - Cannot read IP mode file for STMicroelectronics.X-CUBE-TCPP.4.2.0
2025-10-23 09:36:44,243 [WARN] PackLoader:240 - Cannot read IP mode file for RealThread.X-CUBE-RT-Thread_Nano.4.1.1
2025-10-23 09:36:44,247 [WARN] PackLoader:240 - Cannot read IP mode file for STMicroelectronics.FP-ATR-SIGFOX1.3.2.0
2025-10-23 09:36:44,251 [WARN] PackLoader:240 - Cannot read IP mode file for STMicroelectronics.X-CUBE-EEPRMA1.5.1.0
2025-10-23 09:36:44,257 [WARN] PackLoader:240 - Cannot read IP mode file for ITTIA_DB.I-CUBE-ITTIADB.8.9.0
2025-10-23 09:36:44,262 [WARN] PackLoader:240 - Cannot read IP mode file for STMicroelectronics.X-CUBE-ST67W61.1.0.0
2025-10-23 09:36:44,265 [WARN] PackLoader:240 - Cannot read IP mode file for STMicroelectronics.X-CUBE-AI.10.2.0
2025-10-23 09:36:44,291 [WARN] PackLoader:240 - Cannot read IP mode file for SEGGER.I-CUBE-embOS.1.3.1
2025-10-23 09:36:44,331 [WARN] PackLoader:240 - Cannot read IP mode file for STMicroelectronics.X-CUBE-ALGOBUILD.1.4.0
2025-10-23 09:36:44,363 [WARN] PackLoader:240 - Cannot read IP mode file for STMicroelectronics.X-CUBE-MEMS1.11.3.0
2025-10-23 09:36:44,474 [WARN] PackLoader:240 - Cannot read IP mode file for STMicroelectronics.X-CUBE-PM33A1.1.0.0
2025-10-23 09:36:44,490 [WARN] PackLoader:240 - Cannot read IP mode file for STMicroelectronics.X-CUBE-AZRTOS-F4.1.1.0
2025-10-23 09:36:44,496 [WARN] PackLoader:240 - Cannot read IP mode file for Avnet-IotConnect.X-CUBE-IoTC-DA16k-PMOD.1.0.0
2025-10-23 09:36:44,499 [WARN] PackLoader:240 - Cannot read IP mode file for STMicroelectronics.X-CUBE-ISPU.2.1.0
2025-10-23 09:36:44,513 [WARN] PackLoader:240 - Cannot read IP mode file for STMicroelectronics.X-CUBE-IPS.3.2.0
2025-10-23 09:36:44,524 [WARN] PackLoader:240 - Cannot read IP mode file for STMicroelectronics.X-CUBE-NFC12.1.0.0
2025-10-23 09:36:44,539 [WARN] PackLoader:240 - Cannot read IP mode file for STMicroelectronics.X-CUBE-AZRTOS-L5.2.0.0
2025-10-23 09:36:44,544 [WARN] PackLoader:240 - Cannot read IP mode file for STMicroelectronics.X-CUBE-NFC6.3.1.0
2025-10-23 09:36:44,551 [WARN] PackLoader:240 - Cannot read IP mode file for STMicroelectronics.X-CUBE-FREERTOS.1.3.1
2025-10-23 09:36:44,564 [WARN] PackLoader:240 - Cannot read IP mode file for STMicroelectronics.X-CUBE-TOUCHGFX.4.26.0
2025-10-23 09:36:44,569 [WARN] PackLoader:240 - Cannot read IP mode file for STMicroelectronics.FP-SNS-STAIOTCFT.1.0.0
2025-10-23 09:36:44,573 [WARN] PackLoader:240 - Cannot read IP mode file for STMicroelectronics.X-CUBE-DPower.1.3.0
2025-10-23 09:36:44,584 [WARN] ConditionMgr:438 - getConditionDescription Invalid condition id : LAN8742 Phy interface Condition cause : null
2025-10-23 09:36:44,584 [WARN] PackLoader:240 - Cannot read IP mode file for STMicroelectronics.X-CUBE-AZRTOS-L4.2.0.0
2025-10-23 09:36:44,585 [WARN] ConditionMgr:1044 - genDependencies : Invalid condition id : LAN8742 Phy interface Condition cause : null
2025-10-23 09:36:44,586 [WARN] ConditionMgr:1044 - genDependencies : Invalid condition id : LAN8742 Phy interface Condition cause : null
2025-10-23 09:36:44,586 [WARN] ConditionMgr:1044 - genDependencies : Invalid condition id : LAN8742 Phy interface Condition cause : null
2025-10-23 09:36:44,593 [WARN] PackLoader:240 - Cannot read IP mode file for STMicroelectronics.X-CUBE-SFXS2LP1.4.0.0
2025-10-23 09:36:44,607 [WARN] PackLoader:240 - Cannot read IP mode file for STMicroelectronics.X-CUBE-AZRTOS-H7.3.3.0
2025-10-23 09:36:44,627 [WARN] PackLoader:240 - Cannot read IP mode file for STMicroelectronics.X-CUBE-BLEMGR.4.1.0
2025-10-23 09:36:44,645 [WARN] ConditionMgr:438 - getConditionDescription Invalid condition id : UX DEVICE CLASS RTOS Condition cause : null
2025-10-23 09:36:44,645 [WARN] ConditionMgr:438 - getConditionDescription Invalid condition id : UX DEVICE CLASS RTOS Condition cause : null
2025-10-23 09:36:44,647 [WARN] PackLoader:240 - Cannot read IP mode file for STMicroelectronics.X-CUBE-AZRTOS-WB.2.0.0
2025-10-23 09:36:44,648 [WARN] ConditionMgr:1044 - genDependencies : Invalid condition id : UX DEVICE CLASS RTOS Condition cause : null
2025-10-23 09:36:44,648 [WARN] ConditionMgr:1044 - genDependencies : Invalid condition id : UX DEVICE CLASS RTOS Condition cause : null
2025-10-23 09:36:44,649 [WARN] ConditionMgr:1044 - genDependencies : Invalid condition id : UX DEVICE CLASS RTOS Condition cause : null
2025-10-23 09:36:44,649 [WARN] ConditionMgr:1044 - genDependencies : Invalid condition id : UX DEVICE CLASS RTOS Condition cause : null
2025-10-23 09:36:44,649 [WARN] ConditionMgr:1044 - genDependencies : Invalid condition id : UX DEVICE CLASS RTOS Condition cause : null
2025-10-23 09:36:44,655 [WARN] PackLoader:240 - Cannot read IP mode file for STMicroelectronics.X-CUBE-GNSS1.7.0.1
2025-10-23 09:36:44,659 [WARN] PackLoader:240 - Cannot read IP mode file for STMicroelectronics.X-CUBE-TOUCHGFX.4.25.0
2025-10-23 09:36:44,665 [WARN] PackLoader:240 - Cannot read IP mode file for STMicroelectronics.FP-SNS-STBOX1.2.0.0
2025-10-23 09:36:44,679 [WARN] PackLoader:240 - Cannot read IP mode file for STMicroelectronics.X-CUBE-SUBG2.5.0.0
2025-10-23 09:36:44,704 [WARN] PackLoader:240 - Cannot read IP mode file for STMicroelectronics.X-CUBE-AZRTOS-H7RS.1.1.0
2025-10-23 09:36:44,711 [WARN] PackLoader:240 - Cannot read IP mode file for Cesanta.I-CUBE-Mongoose.7.13.0
2025-10-23 09:36:44,727 [WARN] PackLoader:240 - Cannot read IP mode file for STMicroelectronics.X-CUBE-AZRTOS-G4.2.0.0
2025-10-23 09:36:44,751 [WARN] PackLoader:240 - Cannot read IP mode file for wolfSSL.I-CUBE-wolfSSH.1.4.20
2025-10-23 09:36:44,757 [WARN] PackLoader:240 - Cannot read IP mode file for STMicroelectronics.X-CUBE-NFC7.2.0.0
2025-10-23 09:36:44,779 [WARN] PackLoader:240 - Cannot read IP mode file for STMicroelectronics.X-CUBE-IPS.3.1.0
2025-10-23 09:36:44,790 [WARN] PackLoader:240 - Cannot read IP mode file for STMicroelectronics.X-CUBE-ALS.1.0.2
2025-10-23 09:36:44,798 [WARN] PackLoader:240 - Cannot read IP mode file for STMicroelectronics.X-CUBE-STSE01.1.0.0
2025-10-23 09:36:44,806 [WARN] PackLoader:240 - Cannot read IP mode file for portGmbH.I-Cube-SoM-uGOAL.1.1.0
2025-10-23 09:36:44,817 [WARN] PackLoader:240 - Cannot read IP mode file for STMicroelectronics.X-CUBE-TOF1.3.4.3
2025-10-23 09:36:44,827 [INFO] ThirdParty:978 - Integrity check success = true
2025-10-23 09:36:44,827 [INFO] IntegrityCheckThread:100 - exiting critical section [integrity check]
2025-10-23 09:36:44,827 [INFO] IntegrityCheckThread:103 - End integrity checks thread
2025-10-23 09:39:53,602 [INFO] Activator:176 - 


2025-10-23 09:39:53,603 [INFO] Activator:177 - !SESSION log4j initialized
2025-10-23 09:39:58,222 [INFO] LogOutputStream:77 - [STDOUT_REDIRECT] 
2025-10-23 09:39:58,958 [INFO] ApplicationProperties:184 - Using Application install path: D:\WORKSPACE\STM32_WS\STM32CubeIDE_1.14.0\STM32CubeIDE\plugins\com.st.stm32cube.common.mx_6.15.0.202507011659
2025-10-23 09:39:58,977 [INFO] DbMcusXml:78 - Set database path to: D:\WORKSPACE\STM32_WS\STM32CubeIDE_1.14.0\STM32CubeIDE\plugins\com.st.stm32cube.common.mx_6.15.0.202507011659\\db\/mcu/
2025-10-23 09:39:58,977 [INFO] ApiDb:274 - Set plugin database path to: D:\WORKSPACE\STM32_WS\STM32CubeIDE_1.14.0\STM32CubeIDE\plugins\com.st.stm32cube.common.mx_6.15.0.202507011659\\db\/plugins/boardmanager/
2025-10-23 09:39:58,977 [WARN] ApiDb:259 - Overriding images path with different value:  => D:\WORKSPACE\STM32_WS\STM32CubeIDE_1.14.0\STM32CubeIDE\plugins\com.st.stm32cube.common.mx_6.15.0.202507011659\\db\/plugins/mcufinder/images/
2025-10-23 09:39:58,986 [INFO] ApiDb:250 - Set database path to: C:\Users\ASUS\.stmcufinder\plugins\mcufinder//mcu/
2025-10-23 09:39:58,987 [INFO] DbMcusAds:125 - Set database path to: C:\Users\ASUS\.stmcufinder\plugins\mcufinder//mcu/
2025-10-23 09:39:58,990 [INFO] CrossReferenceDbSqlite:203 - Set database path to: C:\Users\ASUS\.stmcufinder\plugins\mcufinder//mcu/cs/
2025-10-23 09:39:59,082 [INFO] RulesReader:64 - Compatibility file has been processed (317 Rules)
2025-10-23 09:39:59,147 [INFO] DbMcusXml:78 - Set database path to: D:\WORKSPACE\STM32_WS\STM32CubeIDE_1.14.0\STM32CubeIDE\plugins\com.st.stm32cube.common.mx_6.15.0.202507011659\\db\/mcu/
2025-10-23 09:39:59,147 [INFO] ApiDb:274 - Set plugin database path to: D:\WORKSPACE\STM32_WS\STM32CubeIDE_1.14.0\STM32CubeIDE\plugins\com.st.stm32cube.common.mx_6.15.0.202507011659\\db\/plugins/boardmanager/
2025-10-23 09:39:59,147 [INFO] ApiDb:261 - Set plugin images path to: D:\WORKSPACE\STM32_WS\STM32CubeIDE_1.14.0\STM32CubeIDE\plugins\com.st.stm32cube.common.mx_6.15.0.202507011659\\db\/plugins/mcufinder/images/
2025-10-23 09:39:59,147 [WARN] DbFile:41 - Overriding database path with different value: C:\Users\ASUS\.stmcufinder\plugins\mcufinder/ => C:\Users\ASUS\.stmcufinder\plugins\mcufinder
2025-10-23 09:39:59,148 [INFO] ApiDb:250 - Set database path to: C:\Users\ASUS\.stmcufinder\plugins\mcufinder//mcu/
2025-10-23 09:39:59,148 [WARN] DbFile:41 - Overriding database path with different value: C:\Users\ASUS\.stmcufinder\plugins\mcufinder/ => C:\Users\ASUS\.stmcufinder\plugins\mcufinder
2025-10-23 09:39:59,148 [INFO] DbMcusAds:125 - Set database path to: C:\Users\ASUS\.stmcufinder\plugins\mcufinder//mcu/
2025-10-23 09:39:59,148 [WARN] DbFile:41 - Overriding database path with different value: C:\Users\ASUS\.stmcufinder\plugins\mcufinder/ => C:\Users\ASUS\.stmcufinder\plugins\mcufinder
2025-10-23 09:39:59,148 [WARN] DbFile:41 - Overriding database path with different value: C:\Users\ASUS\.stmcufinder\plugins\mcufinder/ => C:\Users\ASUS\.stmcufinder\plugins\mcufinder
2025-10-23 09:39:59,148 [INFO] CrossReferenceDbSqlite:203 - Set database path to: C:\Users\ASUS\.stmcufinder\plugins\mcufinder//mcu/cs/
2025-10-23 09:39:59,216 [INFO] MainPanel:274 - HeapMemory: 268435456
2025-10-23 09:39:59,320 [INFO] DbMcusXml:78 - Set database path to: D:\WORKSPACE\STM32_WS\STM32CubeIDE_1.14.0\STM32CubeIDE\plugins\com.st.stm32cube.common.mx_6.15.0.202507011659\\db\/mcu/
2025-10-23 09:39:59,320 [INFO] ApiDb:274 - Set plugin database path to: D:\WORKSPACE\STM32_WS\STM32CubeIDE_1.14.0\STM32CubeIDE\plugins\com.st.stm32cube.common.mx_6.15.0.202507011659\\db\/plugins/boardmanager/
2025-10-23 09:39:59,320 [INFO] ApiDb:261 - Set plugin images path to: D:\WORKSPACE\STM32_WS\STM32CubeIDE_1.14.0\STM32CubeIDE\plugins\com.st.stm32cube.common.mx_6.15.0.202507011659\\db\/plugins/mcufinder/images/
2025-10-23 09:39:59,320 [WARN] DbFile:41 - Overriding database path with different value: C:\Users\ASUS\.stmcufinder\plugins\mcufinder/ => C:\Users\ASUS\.stmcufinder\plugins\mcufinder
2025-10-23 09:39:59,320 [INFO] ApiDb:250 - Set database path to: C:\Users\ASUS\.stmcufinder\plugins\mcufinder//mcu/
2025-10-23 09:39:59,320 [WARN] DbFile:41 - Overriding database path with different value: C:\Users\ASUS\.stmcufinder\plugins\mcufinder/ => C:\Users\ASUS\.stmcufinder\plugins\mcufinder
2025-10-23 09:39:59,320 [INFO] DbMcusAds:125 - Set database path to: C:\Users\ASUS\.stmcufinder\plugins\mcufinder//mcu/
2025-10-23 09:39:59,320 [WARN] DbFile:41 - Overriding database path with different value: C:\Users\ASUS\.stmcufinder\plugins\mcufinder/ => C:\Users\ASUS\.stmcufinder\plugins\mcufinder
2025-10-23 09:39:59,320 [WARN] DbFile:41 - Overriding database path with different value: C:\Users\ASUS\.stmcufinder\plugins\mcufinder/ => C:\Users\ASUS\.stmcufinder\plugins\mcufinder
2025-10-23 09:39:59,321 [INFO] CrossReferenceDbSqlite:203 - Set database path to: C:\Users\ASUS\.stmcufinder\plugins\mcufinder//mcu/cs/
2025-10-23 09:39:59,334 [INFO] ApplicationProperties:184 - Using Application install path: D:\WORKSPACE\STM32_WS\STM32CubeIDE_1.14.0\STM32CubeIDE\plugins\com.st.stm32cube.common.mx_6.15.0.202507011659
2025-10-23 09:39:59,335 [INFO] PluginManage:196 - Search for loadable plugins [exclusion list=, ]
2025-10-23 09:39:59,336 [INFO] PluginManage:310 - Check plugin analytics
2025-10-23 09:39:59,470 [INFO] AnalyticsPlugin:253 - Accepted Software Licenses: STM32CubeMX.6.15.0
2025-10-23 09:39:59,471 [INFO] AnalyticsPlugin:255 - Accepted CMSIS Pack Licenses: 
2025-10-23 09:39:59,471 [INFO] AnalyticsPlugin:257 - Accepted Firmware Licenses: FW.F4.1.28.0
2025-10-23 09:39:59,474 [INFO] PluginManage:359 - Loaded plugin analytics (category:tool,tabindex:-1)
2025-10-23 09:39:59,474 [INFO] PluginManage:310 - Check plugin cadmodel
2025-10-23 09:39:59,479 [INFO] CADModel:105 - Init CAD model plugin
2025-10-23 09:39:59,480 [INFO] PluginManage:359 - Loaded plugin cadmodel (category:power,tabindex:5)
2025-10-23 09:39:59,480 [INFO] PluginManage:310 - Check plugin clock
2025-10-23 09:39:59,488 [INFO] PluginManage:359 - Loaded plugin clock (category:base,tabindex:2)
2025-10-23 09:39:59,488 [INFO] PluginManage:310 - Check plugin ddr
2025-10-23 09:39:59,490 [INFO] PluginManage:359 - Loaded plugin ddr (category:tool,tabindex:6)
2025-10-23 09:39:59,490 [INFO] PluginManage:310 - Check plugin filemanager
2025-10-23 09:39:59,624 [INFO] PluginManage:359 - Loaded plugin filemanager (category:base,tabindex:10)
2025-10-23 09:39:59,624 [INFO] PluginManage:310 - Check plugin ipmanager
2025-10-23 09:39:59,632 [INFO] PluginManage:359 - Loaded plugin ipmanager (category:base,tabindex:5)
2025-10-23 09:39:59,633 [INFO] PluginManage:310 - Check plugin lpbam
2025-10-23 09:39:59,644 [INFO] PluginManage:359 - Loaded plugin lpbam (category:base,tabindex:0)
2025-10-23 09:39:59,644 [INFO] PluginManage:310 - Check plugin memorymap
2025-10-23 09:39:59,662 [INFO] PluginManage:359 - Loaded plugin memorymap (category:base,tabindex:4)
2025-10-23 09:39:59,662 [INFO] PluginManage:310 - Check plugin pinoutandconfiguration
2025-10-23 09:39:59,672 [INFO] PluginManage:359 - Loaded plugin pinoutandconfiguration (category:base,tabindex:1)
2025-10-23 09:39:59,672 [INFO] PluginManage:310 - Check plugin pinoutconfig
2025-10-23 09:39:59,789 [WARN] SupportedApi:132 - Cannot load RTOS API schema: s4s-elt-must-match.1: The content of 'definitions' must match (annotation?, (simpleType | complexType)?, (unique | key | keyref)*)). A problem was found starting at: attribute.
2025-10-23 09:39:59,960 [INFO] PluginManage:359 - Loaded plugin pinoutconfig (category:base,tabindex:0)
2025-10-23 09:39:59,960 [INFO] PluginManage:310 - Check plugin power
2025-10-23 09:39:59,971 [INFO] PluginManage:359 - Loaded plugin power (category:power,tabindex:4)
2025-10-23 09:39:59,971 [INFO] PluginManage:310 - Check plugin projectmanager
2025-10-23 09:39:59,985 [INFO] PluginManage:359 - Loaded plugin projectmanager (category:projectmanager,tabindex:4)
2025-10-23 09:39:59,985 [INFO] PluginManage:310 - Check plugin rif
2025-10-23 09:39:59,996 [INFO] PluginManage:359 - Loaded plugin rif (category:base,tabindex:3)
2025-10-23 09:39:59,996 [INFO] PluginManage:310 - Check plugin thirdparty
2025-10-23 09:40:00,138 [WARN] IntegrityCheckThread:84 - waiting for thirdparty lock release [integrity check]
2025-10-23 09:40:00,138 [INFO] PluginManage:359 - Loaded plugin thirdparty (category:base,tabindex:-1)
2025-10-23 09:40:00,138 [INFO] PluginManage:310 - Check plugin tools
2025-10-23 09:40:00,138 [INFO] IntegrityCheckThread:86 - entering critical section [integrity check]
2025-10-23 09:40:00,139 [INFO] ThirdPartyUpdaterWithRetryManager:70 - Updater plugin not ready yet. [1/15]
2025-10-23 09:40:00,142 [INFO] PluginManage:359 - Loaded plugin tools (category:base,tabindex:7)
2025-10-23 09:40:00,142 [INFO] PluginManage:310 - Check plugin tutovideos
2025-10-23 09:40:00,378 [INFO] PluginManage:359 - Loaded plugin tutovideos (category:base,tabindex:-1)
2025-10-23 09:40:00,378 [INFO] PluginManage:310 - Check plugin updater
2025-10-23 09:40:00,399 [INFO] PluginManage:359 - Loaded plugin updater (category:base,tabindex:12)
2025-10-23 09:40:00,399 [INFO] PluginManage:310 - Check plugin userauth
2025-10-23 09:40:00,403 [INFO] UserAuth:118 - Init User Auth plugin
2025-10-23 09:40:00,404 [INFO] PluginManage:359 - Loaded plugin userauth (category:base,tabindex:14)
2025-10-23 09:40:00,404 [INFO] PluginManage:283 - PluginManage : Loaded plugins [18]
2025-10-23 09:40:00,577 [INFO] PinOutPanel:1589 - setPackage(No Configuration,No Configuration)
2025-10-23 09:40:00,662 [INFO] CADModel:165 - CPN selected for project level
2025-10-23 09:40:00,662 [INFO] CADModel:114 - Register for checkConnection events
2025-10-23 09:40:00,680 [INFO] IPUIPlugin:80 - create IPUIPlugin
2025-10-23 09:40:00,680 [INFO] PluginManager:220 - loadIPPluginJar : add adc
2025-10-23 09:40:00,683 [INFO] IPUIPlugin:80 - create IPUIPlugin
2025-10-23 09:40:00,683 [INFO] PluginManager:220 - loadIPPluginJar : add aes
2025-10-23 09:40:00,685 [INFO] IPUIPlugin:80 - create IPUIPlugin
2025-10-23 09:40:00,685 [INFO] PluginManager:220 - loadIPPluginJar : add can
2025-10-23 09:40:00,687 [INFO] IPUIPlugin:80 - create IPUIPlugin
2025-10-23 09:40:00,687 [INFO] PluginManager:220 - loadIPPluginJar : add comp
2025-10-23 09:40:00,689 [INFO] IPUIPlugin:80 - create IPUIPlugin
2025-10-23 09:40:00,689 [INFO] PluginManager:220 - loadIPPluginJar : add cryp
2025-10-23 09:40:00,693 [INFO] IPUIPlugin:80 - create IPUIPlugin
2025-10-23 09:40:00,693 [INFO] PluginManager:220 - loadIPPluginJar : add ddr_ctrl_phy
2025-10-23 09:40:00,696 [INFO] IPUIPlugin:80 - create IPUIPlugin
2025-10-23 09:40:00,697 [INFO] PluginManager:220 - loadIPPluginJar : add dfsdm
2025-10-23 09:40:00,701 [INFO] IPUIPlugin:80 - create IPUIPlugin
2025-10-23 09:40:00,702 [INFO] PluginManager:220 - loadIPPluginJar : add dma
2025-10-23 09:40:00,704 [INFO] IPUIPlugin:80 - create IPUIPlugin
2025-10-23 09:40:00,704 [INFO] PluginManager:220 - loadIPPluginJar : add dma3
2025-10-23 09:40:00,707 [INFO] IPUIPlugin:80 - create IPUIPlugin
2025-10-23 09:40:00,707 [INFO] PluginManager:220 - loadIPPluginJar : add extmemmanager
2025-10-23 09:40:00,710 [INFO] IPUIPlugin:80 - create IPUIPlugin
2025-10-23 09:40:00,710 [INFO] PluginManager:220 - loadIPPluginJar : add fatfs
2025-10-23 09:40:00,715 [INFO] IPUIPlugin:80 - create IPUIPlugin
2025-10-23 09:40:00,715 [INFO] PluginManager:220 - loadIPPluginJar : add fmc
2025-10-23 09:40:00,721 [INFO] IPUIPlugin:80 - create IPUIPlugin
2025-10-23 09:40:00,721 [INFO] PluginManager:220 - loadIPPluginJar : add freertos
2025-10-23 09:40:00,722 [INFO] IPUIPlugin:80 - create IPUIPlugin
2025-10-23 09:40:00,722 [INFO] PluginManager:220 - loadIPPluginJar : add genericplugin
2025-10-23 09:40:00,727 [INFO] IPUIPlugin:80 - create IPUIPlugin
2025-10-23 09:40:00,727 [INFO] PluginManager:220 - loadIPPluginJar : add gfxmmu
2025-10-23 09:40:00,733 [INFO] IPUIPlugin:80 - create IPUIPlugin
2025-10-23 09:40:00,733 [INFO] PluginManager:220 - loadIPPluginJar : add gic
2025-10-23 09:40:00,737 [INFO] IPUIPlugin:80 - create IPUIPlugin
2025-10-23 09:40:00,737 [INFO] PluginManager:220 - loadIPPluginJar : add gpio
2025-10-23 09:40:00,740 [INFO] IPUIPlugin:80 - create IPUIPlugin
2025-10-23 09:40:00,740 [INFO] PluginManager:220 - loadIPPluginJar : add gtzc
2025-10-23 09:40:00,742 [INFO] IPUIPlugin:80 - create IPUIPlugin
2025-10-23 09:40:00,742 [INFO] PluginManager:220 - loadIPPluginJar : add hash
2025-10-23 09:40:00,744 [INFO] IPUIPlugin:80 - create IPUIPlugin
2025-10-23 09:40:00,745 [INFO] PluginManager:220 - loadIPPluginJar : add i2c
2025-10-23 09:40:00,747 [INFO] IPUIPlugin:80 - create IPUIPlugin
2025-10-23 09:40:00,747 [INFO] PluginManager:220 - loadIPPluginJar : add i2s
2025-10-23 09:40:00,750 [INFO] IPUIPlugin:80 - create IPUIPlugin
2025-10-23 09:40:00,750 [INFO] PluginManager:220 - loadIPPluginJar : add i3c
2025-10-23 09:40:00,753 [INFO] IPUIPlugin:80 - create IPUIPlugin
2025-10-23 09:40:00,753 [INFO] PluginManager:220 - loadIPPluginJar : add ipddr
2025-10-23 09:40:00,758 [INFO] IPUIPlugin:80 - create IPUIPlugin
2025-10-23 09:40:00,758 [INFO] PluginManager:220 - loadIPPluginJar : add linkedlist
2025-10-23 09:40:00,760 [INFO] IPUIPlugin:80 - create IPUIPlugin
2025-10-23 09:40:00,760 [INFO] PluginManager:220 - loadIPPluginJar : add lorawan
2025-10-23 09:40:00,761 [INFO] IPUIPlugin:80 - create IPUIPlugin
2025-10-23 09:40:00,762 [INFO] PluginManager:220 - loadIPPluginJar : add ltdc
2025-10-23 09:40:00,766 [INFO] IPUIPlugin:80 - create IPUIPlugin
2025-10-23 09:40:00,767 [INFO] PluginManager:220 - loadIPPluginJar : add mdma
2025-10-23 09:40:00,770 [INFO] IPUIPlugin:80 - create IPUIPlugin
2025-10-23 09:40:00,771 [INFO] PluginManager:220 - loadIPPluginJar : add nvic
2025-10-23 09:40:00,773 [INFO] IPUIPlugin:80 - create IPUIPlugin
2025-10-23 09:40:00,773 [INFO] PluginManager:220 - loadIPPluginJar : add opamp
2025-10-23 09:40:00,775 [INFO] IPUIPlugin:80 - create IPUIPlugin
2025-10-23 09:40:00,775 [INFO] PluginManager:220 - loadIPPluginJar : add openamp
2025-10-23 09:40:00,778 [INFO] IPUIPlugin:80 - create IPUIPlugin
2025-10-23 09:40:00,778 [INFO] PluginManager:220 - loadIPPluginJar : add pdm2pcm
2025-10-23 09:40:00,783 [INFO] IPUIPlugin:80 - create IPUIPlugin
2025-10-23 09:40:00,785 [INFO] PluginManager:220 - loadIPPluginJar : add plateformsettings
2025-10-23 09:40:00,786 [INFO] IPUIPlugin:80 - create IPUIPlugin
2025-10-23 09:40:00,786 [INFO] PluginManager:220 - loadIPPluginJar : add quadspi
2025-10-23 09:40:00,789 [INFO] IPUIPlugin:80 - create IPUIPlugin
2025-10-23 09:40:00,790 [INFO] PluginManager:220 - loadIPPluginJar : add radio
2025-10-23 09:40:00,794 [INFO] IPUIPlugin:80 - create IPUIPlugin
2025-10-23 09:40:00,795 [INFO] PluginManager:220 - loadIPPluginJar : add resmgrutility
2025-10-23 09:40:00,797 [INFO] IPUIPlugin:80 - create IPUIPlugin
2025-10-23 09:40:00,797 [INFO] PluginManager:220 - loadIPPluginJar : add sai
2025-10-23 09:40:00,799 [INFO] IPUIPlugin:80 - create IPUIPlugin
2025-10-23 09:40:00,799 [INFO] PluginManager:220 - loadIPPluginJar : add spi
2025-10-23 09:40:00,805 [INFO] IPUIPlugin:80 - create IPUIPlugin
2025-10-23 09:40:00,805 [INFO] PluginManager:220 - loadIPPluginJar : add stm32_wpan
2025-10-23 09:40:00,806 [INFO] IPUIPlugin:80 - create IPUIPlugin
2025-10-23 09:40:00,807 [INFO] PluginManager:220 - loadIPPluginJar : add tim
2025-10-23 09:40:00,810 [INFO] IPUIPlugin:80 - create IPUIPlugin
2025-10-23 09:40:00,810 [INFO] PluginManager:220 - loadIPPluginJar : add touchsensing
2025-10-23 09:40:00,813 [INFO] IPUIPlugin:80 - create IPUIPlugin
2025-10-23 09:40:00,813 [INFO] PluginManager:220 - loadIPPluginJar : add tracer_emb
2025-10-23 09:40:00,815 [INFO] IPUIPlugin:80 - create IPUIPlugin
2025-10-23 09:40:00,815 [INFO] PluginManager:220 - loadIPPluginJar : add ts
2025-10-23 09:40:00,817 [INFO] IPUIPlugin:80 - create IPUIPlugin
2025-10-23 09:40:00,817 [INFO] PluginManager:220 - loadIPPluginJar : add tsc
2025-10-23 09:40:00,820 [INFO] IPUIPlugin:80 - create IPUIPlugin
2025-10-23 09:40:00,820 [INFO] PluginManager:220 - loadIPPluginJar : add ucpd
2025-10-23 09:40:00,823 [INFO] IPUIPlugin:80 - create IPUIPlugin
2025-10-23 09:40:00,823 [INFO] PluginManager:220 - loadIPPluginJar : add usart
2025-10-23 09:40:00,826 [INFO] IPUIPlugin:80 - create IPUIPlugin
2025-10-23 09:40:00,826 [INFO] PluginManager:220 - loadIPPluginJar : add usbx
2025-10-23 09:40:00,944 [FATAL] Updater:351 - Updater called before beeing initialized
2025-10-23 09:40:01,024 [INFO] RulesReader:64 - Compatibility file has been processed (317 Rules)
2025-10-23 09:40:01,050 [INFO] RulesReader:64 - Compatibility file has been processed (317 Rules)
2025-10-23 09:40:01,059 [INFO] CADModel:165 - CPN selected for project level
2025-10-23 09:40:01,059 [INFO] CADModel:114 - Register for checkConnection events
2025-10-23 09:40:01,059 [FATAL] Updater:351 - Updater called before beeing initialized
2025-10-23 09:40:01,059 [ERROR] CADModel:125 - Updater not yet initialized, retry later 
2025-10-23 09:40:01,201 [FATAL] Updater:351 - Updater called before beeing initialized
2025-10-23 09:40:01,203 [INFO] CADModel:165 - CPN selected for project level
2025-10-23 09:40:01,203 [INFO] CADModel:114 - Register for checkConnection events
2025-10-23 09:40:01,203 [FATAL] Updater:351 - Updater called before beeing initialized
2025-10-23 09:40:01,203 [ERROR] CADModel:125 - Updater not yet initialized, retry later 
2025-10-23 09:40:01,207 [FATAL] Updater:351 - Updater called before beeing initialized
2025-10-23 09:40:01,322 [FATAL] Updater:351 - Updater called before beeing initialized
2025-10-23 09:40:01,325 [INFO] DbMcusAds:53 - JSON generation date=Thu Oct 02 16:36:05 ICT 2025 (1759397765645)
2025-10-23 09:40:01,325 [FATAL] Updater:351 - Updater called before beeing initialized
2025-10-23 09:40:01,358 [WARN] DetailPanel:346 - Failed to get advertising image, set to default
2025-10-23 09:40:01,421 [FATAL] Updater:351 - Updater called before beeing initialized
2025-10-23 09:40:01,422 [FATAL] Updater:351 - Updater called before beeing initialized
2025-10-23 09:40:01,422 [FATAL] Updater:351 - Updater called before beeing initialized
2025-10-23 09:40:01,422 [WARN] DetailPanel:346 - Failed to get advertising image, set to default
2025-10-23 09:40:01,423 [FATAL] Updater:351 - Updater called before beeing initialized
2025-10-23 09:40:01,457 [ERROR] Updater:1198 - MainUpdater not yet initialized. External WinMGr cannot be set.
2025-10-23 09:40:01,457 [INFO] Updater:1134 - Updater Version found : 6.15.0
2025-10-23 09:40:01,469 [INFO] ApplicationProperties:184 - Using Application install path: D:\WORKSPACE\STM32_WS\STM32CubeIDE_1.14.0\STM32CubeIDE\plugins\com.st.stm32cube.common.mx_6.15.0.202507011659
2025-10-23 09:40:01,723 [INFO] MainUpdater:2872 - connection check result : 22
2025-10-23 09:40:01,723 [INFO] MainUpdater:289 - Updater Check For Update Now.
2025-10-23 09:40:01,724 [INFO] MicroXplorer:498 - Change Database Version : DB.6.0.150
2025-10-23 09:40:01,729 [INFO] McuFinderGlobals:63 - Set McuFinder mode to 2 (CubeIDE integrated)
2025-10-23 09:40:01,731 [INFO] UserAuth:487 - Internet connection configuration mode: 2
2025-10-23 09:40:01,739 [INFO] UserAuth:487 - Internet connection configuration mode: 2
2025-10-23 09:40:01,784 [ERROR] LogOutputStream:75 - [STDERR_REDIRECT] [Fatal Error] STMCheckUpdates.xml:1:1: Content is not allowed in prolog.
2025-10-23 09:40:01,785 [ERROR] LogOutputStream:75 - [STDERR_REDIRECT] 
2025-10-23 09:40:01,786 [ERROR] AbstractXmlFileManage:141 - Content is not allowed in prolog.
2025-10-23 09:40:01,786 [WARN] CheckServerUpdateThread:151 - Open CheckUpdateFile Fail
2025-10-23 09:40:01,919 [INFO] CheckServerUpdateThread:120 - End of CheckServer Thread
2025-10-23 09:40:03,345 [WARN] PackLoader:240 - Cannot read IP mode file for STMicroelectronics.FP-SNS-MOTENVWB1.1.4.0
2025-10-23 09:40:03,357 [WARN] PackLoader:240 - Cannot read IP mode file for STMicroelectronics.FP-ATR-ASTRA1.2.0.2
2025-10-23 09:40:03,364 [WARN] PackLoader:240 - Cannot read IP mode file for STMicroelectronics.X-CUBE-SMBUS.2.1.0
2025-10-23 09:40:03,370 [WARN] PackLoader:240 - Cannot read IP mode file for STMicroelectronics.X-CUBE-ST60.1.0.0
2025-10-23 09:40:03,399 [WARN] PackLoader:240 - Cannot read IP mode file for STMicroelectronics.X-CUBE-AZRTOS-F7.1.1.0
2025-10-23 09:40:03,432 [WARN] PackLoader:240 - Cannot read IP mode file for Infineon.AIROC-Wi-Fi-Bluetooth-STM32.1.7.0
2025-10-23 09:40:03,470 [WARN] PackLoader:240 - Cannot read IP mode file for STMicroelectronics.X-CUBE-AZRTOS-H7.3.4.0
2025-10-23 09:40:03,480 [WARN] PackLoader:240 - Cannot read IP mode file for STMicroelectronics.X-CUBE-DISPLAY.3.0.0
2025-10-23 09:40:03,493 [WARN] PackLoader:240 - Cannot read IP mode file for STMicroelectronics.X-CUBE-NFC10.1.0.0
2025-10-23 09:40:03,504 [WARN] PackLoader:240 - Cannot read IP mode file for STMicroelectronics.X-CUBE-BLEMGR.4.0.0
2025-10-23 09:40:03,510 [WARN] PackLoader:240 - Cannot read IP mode file for STMicroelectronics.X-CUBE-ST60.1.1.0
2025-10-23 09:40:03,515 [WARN] PackLoader:240 - Cannot read IP mode file for emotas.I-CUBE-CANOPEN.1.3.0
2025-10-23 09:40:03,518 [WARN] ConditionMgr:438 - getConditionDescription Invalid condition id : Cortex-A Device cause : null
2025-10-23 09:40:03,528 [WARN] ConditionMgr:1044 - genDependencies : Invalid condition id : Cortex-A Device cause : null
2025-10-23 09:40:03,529 [WARN] ConditionMgr:1044 - genDependencies : Invalid condition id : Cortex-A Device cause : null
2025-10-23 09:40:03,529 [WARN] ConditionMgr:1044 - genDependencies : Invalid condition id : Cortex-A Device cause : null
2025-10-23 09:40:03,534 [WARN] PackLoader:240 - Cannot read IP mode file for STMicroelectronics.FP-SNS-STBOX1.2.1.0
2025-10-23 09:40:03,540 [WARN] PackLoader:240 - Cannot read IP mode file for STMicroelectronics.FP-SNS-SMARTAG2.1.2.0
2025-10-23 09:40:03,544 [WARN] PackLoader:240 - Cannot read IP mode file for STMicroelectronics.FP-SNS-FLIGHT1.5.1.0
2025-10-23 09:40:03,552 [INFO] LogOutputStream:77 - [STDOUT_REDIRECT] 1 : Invalid condition id : UX_CORESTACK_Condition cause : null
2025-10-23 09:40:03,553 [INFO] LogOutputStream:77 - [STDOUT_REDIRECT] 1 : Invalid condition id : UX_CORESTACK_Condition cause : null
2025-10-23 09:40:03,554 [INFO] LogOutputStream:77 - [STDOUT_REDIRECT] 1 : Invalid condition id : UX_CORESTACK_Condition cause : null
2025-10-23 09:40:03,554 [INFO] LogOutputStream:77 - [STDOUT_REDIRECT] 1 : Invalid condition id : UX_CORESTACK_Condition cause : null
2025-10-23 09:40:03,555 [INFO] LogOutputStream:77 - [STDOUT_REDIRECT] 1 : Invalid condition id : UX_CORESTACK_Condition cause : null
2025-10-23 09:40:03,558 [WARN] PackLoader:240 - Cannot read IP mode file for STMicroelectronics.X-CUBE-AZRTOS-WL.2.0.0
2025-10-23 09:40:03,561 [WARN] PackLoader:240 - Cannot read IP mode file for STMicroelectronics.FP-SNS-MOTENV1.5.0.0
2025-10-23 09:40:03,570 [WARN] PackLoader:240 - Cannot read IP mode file for WES.I-CUBE-Cesium.1.3.0
2025-10-23 09:40:03,573 [WARN] PackLoader:240 - Cannot read IP mode file for STMicroelectronics.X-CUBE-BLE2.3.3.0
2025-10-23 09:40:03,580 [WARN] PackLoader:240 - Cannot read IP mode file for STMicroelectronics.X-CUBE-NFC9.1.0.0
2025-10-23 09:40:03,588 [WARN] PackLoader:240 - Cannot read IP mode file for wolfSSL.I-CUBE-wolfSSL.5.8.0
2025-10-23 09:40:03,594 [WARN] PackLoader:240 - Cannot read IP mode file for STMicroelectronics.X-CUBE-BLE1.7.1.0
2025-10-23 09:40:03,600 [WARN] PackLoader:240 - Cannot read IP mode file for wolfSSL.I-CUBE-wolfMQTT.1.19.2
2025-10-23 09:40:03,607 [WARN] PackLoader:240 - Cannot read IP mode file for STMicroelectronics.X-CUBE-EEPRMA1.5.2.0
2025-10-23 09:40:03,616 [WARN] PackLoader:240 - Cannot read IP mode file for STMicroelectronics.X-CUBE-ST67W61.1.1.0
2025-10-23 09:40:03,623 [WARN] PackLoader:240 - Cannot read IP mode file for STMicroelectronics.X-CUBE-AI.10.1.0
2025-10-23 09:40:03,641 [WARN] PackLoader:240 - Cannot read IP mode file for STMicroelectronics.X-CUBE-AZRTOS-G0.1.1.0
2025-10-23 09:40:03,648 [WARN] PackLoader:240 - Cannot read IP mode file for STMicroelectronics.X-CUBE-SAFEA1.1.2.2
2025-10-23 09:40:03,653 [WARN] PackLoader:240 - Cannot read IP mode file for STMicroelectronics.X-CUBE-NFC4.3.0.0
2025-10-23 09:40:03,661 [WARN] PackLoader:240 - Cannot read IP mode file for EmbeddedOffice.I-CUBE-FS-RTOS.1.0.1
2025-10-23 09:40:03,665 [WARN] PackLoader:240 - Cannot read IP mode file for STMicroelectronics.X-CUBE-WB05N.2.0.0
2025-10-23 09:40:03,668 [WARN] PackLoader:240 - Cannot read IP mode file for wolfSSL.I-CUBE-wolfTPM.3.8.0
2025-10-23 09:40:03,672 [WARN] PackLoader:240 - Cannot read IP mode file for STMicroelectronics.X-CUBE-TCPP.4.2.0
2025-10-23 09:40:03,677 [WARN] PackLoader:240 - Cannot read IP mode file for RealThread.X-CUBE-RT-Thread_Nano.4.1.1
2025-10-23 09:40:03,681 [WARN] PackLoader:240 - Cannot read IP mode file for STMicroelectronics.FP-ATR-SIGFOX1.3.2.0
2025-10-23 09:40:03,686 [WARN] PackLoader:240 - Cannot read IP mode file for STMicroelectronics.X-CUBE-EEPRMA1.5.1.0
2025-10-23 09:40:03,692 [WARN] PackLoader:240 - Cannot read IP mode file for ITTIA_DB.I-CUBE-ITTIADB.8.9.0
2025-10-23 09:40:03,697 [WARN] PackLoader:240 - Cannot read IP mode file for STMicroelectronics.X-CUBE-ST67W61.1.0.0
2025-10-23 09:40:03,701 [WARN] PackLoader:240 - Cannot read IP mode file for STMicroelectronics.X-CUBE-AI.10.2.0
2025-10-23 09:40:03,737 [WARN] PackLoader:240 - Cannot read IP mode file for SEGGER.I-CUBE-embOS.1.3.1
2025-10-23 09:40:03,769 [WARN] PackLoader:240 - Cannot read IP mode file for STMicroelectronics.X-CUBE-ALGOBUILD.1.4.0
2025-10-23 09:40:03,804 [WARN] PackLoader:240 - Cannot read IP mode file for STMicroelectronics.X-CUBE-MEMS1.11.3.0
2025-10-23 09:40:03,910 [WARN] PackLoader:240 - Cannot read IP mode file for STMicroelectronics.X-CUBE-PM33A1.1.0.0
2025-10-23 09:40:03,924 [WARN] PackLoader:240 - Cannot read IP mode file for STMicroelectronics.X-CUBE-AZRTOS-F4.1.1.0
2025-10-23 09:40:03,932 [WARN] PackLoader:240 - Cannot read IP mode file for Avnet-IotConnect.X-CUBE-IoTC-DA16k-PMOD.1.0.0
2025-10-23 09:40:03,936 [WARN] PackLoader:240 - Cannot read IP mode file for STMicroelectronics.X-CUBE-ISPU.2.1.0
2025-10-23 09:40:03,952 [WARN] PackLoader:240 - Cannot read IP mode file for STMicroelectronics.X-CUBE-IPS.3.2.0
2025-10-23 09:40:03,966 [WARN] PackLoader:240 - Cannot read IP mode file for STMicroelectronics.X-CUBE-NFC12.1.0.0
2025-10-23 09:40:03,988 [WARN] PackLoader:240 - Cannot read IP mode file for STMicroelectronics.X-CUBE-AZRTOS-L5.2.0.0
2025-10-23 09:40:04,019 [WARN] PackLoader:240 - Cannot read IP mode file for STMicroelectronics.X-CUBE-NFC6.3.1.0
2025-10-23 09:40:04,066 [WARN] PackLoader:240 - Cannot read IP mode file for STMicroelectronics.X-CUBE-FREERTOS.1.3.1
2025-10-23 09:40:04,072 [WARN] PackLoader:240 - Cannot read IP mode file for STMicroelectronics.X-CUBE-TOUCHGFX.4.26.0
2025-10-23 09:40:04,078 [WARN] PackLoader:240 - Cannot read IP mode file for STMicroelectronics.FP-SNS-STAIOTCFT.1.0.0
2025-10-23 09:40:04,086 [WARN] PackLoader:240 - Cannot read IP mode file for STMicroelectronics.X-CUBE-DPower.1.3.0
2025-10-23 09:40:04,101 [WARN] ConditionMgr:438 - getConditionDescription Invalid condition id : LAN8742 Phy interface Condition cause : null
2025-10-23 09:40:04,102 [WARN] PackLoader:240 - Cannot read IP mode file for STMicroelectronics.X-CUBE-AZRTOS-L4.2.0.0
2025-10-23 09:40:04,103 [WARN] ConditionMgr:1044 - genDependencies : Invalid condition id : LAN8742 Phy interface Condition cause : null
2025-10-23 09:40:04,103 [WARN] ConditionMgr:1044 - genDependencies : Invalid condition id : LAN8742 Phy interface Condition cause : null
2025-10-23 09:40:04,104 [WARN] ConditionMgr:1044 - genDependencies : Invalid condition id : LAN8742 Phy interface Condition cause : null
2025-10-23 09:40:04,112 [WARN] PackLoader:240 - Cannot read IP mode file for STMicroelectronics.X-CUBE-SFXS2LP1.4.0.0
2025-10-23 09:40:04,131 [WARN] PackLoader:240 - Cannot read IP mode file for STMicroelectronics.X-CUBE-AZRTOS-H7.3.3.0
2025-10-23 09:40:04,145 [WARN] PackLoader:240 - Cannot read IP mode file for STMicroelectronics.X-CUBE-BLEMGR.4.1.0
2025-10-23 09:40:04,165 [WARN] ConditionMgr:438 - getConditionDescription Invalid condition id : UX DEVICE CLASS RTOS Condition cause : null
2025-10-23 09:40:04,165 [WARN] ConditionMgr:438 - getConditionDescription Invalid condition id : UX DEVICE CLASS RTOS Condition cause : null
2025-10-23 09:40:04,168 [WARN] PackLoader:240 - Cannot read IP mode file for STMicroelectronics.X-CUBE-AZRTOS-WB.2.0.0
2025-10-23 09:40:04,169 [WARN] ConditionMgr:1044 - genDependencies : Invalid condition id : UX DEVICE CLASS RTOS Condition cause : null
2025-10-23 09:40:04,169 [WARN] ConditionMgr:1044 - genDependencies : Invalid condition id : UX DEVICE CLASS RTOS Condition cause : null
2025-10-23 09:40:04,169 [WARN] ConditionMgr:1044 - genDependencies : Invalid condition id : UX DEVICE CLASS RTOS Condition cause : null
2025-10-23 09:40:04,169 [WARN] ConditionMgr:1044 - genDependencies : Invalid condition id : UX DEVICE CLASS RTOS Condition cause : null
2025-10-23 09:40:04,169 [WARN] ConditionMgr:1044 - genDependencies : Invalid condition id : UX DEVICE CLASS RTOS Condition cause : null
2025-10-23 09:40:04,176 [WARN] PackLoader:240 - Cannot read IP mode file for STMicroelectronics.X-CUBE-GNSS1.7.0.1
2025-10-23 09:40:04,180 [WARN] PackLoader:240 - Cannot read IP mode file for STMicroelectronics.X-CUBE-TOUCHGFX.4.25.0
2025-10-23 09:40:04,185 [WARN] PackLoader:240 - Cannot read IP mode file for STMicroelectronics.FP-SNS-STBOX1.2.0.0
2025-10-23 09:40:04,197 [WARN] PackLoader:240 - Cannot read IP mode file for STMicroelectronics.X-CUBE-SUBG2.5.0.0
2025-10-23 09:40:04,218 [WARN] PackLoader:240 - Cannot read IP mode file for STMicroelectronics.X-CUBE-AZRTOS-H7RS.1.1.0
2025-10-23 09:40:04,224 [WARN] PackLoader:240 - Cannot read IP mode file for Cesanta.I-CUBE-Mongoose.7.13.0
2025-10-23 09:40:04,235 [WARN] PackLoader:240 - Cannot read IP mode file for STMicroelectronics.X-CUBE-AZRTOS-G4.2.0.0
2025-10-23 09:40:04,240 [WARN] PackLoader:240 - Cannot read IP mode file for wolfSSL.I-CUBE-wolfSSH.1.4.20
2025-10-23 09:40:04,244 [WARN] PackLoader:240 - Cannot read IP mode file for STMicroelectronics.X-CUBE-NFC7.2.0.0
2025-10-23 09:40:04,259 [WARN] PackLoader:240 - Cannot read IP mode file for STMicroelectronics.X-CUBE-IPS.3.1.0
2025-10-23 09:40:04,268 [WARN] PackLoader:240 - Cannot read IP mode file for STMicroelectronics.X-CUBE-ALS.1.0.2
2025-10-23 09:40:04,276 [WARN] PackLoader:240 - Cannot read IP mode file for STMicroelectronics.X-CUBE-STSE01.1.0.0
2025-10-23 09:40:04,281 [WARN] PackLoader:240 - Cannot read IP mode file for portGmbH.I-Cube-SoM-uGOAL.1.1.0
2025-10-23 09:40:04,289 [WARN] PackLoader:240 - Cannot read IP mode file for STMicroelectronics.X-CUBE-TOF1.3.4.3
2025-10-23 09:40:04,297 [INFO] ThirdParty:978 - Integrity check success = true
2025-10-23 09:40:04,298 [INFO] IntegrityCheckThread:100 - exiting critical section [integrity check]
2025-10-23 09:40:04,298 [INFO] IntegrityCheckThread:103 - End integrity checks thread
2025-10-23 09:42:59,135 [INFO] McuFinderGlobals:63 - Set McuFinder mode to 2 (CubeIDE integrated)
2025-10-23 09:42:59,144 [INFO] MainUpdater:2872 - connection check result : 22
2025-10-23 09:42:59,147 [INFO] MainUpdater:2872 - connection check result : 22
2025-10-23 09:43:02,252 [INFO] MainUpdater:2872 - connection check result : 22
2025-10-23 09:43:11,545 [INFO] MainUpdater:2872 - connection check result : 22
2025-10-23 09:43:19,231 [INFO] MainUpdater:2872 - connection check result : 22
2025-10-23 09:43:19,238 [INFO] MainUpdater:2872 - connection check result : 22
2025-10-23 09:43:21,208 [INFO] MainUpdater:2872 - connection check result : 22
2025-10-23 09:43:21,215 [INFO] MainUpdater:2872 - connection check result : 22
2025-10-23 09:43:22,909 [INFO] MainUpdater:2872 - connection check result : 22
2025-10-23 09:43:25,443 [INFO] MainUpdater:2872 - connection check result : 22
2025-10-23 09:43:28,573 [INFO] MicroXplorer:468 - Change Database Path : 
2025-10-23 09:43:28,573 [INFO] MicroXplorer:498 - Change Database Version : DB.6.0.150
2025-10-23 09:43:28,580 [WARN] ThirdParty:871 - waiting for thirdparty lock release [close project]
2025-10-23 09:43:28,581 [INFO] ThirdParty:873 - entering critical section [close project]
2025-10-23 09:43:28,582 [INFO] ThirdParty:883 - exiting critical section [close project]
2025-10-23 09:43:28,587 [INFO] PinOutPanel:1589 - setPackage(No Configuration,No Configuration)
2025-10-23 09:43:28,591 [INFO] UtilMem:75 - Begin LoadConfig() Used Memory: 185991672 Bytes (384827392)
2025-10-23 09:43:28,602 [INFO] MicroXplorer:468 - Change Database Path : C:/Users/ASUS/.stm32cubemx/databases/DB.6.0.100/db/
2025-10-23 09:43:28,603 [INFO] MicroXplorer:498 - Change Database Version : DB.6.0.100
2025-10-23 10:05:53,007 [INFO] Activator:176 - 


2025-10-23 10:05:53,009 [INFO] Activator:177 - !SESSION log4j initialized
2025-10-23 10:05:58,805 [INFO] LogOutputStream:77 - [STDOUT_REDIRECT] 
2025-10-23 10:06:09,410 [INFO] ApplicationProperties:184 - Using Application install path: D:\WORKSPACE\STM32_WS\STM32CubeIDE_1.14.0\STM32CubeIDE\plugins\com.st.stm32cube.common.mx_6.15.0.202507011659
2025-10-23 10:06:09,434 [INFO] DbMcusXml:78 - Set database path to: D:\WORKSPACE\STM32_WS\STM32CubeIDE_1.14.0\STM32CubeIDE\plugins\com.st.stm32cube.common.mx_6.15.0.202507011659\\db\/mcu/
2025-10-23 10:06:09,434 [INFO] ApiDb:274 - Set plugin database path to: D:\WORKSPACE\STM32_WS\STM32CubeIDE_1.14.0\STM32CubeIDE\plugins\com.st.stm32cube.common.mx_6.15.0.202507011659\\db\/plugins/boardmanager/
2025-10-23 10:06:09,434 [WARN] ApiDb:259 - Overriding images path with different value:  => D:\WORKSPACE\STM32_WS\STM32CubeIDE_1.14.0\STM32CubeIDE\plugins\com.st.stm32cube.common.mx_6.15.0.202507011659\\db\/plugins/mcufinder/images/
2025-10-23 10:06:09,441 [INFO] ApiDb:250 - Set database path to: C:\Users\ASUS\.stmcufinder\plugins\mcufinder//mcu/
2025-10-23 10:06:09,441 [INFO] DbMcusAds:125 - Set database path to: C:\Users\ASUS\.stmcufinder\plugins\mcufinder//mcu/
2025-10-23 10:06:09,441 [INFO] CrossReferenceDbSqlite:203 - Set database path to: C:\Users\ASUS\.stmcufinder\plugins\mcufinder//mcu/cs/
2025-10-23 10:06:09,788 [INFO] RulesReader:64 - Compatibility file has been processed (317 Rules)
2025-10-23 10:06:09,894 [INFO] DbMcusXml:78 - Set database path to: D:\WORKSPACE\STM32_WS\STM32CubeIDE_1.14.0\STM32CubeIDE\plugins\com.st.stm32cube.common.mx_6.15.0.202507011659\\db\/mcu/
2025-10-23 10:06:09,894 [INFO] ApiDb:274 - Set plugin database path to: D:\WORKSPACE\STM32_WS\STM32CubeIDE_1.14.0\STM32CubeIDE\plugins\com.st.stm32cube.common.mx_6.15.0.202507011659\\db\/plugins/boardmanager/
2025-10-23 10:06:09,894 [INFO] ApiDb:261 - Set plugin images path to: D:\WORKSPACE\STM32_WS\STM32CubeIDE_1.14.0\STM32CubeIDE\plugins\com.st.stm32cube.common.mx_6.15.0.202507011659\\db\/plugins/mcufinder/images/
2025-10-23 10:06:09,894 [WARN] DbFile:41 - Overriding database path with different value: C:\Users\ASUS\.stmcufinder\plugins\mcufinder/ => C:\Users\ASUS\.stmcufinder\plugins\mcufinder
2025-10-23 10:06:09,894 [INFO] ApiDb:250 - Set database path to: C:\Users\ASUS\.stmcufinder\plugins\mcufinder//mcu/
2025-10-23 10:06:09,894 [WARN] DbFile:41 - Overriding database path with different value: C:\Users\ASUS\.stmcufinder\plugins\mcufinder/ => C:\Users\ASUS\.stmcufinder\plugins\mcufinder
2025-10-23 10:06:09,894 [INFO] DbMcusAds:125 - Set database path to: C:\Users\ASUS\.stmcufinder\plugins\mcufinder//mcu/
2025-10-23 10:06:09,894 [WARN] DbFile:41 - Overriding database path with different value: C:\Users\ASUS\.stmcufinder\plugins\mcufinder/ => C:\Users\ASUS\.stmcufinder\plugins\mcufinder
2025-10-23 10:06:09,894 [WARN] DbFile:41 - Overriding database path with different value: C:\Users\ASUS\.stmcufinder\plugins\mcufinder/ => C:\Users\ASUS\.stmcufinder\plugins\mcufinder
2025-10-23 10:06:09,894 [INFO] CrossReferenceDbSqlite:203 - Set database path to: C:\Users\ASUS\.stmcufinder\plugins\mcufinder//mcu/cs/
2025-10-23 10:06:10,014 [INFO] MainPanel:274 - HeapMemory: 268435456
2025-10-23 10:06:10,162 [INFO] DbMcusXml:78 - Set database path to: D:\WORKSPACE\STM32_WS\STM32CubeIDE_1.14.0\STM32CubeIDE\plugins\com.st.stm32cube.common.mx_6.15.0.202507011659\\db\/mcu/
2025-10-23 10:06:10,162 [INFO] ApiDb:274 - Set plugin database path to: D:\WORKSPACE\STM32_WS\STM32CubeIDE_1.14.0\STM32CubeIDE\plugins\com.st.stm32cube.common.mx_6.15.0.202507011659\\db\/plugins/boardmanager/
2025-10-23 10:06:10,162 [INFO] ApiDb:261 - Set plugin images path to: D:\WORKSPACE\STM32_WS\STM32CubeIDE_1.14.0\STM32CubeIDE\plugins\com.st.stm32cube.common.mx_6.15.0.202507011659\\db\/plugins/mcufinder/images/
2025-10-23 10:06:10,162 [WARN] DbFile:41 - Overriding database path with different value: C:\Users\ASUS\.stmcufinder\plugins\mcufinder/ => C:\Users\ASUS\.stmcufinder\plugins\mcufinder
2025-10-23 10:06:10,162 [INFO] ApiDb:250 - Set database path to: C:\Users\ASUS\.stmcufinder\plugins\mcufinder//mcu/
2025-10-23 10:06:10,162 [WARN] DbFile:41 - Overriding database path with different value: C:\Users\ASUS\.stmcufinder\plugins\mcufinder/ => C:\Users\ASUS\.stmcufinder\plugins\mcufinder
2025-10-23 10:06:10,162 [INFO] DbMcusAds:125 - Set database path to: C:\Users\ASUS\.stmcufinder\plugins\mcufinder//mcu/
2025-10-23 10:06:10,162 [WARN] DbFile:41 - Overriding database path with different value: C:\Users\ASUS\.stmcufinder\plugins\mcufinder/ => C:\Users\ASUS\.stmcufinder\plugins\mcufinder
2025-10-23 10:06:10,162 [WARN] DbFile:41 - Overriding database path with different value: C:\Users\ASUS\.stmcufinder\plugins\mcufinder/ => C:\Users\ASUS\.stmcufinder\plugins\mcufinder
2025-10-23 10:06:10,162 [INFO] CrossReferenceDbSqlite:203 - Set database path to: C:\Users\ASUS\.stmcufinder\plugins\mcufinder//mcu/cs/
2025-10-23 10:06:10,182 [INFO] ApplicationProperties:184 - Using Application install path: D:\WORKSPACE\STM32_WS\STM32CubeIDE_1.14.0\STM32CubeIDE\plugins\com.st.stm32cube.common.mx_6.15.0.202507011659
2025-10-23 10:06:10,182 [INFO] PluginManage:196 - Search for loadable plugins [exclusion list=, ]
2025-10-23 10:06:10,182 [INFO] PluginManage:310 - Check plugin analytics
2025-10-23 10:06:10,407 [INFO] AnalyticsPlugin:253 - Accepted Software Licenses: STM32CubeMX.6.15.0
2025-10-23 10:06:10,409 [INFO] AnalyticsPlugin:255 - Accepted CMSIS Pack Licenses: 
2025-10-23 10:06:10,409 [INFO] AnalyticsPlugin:257 - Accepted Firmware Licenses: FW.F4.1.28.0
2025-10-23 10:06:10,414 [INFO] PluginManage:359 - Loaded plugin analytics (category:tool,tabindex:-1)
2025-10-23 10:06:10,416 [INFO] PluginManage:310 - Check plugin cadmodel
2025-10-23 10:06:10,423 [INFO] CADModel:105 - Init CAD model plugin
2025-10-23 10:06:10,423 [INFO] PluginManage:359 - Loaded plugin cadmodel (category:power,tabindex:5)
2025-10-23 10:06:10,423 [INFO] PluginManage:310 - Check plugin clock
2025-10-23 10:06:10,438 [INFO] PluginManage:359 - Loaded plugin clock (category:base,tabindex:2)
2025-10-23 10:06:10,438 [INFO] PluginManage:310 - Check plugin ddr
2025-10-23 10:06:10,440 [INFO] PluginManage:359 - Loaded plugin ddr (category:tool,tabindex:6)
2025-10-23 10:06:10,440 [INFO] PluginManage:310 - Check plugin filemanager
2025-10-23 10:06:10,643 [INFO] PluginManage:359 - Loaded plugin filemanager (category:base,tabindex:10)
2025-10-23 10:06:10,643 [INFO] PluginManage:310 - Check plugin ipmanager
2025-10-23 10:06:10,655 [INFO] PluginManage:359 - Loaded plugin ipmanager (category:base,tabindex:5)
2025-10-23 10:06:10,655 [INFO] PluginManage:310 - Check plugin lpbam
2025-10-23 10:06:10,664 [INFO] PluginManage:359 - Loaded plugin lpbam (category:base,tabindex:0)
2025-10-23 10:06:10,664 [INFO] PluginManage:310 - Check plugin memorymap
2025-10-23 10:06:10,680 [INFO] PluginManage:359 - Loaded plugin memorymap (category:base,tabindex:4)
2025-10-23 10:06:10,680 [INFO] PluginManage:310 - Check plugin pinoutandconfiguration
2025-10-23 10:06:10,690 [INFO] PluginManage:359 - Loaded plugin pinoutandconfiguration (category:base,tabindex:1)
2025-10-23 10:06:10,690 [INFO] PluginManage:310 - Check plugin pinoutconfig
2025-10-23 10:06:10,812 [WARN] SupportedApi:132 - Cannot load RTOS API schema: s4s-elt-must-match.1: The content of 'definitions' must match (annotation?, (simpleType | complexType)?, (unique | key | keyref)*)). A problem was found starting at: attribute.
2025-10-23 10:06:10,946 [INFO] PluginManage:359 - Loaded plugin pinoutconfig (category:base,tabindex:0)
2025-10-23 10:06:10,946 [INFO] PluginManage:310 - Check plugin power
2025-10-23 10:06:10,957 [INFO] PluginManage:359 - Loaded plugin power (category:power,tabindex:4)
2025-10-23 10:06:10,957 [INFO] PluginManage:310 - Check plugin projectmanager
2025-10-23 10:06:10,971 [INFO] PluginManage:359 - Loaded plugin projectmanager (category:projectmanager,tabindex:4)
2025-10-23 10:06:10,971 [INFO] PluginManage:310 - Check plugin rif
2025-10-23 10:06:10,981 [INFO] PluginManage:359 - Loaded plugin rif (category:base,tabindex:3)
2025-10-23 10:06:10,983 [INFO] PluginManage:310 - Check plugin thirdparty
2025-10-23 10:06:11,123 [INFO] PluginManage:359 - Loaded plugin thirdparty (category:base,tabindex:-1)
2025-10-23 10:06:11,123 [INFO] PluginManage:310 - Check plugin tools
2025-10-23 10:06:11,123 [WARN] IntegrityCheckThread:84 - waiting for thirdparty lock release [integrity check]
2025-10-23 10:06:11,123 [INFO] IntegrityCheckThread:86 - entering critical section [integrity check]
2025-10-23 10:06:11,123 [INFO] ThirdPartyUpdaterWithRetryManager:70 - Updater plugin not ready yet. [1/15]
2025-10-23 10:06:11,125 [INFO] PluginManage:359 - Loaded plugin tools (category:base,tabindex:7)
2025-10-23 10:06:11,125 [INFO] PluginManage:310 - Check plugin tutovideos
2025-10-23 10:06:11,357 [INFO] PluginManage:359 - Loaded plugin tutovideos (category:base,tabindex:-1)
2025-10-23 10:06:11,357 [INFO] PluginManage:310 - Check plugin updater
2025-10-23 10:06:11,382 [INFO] PluginManage:359 - Loaded plugin updater (category:base,tabindex:12)
2025-10-23 10:06:11,382 [INFO] PluginManage:310 - Check plugin userauth
2025-10-23 10:06:11,388 [INFO] UserAuth:118 - Init User Auth plugin
2025-10-23 10:06:11,388 [INFO] PluginManage:359 - Loaded plugin userauth (category:base,tabindex:14)
2025-10-23 10:06:11,388 [INFO] PluginManage:283 - PluginManage : Loaded plugins [18]
2025-10-23 10:06:11,700 [INFO] PinOutPanel:1589 - setPackage(No Configuration,No Configuration)
2025-10-23 10:06:11,797 [INFO] CADModel:165 - CPN selected for project level
2025-10-23 10:06:11,797 [INFO] CADModel:114 - Register for checkConnection events
2025-10-23 10:06:11,829 [INFO] IPUIPlugin:80 - create IPUIPlugin
2025-10-23 10:06:11,829 [INFO] PluginManager:220 - loadIPPluginJar : add adc
2025-10-23 10:06:11,829 [INFO] IPUIPlugin:80 - create IPUIPlugin
2025-10-23 10:06:11,829 [INFO] PluginManager:220 - loadIPPluginJar : add aes
2025-10-23 10:06:11,829 [INFO] IPUIPlugin:80 - create IPUIPlugin
2025-10-23 10:06:11,829 [INFO] PluginManager:220 - loadIPPluginJar : add can
2025-10-23 10:06:11,829 [INFO] IPUIPlugin:80 - create IPUIPlugin
2025-10-23 10:06:11,829 [INFO] PluginManager:220 - loadIPPluginJar : add comp
2025-10-23 10:06:11,829 [INFO] IPUIPlugin:80 - create IPUIPlugin
2025-10-23 10:06:11,829 [INFO] PluginManager:220 - loadIPPluginJar : add cryp
2025-10-23 10:06:11,845 [INFO] IPUIPlugin:80 - create IPUIPlugin
2025-10-23 10:06:11,845 [INFO] PluginManager:220 - loadIPPluginJar : add ddr_ctrl_phy
2025-10-23 10:06:11,845 [INFO] IPUIPlugin:80 - create IPUIPlugin
2025-10-23 10:06:11,845 [INFO] PluginManager:220 - loadIPPluginJar : add dfsdm
2025-10-23 10:06:11,856 [INFO] IPUIPlugin:80 - create IPUIPlugin
2025-10-23 10:06:11,858 [INFO] PluginManager:220 - loadIPPluginJar : add dma
2025-10-23 10:06:11,860 [INFO] IPUIPlugin:80 - create IPUIPlugin
2025-10-23 10:06:11,862 [INFO] PluginManager:220 - loadIPPluginJar : add dma3
2025-10-23 10:06:11,862 [INFO] IPUIPlugin:80 - create IPUIPlugin
2025-10-23 10:06:11,862 [INFO] PluginManager:220 - loadIPPluginJar : add extmemmanager
2025-10-23 10:06:11,866 [INFO] IPUIPlugin:80 - create IPUIPlugin
2025-10-23 10:06:11,866 [INFO] PluginManager:220 - loadIPPluginJar : add fatfs
2025-10-23 10:06:11,866 [INFO] IPUIPlugin:80 - create IPUIPlugin
2025-10-23 10:06:11,866 [INFO] PluginManager:220 - loadIPPluginJar : add fmc
2025-10-23 10:06:11,879 [INFO] IPUIPlugin:80 - create IPUIPlugin
2025-10-23 10:06:11,879 [INFO] PluginManager:220 - loadIPPluginJar : add freertos
2025-10-23 10:06:11,879 [INFO] IPUIPlugin:80 - create IPUIPlugin
2025-10-23 10:06:11,879 [INFO] PluginManager:220 - loadIPPluginJar : add genericplugin
2025-10-23 10:06:11,888 [INFO] IPUIPlugin:80 - create IPUIPlugin
2025-10-23 10:06:11,888 [INFO] PluginManager:220 - loadIPPluginJar : add gfxmmu
2025-10-23 10:06:11,892 [INFO] IPUIPlugin:80 - create IPUIPlugin
2025-10-23 10:06:11,892 [INFO] PluginManager:220 - loadIPPluginJar : add gic
2025-10-23 10:06:11,901 [INFO] IPUIPlugin:80 - create IPUIPlugin
2025-10-23 10:06:11,901 [INFO] PluginManager:220 - loadIPPluginJar : add gpio
2025-10-23 10:06:11,905 [INFO] IPUIPlugin:80 - create IPUIPlugin
2025-10-23 10:06:11,905 [INFO] PluginManager:220 - loadIPPluginJar : add gtzc
2025-10-23 10:06:11,907 [INFO] IPUIPlugin:80 - create IPUIPlugin
2025-10-23 10:06:11,909 [INFO] PluginManager:220 - loadIPPluginJar : add hash
2025-10-23 10:06:11,911 [INFO] IPUIPlugin:80 - create IPUIPlugin
2025-10-23 10:06:11,913 [INFO] PluginManager:220 - loadIPPluginJar : add i2c
2025-10-23 10:06:11,915 [INFO] IPUIPlugin:80 - create IPUIPlugin
2025-10-23 10:06:11,915 [INFO] PluginManager:220 - loadIPPluginJar : add i2s
2025-10-23 10:06:11,919 [INFO] IPUIPlugin:80 - create IPUIPlugin
2025-10-23 10:06:11,919 [INFO] PluginManager:220 - loadIPPluginJar : add i3c
2025-10-23 10:06:11,923 [INFO] IPUIPlugin:80 - create IPUIPlugin
2025-10-23 10:06:11,923 [INFO] PluginManager:220 - loadIPPluginJar : add ipddr
2025-10-23 10:06:11,930 [INFO] IPUIPlugin:80 - create IPUIPlugin
2025-10-23 10:06:11,930 [INFO] PluginManager:220 - loadIPPluginJar : add linkedlist
2025-10-23 10:06:11,935 [INFO] IPUIPlugin:80 - create IPUIPlugin
2025-10-23 10:06:11,935 [INFO] PluginManager:220 - loadIPPluginJar : add lorawan
2025-10-23 10:06:11,935 [INFO] IPUIPlugin:80 - create IPUIPlugin
2025-10-23 10:06:11,935 [INFO] PluginManager:220 - loadIPPluginJar : add ltdc
2025-10-23 10:06:11,939 [INFO] IPUIPlugin:80 - create IPUIPlugin
2025-10-23 10:06:11,939 [INFO] PluginManager:220 - loadIPPluginJar : add mdma
2025-10-23 10:06:11,939 [INFO] IPUIPlugin:80 - create IPUIPlugin
2025-10-23 10:06:11,939 [INFO] PluginManager:220 - loadIPPluginJar : add nvic
2025-10-23 10:06:11,939 [INFO] IPUIPlugin:80 - create IPUIPlugin
2025-10-23 10:06:11,939 [INFO] PluginManager:220 - loadIPPluginJar : add opamp
2025-10-23 10:06:11,955 [INFO] IPUIPlugin:80 - create IPUIPlugin
2025-10-23 10:06:11,955 [INFO] PluginManager:220 - loadIPPluginJar : add openamp
2025-10-23 10:06:11,955 [INFO] IPUIPlugin:80 - create IPUIPlugin
2025-10-23 10:06:11,955 [INFO] PluginManager:220 - loadIPPluginJar : add pdm2pcm
2025-10-23 10:06:11,964 [INFO] IPUIPlugin:80 - create IPUIPlugin
2025-10-23 10:06:11,966 [INFO] PluginManager:220 - loadIPPluginJar : add plateformsettings
2025-10-23 10:06:11,968 [INFO] IPUIPlugin:80 - create IPUIPlugin
2025-10-23 10:06:11,968 [INFO] PluginManager:220 - loadIPPluginJar : add quadspi
2025-10-23 10:06:11,968 [INFO] IPUIPlugin:80 - create IPUIPlugin
2025-10-23 10:06:11,968 [INFO] PluginManager:220 - loadIPPluginJar : add radio
2025-10-23 10:06:11,971 [INFO] IPUIPlugin:80 - create IPUIPlugin
2025-10-23 10:06:11,971 [INFO] PluginManager:220 - loadIPPluginJar : add resmgrutility
2025-10-23 10:06:11,971 [INFO] IPUIPlugin:80 - create IPUIPlugin
2025-10-23 10:06:11,971 [INFO] PluginManager:220 - loadIPPluginJar : add sai
2025-10-23 10:06:11,980 [INFO] IPUIPlugin:80 - create IPUIPlugin
2025-10-23 10:06:11,980 [INFO] PluginManager:220 - loadIPPluginJar : add spi
2025-10-23 10:06:11,985 [INFO] IPUIPlugin:80 - create IPUIPlugin
2025-10-23 10:06:11,985 [INFO] PluginManager:220 - loadIPPluginJar : add stm32_wpan
2025-10-23 10:06:11,987 [INFO] IPUIPlugin:80 - create IPUIPlugin
2025-10-23 10:06:11,987 [INFO] PluginManager:220 - loadIPPluginJar : add tim
2025-10-23 10:06:11,991 [INFO] IPUIPlugin:80 - create IPUIPlugin
2025-10-23 10:06:11,991 [INFO] PluginManager:220 - loadIPPluginJar : add touchsensing
2025-10-23 10:06:11,993 [INFO] IPUIPlugin:80 - create IPUIPlugin
2025-10-23 10:06:11,995 [INFO] PluginManager:220 - loadIPPluginJar : add tracer_emb
2025-10-23 10:06:11,997 [INFO] IPUIPlugin:80 - create IPUIPlugin
2025-10-23 10:06:11,997 [INFO] PluginManager:220 - loadIPPluginJar : add ts
2025-10-23 10:06:11,999 [INFO] IPUIPlugin:80 - create IPUIPlugin
2025-10-23 10:06:11,999 [INFO] PluginManager:220 - loadIPPluginJar : add tsc
2025-10-23 10:06:12,001 [INFO] IPUIPlugin:80 - create IPUIPlugin
2025-10-23 10:06:12,001 [INFO] PluginManager:220 - loadIPPluginJar : add ucpd
2025-10-23 10:06:12,003 [INFO] IPUIPlugin:80 - create IPUIPlugin
2025-10-23 10:06:12,003 [INFO] PluginManager:220 - loadIPPluginJar : add usart
2025-10-23 10:06:12,008 [INFO] IPUIPlugin:80 - create IPUIPlugin
2025-10-23 10:06:12,008 [INFO] PluginManager:220 - loadIPPluginJar : add usbx
2025-10-23 10:06:12,145 [FATAL] Updater:351 - Updater called before beeing initialized
2025-10-23 10:06:12,181 [INFO] RulesReader:64 - Compatibility file has been processed (317 Rules)
2025-10-23 10:06:12,193 [INFO] RulesReader:64 - Compatibility file has been processed (317 Rules)
2025-10-23 10:06:12,193 [INFO] CADModel:165 - CPN selected for project level
2025-10-23 10:06:12,193 [INFO] CADModel:114 - Register for checkConnection events
2025-10-23 10:06:12,193 [FATAL] Updater:351 - Updater called before beeing initialized
2025-10-23 10:06:12,193 [ERROR] CADModel:125 - Updater not yet initialized, retry later 
2025-10-23 10:06:12,382 [FATAL] Updater:351 - Updater called before beeing initialized
2025-10-23 10:06:12,382 [INFO] CADModel:165 - CPN selected for project level
2025-10-23 10:06:12,382 [INFO] CADModel:114 - Register for checkConnection events
2025-10-23 10:06:12,382 [FATAL] Updater:351 - Updater called before beeing initialized
2025-10-23 10:06:12,382 [ERROR] CADModel:125 - Updater not yet initialized, retry later 
2025-10-23 10:06:12,393 [FATAL] Updater:351 - Updater called before beeing initialized
2025-10-23 10:06:12,511 [FATAL] Updater:351 - Updater called before beeing initialized
2025-10-23 10:06:12,511 [INFO] DbMcusAds:53 - JSON generation date=Thu Oct 02 16:36:05 ICT 2025 (1759397765645)
2025-10-23 10:06:12,511 [FATAL] Updater:351 - Updater called before beeing initialized
2025-10-23 10:06:12,556 [WARN] DetailPanel:346 - Failed to get advertising image, set to default
2025-10-23 10:06:12,633 [FATAL] Updater:351 - Updater called before beeing initialized
2025-10-23 10:06:12,634 [FATAL] Updater:351 - Updater called before beeing initialized
2025-10-23 10:06:12,634 [FATAL] Updater:351 - Updater called before beeing initialized
2025-10-23 10:06:12,634 [WARN] DetailPanel:346 - Failed to get advertising image, set to default
2025-10-23 10:06:12,634 [FATAL] Updater:351 - Updater called before beeing initialized
2025-10-23 10:06:12,666 [ERROR] Updater:1198 - MainUpdater not yet initialized. External WinMGr cannot be set.
2025-10-23 10:06:12,682 [INFO] Updater:1134 - Updater Version found : 6.15.0
2025-10-23 10:06:12,682 [INFO] ApplicationProperties:184 - Using Application install path: D:\WORKSPACE\STM32_WS\STM32CubeIDE_1.14.0\STM32CubeIDE\plugins\com.st.stm32cube.common.mx_6.15.0.202507011659
2025-10-23 10:06:12,943 [INFO] MainUpdater:2872 - connection check result : 22
2025-10-23 10:06:12,943 [INFO] MainUpdater:289 - Updater Check For Update Now.
2025-10-23 10:06:12,943 [INFO] MicroXplorer:498 - Change Database Version : DB.6.0.150
2025-10-23 10:06:12,951 [INFO] McuFinderGlobals:63 - Set McuFinder mode to 2 (CubeIDE integrated)
2025-10-23 10:06:12,951 [INFO] UserAuth:487 - Internet connection configuration mode: 2
2025-10-23 10:06:12,958 [INFO] UserAuth:487 - Internet connection configuration mode: 2
2025-10-23 10:06:13,204 [INFO] CheckServerUpdateThread:120 - End of CheckServer Thread
2025-10-23 10:06:14,351 [WARN] PackLoader:240 - Cannot read IP mode file for STMicroelectronics.FP-SNS-MOTENVWB1.1.4.0
2025-10-23 10:06:14,359 [WARN] PackLoader:240 - Cannot read IP mode file for STMicroelectronics.FP-ATR-ASTRA1.2.0.2
2025-10-23 10:06:14,367 [WARN] PackLoader:240 - Cannot read IP mode file for STMicroelectronics.X-CUBE-SMBUS.2.1.0
2025-10-23 10:06:14,371 [WARN] PackLoader:240 - Cannot read IP mode file for STMicroelectronics.X-CUBE-ST60.1.0.0
2025-10-23 10:06:14,409 [WARN] PackLoader:240 - Cannot read IP mode file for STMicroelectronics.X-CUBE-AZRTOS-F7.1.1.0
2025-10-23 10:06:14,442 [WARN] PackLoader:240 - Cannot read IP mode file for Infineon.AIROC-Wi-Fi-Bluetooth-STM32.1.7.0
2025-10-23 10:06:14,477 [WARN] PackLoader:240 - Cannot read IP mode file for STMicroelectronics.X-CUBE-AZRTOS-H7.3.4.0
2025-10-23 10:06:14,491 [WARN] PackLoader:240 - Cannot read IP mode file for STMicroelectronics.X-CUBE-DISPLAY.3.0.0
2025-10-23 10:06:14,504 [WARN] PackLoader:240 - Cannot read IP mode file for STMicroelectronics.X-CUBE-NFC10.1.0.0
2025-10-23 10:06:14,566 [WARN] PackLoader:240 - Cannot read IP mode file for STMicroelectronics.X-CUBE-BLEMGR.4.0.0
2025-10-23 10:06:14,581 [WARN] PackLoader:240 - Cannot read IP mode file for STMicroelectronics.X-CUBE-ST60.1.1.0
2025-10-23 10:06:14,593 [WARN] PackLoader:240 - Cannot read IP mode file for emotas.I-CUBE-CANOPEN.1.3.0
2025-10-23 10:06:14,599 [WARN] ConditionMgr:438 - getConditionDescription Invalid condition id : Cortex-A Device cause : null
2025-10-23 10:06:14,620 [WARN] ConditionMgr:1044 - genDependencies : Invalid condition id : Cortex-A Device cause : null
2025-10-23 10:06:14,620 [WARN] ConditionMgr:1044 - genDependencies : Invalid condition id : Cortex-A Device cause : null
2025-10-23 10:06:14,620 [WARN] ConditionMgr:1044 - genDependencies : Invalid condition id : Cortex-A Device cause : null
2025-10-23 10:06:14,648 [WARN] PackLoader:240 - Cannot read IP mode file for STMicroelectronics.FP-SNS-STBOX1.2.1.0
2025-10-23 10:06:14,680 [WARN] PackLoader:240 - Cannot read IP mode file for STMicroelectronics.FP-SNS-SMARTAG2.1.2.0
2025-10-23 10:06:14,693 [WARN] PackLoader:240 - Cannot read IP mode file for STMicroelectronics.FP-SNS-FLIGHT1.5.1.0
2025-10-23 10:06:14,721 [INFO] LogOutputStream:77 - [STDOUT_REDIRECT] 1 : Invalid condition id : UX_CORESTACK_Condition cause : null
2025-10-23 10:06:14,723 [INFO] LogOutputStream:77 - [STDOUT_REDIRECT] 1 : Invalid condition id : UX_CORESTACK_Condition cause : null
2025-10-23 10:06:14,725 [INFO] LogOutputStream:77 - [STDOUT_REDIRECT] 1 : Invalid condition id : UX_CORESTACK_Condition cause : null
2025-10-23 10:06:14,730 [INFO] LogOutputStream:77 - [STDOUT_REDIRECT] 1 : Invalid condition id : UX_CORESTACK_Condition cause : null
2025-10-23 10:06:14,732 [INFO] LogOutputStream:77 - [STDOUT_REDIRECT] 1 : Invalid condition id : UX_CORESTACK_Condition cause : null
2025-10-23 10:06:14,741 [WARN] PackLoader:240 - Cannot read IP mode file for STMicroelectronics.X-CUBE-AZRTOS-WL.2.0.0
2025-10-23 10:06:14,749 [WARN] PackLoader:240 - Cannot read IP mode file for STMicroelectronics.FP-SNS-MOTENV1.5.0.0
2025-10-23 10:06:14,760 [WARN] PackLoader:240 - Cannot read IP mode file for WES.I-CUBE-Cesium.1.3.0
2025-10-23 10:06:14,769 [WARN] PackLoader:240 - Cannot read IP mode file for STMicroelectronics.X-CUBE-BLE2.3.3.0
2025-10-23 10:06:14,776 [WARN] PackLoader:240 - Cannot read IP mode file for STMicroelectronics.X-CUBE-NFC9.1.0.0
2025-10-23 10:06:14,782 [WARN] PackLoader:240 - Cannot read IP mode file for wolfSSL.I-CUBE-wolfSSL.5.8.0
2025-10-23 10:06:14,788 [WARN] PackLoader:240 - Cannot read IP mode file for STMicroelectronics.X-CUBE-BLE1.7.1.0
2025-10-23 10:06:14,792 [WARN] PackLoader:240 - Cannot read IP mode file for wolfSSL.I-CUBE-wolfMQTT.1.19.2
2025-10-23 10:06:14,802 [WARN] PackLoader:240 - Cannot read IP mode file for STMicroelectronics.X-CUBE-EEPRMA1.5.2.0
2025-10-23 10:06:14,810 [WARN] PackLoader:240 - Cannot read IP mode file for STMicroelectronics.X-CUBE-ST67W61.1.1.0
2025-10-23 10:06:14,816 [WARN] PackLoader:240 - Cannot read IP mode file for STMicroelectronics.X-CUBE-AI.10.1.0
2025-10-23 10:06:14,839 [WARN] PackLoader:240 - Cannot read IP mode file for STMicroelectronics.X-CUBE-AZRTOS-G0.1.1.0
2025-10-23 10:06:14,849 [WARN] PackLoader:240 - Cannot read IP mode file for STMicroelectronics.X-CUBE-SAFEA1.1.2.2
2025-10-23 10:06:14,865 [WARN] PackLoader:240 - Cannot read IP mode file for STMicroelectronics.X-CUBE-NFC4.3.0.0
2025-10-23 10:06:14,888 [WARN] PackLoader:240 - Cannot read IP mode file for EmbeddedOffice.I-CUBE-FS-RTOS.1.0.1
2025-10-23 10:06:14,896 [WARN] PackLoader:240 - Cannot read IP mode file for STMicroelectronics.X-CUBE-WB05N.2.0.0
2025-10-23 10:06:14,902 [WARN] PackLoader:240 - Cannot read IP mode file for wolfSSL.I-CUBE-wolfTPM.3.8.0
2025-10-23 10:06:14,905 [WARN] PackLoader:240 - Cannot read IP mode file for STMicroelectronics.X-CUBE-TCPP.4.2.0
2025-10-23 10:06:14,905 [WARN] PackLoader:240 - Cannot read IP mode file for RealThread.X-CUBE-RT-Thread_Nano.4.1.1
2025-10-23 10:06:14,918 [WARN] PackLoader:240 - Cannot read IP mode file for STMicroelectronics.FP-ATR-SIGFOX1.3.2.0
2025-10-23 10:06:14,926 [WARN] PackLoader:240 - Cannot read IP mode file for STMicroelectronics.X-CUBE-EEPRMA1.5.1.0
2025-10-23 10:06:14,934 [WARN] PackLoader:240 - Cannot read IP mode file for ITTIA_DB.I-CUBE-ITTIADB.8.9.0
2025-10-23 10:06:14,940 [WARN] PackLoader:240 - Cannot read IP mode file for STMicroelectronics.X-CUBE-ST67W61.1.0.0
2025-10-23 10:06:14,946 [WARN] PackLoader:240 - Cannot read IP mode file for STMicroelectronics.X-CUBE-AI.10.2.0
2025-10-23 10:06:14,965 [WARN] PackLoader:240 - Cannot read IP mode file for SEGGER.I-CUBE-embOS.1.3.1
2025-10-23 10:06:15,015 [WARN] PackLoader:240 - Cannot read IP mode file for STMicroelectronics.X-CUBE-ALGOBUILD.1.4.0
2025-10-23 10:06:15,050 [WARN] PackLoader:240 - Cannot read IP mode file for STMicroelectronics.X-CUBE-MEMS1.11.3.0
2025-10-23 10:06:15,177 [WARN] PackLoader:240 - Cannot read IP mode file for STMicroelectronics.X-CUBE-PM33A1.1.0.0
2025-10-23 10:06:15,194 [WARN] PackLoader:240 - Cannot read IP mode file for STMicroelectronics.X-CUBE-AZRTOS-F4.1.1.0
2025-10-23 10:06:15,201 [WARN] PackLoader:240 - Cannot read IP mode file for Avnet-IotConnect.X-CUBE-IoTC-DA16k-PMOD.1.0.0
2025-10-23 10:06:15,203 [WARN] PackLoader:240 - Cannot read IP mode file for STMicroelectronics.X-CUBE-ISPU.2.1.0
2025-10-23 10:06:15,220 [WARN] PackLoader:240 - Cannot read IP mode file for STMicroelectronics.X-CUBE-IPS.3.2.0
2025-10-23 10:06:15,235 [WARN] PackLoader:240 - Cannot read IP mode file for STMicroelectronics.X-CUBE-NFC12.1.0.0
2025-10-23 10:06:15,251 [WARN] PackLoader:240 - Cannot read IP mode file for STMicroelectronics.X-CUBE-AZRTOS-L5.2.0.0
2025-10-23 10:06:15,262 [WARN] PackLoader:240 - Cannot read IP mode file for STMicroelectronics.X-CUBE-NFC6.3.1.0
2025-10-23 10:06:15,269 [WARN] PackLoader:240 - Cannot read IP mode file for STMicroelectronics.X-CUBE-FREERTOS.1.3.1
2025-10-23 10:06:15,275 [WARN] PackLoader:240 - Cannot read IP mode file for STMicroelectronics.X-CUBE-TOUCHGFX.4.26.0
2025-10-23 10:06:15,279 [WARN] PackLoader:240 - Cannot read IP mode file for STMicroelectronics.FP-SNS-STAIOTCFT.1.0.0
2025-10-23 10:06:15,283 [WARN] PackLoader:240 - Cannot read IP mode file for STMicroelectronics.X-CUBE-DPower.1.3.0
2025-10-23 10:06:15,323 [WARN] ConditionMgr:438 - getConditionDescription Invalid condition id : LAN8742 Phy interface Condition cause : null
2025-10-23 10:06:15,323 [WARN] PackLoader:240 - Cannot read IP mode file for STMicroelectronics.X-CUBE-AZRTOS-L4.2.0.0
2025-10-23 10:06:15,325 [WARN] ConditionMgr:1044 - genDependencies : Invalid condition id : LAN8742 Phy interface Condition cause : null
2025-10-23 10:06:15,325 [WARN] ConditionMgr:1044 - genDependencies : Invalid condition id : LAN8742 Phy interface Condition cause : null
2025-10-23 10:06:15,328 [WARN] ConditionMgr:1044 - genDependencies : Invalid condition id : LAN8742 Phy interface Condition cause : null
2025-10-23 10:06:15,340 [WARN] PackLoader:240 - Cannot read IP mode file for STMicroelectronics.X-CUBE-SFXS2LP1.4.0.0
2025-10-23 10:06:15,371 [WARN] PackLoader:240 - Cannot read IP mode file for STMicroelectronics.X-CUBE-AZRTOS-H7.3.3.0
2025-10-23 10:06:15,470 [WARN] PackLoader:240 - Cannot read IP mode file for STMicroelectronics.X-CUBE-BLEMGR.4.1.0
2025-10-23 10:06:15,525 [WARN] ConditionMgr:438 - getConditionDescription Invalid condition id : UX DEVICE CLASS RTOS Condition cause : null
2025-10-23 10:06:15,525 [WARN] ConditionMgr:438 - getConditionDescription Invalid condition id : UX DEVICE CLASS RTOS Condition cause : null
2025-10-23 10:06:15,525 [WARN] PackLoader:240 - Cannot read IP mode file for STMicroelectronics.X-CUBE-AZRTOS-WB.2.0.0
2025-10-23 10:06:15,525 [WARN] ConditionMgr:1044 - genDependencies : Invalid condition id : UX DEVICE CLASS RTOS Condition cause : null
2025-10-23 10:06:15,525 [WARN] ConditionMgr:1044 - genDependencies : Invalid condition id : UX DEVICE CLASS RTOS Condition cause : null
2025-10-23 10:06:15,525 [WARN] ConditionMgr:1044 - genDependencies : Invalid condition id : UX DEVICE CLASS RTOS Condition cause : null
2025-10-23 10:06:15,525 [WARN] ConditionMgr:1044 - genDependencies : Invalid condition id : UX DEVICE CLASS RTOS Condition cause : null
2025-10-23 10:06:15,525 [WARN] ConditionMgr:1044 - genDependencies : Invalid condition id : UX DEVICE CLASS RTOS Condition cause : null
2025-10-23 10:06:15,536 [WARN] PackLoader:240 - Cannot read IP mode file for STMicroelectronics.X-CUBE-GNSS1.7.0.1
2025-10-23 10:06:15,544 [WARN] PackLoader:240 - Cannot read IP mode file for STMicroelectronics.X-CUBE-TOUCHGFX.4.25.0
2025-10-23 10:06:15,551 [WARN] PackLoader:240 - Cannot read IP mode file for STMicroelectronics.FP-SNS-STBOX1.2.0.0
2025-10-23 10:06:15,568 [WARN] PackLoader:240 - Cannot read IP mode file for STMicroelectronics.X-CUBE-SUBG2.5.0.0
2025-10-23 10:06:15,593 [WARN] PackLoader:240 - Cannot read IP mode file for STMicroelectronics.X-CUBE-AZRTOS-H7RS.1.1.0
2025-10-23 10:06:15,599 [WARN] PackLoader:240 - Cannot read IP mode file for Cesanta.I-CUBE-Mongoose.7.13.0
2025-10-23 10:06:15,614 [WARN] PackLoader:240 - Cannot read IP mode file for STMicroelectronics.X-CUBE-AZRTOS-G4.2.0.0
2025-10-23 10:06:15,618 [WARN] PackLoader:240 - Cannot read IP mode file for wolfSSL.I-CUBE-wolfSSH.1.4.20
2025-10-23 10:06:15,625 [WARN] PackLoader:240 - Cannot read IP mode file for STMicroelectronics.X-CUBE-NFC7.2.0.0
2025-10-23 10:06:15,636 [WARN] PackLoader:240 - Cannot read IP mode file for STMicroelectronics.X-CUBE-IPS.3.1.0
2025-10-23 10:06:15,646 [WARN] PackLoader:240 - Cannot read IP mode file for STMicroelectronics.X-CUBE-ALS.1.0.2
2025-10-23 10:06:15,655 [WARN] PackLoader:240 - Cannot read IP mode file for STMicroelectronics.X-CUBE-STSE01.1.0.0
2025-10-23 10:06:15,663 [WARN] PackLoader:240 - Cannot read IP mode file for portGmbH.I-Cube-SoM-uGOAL.1.1.0
2025-10-23 10:06:15,675 [WARN] PackLoader:240 - Cannot read IP mode file for STMicroelectronics.X-CUBE-TOF1.3.4.3
2025-10-23 10:06:15,683 [INFO] ThirdParty:978 - Integrity check success = true
2025-10-23 10:06:15,683 [INFO] IntegrityCheckThread:100 - exiting critical section [integrity check]
2025-10-23 10:06:15,683 [INFO] IntegrityCheckThread:103 - End integrity checks thread
