2025-09-04 13:03:49,261 [INFO] Activator:176 - 


2025-09-04 13:03:49,265 [INFO] Activator:177 - !SESSION log4j initialized
2025-09-04 13:03:53,553 [INFO] LogOutputStream:77 - [STDOUT_REDIRECT] 
2025-09-04 13:03:55,729 [INFO] ApplicationProperties:184 - Using Application install path: D:\STM32CubeIDE_1.14.0\STM32CubeIDE\plugins\com.st.stm32cube.common.mx_6.10.0.202311202037
2025-09-04 13:03:55,749 [INFO] DbMcusXml:78 - Set database path to: D:\STM32CubeIDE_1.14.0\STM32CubeIDE\plugins\com.st.stm32cube.common.mx_6.10.0.202311202037\\db\/mcu/
2025-09-04 13:03:55,749 [INFO] ApiDb:274 - Set plugin database path to: D:\STM32CubeIDE_1.14.0\STM32CubeIDE\plugins\com.st.stm32cube.common.mx_6.10.0.202311202037\\db\/plugins/boardmanager/
2025-09-04 13:03:55,750 [WARN] ApiDb:259 - Overriding images path with different value:  => D:\STM32CubeIDE_1.14.0\STM32CubeIDE\plugins\com.st.stm32cube.common.mx_6.10.0.202311202037\\db\/plugins/mcufinder/images/
2025-09-04 13:03:55,759 [INFO] ApiDb:250 - Set database path to: C:\Users\ASUS\.stmcufinder\plugins\mcufinder//mcu/
2025-09-04 13:03:55,760 [INFO] DbMcusAds:125 - Set database path to: C:\Users\ASUS\.stmcufinder\plugins\mcufinder//mcu/
2025-09-04 13:03:55,763 [INFO] CrossReferenceDbSqlite:203 - Set database path to: C:\Users\ASUS\.stmcufinder\plugins\mcufinder//mcu/cs/
2025-09-04 13:03:55,918 [INFO] RulesReader:64 - Compatibility file has been processed (297 Rules)
2025-09-04 13:03:56,045 [INFO] DbMcusXml:78 - Set database path to: D:\STM32CubeIDE_1.14.0\STM32CubeIDE\plugins\com.st.stm32cube.common.mx_6.10.0.202311202037\\db\/mcu/
2025-09-04 13:03:56,045 [INFO] ApiDb:274 - Set plugin database path to: D:\STM32CubeIDE_1.14.0\STM32CubeIDE\plugins\com.st.stm32cube.common.mx_6.10.0.202311202037\\db\/plugins/boardmanager/
2025-09-04 13:03:56,045 [INFO] ApiDb:261 - Set plugin images path to: D:\STM32CubeIDE_1.14.0\STM32CubeIDE\plugins\com.st.stm32cube.common.mx_6.10.0.202311202037\\db\/plugins/mcufinder/images/
2025-09-04 13:03:56,045 [WARN] DbFile:41 - Overriding database path with different value: C:\Users\ASUS\.stmcufinder\plugins\mcufinder/ => C:\Users\ASUS\.stmcufinder\plugins\mcufinder
2025-09-04 13:03:56,045 [INFO] ApiDb:250 - Set database path to: C:\Users\ASUS\.stmcufinder\plugins\mcufinder//mcu/
2025-09-04 13:03:56,045 [WARN] DbFile:41 - Overriding database path with different value: C:\Users\ASUS\.stmcufinder\plugins\mcufinder/ => C:\Users\ASUS\.stmcufinder\plugins\mcufinder
2025-09-04 13:03:56,045 [INFO] DbMcusAds:125 - Set database path to: C:\Users\ASUS\.stmcufinder\plugins\mcufinder//mcu/
2025-09-04 13:03:56,045 [WARN] DbFile:41 - Overriding database path with different value: C:\Users\ASUS\.stmcufinder\plugins\mcufinder/ => C:\Users\ASUS\.stmcufinder\plugins\mcufinder
2025-09-04 13:03:56,045 [WARN] DbFile:41 - Overriding database path with different value: C:\Users\ASUS\.stmcufinder\plugins\mcufinder/ => C:\Users\ASUS\.stmcufinder\plugins\mcufinder
2025-09-04 13:03:56,046 [INFO] CrossReferenceDbSqlite:203 - Set database path to: C:\Users\ASUS\.stmcufinder\plugins\mcufinder//mcu/cs/
2025-09-04 13:03:56,140 [INFO] MainPanel:264 - HeapMemory: 268435456
2025-09-04 13:03:56,266 [INFO] DbMcusXml:78 - Set database path to: D:\STM32CubeIDE_1.14.0\STM32CubeIDE\plugins\com.st.stm32cube.common.mx_6.10.0.202311202037\\db\/mcu/
2025-09-04 13:03:56,266 [INFO] ApiDb:274 - Set plugin database path to: D:\STM32CubeIDE_1.14.0\STM32CubeIDE\plugins\com.st.stm32cube.common.mx_6.10.0.202311202037\\db\/plugins/boardmanager/
2025-09-04 13:03:56,266 [INFO] ApiDb:261 - Set plugin images path to: D:\STM32CubeIDE_1.14.0\STM32CubeIDE\plugins\com.st.stm32cube.common.mx_6.10.0.202311202037\\db\/plugins/mcufinder/images/
2025-09-04 13:03:56,266 [WARN] DbFile:41 - Overriding database path with different value: C:\Users\ASUS\.stmcufinder\plugins\mcufinder/ => C:\Users\ASUS\.stmcufinder\plugins\mcufinder
2025-09-04 13:03:56,266 [INFO] ApiDb:250 - Set database path to: C:\Users\ASUS\.stmcufinder\plugins\mcufinder//mcu/
2025-09-04 13:03:56,266 [WARN] DbFile:41 - Overriding database path with different value: C:\Users\ASUS\.stmcufinder\plugins\mcufinder/ => C:\Users\ASUS\.stmcufinder\plugins\mcufinder
2025-09-04 13:03:56,267 [INFO] DbMcusAds:125 - Set database path to: C:\Users\ASUS\.stmcufinder\plugins\mcufinder//mcu/
2025-09-04 13:03:56,267 [WARN] DbFile:41 - Overriding database path with different value: C:\Users\ASUS\.stmcufinder\plugins\mcufinder/ => C:\Users\ASUS\.stmcufinder\plugins\mcufinder
2025-09-04 13:03:56,267 [WARN] DbFile:41 - Overriding database path with different value: C:\Users\ASUS\.stmcufinder\plugins\mcufinder/ => C:\Users\ASUS\.stmcufinder\plugins\mcufinder
2025-09-04 13:03:56,267 [INFO] CrossReferenceDbSqlite:203 - Set database path to: C:\Users\ASUS\.stmcufinder\plugins\mcufinder//mcu/cs/
2025-09-04 13:03:56,289 [INFO] ApplicationProperties:184 - Using Application install path: D:\STM32CubeIDE_1.14.0\STM32CubeIDE\plugins\com.st.stm32cube.common.mx_6.10.0.202311202037
2025-09-04 13:03:56,291 [INFO] PluginManage:196 - Search for loadable plugins [exclusion list=, ]
2025-09-04 13:03:56,292 [INFO] PluginManage:310 - Check plugin analytics
2025-09-04 13:03:56,501 [INFO] AnalyticsPlugin:253 - Accepted Software Licenses: 
2025-09-04 13:03:56,501 [INFO] AnalyticsPlugin:255 - Accepted CMSIS Pack Licenses: 
2025-09-04 13:03:56,501 [INFO] AnalyticsPlugin:257 - Accepted Firmware Licenses: FW.F4.1.28.0
2025-09-04 13:03:56,504 [INFO] PluginManage:359 - Loaded plugin analytics (category:tool,tabindex:-1)
2025-09-04 13:03:56,506 [INFO] PluginManage:310 - Check plugin cadmodel
2025-09-04 13:03:56,531 [INFO] CADModel:105 - Init CAD model plugin
2025-09-04 13:03:56,531 [INFO] PluginManage:359 - Loaded plugin cadmodel (category:power,tabindex:5)
2025-09-04 13:03:56,532 [INFO] PluginManage:310 - Check plugin clock
2025-09-04 13:03:56,557 [INFO] PluginManage:359 - Loaded plugin clock (category:base,tabindex:2)
2025-09-04 13:03:56,558 [INFO] PluginManage:310 - Check plugin ddr
2025-09-04 13:03:56,559 [INFO] PluginManage:359 - Loaded plugin ddr (category:tool,tabindex:6)
2025-09-04 13:03:56,559 [INFO] PluginManage:310 - Check plugin filemanager
2025-09-04 13:03:56,697 [INFO] PluginManage:359 - Loaded plugin filemanager (category:base,tabindex:10)
2025-09-04 13:03:56,697 [INFO] PluginManage:310 - Check plugin ipmanager
2025-09-04 13:03:56,705 [INFO] PluginManage:359 - Loaded plugin ipmanager (category:base,tabindex:5)
2025-09-04 13:03:56,705 [INFO] PluginManage:310 - Check plugin lpbam
2025-09-04 13:03:56,726 [INFO] PluginManage:359 - Loaded plugin lpbam (category:base,tabindex:0)
2025-09-04 13:03:56,727 [INFO] PluginManage:310 - Check plugin memorymap
2025-09-04 13:03:56,756 [INFO] PluginManage:359 - Loaded plugin memorymap (category:base,tabindex:4)
2025-09-04 13:03:56,756 [INFO] PluginManage:310 - Check plugin pinoutandconfiguration
2025-09-04 13:03:56,776 [INFO] PluginManage:359 - Loaded plugin pinoutandconfiguration (category:base,tabindex:1)
2025-09-04 13:03:56,776 [INFO] PluginManage:310 - Check plugin pinoutconfig
2025-09-04 13:03:56,929 [WARN] SupportedApi:132 - Cannot load RTOS API schema: s4s-elt-must-match.1: The content of 'definitions' must match (annotation?, (simpleType | complexType)?, (unique | key | keyref)*)). A problem was found starting at: attribute.
2025-09-04 13:03:57,080 [INFO] PluginManage:359 - Loaded plugin pinoutconfig (category:base,tabindex:0)
2025-09-04 13:03:57,080 [INFO] PluginManage:310 - Check plugin power
2025-09-04 13:03:57,108 [INFO] PluginManage:359 - Loaded plugin power (category:power,tabindex:4)
2025-09-04 13:03:57,108 [INFO] PluginManage:310 - Check plugin projectmanager
2025-09-04 13:03:57,124 [INFO] PluginManage:359 - Loaded plugin projectmanager (category:projectmanager,tabindex:3)
2025-09-04 13:03:57,124 [INFO] PluginManage:310 - Check plugin thirdparty
2025-09-04 13:03:57,449 [INFO] PluginManage:359 - Loaded plugin thirdparty (category:base,tabindex:-1)
2025-09-04 13:03:57,449 [WARN] IntegrityCheckThread:84 - waiting for thirdparty lock release [integrity check]
2025-09-04 13:03:57,449 [INFO] IntegrityCheckThread:86 - entering critical section [integrity check]
2025-09-04 13:03:57,449 [INFO] PluginManage:310 - Check plugin tools
2025-09-04 13:03:57,450 [INFO] ThirdPartyUpdaterWithRetryManager:70 - Updater plugin not ready yet. [1/15]
2025-09-04 13:03:57,497 [INFO] PluginManage:359 - Loaded plugin tools (category:base,tabindex:7)
2025-09-04 13:03:57,497 [INFO] PluginManage:310 - Check plugin tutovideos
2025-09-04 13:03:57,705 [INFO] PluginManage:359 - Loaded plugin tutovideos (category:base,tabindex:-1)
2025-09-04 13:03:57,705 [INFO] PluginManage:310 - Check plugin updater
2025-09-04 13:03:57,718 [INFO] PluginManage:359 - Loaded plugin updater (category:base,tabindex:12)
2025-09-04 13:03:57,718 [INFO] PluginManage:310 - Check plugin userauth
2025-09-04 13:03:57,722 [INFO] UserAuth:114 - Init User Auth plugin
2025-09-04 13:03:57,722 [INFO] PluginManage:359 - Loaded plugin userauth (category:base,tabindex:14)
2025-09-04 13:03:57,722 [INFO] PluginManage:283 - PluginManage : Loaded plugins [17]
2025-09-04 13:03:57,957 [INFO] PinOutPanel:1499 - setPackage(No Configuration,No Configuration)
2025-09-04 13:03:58,029 [INFO] CADModel:165 - CPN selected for project level
2025-09-04 13:03:58,030 [INFO] CADModel:114 - Register for checkConnection events
2025-09-04 13:03:58,059 [INFO] IPUIPlugin:80 - create IPUIPlugin
2025-09-04 13:03:58,060 [INFO] PluginManager:220 - loadIPPluginJar : add adc
2025-09-04 13:03:58,101 [INFO] IPUIPlugin:80 - create IPUIPlugin
2025-09-04 13:03:58,102 [INFO] PluginManager:220 - loadIPPluginJar : add aes
2025-09-04 13:03:58,149 [INFO] IPUIPlugin:80 - create IPUIPlugin
2025-09-04 13:03:58,149 [INFO] PluginManager:220 - loadIPPluginJar : add can
2025-09-04 13:03:58,177 [INFO] IPUIPlugin:80 - create IPUIPlugin
2025-09-04 13:03:58,177 [INFO] PluginManager:220 - loadIPPluginJar : add comp
2025-09-04 13:03:58,215 [INFO] IPUIPlugin:80 - create IPUIPlugin
2025-09-04 13:03:58,215 [INFO] PluginManager:220 - loadIPPluginJar : add cryp
2025-09-04 13:03:58,248 [INFO] IPUIPlugin:80 - create IPUIPlugin
2025-09-04 13:03:58,249 [INFO] PluginManager:220 - loadIPPluginJar : add dfsdm
2025-09-04 13:03:58,263 [INFO] IPUIPlugin:80 - create IPUIPlugin
2025-09-04 13:03:58,264 [INFO] PluginManager:220 - loadIPPluginJar : add dma
2025-09-04 13:03:58,316 [INFO] IPUIPlugin:80 - create IPUIPlugin
2025-09-04 13:03:58,316 [INFO] PluginManager:220 - loadIPPluginJar : add dma3
2025-09-04 13:03:58,339 [INFO] IPUIPlugin:80 - create IPUIPlugin
2025-09-04 13:03:58,339 [INFO] PluginManager:220 - loadIPPluginJar : add fatfs
2025-09-04 13:03:58,390 [INFO] IPUIPlugin:80 - create IPUIPlugin
2025-09-04 13:03:58,390 [INFO] PluginManager:220 - loadIPPluginJar : add fmc
2025-09-04 13:03:58,407 [INFO] IPUIPlugin:80 - create IPUIPlugin
2025-09-04 13:03:58,407 [INFO] PluginManager:220 - loadIPPluginJar : add freertos
2025-09-04 13:03:58,434 [INFO] IPUIPlugin:80 - create IPUIPlugin
2025-09-04 13:03:58,434 [INFO] PluginManager:220 - loadIPPluginJar : add genericplugin
2025-09-04 13:03:58,545 [INFO] IPUIPlugin:80 - create IPUIPlugin
2025-09-04 13:03:58,545 [INFO] PluginManager:220 - loadIPPluginJar : add gfxmmu
2025-09-04 13:03:58,713 [INFO] IPUIPlugin:80 - create IPUIPlugin
2025-09-04 13:03:58,714 [INFO] PluginManager:220 - loadIPPluginJar : add gic
2025-09-04 13:03:58,730 [INFO] IPUIPlugin:80 - create IPUIPlugin
2025-09-04 13:03:58,731 [INFO] PluginManager:220 - loadIPPluginJar : add gpio
2025-09-04 13:03:58,831 [INFO] IPUIPlugin:80 - create IPUIPlugin
2025-09-04 13:03:58,831 [INFO] PluginManager:220 - loadIPPluginJar : add gtzc
2025-09-04 13:03:58,867 [INFO] IPUIPlugin:80 - create IPUIPlugin
2025-09-04 13:03:58,868 [INFO] PluginManager:220 - loadIPPluginJar : add hash
2025-09-04 13:03:58,928 [INFO] IPUIPlugin:80 - create IPUIPlugin
2025-09-04 13:03:58,928 [INFO] PluginManager:220 - loadIPPluginJar : add i2c
2025-09-04 13:03:58,977 [INFO] IPUIPlugin:80 - create IPUIPlugin
2025-09-04 13:03:58,977 [INFO] PluginManager:220 - loadIPPluginJar : add i2s
2025-09-04 13:03:59,035 [INFO] IPUIPlugin:80 - create IPUIPlugin
2025-09-04 13:03:59,036 [INFO] PluginManager:220 - loadIPPluginJar : add i3c
2025-09-04 13:03:59,146 [INFO] IPUIPlugin:80 - create IPUIPlugin
2025-09-04 13:03:59,146 [INFO] PluginManager:220 - loadIPPluginJar : add ipddr
2025-09-04 13:03:59,249 [INFO] IPUIPlugin:80 - create IPUIPlugin
2025-09-04 13:03:59,249 [INFO] PluginManager:220 - loadIPPluginJar : add linkedlist
2025-09-04 13:03:59,289 [INFO] IPUIPlugin:80 - create IPUIPlugin
2025-09-04 13:03:59,289 [INFO] PluginManager:220 - loadIPPluginJar : add lorawan
2025-09-04 13:03:59,330 [INFO] IPUIPlugin:80 - create IPUIPlugin
2025-09-04 13:03:59,331 [INFO] PluginManager:220 - loadIPPluginJar : add ltdc
2025-09-04 13:03:59,346 [INFO] IPUIPlugin:80 - create IPUIPlugin
2025-09-04 13:03:59,346 [INFO] PluginManager:220 - loadIPPluginJar : add mdma
2025-09-04 13:03:59,361 [INFO] IPUIPlugin:80 - create IPUIPlugin
2025-09-04 13:03:59,361 [INFO] PluginManager:220 - loadIPPluginJar : add nvic
2025-09-04 13:03:59,403 [INFO] IPUIPlugin:80 - create IPUIPlugin
2025-09-04 13:03:59,403 [INFO] PluginManager:220 - loadIPPluginJar : add opamp
2025-09-04 13:03:59,486 [INFO] IPUIPlugin:80 - create IPUIPlugin
2025-09-04 13:03:59,486 [INFO] PluginManager:220 - loadIPPluginJar : add openamp
2025-09-04 13:03:59,538 [INFO] IPUIPlugin:80 - create IPUIPlugin
2025-09-04 13:03:59,539 [INFO] PluginManager:220 - loadIPPluginJar : add pdm2pcm
2025-09-04 13:03:59,554 [INFO] IPUIPlugin:80 - create IPUIPlugin
2025-09-04 13:03:59,556 [INFO] PluginManager:220 - loadIPPluginJar : add plateformsettings
2025-09-04 13:03:59,585 [INFO] IPUIPlugin:80 - create IPUIPlugin
2025-09-04 13:03:59,585 [INFO] PluginManager:220 - loadIPPluginJar : add quadspi
2025-09-04 13:03:59,600 [INFO] IPUIPlugin:80 - create IPUIPlugin
2025-09-04 13:03:59,600 [INFO] PluginManager:220 - loadIPPluginJar : add resmgrutility
2025-09-04 13:03:59,651 [INFO] IPUIPlugin:80 - create IPUIPlugin
2025-09-04 13:03:59,651 [INFO] PluginManager:220 - loadIPPluginJar : add sai
2025-09-04 13:03:59,692 [INFO] IPUIPlugin:80 - create IPUIPlugin
2025-09-04 13:03:59,692 [INFO] PluginManager:220 - loadIPPluginJar : add spi
2025-09-04 13:03:59,765 [INFO] IPUIPlugin:80 - create IPUIPlugin
2025-09-04 13:03:59,765 [INFO] PluginManager:220 - loadIPPluginJar : add stm32_wpan
2025-09-04 13:03:59,791 [INFO] IPUIPlugin:80 - create IPUIPlugin
2025-09-04 13:03:59,791 [INFO] PluginManager:220 - loadIPPluginJar : add tim
2025-09-04 13:03:59,852 [INFO] IPUIPlugin:80 - create IPUIPlugin
2025-09-04 13:03:59,852 [INFO] PluginManager:220 - loadIPPluginJar : add touchsensing
2025-09-04 13:03:59,877 [INFO] IPUIPlugin:80 - create IPUIPlugin
2025-09-04 13:03:59,877 [INFO] PluginManager:220 - loadIPPluginJar : add tracer_emb
2025-09-04 13:03:59,905 [INFO] IPUIPlugin:80 - create IPUIPlugin
2025-09-04 13:03:59,905 [INFO] PluginManager:220 - loadIPPluginJar : add ts
2025-09-04 13:03:59,930 [INFO] IPUIPlugin:80 - create IPUIPlugin
2025-09-04 13:03:59,930 [INFO] PluginManager:220 - loadIPPluginJar : add tsc
2025-09-04 13:03:59,956 [INFO] IPUIPlugin:80 - create IPUIPlugin
2025-09-04 13:03:59,956 [INFO] PluginManager:220 - loadIPPluginJar : add ucpd
2025-09-04 13:04:00,004 [INFO] IPUIPlugin:80 - create IPUIPlugin
2025-09-04 13:04:00,005 [INFO] PluginManager:220 - loadIPPluginJar : add usart
2025-09-04 13:04:00,056 [INFO] IPUIPlugin:80 - create IPUIPlugin
2025-09-04 13:04:00,057 [INFO] PluginManager:220 - loadIPPluginJar : add usbx
2025-09-04 13:04:00,177 [INFO] CADModel:165 - CPN selected for project level
2025-09-04 13:04:00,177 [INFO] CADModel:114 - Register for checkConnection events
2025-09-04 13:04:00,177 [FATAL] Updater:308 - Updater called before beeing initialized
2025-09-04 13:04:00,177 [ERROR] CADModel:125 - Updater not yet initialized, retry later 
2025-09-04 13:04:00,326 [INFO] CADModel:165 - CPN selected for project level
2025-09-04 13:04:00,326 [INFO] CADModel:114 - Register for checkConnection events
2025-09-04 13:04:00,326 [FATAL] Updater:308 - Updater called before beeing initialized
2025-09-04 13:04:00,326 [ERROR] CADModel:125 - Updater not yet initialized, retry later 
2025-09-04 13:04:00,329 [FATAL] Updater:308 - Updater called before beeing initialized
2025-09-04 13:04:00,444 [FATAL] Updater:308 - Updater called before beeing initialized
2025-09-04 13:04:00,449 [INFO] DbMcusAds:53 - JSON generation date=Tue Jul 08 15:14:23 ICT 2025 (1751962463582)
2025-09-04 13:04:00,449 [FATAL] Updater:308 - Updater called before beeing initialized
2025-09-04 13:04:00,452 [INFO] ThirdPartyUpdaterWithRetryManager:70 - Updater plugin not ready yet. [2/15]
2025-09-04 13:04:00,538 [WARN] DetailPanel:346 - Failed to get advertising image, set to default
2025-09-04 13:04:00,619 [FATAL] Updater:308 - Updater called before beeing initialized
2025-09-04 13:04:00,621 [FATAL] Updater:308 - Updater called before beeing initialized
2025-09-04 13:04:00,621 [FATAL] Updater:308 - Updater called before beeing initialized
2025-09-04 13:04:00,621 [WARN] DetailPanel:346 - Failed to get advertising image, set to default
2025-09-04 13:04:00,622 [FATAL] Updater:308 - Updater called before beeing initialized
2025-09-04 13:04:00,688 [ERROR] Updater:1120 - MainUpdater not yet initialized. External WinMGr cannot be set.
2025-09-04 13:04:00,704 [INFO] Updater:1056 - Updater Version found : 6.10.0
2025-09-04 13:04:00,721 [INFO] ApplicationProperties:184 - Using Application install path: D:\STM32CubeIDE_1.14.0\STM32CubeIDE\plugins\com.st.stm32cube.common.mx_6.10.0.202311202037
2025-09-04 13:04:02,321 [ERROR] LogOutputStream:75 - [STDERR_REDIRECT] Sep 04, 2025 1:04:02 PM java.util.prefs.WindowsPreferences <init>
2025-09-04 13:04:02,329 [ERROR] LogOutputStream:75 - [STDERR_REDIRECT] WARNING: Could not open/create prefs root node Software\JavaSoft\Prefs at root 0xffffffff80000002. Windows RegCreateKeyEx(...) returned error code 5.
2025-09-04 13:04:02,330 [ERROR] LogOutputStream:75 - [STDERR_REDIRECT] 
2025-09-04 13:04:02,879 [INFO] MainUpdater:2873 - connection check result : 10
2025-09-04 13:04:02,881 [INFO] MainUpdater:290 - Updater Check For Update Now.
2025-09-04 13:04:02,882 [INFO] MicroXplorer:498 - Change Database Version : DB.6.0.100
2025-09-04 13:04:02,960 [INFO] McuFinderGlobals:63 - Set McuFinder mode to 2 (CubeIDE integrated)
2025-09-04 13:04:03,234 [INFO] CheckServerUpdateThread:120 - End of CheckServer Thread
2025-09-04 13:04:03,449 [INFO] UserAuth:404 - Internet connection configuration mode: 1
2025-09-04 13:04:03,550 [INFO] JxBrowserEngine:152 - Initiate JxBrowser Engine with user profile folder
2025-09-04 13:04:03,807 [WARN] PackLoader:240 - Cannot read IP mode file for STMicroelectronics.FP-SNS-MOTENVWB1.1.4.0
2025-09-04 13:04:03,836 [WARN] PackLoader:240 - Cannot read IP mode file for STMicroelectronics.FP-ATR-ASTRA1.2.0.2
2025-09-04 13:04:03,857 [WARN] PackLoader:240 - Cannot read IP mode file for STMicroelectronics.X-CUBE-SMBUS.2.1.0
2025-09-04 13:04:03,873 [ERROR] Engine:466 - C:\Users\ASUS\.stm32cubemx\thirdparties\pdsc\STMicroelectronics.X-CUBE-ST60.1.0.0.pdsc: PDSC version is not supported
2025-09-04 13:04:03,927 [WARN] PackLoader:240 - Cannot read IP mode file for STMicroelectronics.X-CUBE-AZRTOS-F7.1.1.0
2025-09-04 13:04:03,989 [WARN] PackLoader:240 - Cannot read IP mode file for Infineon.AIROC-Wi-Fi-Bluetooth-STM32.1.7.0
2025-09-04 13:04:04,050 [WARN] PackLoader:240 - Cannot read IP mode file for STMicroelectronics.X-CUBE-AZRTOS-H7.3.4.0
2025-09-04 13:04:04,076 [WARN] PackLoader:240 - Cannot read IP mode file for STMicroelectronics.X-CUBE-DISPLAY.3.0.0
2025-09-04 13:04:04,102 [WARN] PackLoader:240 - Cannot read IP mode file for STMicroelectronics.X-CUBE-NFC10.1.0.0
2025-09-04 13:04:04,128 [WARN] PackLoader:240 - Cannot read IP mode file for STMicroelectronics.X-CUBE-BLEMGR.4.0.0
2025-09-04 13:04:04,161 [WARN] PackLoader:240 - Cannot read IP mode file for emotas.I-CUBE-CANOPEN.1.3.0
2025-09-04 13:04:04,180 [WARN] ConditionMgr:438 - getConditionDescription Invalid condition id : Cortex-A Device cause : null
2025-09-04 13:04:04,224 [WARN] ConditionMgr:1039 - genDependencies : Invalid condition id : Cortex-A Device cause : null
2025-09-04 13:04:04,224 [WARN] ConditionMgr:1039 - genDependencies : Invalid condition id : Cortex-A Device cause : null
2025-09-04 13:04:04,224 [WARN] ConditionMgr:1039 - genDependencies : Invalid condition id : Cortex-A Device cause : null
2025-09-04 13:04:04,249 [ERROR] Engine:466 - C:\Users\ASUS\.stm32cubemx\thirdparties\pdsc\STMicroelectronics.FP-SNS-STBOX1.2.1.0.pdsc: PDSC version is not supported
2025-09-04 13:04:04,270 [WARN] PackLoader:240 - Cannot read IP mode file for STMicroelectronics.FP-SNS-SMARTAG2.1.2.0
2025-09-04 13:04:04,286 [ERROR] Engine:466 - C:\Users\ASUS\.stm32cubemx\thirdparties\pdsc\STMicroelectronics.FP-SNS-FLIGHT1.5.1.0.pdsc: PDSC version is not supported
2025-09-04 13:04:04,313 [INFO] LogOutputStream:77 - [STDOUT_REDIRECT] 1 : Invalid condition id : UX_CORESTACK_Condition cause : null
2025-09-04 13:04:04,314 [INFO] LogOutputStream:77 - [STDOUT_REDIRECT] 1 : Invalid condition id : UX_CORESTACK_Condition cause : null
2025-09-04 13:04:04,315 [INFO] LogOutputStream:77 - [STDOUT_REDIRECT] 1 : Invalid condition id : UX_CORESTACK_Condition cause : null
2025-09-04 13:04:04,317 [INFO] LogOutputStream:77 - [STDOUT_REDIRECT] 1 : Invalid condition id : UX_CORESTACK_Condition cause : null
2025-09-04 13:04:04,318 [INFO] LogOutputStream:77 - [STDOUT_REDIRECT] 1 : Invalid condition id : UX_CORESTACK_Condition cause : null
2025-09-04 13:04:04,322 [WARN] PackLoader:240 - Cannot read IP mode file for STMicroelectronics.X-CUBE-AZRTOS-WL.2.0.0
2025-09-04 13:04:04,349 [WARN] PackLoader:240 - Cannot read IP mode file for STMicroelectronics.FP-SNS-MOTENV1.5.0.0
2025-09-04 13:04:04,371 [WARN] PackLoader:240 - Cannot read IP mode file for WES.I-CUBE-Cesium.1.3.0
2025-09-04 13:04:04,389 [WARN] PackLoader:240 - Cannot read IP mode file for STMicroelectronics.X-CUBE-BLE2.3.3.0
2025-09-04 13:04:04,413 [WARN] PackLoader:240 - Cannot read IP mode file for STMicroelectronics.X-CUBE-NFC9.1.0.0
2025-09-04 13:04:04,432 [WARN] PackLoader:240 - Cannot read IP mode file for wolfSSL.I-CUBE-wolfSSL.5.8.0
2025-09-04 13:04:04,455 [WARN] PackLoader:240 - Cannot read IP mode file for STMicroelectronics.X-CUBE-BLE1.7.1.0
2025-09-04 13:04:04,472 [WARN] PackLoader:240 - Cannot read IP mode file for wolfSSL.I-CUBE-wolfMQTT.1.19.2
2025-09-04 13:04:04,490 [WARN] PackLoader:240 - Cannot read IP mode file for STMicroelectronics.X-CUBE-EEPRMA1.5.2.0
2025-09-04 13:04:04,512 [WARN] PackLoader:240 - Cannot read IP mode file for STMicroelectronics.X-CUBE-AI.10.1.0
2025-09-04 13:04:04,547 [WARN] PackLoader:240 - Cannot read IP mode file for STMicroelectronics.X-CUBE-AZRTOS-G0.1.1.0
2025-09-04 13:04:04,567 [WARN] PackLoader:240 - Cannot read IP mode file for STMicroelectronics.X-CUBE-SAFEA1.1.2.2
2025-09-04 13:04:04,586 [WARN] PackLoader:240 - Cannot read IP mode file for STMicroelectronics.X-CUBE-NFC4.3.0.0
2025-09-04 13:04:04,605 [WARN] PackLoader:240 - Cannot read IP mode file for EmbeddedOffice.I-CUBE-FS-RTOS.1.0.1
2025-09-04 13:04:04,606 [ERROR] ConditionMgr:805 - Attr not supported : Dmpu
2025-09-04 13:04:04,606 [ERROR] ConditionMgr:805 - Attr not supported : Dmpu
2025-09-04 13:04:04,607 [ERROR] ConditionMgr:805 - Attr not supported : Dmpu
2025-09-04 13:04:04,607 [ERROR] ConditionMgr:805 - Attr not supported : Dmpu
2025-09-04 13:04:04,607 [ERROR] ConditionMgr:805 - Attr not supported : Dmpu
2025-09-04 13:04:04,607 [ERROR] ConditionMgr:805 - Attr not supported : Dmpu
2025-09-04 13:04:04,607 [ERROR] ConditionMgr:805 - Attr not supported : Dmpu
2025-09-04 13:04:04,607 [ERROR] ConditionMgr:805 - Attr not supported : Dmpu
2025-09-04 13:04:04,607 [ERROR] ConditionMgr:805 - Attr not supported : Dmpu
2025-09-04 13:04:04,607 [ERROR] ConditionMgr:805 - Attr not supported : Dmpu
2025-09-04 13:04:04,607 [ERROR] ConditionMgr:805 - Attr not supported : Dmpu
2025-09-04 13:04:04,607 [ERROR] ConditionMgr:805 - Attr not supported : Dmpu
2025-09-04 13:04:04,608 [ERROR] ConditionMgr:805 - Attr not supported : Dmpu
2025-09-04 13:04:04,608 [ERROR] ConditionMgr:805 - Attr not supported : Dmpu
2025-09-04 13:04:04,608 [ERROR] ConditionMgr:805 - Attr not supported : Dmpu
2025-09-04 13:04:04,608 [ERROR] ConditionMgr:805 - Attr not supported : Dmpu
2025-09-04 13:04:04,608 [ERROR] ConditionMgr:805 - Attr not supported : Dmpu
2025-09-04 13:04:04,608 [ERROR] ConditionMgr:805 - Attr not supported : Dmpu
2025-09-04 13:04:04,608 [ERROR] ConditionMgr:805 - Attr not supported : Dmpu
2025-09-04 13:04:04,608 [ERROR] ConditionMgr:805 - Attr not supported : Dmpu
2025-09-04 13:04:04,608 [ERROR] ConditionMgr:805 - Attr not supported : Dmpu
2025-09-04 13:04:04,609 [ERROR] ConditionMgr:805 - Attr not supported : Dmpu
2025-09-04 13:04:04,609 [ERROR] ConditionMgr:805 - Attr not supported : Dmpu
2025-09-04 13:04:04,609 [ERROR] ConditionMgr:805 - Attr not supported : Dmpu
2025-09-04 13:04:04,609 [ERROR] ConditionMgr:805 - Attr not supported : Dmpu
2025-09-04 13:04:04,609 [ERROR] ConditionMgr:805 - Attr not supported : Dmpu
2025-09-04 13:04:04,610 [ERROR] ConditionMgr:805 - Attr not supported : Dmpu
2025-09-04 13:04:04,610 [ERROR] ConditionMgr:805 - Attr not supported : Dmpu
2025-09-04 13:04:04,610 [ERROR] ConditionMgr:805 - Attr not supported : Dmpu
2025-09-04 13:04:04,610 [ERROR] ConditionMgr:805 - Attr not supported : Dmpu
2025-09-04 13:04:04,610 [ERROR] ConditionMgr:805 - Attr not supported : Dmpu
2025-09-04 13:04:04,610 [ERROR] ConditionMgr:805 - Attr not supported : Dmpu
2025-09-04 13:04:04,610 [ERROR] ConditionMgr:805 - Attr not supported : Dmpu
2025-09-04 13:04:04,610 [ERROR] ConditionMgr:805 - Attr not supported : Dmpu
2025-09-04 13:04:04,610 [ERROR] ConditionMgr:805 - Attr not supported : Dmpu
2025-09-04 13:04:04,610 [ERROR] ConditionMgr:805 - Attr not supported : Dmpu
2025-09-04 13:04:04,611 [ERROR] ConditionMgr:805 - Attr not supported : Dmpu
2025-09-04 13:04:04,611 [ERROR] ConditionMgr:805 - Attr not supported : Dmpu
2025-09-04 13:04:04,611 [ERROR] ConditionMgr:805 - Attr not supported : Dmpu
2025-09-04 13:04:04,611 [ERROR] ConditionMgr:805 - Attr not supported : Dmpu
2025-09-04 13:04:04,611 [ERROR] ConditionMgr:805 - Attr not supported : Dmpu
2025-09-04 13:04:04,611 [ERROR] ConditionMgr:805 - Attr not supported : Dmpu
2025-09-04 13:04:04,611 [ERROR] ConditionMgr:805 - Attr not supported : Dmpu
2025-09-04 13:04:04,611 [ERROR] ConditionMgr:805 - Attr not supported : Dmpu
2025-09-04 13:04:04,611 [ERROR] ConditionMgr:805 - Attr not supported : Dmpu
2025-09-04 13:04:04,611 [ERROR] ConditionMgr:805 - Attr not supported : Dmpu
2025-09-04 13:04:04,612 [ERROR] ConditionMgr:805 - Attr not supported : Dmpu
2025-09-04 13:04:04,612 [ERROR] ConditionMgr:805 - Attr not supported : Dmpu
2025-09-04 13:04:04,612 [ERROR] ConditionMgr:805 - Attr not supported : Dmpu
2025-09-04 13:04:04,612 [ERROR] ConditionMgr:805 - Attr not supported : Dmpu
2025-09-04 13:04:04,612 [ERROR] ConditionMgr:805 - Attr not supported : Dmpu
2025-09-04 13:04:04,612 [ERROR] ConditionMgr:805 - Attr not supported : Dmpu
2025-09-04 13:04:04,612 [ERROR] ConditionMgr:805 - Attr not supported : Dmpu
2025-09-04 13:04:04,612 [ERROR] ConditionMgr:805 - Attr not supported : Dmpu
2025-09-04 13:04:04,612 [ERROR] ConditionMgr:805 - Attr not supported : Dmpu
2025-09-04 13:04:04,612 [ERROR] ConditionMgr:805 - Attr not supported : Dmpu
2025-09-04 13:04:04,612 [ERROR] ConditionMgr:805 - Attr not supported : Dmpu
2025-09-04 13:04:04,613 [ERROR] ConditionMgr:805 - Attr not supported : Dmpu
2025-09-04 13:04:04,613 [ERROR] ConditionMgr:805 - Attr not supported : Dmpu
2025-09-04 13:04:04,613 [ERROR] ConditionMgr:805 - Attr not supported : Dmpu
2025-09-04 13:04:04,613 [ERROR] ConditionMgr:805 - Attr not supported : Dmpu
2025-09-04 13:04:04,613 [ERROR] ConditionMgr:805 - Attr not supported : Dmpu
2025-09-04 13:04:04,613 [ERROR] ConditionMgr:805 - Attr not supported : Dmpu
2025-09-04 13:04:04,613 [ERROR] ConditionMgr:805 - Attr not supported : Dmpu
2025-09-04 13:04:04,631 [WARN] PackLoader:240 - Cannot read IP mode file for STMicroelectronics.X-CUBE-WB05N.2.0.0
2025-09-04 13:04:04,651 [WARN] PackLoader:240 - Cannot read IP mode file for wolfSSL.I-CUBE-wolfTPM.3.8.0
2025-09-04 13:04:04,667 [ERROR] Engine:466 - C:\Users\ASUS\.stm32cubemx\thirdparties\pdsc\STMicroelectronics.X-CUBE-TCPP.4.2.0.pdsc: PDSC version is not supported
2025-09-04 13:04:04,686 [WARN] PackLoader:240 - Cannot read IP mode file for RealThread.X-CUBE-RT-Thread_Nano.4.1.1
2025-09-04 13:04:04,708 [WARN] PackLoader:240 - Cannot read IP mode file for STMicroelectronics.FP-ATR-SIGFOX1.3.2.0
2025-09-04 13:04:04,725 [WARN] PackLoader:240 - Cannot read IP mode file for STMicroelectronics.X-CUBE-EEPRMA1.5.1.0
2025-09-04 13:04:04,751 [WARN] PackLoader:240 - Cannot read IP mode file for ITTIA_DB.I-CUBE-ITTIADB.8.9.0
2025-09-04 13:04:04,772 [ERROR] Engine:466 - C:\Users\ASUS\.stm32cubemx\thirdparties\pdsc\STMicroelectronics.X-CUBE-ST67W61.1.0.0.pdsc: PDSC version is not supported
2025-09-04 13:04:04,792 [WARN] PackLoader:240 - Cannot read IP mode file for STMicroelectronics.X-CUBE-AI.10.2.0
2025-09-04 13:04:04,842 [WARN] PackLoader:240 - Cannot read IP mode file for SEGGER.I-CUBE-embOS.1.3.1
2025-09-04 13:04:04,910 [WARN] PackLoader:240 - Cannot read IP mode file for STMicroelectronics.X-CUBE-ALGOBUILD.1.4.0
2025-09-04 13:04:04,987 [WARN] PackLoader:240 - Cannot read IP mode file for STMicroelectronics.X-CUBE-MEMS1.11.3.0
2025-09-04 13:04:05,136 [WARN] PackLoader:240 - Cannot read IP mode file for STMicroelectronics.X-CUBE-PM33A1.1.0.0
2025-09-04 13:04:05,173 [WARN] PackLoader:240 - Cannot read IP mode file for STMicroelectronics.X-CUBE-AZRTOS-F4.1.1.0
2025-09-04 13:04:05,191 [ERROR] Engine:466 - C:\Users\ASUS\.stm32cubemx\thirdparties\pdsc\Avnet-IotConnect.X-CUBE-IoTC-DA16k-PMOD.1.0.0.pdsc: PDSC version is not supported
2025-09-04 13:04:05,206 [WARN] PackLoader:240 - Cannot read IP mode file for STMicroelectronics.X-CUBE-ISPU.2.1.0
2025-09-04 13:04:05,226 [WARN] PackLoader:240 - Cannot read IP mode file for STMicroelectronics.X-CUBE-NFC12.1.0.0
2025-09-04 13:04:05,273 [WARN] PackLoader:240 - Cannot read IP mode file for STMicroelectronics.X-CUBE-AZRTOS-L5.2.0.0
2025-09-04 13:04:05,297 [WARN] PackLoader:240 - Cannot read IP mode file for STMicroelectronics.X-CUBE-NFC6.3.1.0
2025-09-04 13:04:05,322 [WARN] PackLoader:240 - Cannot read IP mode file for STMicroelectronics.X-CUBE-FREERTOS.1.3.1
2025-09-04 13:04:05,346 [ERROR] Engine:466 - C:\Users\ASUS\.stm32cubemx\thirdparties\pdsc\STMicroelectronics.FP-SNS-STAIOTCFT.1.0.0.pdsc: PDSC version is not supported
2025-09-04 13:04:05,368 [WARN] PackLoader:240 - Cannot read IP mode file for STMicroelectronics.X-CUBE-DPower.1.3.0
2025-09-04 13:04:05,400 [WARN] ConditionMgr:438 - getConditionDescription Invalid condition id : LAN8742 Phy interface Condition cause : null
2025-09-04 13:04:05,401 [WARN] PackLoader:240 - Cannot read IP mode file for STMicroelectronics.X-CUBE-AZRTOS-L4.2.0.0
2025-09-04 13:04:05,402 [WARN] ConditionMgr:1039 - genDependencies : Invalid condition id : LAN8742 Phy interface Condition cause : null
2025-09-04 13:04:05,403 [WARN] ConditionMgr:1039 - genDependencies : Invalid condition id : LAN8742 Phy interface Condition cause : null
2025-09-04 13:04:05,403 [WARN] ConditionMgr:1039 - genDependencies : Invalid condition id : LAN8742 Phy interface Condition cause : null
2025-09-04 13:04:05,425 [WARN] PackLoader:240 - Cannot read IP mode file for STMicroelectronics.X-CUBE-SFXS2LP1.4.0.0
2025-09-04 13:04:05,463 [WARN] PackLoader:240 - Cannot read IP mode file for STMicroelectronics.X-CUBE-AZRTOS-H7.3.3.0
2025-09-04 13:04:05,487 [ERROR] Engine:466 - C:\Users\ASUS\.stm32cubemx\thirdparties\pdsc\STMicroelectronics.X-CUBE-BLEMGR.4.1.0.pdsc: PDSC version is not supported
2025-09-04 13:04:05,518 [WARN] ConditionMgr:438 - getConditionDescription Invalid condition id : UX DEVICE CLASS RTOS Condition cause : null
2025-09-04 13:04:05,519 [WARN] ConditionMgr:438 - getConditionDescription Invalid condition id : UX DEVICE CLASS RTOS Condition cause : null
2025-09-04 13:04:05,521 [WARN] PackLoader:240 - Cannot read IP mode file for STMicroelectronics.X-CUBE-AZRTOS-WB.2.0.0
2025-09-04 13:04:05,522 [WARN] ConditionMgr:1039 - genDependencies : Invalid condition id : UX DEVICE CLASS RTOS Condition cause : null
2025-09-04 13:04:05,522 [WARN] ConditionMgr:1039 - genDependencies : Invalid condition id : UX DEVICE CLASS RTOS Condition cause : null
2025-09-04 13:04:05,522 [WARN] ConditionMgr:1039 - genDependencies : Invalid condition id : UX DEVICE CLASS RTOS Condition cause : null
2025-09-04 13:04:05,522 [WARN] ConditionMgr:1039 - genDependencies : Invalid condition id : UX DEVICE CLASS RTOS Condition cause : null
2025-09-04 13:04:05,522 [WARN] ConditionMgr:1039 - genDependencies : Invalid condition id : UX DEVICE CLASS RTOS Condition cause : null
2025-09-04 13:04:05,542 [WARN] PackLoader:240 - Cannot read IP mode file for STMicroelectronics.X-CUBE-GNSS1.7.0.1
2025-09-04 13:04:05,566 [WARN] PackLoader:240 - Cannot read IP mode file for STMicroelectronics.X-CUBE-TOUCHGFX.4.25.0
2025-09-04 13:04:05,585 [WARN] PackLoader:240 - Cannot read IP mode file for STMicroelectronics.FP-SNS-STBOX1.2.0.0
2025-09-04 13:04:05,611 [WARN] PackLoader:240 - Cannot read IP mode file for STMicroelectronics.X-CUBE-SUBG2.5.0.0
2025-09-04 13:04:05,651 [WARN] PackLoader:240 - Cannot read IP mode file for STMicroelectronics.X-CUBE-AZRTOS-H7RS.1.1.0
2025-09-04 13:04:05,673 [WARN] PackLoader:240 - Cannot read IP mode file for Cesanta.I-CUBE-Mongoose.7.13.0
2025-09-04 13:04:05,706 [WARN] PackLoader:240 - Cannot read IP mode file for STMicroelectronics.X-CUBE-AZRTOS-G4.2.0.0
2025-09-04 13:04:05,727 [WARN] PackLoader:240 - Cannot read IP mode file for wolfSSL.I-CUBE-wolfSSH.1.4.20
2025-09-04 13:04:05,747 [WARN] PackLoader:240 - Cannot read IP mode file for STMicroelectronics.X-CUBE-NFC7.2.0.0
2025-09-04 13:04:05,767 [ERROR] Engine:466 - C:\Users\ASUS\.stm32cubemx\thirdparties\pdsc\STMicroelectronics.X-CUBE-IPS.3.1.0.pdsc: PDSC version is not supported
2025-09-04 13:04:05,783 [WARN] PackLoader:240 - Cannot read IP mode file for STMicroelectronics.X-CUBE-ALS.1.0.2
2025-09-04 13:04:05,801 [WARN] PackLoader:240 - Cannot read IP mode file for portGmbH.I-Cube-SoM-uGOAL.1.1.0
2025-09-04 13:04:05,827 [ERROR] Engine:466 - C:\Users\ASUS\.stm32cubemx\thirdparties\pdsc\STMicroelectronics.X-CUBE-TOF1.3.4.3.pdsc: PDSC version is not supported
2025-09-04 13:04:05,827 [INFO] ThirdParty:978 - Integrity check success = true
2025-09-04 13:04:05,827 [INFO] IntegrityCheckThread:100 - exiting critical section [integrity check]
2025-09-04 13:04:05,828 [INFO] IntegrityCheckThread:103 - End integrity checks thread
2025-09-04 13:04:07,677 [INFO] WebApp:161 - Instantiating new browser for Auth
2025-09-04 13:04:08,300 [INFO] WebApp:780 - Register for checkConnection events
2025-09-04 13:04:08,300 [INFO] WebApp:414 - Apply proxy settings
2025-09-04 13:04:08,300 [INFO] WebApp:499 - Chromium requires no authentication
2025-09-04 13:04:08,309 [INFO] WebApp:442 - Direct internet connection detected
2025-09-04 13:04:08,486 [INFO] WebApp:192 - Starting web application
2025-09-04 13:04:08,487 [INFO] WebApp:544 - Web application path used D:\STM32CubeIDE_1.14.0\STM32CubeIDE\plugins\com.st.stm32cube.common.mx_6.10.0.202311202037\db\plugins\mcufinder\reactClient1\index.html
2025-09-04 13:04:29,756 [ERROR] LogOutputStream:75 - [STDERR_REDIRECT] SLF4J: Failed to load class "org.slf4j.impl.StaticLoggerBinder".
2025-09-04 13:04:29,757 [ERROR] LogOutputStream:75 - [STDERR_REDIRECT] SLF4J: Defaulting to no-operation (NOP) logger implementation
2025-09-04 13:04:29,758 [ERROR] LogOutputStream:75 - [STDERR_REDIRECT] SLF4J: See http://www.slf4j.org/codes.html#StaticLoggerBinder for further details.
2025-09-04 13:04:35,175 [INFO] McuFinderGlobals:63 - Set McuFinder mode to 2 (CubeIDE integrated)
2025-09-04 13:04:35,204 [INFO] MainUpdater:2873 - connection check result : 10
2025-09-04 13:04:36,056 [INFO] ApiDb:581 - Connected to CubeFinder SQLite database (C:\Users\ASUS\.stmcufinder\plugins\mcufinder\mcu\cube-finder-db.db)
2025-09-04 13:04:36,153 [INFO] ApiDb:668 - CubeFinder database Data Model version=2.1
2025-09-04 13:04:36,153 [INFO] ApiDb:669 - CubeFinder database Configuration version=3.0.39
2025-09-04 13:04:36,155 [INFO] ApiDb:670 - CubeFinder database generation date=2025-07-24 (1753349077)
2025-09-04 13:04:36,155 [INFO] ApiDb:671 - CubeFinder database FW Pack versions=[FP-ATR-ASTRA1_V2.0.0, FP-SNS-FLIGHT1_V5.1.0, FP-SNS-MOTENV1_V5.0.0, FP-SNS-MOTENVWB1_V1.4.0, FP-SNS-SMARTAG2_V1.2.0, FP-SNS-STBOX1_V2.0.0, STM32Cube_FW_C0_V1.4.0, STM32Cube_FW_F4_V1.28.2, STM32Cube_FW_F7_V1.17.3, STM32Cube_FW_G0_V1.6.2, STM32Cube_FW_G4_V1.6.1, STM32Cube_FW_H5_V1.5.0, STM32Cube_FW_H7RS_V1.2.0, STM32Cube_FW_H7_V1.12.1, STM32Cube_FW_L0_V1.12.2, STM32Cube_FW_L4_V1.18.1, STM32Cube_FW_L5_V1.5.1, STM32Cube_FW_N6_V1.2.0, STM32Cube_FW_U0_V1.3.0, STM32Cube_FW_U3_V1.2.0, STM32Cube_FW_U5_V1.8.0, STM32Cube_FW_WB0_V1.3.0, STM32Cube_FW_WBA_V1.7.0, STM32Cube_FW_WB_V1.23.0, STM32Cube_FW_WL3_V1.2.0, STM32Cube_FW_WL_V1.3.1, X-CUBE-ALGOBUILD_V1.4.0, X-CUBE-ALS_V1.0.2, X-CUBE-AZRTOS-F4_V1.1.0, X-CUBE-AZRTOS-F7_V1.1.0, X-CUBE-AZRTOS-G0_V1.1.0, X-CUBE-AZRTOS-G4_V2.0.0, X-CUBE-AZRTOS-H7RS_V1.1.0, X-CUBE-AZRTOS-H7_V3.4.0, X-CUBE-AZRTOS-L4_V2.0.0, X-CUBE-AZRTOS-L5_V2.0.0, X-CUBE-AZRTOS-WB_V2.0.0, X-CUBE-AZRTOS-WL_V2.0.0, X-CUBE-BLE1_V7.1.0, X-CUBE-BLE2_V3.3.0, X-CUBE-BLEMGR_V4.1.0, X-CUBE-EEPRMA1_V5.2.0, X-CUBE-FREERTOS_V1.3.1, X-CUBE-GNSS1_V6.0.0, X-CUBE-MEMS1_V11.3.0, X-CUBE-NFC4_V3.0.0, X-CUBE-NFC7_V2.0.0, X-CUBE-SFXS2LP1_V4.0.0, X-CUBE-ST67W61_V1.0.0, X-CUBE-SUBG2_V5.0.0, X-CUBE-TOF1_V3.4.3]
2025-09-04 13:04:36,303 [INFO] DbBoardsSqlite:226 - include board P-NUCLEO-WB55-NUCLEO as a kit item of type 'Nucleo-64'
2025-09-04 13:04:36,304 [INFO] DbBoardsSqlite:226 - include board P-NUCLEO-WB55-USBDONGLE as a kit item of type 'Nucleo USB Dongle'
2025-09-04 13:04:36,305 [INFO] DbBoardsSqlite:226 - include board STEVAL-IDP005V1 as a kit item of type 'Evaluation Board'
2025-09-04 13:04:36,305 [INFO] DbBoardsSqlite:226 - include board STEVAL-IDP005V2 as a kit item of type 'Evaluation Board'
2025-09-04 13:04:36,797 [INFO] ApiDb:240 - Found 371 in-development CPN: [B-G473E-ZEST1S, B-WB1M-WPAN1, B-WL5M-SUBG1, NUCLEO-C031C6, NUCLEO-H503RB, NUCLEO-H563ZI, NUCLEO-U545RE-Q, NUCLEO-U5A5ZJ-Q, NUCLEO-WBA52CG, NUCLEO-WBA55CG, STEVAL-MKBOXPRO, STEVAL-PROTEUS1, STEVAL-STWINBX1, STM320518-EVAL, STM32C0116-DK, STM32C011D6Y3TR, STM32C011D6Y6TR, STM32C011F4P3, STM32C011F4P6, STM32C011F4U3, STM32C011F4U6TR, STM32C011F6P3, STM32C011F6P6, STM32C011F6U3, STM32C011F6U6TR, STM32C011J4M3, STM32C011J4M6, STM32C011J6M3, STM32C011J6M6, STM32C0316-DK, STM32C031C4T3, STM32C031C4T6, STM32C031C4U3, STM32C031C4U6, STM32C031C6T3, STM32C031C6T6, STM32C031C6U3, STM32C031C6U6, STM32C031F4P3, STM32C031F4P6, STM32C031F6P3, STM32C031F6P6, STM32C031G4U3, STM32C031G4U6, STM32C031G6U3, STM32C031G6U6, STM32C031K4T3, STM32C031K4T6, STM32C031K4U3, STM32C031K4U6, STM32C031K6T3, STM32C031K6T6, STM32C031K6U3, STM32C031K6U6, STM32G071K8TXN, STM32G071K8UXN, STM32G081GBU6N, STM32G081KBT6N, STM32G081KBUXN, STM32G0B1CCT6N, STM32G0B1KCT6, STM32G0B1NEY6TR, STM32G0B1RCT6N, STM32G0C1CCT6, STM32G0C1CCT6N, STM32G0C1CCU6N, STM32G0C1CET6N, STM32G0C1CEU6N, STM32G0C1KCT6, STM32G0C1NEY6TR, STM32G0C1RCI6N, STM32G0C1RCT6N, STM32G0C1REI6N, STM32G0C1RET6N, STM32G0C1VCI6, STM32G0C1VEI6, STM32G471CCT6, STM32G471CCU6, STM32G471CET3, STM32G471CET6, STM32G471CEU3, STM32G471CEU6, STM32G471MCT6, STM32G471MET3, STM32G471MET6, STM32G471MEY6TR, STM32G471QCT6, STM32G471QET3, STM32G471RCT6, STM32G471RET3, STM32G471RET6, STM32G471VCH6, STM32G471VCI6, STM32G471VCT6, STM32G471VEH3, STM32G471VEH6, STM32G471VEI3, STM32G471VEI6, STM32G471VET3, STM32G471VET6, STM32G474CCT6, STM32H503CBT6, STM32H503CBU6, STM32H503EBY6TR, STM32H503KBU6, STM32H503RBT6, STM32H562AGI6, STM32H562AII6, STM32H562IGK6, STM32H562IGT6, STM32H562IIK6, STM32H562IIT6, STM32H562RGT6, STM32H562RGV6, STM32H562RIT6, STM32H562RIV6, STM32H562VGT6, STM32H562VIT6, STM32H562ZGT6, STM32H562ZIT6, STM32H563AGI6, STM32H563AII3Q, STM32H563AII6, STM32H563IGK6, STM32H563IGT6, STM32H563IIK3Q, STM32H563IIK6, STM32H563IIT3Q, STM32H563IIT6, STM32H563MIY3QTR, STM32H563RGT6, STM32H563RGV6, STM32H563RIT6, STM32H563RIV6, STM32H563VGT6, STM32H563VIT3Q, STM32H563VIT6, STM32H563ZGT6, STM32H563ZIT3Q, STM32H563ZIT6, STM32H573AII3Q, STM32H573AII6, STM32H573I-DK, STM32H573IIK3Q, STM32H573IIK6, STM32H573IIT3Q, STM32H573IIT6, STM32H573MIY3QTR, STM32H573RIT6, STM32H573RIV6, STM32H573VIT3Q, STM32H573VIT6, STM32H573ZIT3Q, STM32H573ZIT6, STM32L4R5QGI6STR, STM32MP131AAE3, STM32MP131AAF3, STM32MP131AAG3, STM32MP131CAE3, STM32MP131CAF3, STM32MP131CAG3, STM32MP131DAE7, STM32MP131DAF7, STM32MP131DAG7, STM32MP131FAE7, STM32MP131FAF7, STM32MP131FAG7, STM32MP133AAE3, STM32MP133AAF3, STM32MP133AAG3, STM32MP133CAE3, STM32MP133CAF3, STM32MP133CAG3, STM32MP133DAE7, STM32MP133DAF7, STM32MP133DAG7, STM32MP133FAE7, STM32MP133FAF7, STM32MP133FAG7, STM32MP135AAE3, STM32MP135AAF3, STM32MP135AAG3, STM32MP135CAE3, STM32MP135CAF3, STM32MP135CAG3, STM32MP135DAE7, STM32MP135DAF7, STM32MP135DAG7, STM32MP135F-DK, STM32MP135FAE7, STM32MP135FAF7, STM32MP135FAF7T, STM32MP135FAF7U, STM32MP135FAG7, STM32U535CBT6, STM32U535CBT6Q, STM32U535CBU6, STM32U535CBU6Q, STM32U535CCT6, STM32U535CCT6Q, STM32U535CCU6, STM32U535CCU6Q, STM32U535CET6, STM32U535CET6Q, STM32U535CEU6, STM32U535CEU6Q, STM32U535JEY6QTR, STM32U535NCY6QTR, STM32U535NEY6QTR, STM32U535RBI6, STM32U535RBI6Q, STM32U535RBT6, STM32U535RBT6Q, STM32U535RCI6, STM32U535RCI6Q, STM32U535RCT6, STM32U535RCT6Q, STM32U535REI6, STM32U535REI6Q, STM32U535RET6, STM32U535RET6Q, STM32U535VCI6, STM32U535VCI6Q, STM32U535VCT6, STM32U535VCT6Q, STM32U535VEI6, STM32U535VEI6Q, STM32U535VET6, STM32U535VET6Q, STM32U545CET6, STM32U545CET6Q, STM32U545CEU6, STM32U545CEU6Q, STM32U545JEY6QTR, STM32U545NEY6QTR, STM32U545REI6, STM32U545REI6Q, STM32U545RET6, STM32U545RET6Q, STM32U545VEI6, STM32U545VEI6Q, STM32U545VET6, STM32U545VET6Q, STM32U595AIH6, STM32U595AIH6Q, STM32U595AJH6, STM32U595AJH6Q, STM32U595QII6, STM32U595QII6Q, STM32U595QJI6, STM32U595QJI6Q, STM32U595RIT6, STM32U595RIT6Q, STM32U595RJT6, STM32U595RJT6Q, STM32U595VIT6, STM32U595VIT6Q, STM32U595VJT6, STM32U595VJT6Q, STM32U595ZIT6, STM32U595ZIT6Q, STM32U595ZIY6QTR, STM32U595ZJT6, STM32U595ZJT6Q, STM32U595ZJY6QTR, STM32U599BJY6QTR, STM32U599NIH6Q, STM32U599NJH6Q, STM32U599VIT6Q, STM32U599VJT6, STM32U599VJT6Q, STM32U599ZIT6Q, STM32U599ZIY6QTR, STM32U599ZJT6Q, STM32U599ZJY6QTR, STM32U5A5AJH6, STM32U5A5AJH6Q, STM32U5A5QJI6, STM32U5A5QJI6Q, STM32U5A5RJT6, STM32U5A5RJT6Q, STM32U5A5VJT6, STM32U5A5VJT6Q, STM32U5A5ZJT6, STM32U5A5ZJT6Q, STM32U5A5ZJY6QTR, STM32U5A9BJY6QTR, STM32U5A9J-DK, STM32U5A9NJH6Q, STM32U5A9VJT6Q, STM32U5A9ZJT6Q, STM32U5A9ZJY6QTR, STM32U5F7VIT6, STM32U5F7VIT6Q, STM32U5F7VJT6, STM32U5F7VJT6Q, STM32U5F9BJY6QTR, STM32U5F9NJH6Q, STM32U5F9VIT6Q, STM32U5F9VJT6Q, STM32U5F9ZIJ6QTR, STM32U5F9ZIT6Q, STM32U5F9ZJJ6QTR, STM32U5F9ZJT6Q, STM32U5G7VJT6, STM32U5G7VJT6Q, STM32U5G9BJY6QTR, STM32U5G9J-DK1, STM32U5G9J-DK2, STM32U5G9NJH6Q, STM32U5G9VJT6Q, STM32U5G9ZJJ6QTR, STM32U5G9ZJT6Q, STM32WB1MMCH6, STM32WBA50KEU6, STM32WBA50KEU6TR, STM32WBA50KGU6, STM32WBA50KGU6TR, STM32WBA52CEU6, STM32WBA52CEU6TR, STM32WBA52CEU7, STM32WBA52CEU7TR, STM32WBA52CGU6, STM32WBA52CGU6TR, STM32WBA52CGU6U, STM32WBA52CGU7, STM32WBA52CGU7TR, STM32WBA52KEU6, STM32WBA52KEU6TR, STM32WBA52KGU6, STM32WBA52KGU6TR, STM32WBA54CEU6, STM32WBA54CEU6TR, STM32WBA54CEU7, STM32WBA54CEU7TR, STM32WBA54CGU6, STM32WBA54CGU6TR, STM32WBA54CGU7, STM32WBA54CGU7TR, STM32WBA54KEU6, STM32WBA54KEU6TR, STM32WBA54KEU7, STM32WBA54KEU7TR, STM32WBA54KGU6, STM32WBA54KGU6TR, STM32WBA54KGU7, STM32WBA54KGU7TR, STM32WBA55CEU6, STM32WBA55CEU6TR, STM32WBA55CEU7, STM32WBA55CEU7TR, STM32WBA55CGU6, STM32WBA55CGU6TR, STM32WBA55CGU6U, STM32WBA55CGU7, STM32WBA55CGU7TR, STM32WBA55G-DK1, STM32WBA55HEF6, STM32WBA55HEF7, STM32WBA55HGF6, STM32WBA55HGF7, STM32WBA55UEI6, STM32WBA55UEI6TR, STM32WBA55UEI7, STM32WBA55UEI7TR, STM32WBA55UGI6, STM32WBA55UGI6TR, STM32WBA55UGI7, STM32WBA55UGI7TR, STM32WL5MOCH6, STM32WL5MOCH6TR]
2025-09-04 13:04:36,807 [INFO] ApiDb:668 - CubeFinder database Data Model version=2.1
2025-09-04 13:04:36,807 [INFO] ApiDb:669 - CubeFinder database Configuration version=3.0.39
2025-09-04 13:04:36,807 [INFO] ApiDb:670 - CubeFinder database generation date=2025-07-24 (1753349077)
2025-09-04 13:04:36,807 [INFO] ApiDb:671 - CubeFinder database FW Pack versions=[FP-ATR-ASTRA1_V2.0.0, FP-SNS-FLIGHT1_V5.1.0, FP-SNS-MOTENV1_V5.0.0, FP-SNS-MOTENVWB1_V1.4.0, FP-SNS-SMARTAG2_V1.2.0, FP-SNS-STBOX1_V2.0.0, STM32Cube_FW_C0_V1.4.0, STM32Cube_FW_F4_V1.28.2, STM32Cube_FW_F7_V1.17.3, STM32Cube_FW_G0_V1.6.2, STM32Cube_FW_G4_V1.6.1, STM32Cube_FW_H5_V1.5.0, STM32Cube_FW_H7RS_V1.2.0, STM32Cube_FW_H7_V1.12.1, STM32Cube_FW_L0_V1.12.2, STM32Cube_FW_L4_V1.18.1, STM32Cube_FW_L5_V1.5.1, STM32Cube_FW_N6_V1.2.0, STM32Cube_FW_U0_V1.3.0, STM32Cube_FW_U3_V1.2.0, STM32Cube_FW_U5_V1.8.0, STM32Cube_FW_WB0_V1.3.0, STM32Cube_FW_WBA_V1.7.0, STM32Cube_FW_WB_V1.23.0, STM32Cube_FW_WL3_V1.2.0, STM32Cube_FW_WL_V1.3.1, X-CUBE-ALGOBUILD_V1.4.0, X-CUBE-ALS_V1.0.2, X-CUBE-AZRTOS-F4_V1.1.0, X-CUBE-AZRTOS-F7_V1.1.0, X-CUBE-AZRTOS-G0_V1.1.0, X-CUBE-AZRTOS-G4_V2.0.0, X-CUBE-AZRTOS-H7RS_V1.1.0, X-CUBE-AZRTOS-H7_V3.4.0, X-CUBE-AZRTOS-L4_V2.0.0, X-CUBE-AZRTOS-L5_V2.0.0, X-CUBE-AZRTOS-WB_V2.0.0, X-CUBE-AZRTOS-WL_V2.0.0, X-CUBE-BLE1_V7.1.0, X-CUBE-BLE2_V3.3.0, X-CUBE-BLEMGR_V4.1.0, X-CUBE-EEPRMA1_V5.2.0, X-CUBE-FREERTOS_V1.3.1, X-CUBE-GNSS1_V6.0.0, X-CUBE-MEMS1_V11.3.0, X-CUBE-NFC4_V3.0.0, X-CUBE-NFC7_V2.0.0, X-CUBE-SFXS2LP1_V4.0.0, X-CUBE-ST67W61_V1.0.0, X-CUBE-SUBG2_V5.0.0, X-CUBE-TOF1_V3.4.3]
2025-09-04 13:04:39,504 [INFO] ApiDb:240 - Found 371 in-development CPN: [B-G473E-ZEST1S, B-WB1M-WPAN1, B-WL5M-SUBG1, NUCLEO-C031C6, NUCLEO-H503RB, NUCLEO-H563ZI, NUCLEO-U545RE-Q, NUCLEO-U5A5ZJ-Q, NUCLEO-WBA52CG, NUCLEO-WBA55CG, STEVAL-MKBOXPRO, STEVAL-PROTEUS1, STEVAL-STWINBX1, STM320518-EVAL, STM32C0116-DK, STM32C011D6Y3TR, STM32C011D6Y6TR, STM32C011F4P3, STM32C011F4P6, STM32C011F4U3, STM32C011F4U6TR, STM32C011F6P3, STM32C011F6P6, STM32C011F6U3, STM32C011F6U6TR, STM32C011J4M3, STM32C011J4M6, STM32C011J6M3, STM32C011J6M6, STM32C0316-DK, STM32C031C4T3, STM32C031C4T6, STM32C031C4U3, STM32C031C4U6, STM32C031C6T3, STM32C031C6T6, STM32C031C6U3, STM32C031C6U6, STM32C031F4P3, STM32C031F4P6, STM32C031F6P3, STM32C031F6P6, STM32C031G4U3, STM32C031G4U6, STM32C031G6U3, STM32C031G6U6, STM32C031K4T3, STM32C031K4T6, STM32C031K4U3, STM32C031K4U6, STM32C031K6T3, STM32C031K6T6, STM32C031K6U3, STM32C031K6U6, STM32G071K8TXN, STM32G071K8UXN, STM32G081GBU6N, STM32G081KBT6N, STM32G081KBUXN, STM32G0B1CCT6N, STM32G0B1KCT6, STM32G0B1NEY6TR, STM32G0B1RCT6N, STM32G0C1CCT6, STM32G0C1CCT6N, STM32G0C1CCU6N, STM32G0C1CET6N, STM32G0C1CEU6N, STM32G0C1KCT6, STM32G0C1NEY6TR, STM32G0C1RCI6N, STM32G0C1RCT6N, STM32G0C1REI6N, STM32G0C1RET6N, STM32G0C1VCI6, STM32G0C1VEI6, STM32G471CCT6, STM32G471CCU6, STM32G471CET3, STM32G471CET6, STM32G471CEU3, STM32G471CEU6, STM32G471MCT6, STM32G471MET3, STM32G471MET6, STM32G471MEY6TR, STM32G471QCT6, STM32G471QET3, STM32G471RCT6, STM32G471RET3, STM32G471RET6, STM32G471VCH6, STM32G471VCI6, STM32G471VCT6, STM32G471VEH3, STM32G471VEH6, STM32G471VEI3, STM32G471VEI6, STM32G471VET3, STM32G471VET6, STM32G474CCT6, STM32H503CBT6, STM32H503CBU6, STM32H503EBY6TR, STM32H503KBU6, STM32H503RBT6, STM32H562AGI6, STM32H562AII6, STM32H562IGK6, STM32H562IGT6, STM32H562IIK6, STM32H562IIT6, STM32H562RGT6, STM32H562RGV6, STM32H562RIT6, STM32H562RIV6, STM32H562VGT6, STM32H562VIT6, STM32H562ZGT6, STM32H562ZIT6, STM32H563AGI6, STM32H563AII3Q, STM32H563AII6, STM32H563IGK6, STM32H563IGT6, STM32H563IIK3Q, STM32H563IIK6, STM32H563IIT3Q, STM32H563IIT6, STM32H563MIY3QTR, STM32H563RGT6, STM32H563RGV6, STM32H563RIT6, STM32H563RIV6, STM32H563VGT6, STM32H563VIT3Q, STM32H563VIT6, STM32H563ZGT6, STM32H563ZIT3Q, STM32H563ZIT6, STM32H573AII3Q, STM32H573AII6, STM32H573I-DK, STM32H573IIK3Q, STM32H573IIK6, STM32H573IIT3Q, STM32H573IIT6, STM32H573MIY3QTR, STM32H573RIT6, STM32H573RIV6, STM32H573VIT3Q, STM32H573VIT6, STM32H573ZIT3Q, STM32H573ZIT6, STM32L4R5QGI6STR, STM32MP131AAE3, STM32MP131AAF3, STM32MP131AAG3, STM32MP131CAE3, STM32MP131CAF3, STM32MP131CAG3, STM32MP131DAE7, STM32MP131DAF7, STM32MP131DAG7, STM32MP131FAE7, STM32MP131FAF7, STM32MP131FAG7, STM32MP133AAE3, STM32MP133AAF3, STM32MP133AAG3, STM32MP133CAE3, STM32MP133CAF3, STM32MP133CAG3, STM32MP133DAE7, STM32MP133DAF7, STM32MP133DAG7, STM32MP133FAE7, STM32MP133FAF7, STM32MP133FAG7, STM32MP135AAE3, STM32MP135AAF3, STM32MP135AAG3, STM32MP135CAE3, STM32MP135CAF3, STM32MP135CAG3, STM32MP135DAE7, STM32MP135DAF7, STM32MP135DAG7, STM32MP135F-DK, STM32MP135FAE7, STM32MP135FAF7, STM32MP135FAF7T, STM32MP135FAF7U, STM32MP135FAG7, STM32U535CBT6, STM32U535CBT6Q, STM32U535CBU6, STM32U535CBU6Q, STM32U535CCT6, STM32U535CCT6Q, STM32U535CCU6, STM32U535CCU6Q, STM32U535CET6, STM32U535CET6Q, STM32U535CEU6, STM32U535CEU6Q, STM32U535JEY6QTR, STM32U535NCY6QTR, STM32U535NEY6QTR, STM32U535RBI6, STM32U535RBI6Q, STM32U535RBT6, STM32U535RBT6Q, STM32U535RCI6, STM32U535RCI6Q, STM32U535RCT6, STM32U535RCT6Q, STM32U535REI6, STM32U535REI6Q, STM32U535RET6, STM32U535RET6Q, STM32U535VCI6, STM32U535VCI6Q, STM32U535VCT6, STM32U535VCT6Q, STM32U535VEI6, STM32U535VEI6Q, STM32U535VET6, STM32U535VET6Q, STM32U545CET6, STM32U545CET6Q, STM32U545CEU6, STM32U545CEU6Q, STM32U545JEY6QTR, STM32U545NEY6QTR, STM32U545REI6, STM32U545REI6Q, STM32U545RET6, STM32U545RET6Q, STM32U545VEI6, STM32U545VEI6Q, STM32U545VET6, STM32U545VET6Q, STM32U595AIH6, STM32U595AIH6Q, STM32U595AJH6, STM32U595AJH6Q, STM32U595QII6, STM32U595QII6Q, STM32U595QJI6, STM32U595QJI6Q, STM32U595RIT6, STM32U595RIT6Q, STM32U595RJT6, STM32U595RJT6Q, STM32U595VIT6, STM32U595VIT6Q, STM32U595VJT6, STM32U595VJT6Q, STM32U595ZIT6, STM32U595ZIT6Q, STM32U595ZIY6QTR, STM32U595ZJT6, STM32U595ZJT6Q, STM32U595ZJY6QTR, STM32U599BJY6QTR, STM32U599NIH6Q, STM32U599NJH6Q, STM32U599VIT6Q, STM32U599VJT6, STM32U599VJT6Q, STM32U599ZIT6Q, STM32U599ZIY6QTR, STM32U599ZJT6Q, STM32U599ZJY6QTR, STM32U5A5AJH6, STM32U5A5AJH6Q, STM32U5A5QJI6, STM32U5A5QJI6Q, STM32U5A5RJT6, STM32U5A5RJT6Q, STM32U5A5VJT6, STM32U5A5VJT6Q, STM32U5A5ZJT6, STM32U5A5ZJT6Q, STM32U5A5ZJY6QTR, STM32U5A9BJY6QTR, STM32U5A9J-DK, STM32U5A9NJH6Q, STM32U5A9VJT6Q, STM32U5A9ZJT6Q, STM32U5A9ZJY6QTR, STM32U5F7VIT6, STM32U5F7VIT6Q, STM32U5F7VJT6, STM32U5F7VJT6Q, STM32U5F9BJY6QTR, STM32U5F9NJH6Q, STM32U5F9VIT6Q, STM32U5F9VJT6Q, STM32U5F9ZIJ6QTR, STM32U5F9ZIT6Q, STM32U5F9ZJJ6QTR, STM32U5F9ZJT6Q, STM32U5G7VJT6, STM32U5G7VJT6Q, STM32U5G9BJY6QTR, STM32U5G9J-DK1, STM32U5G9J-DK2, STM32U5G9NJH6Q, STM32U5G9VJT6Q, STM32U5G9ZJJ6QTR, STM32U5G9ZJT6Q, STM32WB1MMCH6, STM32WBA50KEU6, STM32WBA50KEU6TR, STM32WBA50KGU6, STM32WBA50KGU6TR, STM32WBA52CEU6, STM32WBA52CEU6TR, STM32WBA52CEU7, STM32WBA52CEU7TR, STM32WBA52CGU6, STM32WBA52CGU6TR, STM32WBA52CGU6U, STM32WBA52CGU7, STM32WBA52CGU7TR, STM32WBA52KEU6, STM32WBA52KEU6TR, STM32WBA52KGU6, STM32WBA52KGU6TR, STM32WBA54CEU6, STM32WBA54CEU6TR, STM32WBA54CEU7, STM32WBA54CEU7TR, STM32WBA54CGU6, STM32WBA54CGU6TR, STM32WBA54CGU7, STM32WBA54CGU7TR, STM32WBA54KEU6, STM32WBA54KEU6TR, STM32WBA54KEU7, STM32WBA54KEU7TR, STM32WBA54KGU6, STM32WBA54KGU6TR, STM32WBA54KGU7, STM32WBA54KGU7TR, STM32WBA55CEU6, STM32WBA55CEU6TR, STM32WBA55CEU7, STM32WBA55CEU7TR, STM32WBA55CGU6, STM32WBA55CGU6TR, STM32WBA55CGU6U, STM32WBA55CGU7, STM32WBA55CGU7TR, STM32WBA55G-DK1, STM32WBA55HEF6, STM32WBA55HEF7, STM32WBA55HGF6, STM32WBA55HGF7, STM32WBA55UEI6, STM32WBA55UEI6TR, STM32WBA55UEI7, STM32WBA55UEI7TR, STM32WBA55UGI6, STM32WBA55UGI6TR, STM32WBA55UGI7, STM32WBA55UGI7TR, STM32WL5MOCH6, STM32WL5MOCH6TR]
2025-09-04 13:04:39,512 [INFO] DbMcus:218 - Found 4733 MCUs, 4733 are supported
2025-09-04 13:04:39,512 [INFO] ApiDb:423 - Load user favorites file C:\Users\ASUS/.stm32cubeide/favorites.mcus.txt: 0 item(s)
2025-09-04 13:04:39,514 [INFO] ApiDb:427 - User favorites MCUs=[]
2025-09-04 13:04:39,514 [INFO] DbMcus:224 - Set 0 / 0 favorites MCUs
2025-09-04 13:04:40,126 [INFO] BoardInfo:889 - No configuration file found for board B-WBA5M-WPAN
2025-09-04 13:04:40,127 [INFO] DbBoards:161 - Board is not supported: B-WBA5M-WPAN
2025-09-04 13:04:40,132 [INFO] BoardInfo:889 - No configuration file found for board NUCLEO-C051C8
2025-09-04 13:04:40,132 [INFO] DbBoards:161 - Board is not supported: NUCLEO-C051C8
2025-09-04 13:04:40,134 [INFO] BoardInfo:889 - No configuration file found for board NUCLEO-C071RB
2025-09-04 13:04:40,134 [INFO] DbBoards:161 - Board is not supported: NUCLEO-C071RB
2025-09-04 13:04:40,137 [INFO] BoardInfo:889 - No configuration file found for board NUCLEO-C092RC
2025-09-04 13:04:40,138 [INFO] DbBoards:161 - Board is not supported: NUCLEO-C092RC
2025-09-04 13:04:40,199 [INFO] BoardInfo:889 - No configuration file found for board NUCLEO-H533RE
2025-09-04 13:04:40,199 [INFO] DbBoards:161 - Board is not supported: NUCLEO-H533RE
2025-09-04 13:04:40,208 [INFO] BoardInfo:889 - No configuration file found for board NUCLEO-H7S3L8
2025-09-04 13:04:40,208 [INFO] DbBoards:161 - Board is not supported: NUCLEO-H7S3L8
2025-09-04 13:04:40,226 [INFO] BoardInfo:889 - No configuration file found for board NUCLEO-N657X0-Q
2025-09-04 13:04:40,226 [INFO] DbBoards:161 - Board is not supported: NUCLEO-N657X0-Q
2025-09-04 13:04:40,227 [INFO] BoardInfo:889 - No configuration file found for board NUCLEO-U031R8
2025-09-04 13:04:40,229 [INFO] DbBoards:161 - Board is not supported: NUCLEO-U031R8
2025-09-04 13:04:40,230 [INFO] BoardInfo:889 - No configuration file found for board NUCLEO-U083RC
2025-09-04 13:04:40,230 [INFO] DbBoards:161 - Board is not supported: NUCLEO-U083RC
2025-09-04 13:04:40,230 [INFO] BoardInfo:889 - No configuration file found for board NUCLEO-U385RG-Q
2025-09-04 13:04:40,231 [INFO] DbBoards:161 - Board is not supported: NUCLEO-U385RG-Q
2025-09-04 13:04:40,233 [INFO] BoardInfo:889 - No configuration file found for board NUCLEO-WB05KZ
2025-09-04 13:04:40,234 [INFO] DbBoards:161 - Board is not supported: NUCLEO-WB05KZ
2025-09-04 13:04:40,234 [INFO] BoardInfo:889 - No configuration file found for board NUCLEO-WB07CC
2025-09-04 13:04:40,234 [INFO] DbBoards:161 - Board is not supported: NUCLEO-WB07CC
2025-09-04 13:04:40,235 [INFO] BoardInfo:889 - No configuration file found for board NUCLEO-WB09KE
2025-09-04 13:04:40,235 [INFO] DbBoards:161 - Board is not supported: NUCLEO-WB09KE
2025-09-04 13:04:40,238 [INFO] BoardInfo:889 - No configuration file found for board NUCLEO-WBA65RI
2025-09-04 13:04:40,238 [INFO] DbBoards:161 - Board is not supported: NUCLEO-WBA65RI
2025-09-04 13:04:40,239 [INFO] BoardInfo:889 - No configuration file found for board NUCLEO-WL33CC1
2025-09-04 13:04:40,240 [INFO] DbBoards:161 - Board is not supported: NUCLEO-WL33CC1
2025-09-04 13:04:40,240 [INFO] BoardInfo:889 - No configuration file found for board NUCLEO-WL33CC2
2025-09-04 13:04:40,240 [INFO] DbBoards:161 - Board is not supported: NUCLEO-WL33CC2
2025-09-04 13:04:40,244 [INFO] BoardInfo:889 - No configuration file found for board P-NUCLEO-WB55
2025-09-04 13:04:40,244 [INFO] DbBoards:161 - Kit is not supported: P-NUCLEO-WB55
2025-09-04 13:04:40,248 [INFO] BoardInfo:889 - No configuration file found for board STEVAL-BFA001V1B
2025-09-04 13:04:40,249 [INFO] DbBoards:161 - Kit is not supported: STEVAL-BFA001V1B
2025-09-04 13:04:40,249 [INFO] BoardInfo:889 - No configuration file found for board STEVAL-BFA001V2B
2025-09-04 13:04:40,249 [INFO] DbBoards:161 - Kit is not supported: STEVAL-BFA001V2B
2025-09-04 13:04:40,314 [INFO] BoardInfo:889 - No configuration file found for board STM32H7S78-DK
2025-09-04 13:04:40,314 [INFO] DbBoards:161 - Board is not supported: STM32H7S78-DK
2025-09-04 13:04:40,332 [INFO] BoardInfo:889 - No configuration file found for board STM32MP257F-DK
2025-09-04 13:04:40,332 [INFO] DbBoards:161 - Board is not supported: STM32MP257F-DK
2025-09-04 13:04:40,333 [INFO] BoardInfo:889 - No configuration file found for board STM32MP257F-EV1
2025-09-04 13:04:40,333 [INFO] DbBoards:161 - Board is not supported: STM32MP257F-EV1
2025-09-04 13:04:40,333 [INFO] BoardInfo:889 - No configuration file found for board STM32N6570-DK
2025-09-04 13:04:40,333 [INFO] DbBoards:161 - Board is not supported: STM32N6570-DK
2025-09-04 13:04:40,335 [INFO] BoardInfo:889 - No configuration file found for board STM32U083C-DK
2025-09-04 13:04:40,335 [INFO] DbBoards:161 - Board is not supported: STM32U083C-DK
2025-09-04 13:04:40,342 [INFO] BoardInfo:889 - No configuration file found for board STM32WBA65I-DK1
2025-09-04 13:04:40,342 [INFO] DbBoards:161 - Board is not supported: STM32WBA65I-DK1
2025-09-04 13:04:40,342 [INFO] DbBoards:168 - Found 211 boards, 186 are supported
2025-09-04 13:04:40,342 [INFO] DbBoards:169 - Found 211 boards, 3 of them is supported for  Bsp
2025-09-04 13:04:40,345 [INFO] ApiDb:423 - Load user favorites file C:\Users\ASUS/.stm32cubeide/favorites.boards.txt: 0 item(s)
2025-09-04 13:04:40,345 [INFO] ApiDb:427 - User favorites Boards=[]
2025-09-04 13:04:40,345 [INFO] DbBoards:198 - Set 0 / 0 favorites Boards
2025-09-04 13:04:40,345 [INFO] McuFinderGlobals:76 - Set McuFinderConnectedMode to true
2025-09-04 13:04:40,352 [INFO] MultiScanPanel:200 - Auto-refresh data requested => check proxy status ongoing
2025-09-04 13:04:40,354 [INFO] FinderPluginLoader:95 - Searching for filters in installed packs
2025-09-04 13:04:42,222 [INFO] LoadUrlFilesThread:185 - End of LoadServerUrlFiles without Thread
2025-09-04 13:04:42,360 [INFO] DetailPanel:341 - Set advertising image to C:/Users/ASUS/STM32Cube/Repository/\en.2400x1350px.jpeg
2025-09-04 13:08:21,159 [INFO] MainUpdater:2873 - connection check result : 10
2025-09-04 13:08:21,160 [INFO] MainUpdater:2873 - connection check result : 10
2025-09-04 13:08:21,213 [INFO] MicroXplorer:468 - Change Database Path : 
2025-09-04 13:08:21,213 [INFO] MicroXplorer:498 - Change Database Version : DB.6.0.100
2025-09-04 13:08:21,221 [WARN] ThirdParty:871 - waiting for thirdparty lock release [close project]
2025-09-04 13:08:21,221 [INFO] ThirdParty:873 - entering critical section [close project]
2025-09-04 13:08:21,225 [INFO] ThirdParty:883 - exiting critical section [close project]
2025-09-04 13:08:21,231 [INFO] PinOutPanel:1499 - setPackage(No Configuration,No Configuration)
2025-09-04 13:08:21,237 [INFO] UtilMem:75 - Begin LoadConfig() Used Memory: 685161384 Bytes (1073741824)
2025-09-04 13:08:21,239 [INFO] MicroXplorer:468 - Change Database Path : 
2025-09-04 13:08:21,239 [INFO] MicroXplorer:498 - Change Database Version : DB.6.0.100
2025-09-04 13:08:21,239 [INFO] OpenFileManager:312 - Change cursor
2025-09-04 13:08:21,328 [INFO] Mcu:2016 - Initializing MCU STM32F103C6Tx STM32F103C6Tx STM32F103C6T7A
2025-09-04 13:08:22,646 [INFO] Context:659 - Trying to add GPIOservice into a context  which must be forbidden
2025-09-04 13:08:22,897 [INFO] ImportTextPane:194 - (OptionalMessage_ERROR) Unable to find key (Mcu.ThirdPartyNb) in loaded IOC file
2025-09-04 13:08:22,897 [INFO] ImportTextPane:194 - (OptionalMessage_ERROR) Unable to find key (Mcu.PinsNb) in loaded IOC file
2025-09-04 13:08:22,897 [INFO] ImportTextPane:194 - (OptionalMessage_ERROR) Unable to find key (Mcu.IPNb) in loaded IOC file
2025-09-04 13:08:22,981 [INFO] RtosManager:555 - Registered RTOS mode: class=CMSIS, group=RTOS, mode=CMSIS_V1, owner=FREERTOS
2025-09-04 13:08:22,981 [INFO] RtosManager:555 - Registered RTOS mode: class=CMSIS, group=RTOS2, mode=CMSIS_V2, owner=FREERTOS
2025-09-04 13:08:22,981 [INFO] RtosManager:555 - Registered RTOS mode: class=RTOS, group=Core, mode=CMSIS_V1, owner=FREERTOS
2025-09-04 13:08:22,981 [INFO] RtosManager:555 - Registered RTOS mode: class=RTOS, group=Core, mode=CMSIS_V2, owner=FREERTOS
2025-09-04 13:08:22,981 [WARN] ModelIntegratedComponent:184 - Missing modes for component STMicroelectronics:FreeRTOS:0.0.1:STMicroelectronics:RTOS:FreeRTOS:Core:::10.2.0:
2025-09-04 13:08:23,006 [WARN] ModelIntegratedComponent:63 - No mode defined for component null
2025-09-04 13:08:23,006 [WARN] ModelIntegratedComponent:63 - No mode defined for component null
2025-09-04 13:08:23,006 [WARN] ModelIntegratedComponent:63 - No mode defined for component null
2025-09-04 13:08:23,006 [WARN] ModelIntegratedComponent:63 - No mode defined for component null
2025-09-04 13:08:23,006 [WARN] ModelIntegratedComponent:63 - No mode defined for component null
2025-09-04 13:08:23,006 [WARN] ModelIntegratedComponent:63 - No mode defined for component null
2025-09-04 13:08:23,006 [WARN] ModelIntegratedComponent:63 - No mode defined for component null
2025-09-04 13:08:23,006 [WARN] ModelIntegratedComponent:63 - No mode defined for component null
2025-09-04 13:08:23,006 [WARN] ModelIntegratedComponent:63 - No mode defined for component null
2025-09-04 13:08:23,006 [WARN] ModelIntegratedComponent:63 - No mode defined for component null
2025-09-04 13:08:23,006 [WARN] ModelIntegratedComponent:63 - No mode defined for component null
2025-09-04 13:08:23,006 [WARN] ModelIntegratedComponent:63 - No mode defined for component null
2025-09-04 13:08:23,006 [WARN] ModelIntegratedComponent:63 - No mode defined for component null
2025-09-04 13:08:23,006 [WARN] ModelIntegratedComponent:63 - No mode defined for component null
2025-09-04 13:08:23,006 [WARN] ModelIntegratedComponent:63 - No mode defined for component null
2025-09-04 13:08:23,007 [WARN] ModelIntegratedComponent:63 - No mode defined for component null
2025-09-04 13:08:23,007 [WARN] ModelIntegratedComponent:63 - No mode defined for component null
2025-09-04 13:08:23,007 [WARN] ModelIntegratedComponent:63 - No mode defined for component null
2025-09-04 13:08:23,007 [WARN] ModelIntegratedComponent:63 - No mode defined for component null
2025-09-04 13:08:23,007 [WARN] ModelIntegratedComponent:63 - No mode defined for component null
2025-09-04 13:08:23,007 [WARN] ModelIntegratedComponent:63 - No mode defined for component null
2025-09-04 13:08:23,007 [WARN] ModelIntegratedComponent:63 - No mode defined for component null
2025-09-04 13:08:23,007 [WARN] ModelIntegratedComponent:63 - No mode defined for component null
2025-09-04 13:08:23,007 [WARN] ModelIntegratedComponent:63 - No mode defined for component null
2025-09-04 13:08:23,007 [WARN] ModelIntegratedComponent:63 - No mode defined for component null
2025-09-04 13:08:23,007 [WARN] ModelIntegratedComponent:63 - No mode defined for component null
2025-09-04 13:08:23,007 [WARN] ModelIntegratedComponent:63 - No mode defined for component null
2025-09-04 13:08:23,007 [WARN] ModelIntegratedComponent:63 - No mode defined for component null
2025-09-04 13:08:23,007 [WARN] ModelIntegratedComponent:63 - No mode defined for component null
2025-09-04 13:08:23,007 [WARN] ModelIntegratedComponent:63 - No mode defined for component null
2025-09-04 13:08:23,007 [WARN] ModelIntegratedComponent:63 - No mode defined for component null
2025-09-04 13:08:23,007 [WARN] ModelIntegratedComponent:63 - No mode defined for component null
2025-09-04 13:08:23,007 [WARN] ModelIntegratedComponent:63 - No mode defined for component null
2025-09-04 13:08:23,253 [INFO] ThirdPartyModel:298 - Start build external matchings
2025-09-04 13:08:24,002 [INFO] ThirdPartyModel:316 - End build external matchings
2025-09-04 13:08:24,432 [INFO] UtilMem:75 - End LoadConfig() Used Memory: 748540240 Bytes (1073741824)
2025-09-04 13:08:24,655 [INFO] MicroXplorer:468 - Change Database Path : 
2025-09-04 13:08:24,655 [INFO] MicroXplorer:498 - Change Database Version : DB.6.0.100
2025-09-04 13:08:24,655 [WARN] ThirdParty:833 - waiting for thirdparty lock release [change project]
2025-09-04 13:08:24,655 [INFO] ThirdParty:835 - entering critical section [change project]
2025-09-04 13:08:24,655 [INFO] ThirdParty:1030 - CMSIS Pack Vendor :STMicroelectronics X-CUBE-PM33A1 1.0.0
2025-09-04 13:08:24,655 [INFO] ThirdParty:1030 - CMSIS Pack Vendor :STMicroelectronics USBPD 4.1
2025-09-04 13:08:24,655 [INFO] ThirdParty:1030 - CMSIS Pack Vendor :STMicroelectronics X-CUBE-AZRTOS-H7 3.3.0
2025-09-04 13:08:24,656 [INFO] ThirdParty:1030 - CMSIS Pack Vendor :STMicroelectronics X-CUBE-NFC9 1.0.0
2025-09-04 13:08:24,656 [INFO] ThirdParty:1030 - CMSIS Pack Vendor :wolfSSL I-CUBE-wolfSSL 5.8.0
2025-09-04 13:08:24,656 [INFO] ThirdParty:1030 - CMSIS Pack Vendor :STMicroelectronics USB_HOST 2.0.0
2025-09-04 13:08:24,656 [INFO] ThirdParty:1030 - CMSIS Pack Vendor :STMicroelectronics FP-SNS-MOTENVWB1 1.4.0
2025-09-04 13:08:24,656 [INFO] ThirdParty:1030 - CMSIS Pack Vendor :STMicroelectronics X-CUBE-AZRTOS-F4 1.1.0
2025-09-04 13:08:24,656 [INFO] ThirdParty:1030 - CMSIS Pack Vendor :STMicroelectronics LIBJPEG 8.0.0
2025-09-04 13:08:24,656 [INFO] ThirdParty:1030 - CMSIS Pack Vendor :STMicroelectronics FP-ATR-ASTRA1 2.0.2
2025-09-04 13:08:24,656 [INFO] ThirdParty:1030 - CMSIS Pack Vendor :STMicroelectronics X-CUBE-BLE1 7.1.0
2025-09-04 13:08:24,656 [INFO] ThirdParty:1030 - CMSIS Pack Vendor :STMicroelectronics X-CUBE-SMBUS 2.1.0
2025-09-04 13:08:24,656 [INFO] ThirdParty:1030 - CMSIS Pack Vendor :wolfSSL I-CUBE-wolfMQTT 1.19.2
2025-09-04 13:08:24,656 [INFO] ThirdParty:1030 - CMSIS Pack Vendor :STMicroelectronics USB_DEVICE 3.0.0
2025-09-04 13:08:24,656 [INFO] ThirdParty:1030 - CMSIS Pack Vendor :STMicroelectronics X-CUBE-ISPU 2.1.0
2025-09-04 13:08:24,656 [INFO] ThirdParty:1030 - CMSIS Pack Vendor :STMicroelectronics X-CUBE-EEPRMA1 5.2.0
2025-09-04 13:08:24,656 [INFO] ThirdParty:1030 - CMSIS Pack Vendor :STMicroelectronics X-CUBE-AZRTOS-WB 2.0.0
2025-09-04 13:08:24,656 [INFO] ThirdParty:1030 - CMSIS Pack Vendor :STMicroelectronics X-CUBE-GNSS1 7.0.1
2025-09-04 13:08:24,656 [INFO] ThirdParty:1030 - CMSIS Pack Vendor :STMicroelectronics X-CUBE-NFC12 1.0.0
2025-09-04 13:08:24,656 [INFO] ThirdParty:1030 - CMSIS Pack Vendor :STMicroelectronics X-CUBE-AZRTOS-F7 1.1.0
2025-09-04 13:08:24,656 [INFO] ThirdParty:1030 - CMSIS Pack Vendor :STMicroelectronics X-CUBE-AZRTOS-L5 2.0.0
2025-09-04 13:08:24,656 [INFO] ThirdParty:1030 - CMSIS Pack Vendor :STMicroelectronics X-CUBE-TOUCHGFX 4.25.0
2025-09-04 13:08:24,657 [INFO] ThirdParty:1030 - CMSIS Pack Vendor :STMicroelectronics USB_DEVICE 2.0.0
2025-09-04 13:08:24,657 [INFO] ThirdParty:1030 - CMSIS Pack Vendor :STMicroelectronics X-CUBE-NFC6 3.1.0
2025-09-04 13:08:24,657 [INFO] ThirdParty:1030 - CMSIS Pack Vendor :STMicroelectronics X-CUBE-AI 10.1.0
2025-09-04 13:08:24,657 [INFO] ThirdParty:1030 - CMSIS Pack Vendor :STMicroelectronics FP-SNS-STBOX1 2.0.0
2025-09-04 13:08:24,657 [INFO] ThirdParty:1030 - CMSIS Pack Vendor :STMicroelectronics FreeRTOS 0.0.1
2025-09-04 13:08:24,657 [INFO] ThirdParty:1030 - CMSIS Pack Vendor :STMicroelectronics X-CUBE-AZRTOS-G0 1.1.0
2025-09-04 13:08:24,657 [INFO] ThirdParty:1030 - CMSIS Pack Vendor :STMicroelectronics X-CUBE-SAFEA1 1.2.2
2025-09-04 13:08:24,657 [INFO] ThirdParty:1030 - CMSIS Pack Vendor :STMicroelectronics X-CUBE-NFC4 3.0.0
2025-09-04 13:08:24,658 [INFO] ThirdParty:1030 - CMSIS Pack Vendor :STMicroelectronics X-CUBE-SUBG2 5.0.0
2025-09-04 13:08:24,658 [INFO] ThirdParty:1030 - CMSIS Pack Vendor :STMicroelectronics X-CUBE-AZRTOS-H7RS 1.1.0
2025-09-04 13:08:24,658 [INFO] ThirdParty:1030 - CMSIS Pack Vendor :STMicroelectronics STM32_WPAN 1.0.0
2025-09-04 13:08:24,658 [INFO] ThirdParty:1030 - CMSIS Pack Vendor :EmbeddedOffice I-CUBE-FS-RTOS 1.0.1
2025-09-04 13:08:24,658 [INFO] ThirdParty:1030 - CMSIS Pack Vendor :STMicroelectronics lwIP 2.0.3
2025-09-04 13:08:24,658 [INFO] ThirdParty:1030 - CMSIS Pack Vendor :Cesanta I-CUBE-Mongoose 7.13.0
2025-09-04 13:08:24,658 [INFO] ThirdParty:1030 - CMSIS Pack Vendor :STMicroelectronics USB_HOST 1.0.0
2025-09-04 13:08:24,658 [INFO] ThirdParty:1030 - CMSIS Pack Vendor :Infineon AIROC-Wi-Fi-Bluetooth-STM32 1.7.0
2025-09-04 13:08:24,658 [INFO] ThirdParty:1030 - CMSIS Pack Vendor :STMicroelectronics X-CUBE-AZRTOS-G4 2.0.0
2025-09-04 13:08:24,658 [INFO] ThirdParty:1030 - CMSIS Pack Vendor :STMicroelectronics X-CUBE-WB05N 2.0.0
2025-09-04 13:08:24,658 [INFO] ThirdParty:1030 - CMSIS Pack Vendor :STMicroelectronics PDM2PCM 3.1.0
2025-09-04 13:08:24,658 [INFO] ThirdParty:1030 - CMSIS Pack Vendor :STMicroelectronics PDM2PCM 3.3.0
2025-09-04 13:08:24,658 [INFO] ThirdParty:1030 - CMSIS Pack Vendor :wolfSSL I-CUBE-wolfTPM 3.8.0
2025-09-04 13:08:24,658 [INFO] ThirdParty:1030 - CMSIS Pack Vendor :STMicroelectronics X-CUBE-AZRTOS-H7 3.4.0
2025-09-04 13:08:24,658 [INFO] ThirdParty:1030 - CMSIS Pack Vendor :STMicroelectronics X-CUBE-DISPLAY 3.0.0
2025-09-04 13:08:24,658 [INFO] ThirdParty:1030 - CMSIS Pack Vendor :wolfSSL I-CUBE-wolfSSH 1.4.20
2025-09-04 13:08:24,658 [INFO] ThirdParty:1030 - CMSIS Pack Vendor :STMicroelectronics X-CUBE-NFC7 2.0.0
2025-09-04 13:08:24,658 [INFO] ThirdParty:1030 - CMSIS Pack Vendor :RealThread X-CUBE-RT-Thread_Nano 4.1.1
2025-09-04 13:08:24,658 [INFO] ThirdParty:1030 - CMSIS Pack Vendor :STMicroelectronics FP-ATR-SIGFOX1 3.2.0
2025-09-04 13:08:24,658 [INFO] ThirdParty:1030 - CMSIS Pack Vendor :STMicroelectronics X-CUBE-NFC10 1.0.0
2025-09-04 13:08:24,660 [INFO] ThirdParty:1030 - CMSIS Pack Vendor :STMicroelectronics X-CUBE-BLEMGR 4.0.0
2025-09-04 13:08:24,660 [INFO] ThirdParty:1030 - CMSIS Pack Vendor :STMicroelectronics X-CUBE-EEPRMA1 5.1.0
2025-09-04 13:08:24,660 [INFO] ThirdParty:1030 - CMSIS Pack Vendor :STMicroelectronics X-CUBE-FREERTOS 1.3.1
2025-09-04 13:08:24,660 [INFO] ThirdParty:1030 - CMSIS Pack Vendor :STMicroelectronics HAL Drivers 0.0.0
2025-09-04 13:08:24,660 [INFO] ThirdParty:1030 - CMSIS Pack Vendor :STMicroelectronics MBEDTLS 2.16.2
2025-09-04 13:08:24,660 [INFO] ThirdParty:1030 - CMSIS Pack Vendor :STMicroelectronics X-CUBE-ALS 1.0.2
2025-09-04 13:08:24,660 [INFO] ThirdParty:1030 - CMSIS Pack Vendor :emotas I-CUBE-CANOPEN 1.3.0
2025-09-04 13:08:24,660 [INFO] ThirdParty:1030 - CMSIS Pack Vendor :STMicroelectronics MBEDTLS 2.14.1
2025-09-04 13:08:24,660 [INFO] ThirdParty:1030 - CMSIS Pack Vendor :ITTIA_DB I-CUBE-ITTIADB 8.9.0
2025-09-04 13:08:24,661 [INFO] ThirdParty:1030 - CMSIS Pack Vendor :portGmbH I-Cube-SoM-uGOAL 1.1.0
2025-09-04 13:08:24,661 [INFO] ThirdParty:1030 - CMSIS Pack Vendor :quantropi X-CUBE-qispace-sdk-base 2.0.0
2025-09-04 13:08:24,661 [INFO] ThirdParty:1030 - CMSIS Pack Vendor :STMicroelectronics X-CUBE-AI 10.2.0
2025-09-04 13:08:24,661 [INFO] ThirdParty:1030 - CMSIS Pack Vendor :STMicroelectronics ThreadX 1.0.0
2025-09-04 13:08:24,661 [INFO] ThirdParty:1030 - CMSIS Pack Vendor :STMicroelectronics FP-SNS-SMARTAG2 1.2.0
2025-09-04 13:08:24,661 [INFO] ThirdParty:1030 - CMSIS Pack Vendor :STMicroelectronics X-CUBE-AZRTOS-WL 2.0.0
2025-09-04 13:08:24,661 [INFO] ThirdParty:1030 - CMSIS Pack Vendor :SEGGER I-CUBE-embOS 1.3.1
2025-09-04 13:08:24,662 [INFO] ThirdParty:1030 - CMSIS Pack Vendor :STMicroelectronics X-CUBE-ALGOBUILD 1.4.0
2025-09-04 13:08:24,662 [INFO] ThirdParty:1030 - CMSIS Pack Vendor :STMicroelectronics X-CUBE-DPower 1.3.0
2025-09-04 13:08:24,662 [INFO] ThirdParty:1030 - CMSIS Pack Vendor :STMicroelectronics X-CUBE-MEMS1 11.3.0
2025-09-04 13:08:24,662 [INFO] ThirdParty:1030 - CMSIS Pack Vendor :STMicroelectronics FP-SNS-MOTENV1 5.0.0
2025-09-04 13:08:24,662 [INFO] ThirdParty:1030 - CMSIS Pack Vendor :STMicroelectronics USB_DEVICE 1.0.0
2025-09-04 13:08:24,662 [INFO] ThirdParty:1030 - CMSIS Pack Vendor :STMicroelectronics X-CUBE-AZRTOS-L4 2.0.0
2025-09-04 13:08:24,662 [INFO] ThirdParty:1030 - CMSIS Pack Vendor :STMicroelectronics ThreadX 0.0.2
2025-09-04 13:08:24,662 [INFO] ThirdParty:1030 - CMSIS Pack Vendor :WES I-CUBE-Cesium 1.3.0
2025-09-04 13:08:24,662 [INFO] ThirdParty:1030 - CMSIS Pack Vendor :STMicroelectronics lwIP 2.1.2
2025-09-04 13:08:24,662 [INFO] ThirdParty:1030 - CMSIS Pack Vendor :STMicroelectronics X-CUBE-SFXS2LP1 4.0.0
2025-09-04 13:08:24,662 [INFO] ThirdParty:1030 - CMSIS Pack Vendor :STMicroelectronics X-CUBE-BLE2 3.3.0
2025-09-04 13:08:24,662 [INFO] ThirdParty:1030 - CMSIS Pack Vendor :STMicroelectronics PDM2PCM 3.2.0
2025-09-04 13:08:24,662 [INFO] ThirdParty:841 - exiting critical section [change project]
2025-09-04 13:08:25,375 [INFO] PinOutPanel:1499 - setPackage(No Configuration,No Configuration)
2025-09-04 13:08:25,376 [INFO] PinOutPanel:1499 - setPackage(STM32F103C6Tx,LQFP48)
2025-09-04 13:08:26,234 [INFO] UtilMem:75 - Before build in PCC Used Memory: 855819304 Bytes (1073741824)
2025-09-04 13:08:27,183 [INFO] UtilMem:75 - After build in PCC Used Memory: 626672920 Bytes (1073741824)
2025-09-04 13:08:27,211 [INFO] IPUIPlugin:80 - create IPUIPlugin
2025-09-04 13:08:27,211 [INFO] IPUIPlugin:80 - create IPUIPlugin
2025-09-04 13:08:27,211 [INFO] IPUIPlugin:80 - create IPUIPlugin
2025-09-04 13:08:27,211 [INFO] IPUIPlugin:80 - create IPUIPlugin
2025-09-04 13:08:27,211 [INFO] IPUIPlugin:80 - create IPUIPlugin
2025-09-04 13:08:27,211 [INFO] IPUIPlugin:80 - create IPUIPlugin
2025-09-04 13:08:27,211 [INFO] IPUIPlugin:80 - create IPUIPlugin
2025-09-04 13:08:27,211 [INFO] IPUIPlugin:80 - create IPUIPlugin
2025-09-04 13:08:27,211 [INFO] IPUIPlugin:80 - create IPUIPlugin
2025-09-04 13:08:27,212 [INFO] IPUIPlugin:80 - create IPUIPlugin
2025-09-04 13:08:27,212 [INFO] IPUIPlugin:80 - create IPUIPlugin
2025-09-04 13:08:27,213 [INFO] IPUIPlugin:80 - create IPUIPlugin
2025-09-04 13:08:27,214 [INFO] IPUIPlugin:80 - create IPUIPlugin
2025-09-04 13:08:27,215 [INFO] IPUIPlugin:80 - create IPUIPlugin
2025-09-04 13:08:27,215 [INFO] IPUIPlugin:80 - create IPUIPlugin
2025-09-04 13:08:27,216 [INFO] IPUIPlugin:80 - create IPUIPlugin
2025-09-04 13:08:27,216 [INFO] IPUIPlugin:80 - create IPUIPlugin
2025-09-04 13:08:27,216 [INFO] IPUIPlugin:80 - create IPUIPlugin
2025-09-04 13:08:27,218 [INFO] IPUIPlugin:80 - create IPUIPlugin
2025-09-04 13:08:27,218 [INFO] IPUIPlugin:80 - create IPUIPlugin
2025-09-04 13:08:27,218 [INFO] IPUIPlugin:80 - create IPUIPlugin
2025-09-04 13:08:27,219 [INFO] IPUIPlugin:80 - create IPUIPlugin
2025-09-04 13:08:27,219 [INFO] IPUIPlugin:80 - create IPUIPlugin
2025-09-04 13:08:27,467 [INFO] CADModel:165 - CPN selected for project levelSTM32F103C6T7A
2025-09-04 13:08:27,467 [INFO] CADModel:114 - Register for checkConnection events
2025-09-04 13:08:27,509 [INFO] OpenFileManager:343 - Restore cursor
2025-09-04 13:08:30,100 [INFO] UtilMem:75 - End SaveConfig() Used Memory: 705316120 Bytes (1073741824)
2025-09-04 13:08:30,195 [INFO] UtilMem:75 - End SaveConfig() Used Memory: 716499488 Bytes (1073741824)
2025-09-04 13:08:30,735 [INFO] BlockDiagram:2759 - set Specific Code input for plugin: NVIC
2025-09-04 13:08:30,735 [INFO] BlockDiagram:2759 - set Specific Code input for plugin: RCC
2025-09-04 13:08:30,739 [INFO] CodeGenerator:807 - code generatio: config db path: D:\STM32CubeIDE_1.14.0\STM32CubeIDE\plugins\com.st.stm32cube.common.mx_6.10.0.202311202037\\db\
2025-09-04 13:08:31,331 [INFO] CodeEngine:255 - oldGeneratedFile, D:\VXL_VDK_LAB\LAB2\Exercise 1\MXTmpFiles\license.tmp_save
2025-09-04 13:08:31,928 [INFO] CodeEngine:279 - Generated code: D:\VXL_VDK_LAB\LAB2\Exercise 1\MXTmpFiles\license.tmp
2025-09-04 13:08:32,037 [INFO] CodeEngine:255 - oldGeneratedFile, D:\VXL_VDK_LAB\LAB2\Exercise 1\Core\Src\stm32f1xx_it.c_save
2025-09-04 13:08:32,607 [INFO] CodeEngine:279 - Generated code: D:\VXL_VDK_LAB\LAB2\Exercise 1\Core\Src\stm32f1xx_it.c
2025-09-04 13:08:32,624 [INFO] CodeEngine:255 - oldGeneratedFile, D:\VXL_VDK_LAB\LAB2\Exercise 1\Core\Inc\stm32f1xx_it.h_save
2025-09-04 13:08:32,855 [INFO] CodeEngine:279 - Generated code: D:\VXL_VDK_LAB\LAB2\Exercise 1\Core\Inc\stm32f1xx_it.h
2025-09-04 13:08:33,071 [INFO] CodeEngine:255 - oldGeneratedFile, D:\VXL_VDK_LAB\LAB2\Exercise 1\Core\Src\stm32f1xx_hal_msp.c_save
2025-09-04 13:08:33,265 [INFO] CodeEngine:279 - Generated code: D:\VXL_VDK_LAB\LAB2\Exercise 1\Core\Src\stm32f1xx_hal_msp.c
2025-09-04 13:08:33,300 [INFO] CodeEngine:255 - oldGeneratedFile, D:\VXL_VDK_LAB\LAB2\Exercise 1\MXTmpFiles\system.tmp_save
2025-09-04 13:08:33,411 [INFO] CodeEngine:279 - Generated code: D:\VXL_VDK_LAB\LAB2\Exercise 1\MXTmpFiles\system.tmp
2025-09-04 13:08:33,467 [INFO] CodeEngine:311 - oldGeneratedFile, D:\VXL_VDK_LAB\LAB2\Exercise 1\Core\Inc\stm32f1xx_hal_conf.h_save
2025-09-04 13:08:33,703 [INFO] CodeEngine:335 - Generated code: D:\VXL_VDK_LAB\LAB2\Exercise 1\Core\Inc\stm32f1xx_hal_conf.h
2025-09-04 13:08:33,819 [INFO] CodeEngine:255 - oldGeneratedFile, D:\VXL_VDK_LAB\LAB2\Exercise 1\Core\Inc\main.h_save
2025-09-04 13:08:33,973 [INFO] CodeEngine:279 - Generated code: D:\VXL_VDK_LAB\LAB2\Exercise 1\Core\Inc\main.h
2025-09-04 13:08:33,973 [INFO] CodeEngine:255 - oldGeneratedFile, D:\VXL_VDK_LAB\LAB2\Exercise 1\Core\Src\main.c_save
2025-09-04 13:08:34,175 [INFO] CodeEngine:279 - Generated code: D:\VXL_VDK_LAB\LAB2\Exercise 1\Core\Src\main.c
2025-09-04 13:08:36,107 [INFO] ProjectBuilder:3076 - Time for Copy HAL[1] : 200mS.
2025-09-04 13:08:36,153 [INFO] ProjectBuilder:4485 - Project Generator version: 4.2.0-B44
2025-09-04 13:08:36,662 [INFO] ConfigFileManager:1495 - The Die is : DIE412
2025-09-04 13:08:36,683 [INFO] ApiDbMcu:508 - Load IP Config File for FATFS
2025-09-04 13:08:36,699 [INFO] ApiDbMcu:508 - Load IP Config File for FREERTOS
2025-09-04 13:08:36,717 [INFO] ApiDbMcu:508 - Load IP Config File for USB_DEVICE
2025-09-04 13:08:38,602 [INFO] LogOutputStream:77 - [STDOUT_REDIRECT] 
2025-09-04 13:08:43,816 [INFO] ProjectBuilder:4747 - Time for Generating toolchain IDE Files: 7663mS.
2025-09-04 13:08:43,818 [INFO] ProjectBuilder:2947 - Time for Copy CMSIS : 0mS.
2025-09-04 13:08:43,818 [INFO] ProjectBuilder:2947 - Time for Copy CMSIS : 0mS.
2025-09-04 13:08:46,100 [INFO] McuFinderGlobals:76 - Set McuFinderConnectedMode to true
2025-09-04 13:08:46,110 [INFO] ApiDb:448 - Save user favorites file C:\Users\ASUS/.stm32cubeide/favorites.mcus.txt: 0 item(s)
2025-09-04 13:08:46,112 [INFO] ApiDb:452 - User favorites MCUs=[]
2025-09-04 13:24:32,542 [INFO] NvicIntPanel:101 - NVIC parent = com.st.microxplorer.plugins.ip.nvic.MultiNvicIntPanel[,0,0,0x0,invalid,layout=javax.swing.BoxLayout,alignmentX=0.0,alignmentY=0.0,border=,flags=9,maximumSize=,minimumSize=,preferredSize=]
2025-09-04 13:24:44,970 [INFO] NvicIntPanel:101 - NVIC parent = com.st.microxplorer.plugins.ip.nvic.MultiNvicIntPanel[,0,0,0x0,invalid,layout=javax.swing.BoxLayout,alignmentX=0.0,alignmentY=0.0,border=,flags=9,maximumSize=,minimumSize=,preferredSize=]
2025-09-04 13:24:57,059 [INFO] UtilMem:75 - End SaveConfig() Used Memory: 926320216 Bytes (1073741824)
2025-09-04 13:24:58,458 [INFO] UtilMem:75 - End SaveConfig() Used Memory: 945826224 Bytes (1073741824)
2025-09-04 13:25:01,417 [INFO] UtilMem:75 - End SaveConfig() Used Memory: 705982984 Bytes (1073741824)
2025-09-04 13:25:01,962 [INFO] BlockDiagram:2759 - set Specific Code input for plugin: NVIC
2025-09-04 13:25:01,962 [INFO] BlockDiagram:2759 - set Specific Code input for plugin: SYS
2025-09-04 13:25:01,962 [INFO] BlockDiagram:2759 - set Specific Code input for plugin: GPIO
2025-09-04 13:25:01,962 [INFO] BlockDiagram:2759 - set Specific Code input for plugin: RCC
2025-09-04 13:25:01,962 [INFO] BlockDiagram:2759 - set Specific Code input for plugin: TIM1_8F1
2025-09-04 13:25:01,963 [INFO] CodeGenerator:807 - code generatio: config db path: D:\STM32CubeIDE_1.14.0\STM32CubeIDE\plugins\com.st.stm32cube.common.mx_6.10.0.202311202037\\db\
2025-09-04 13:25:02,131 [INFO] CodeEngine:255 - oldGeneratedFile, D:\VXL_VDK_LAB\LAB2\Exercise 1\MXTmpFiles\license.tmp_save
2025-09-04 13:25:02,343 [INFO] CodeEngine:279 - Generated code: D:\VXL_VDK_LAB\LAB2\Exercise 1\MXTmpFiles\license.tmp
2025-09-04 13:25:02,472 [INFO] CodeEngine:255 - oldGeneratedFile, D:\VXL_VDK_LAB\LAB2\Exercise 1\MXTmpFiles\gpio.tmp_save
2025-09-04 13:25:02,686 [INFO] CodeEngine:279 - Generated code: D:\VXL_VDK_LAB\LAB2\Exercise 1\MXTmpFiles\gpio.tmp
2025-09-04 13:25:02,824 [INFO] CodeEngine:255 - oldGeneratedFile, D:\VXL_VDK_LAB\LAB2\Exercise 1\Core\Src\stm32f1xx_it.c_save
2025-09-04 13:25:03,100 [INFO] CodeEngine:279 - Generated code: D:\VXL_VDK_LAB\LAB2\Exercise 1\Core\Src\stm32f1xx_it.c
2025-09-04 13:25:03,121 [INFO] CodeEngine:255 - oldGeneratedFile, D:\VXL_VDK_LAB\LAB2\Exercise 1\Core\Inc\stm32f1xx_it.h_save
2025-09-04 13:25:03,220 [INFO] CodeEngine:279 - Generated code: D:\VXL_VDK_LAB\LAB2\Exercise 1\Core\Inc\stm32f1xx_it.h
2025-09-04 13:25:03,244 [INFO] CodeEngine:255 - oldGeneratedFile, D:\VXL_VDK_LAB\LAB2\Exercise 1\Core\Src\stm32f1xx_hal_msp.c_save
2025-09-04 13:25:03,366 [INFO] CodeEngine:279 - Generated code: D:\VXL_VDK_LAB\LAB2\Exercise 1\Core\Src\stm32f1xx_hal_msp.c
2025-09-04 13:25:03,377 [INFO] CodeEngine:255 - oldGeneratedFile, D:\VXL_VDK_LAB\LAB2\Exercise 1\MXTmpFiles\system.tmp_save
2025-09-04 13:25:03,562 [INFO] CodeEngine:279 - Generated code: D:\VXL_VDK_LAB\LAB2\Exercise 1\MXTmpFiles\system.tmp
2025-09-04 13:25:03,583 [INFO] CodeEngine:311 - oldGeneratedFile, D:\VXL_VDK_LAB\LAB2\Exercise 1\Core\Inc\stm32f1xx_hal_conf.h_save
2025-09-04 13:25:03,693 [INFO] CodeEngine:335 - Generated code: D:\VXL_VDK_LAB\LAB2\Exercise 1\Core\Inc\stm32f1xx_hal_conf.h
2025-09-04 13:25:03,733 [WARN] IPConfigManager:3440 - IP not found : TIM
2025-09-04 13:25:03,733 [WARN] CodeGenerator:3939 - IP not found : null
2025-09-04 13:25:03,755 [INFO] CodeEngine:255 - oldGeneratedFile, D:\VXL_VDK_LAB\LAB2\Exercise 1\Core\Inc\main.h_save
2025-09-04 13:25:03,872 [INFO] CodeEngine:279 - Generated code: D:\VXL_VDK_LAB\LAB2\Exercise 1\Core\Inc\main.h
2025-09-04 13:25:03,890 [INFO] CodeEngine:255 - oldGeneratedFile, D:\VXL_VDK_LAB\LAB2\Exercise 1\Core\Src\main.c_save
2025-09-04 13:25:04,004 [INFO] CodeEngine:279 - Generated code: D:\VXL_VDK_LAB\LAB2\Exercise 1\Core\Src\main.c
2025-09-04 13:25:04,841 [INFO] ProjectBuilder:3076 - Time for Copy HAL[1] : 190mS.
2025-09-04 13:25:04,846 [INFO] ProjectBuilder:4485 - Project Generator version: 4.2.0-B44
2025-09-04 13:25:05,188 [INFO] ConfigFileManager:1495 - The Die is : DIE412
2025-09-04 13:25:09,045 [INFO] ProjectBuilder:4747 - Time for Generating toolchain IDE Files: 4200mS.
2025-09-04 13:25:09,046 [INFO] ProjectBuilder:2947 - Time for Copy CMSIS : 1mS.
2025-09-04 13:25:09,047 [INFO] ProjectBuilder:2947 - Time for Copy CMSIS : 0mS.
2025-09-04 13:29:32,164 [INFO] UtilMem:75 - End SaveConfig() Used Memory: 679390000 Bytes (1073741824)
2025-09-04 13:29:33,710 [INFO] UtilMem:75 - End SaveConfig() Used Memory: 695973416 Bytes (1073741824)
2025-09-04 13:29:35,797 [INFO] UtilMem:75 - End SaveConfig() Used Memory: 743353912 Bytes (1073741824)
2025-09-04 13:29:36,038 [INFO] BlockDiagram:2759 - set Specific Code input for plugin: NVIC
2025-09-04 13:29:36,039 [INFO] BlockDiagram:2759 - set Specific Code input for plugin: SYS
2025-09-04 13:29:36,039 [INFO] BlockDiagram:2759 - set Specific Code input for plugin: GPIO
2025-09-04 13:29:36,039 [INFO] BlockDiagram:2759 - set Specific Code input for plugin: RCC
2025-09-04 13:29:36,039 [INFO] BlockDiagram:2759 - set Specific Code input for plugin: TIM1_8F1
2025-09-04 13:29:36,040 [INFO] CodeGenerator:807 - code generatio: config db path: D:\STM32CubeIDE_1.14.0\STM32CubeIDE\plugins\com.st.stm32cube.common.mx_6.10.0.202311202037\\db\
2025-09-04 13:29:36,194 [INFO] CodeEngine:255 - oldGeneratedFile, D:\VXL_VDK_LAB\LAB2\Exercise 1\MXTmpFiles\license.tmp_save
2025-09-04 13:29:36,287 [INFO] CodeEngine:279 - Generated code: D:\VXL_VDK_LAB\LAB2\Exercise 1\MXTmpFiles\license.tmp
2025-09-04 13:29:36,298 [INFO] CodeEngine:255 - oldGeneratedFile, D:\VXL_VDK_LAB\LAB2\Exercise 1\MXTmpFiles\gpio.tmp_save
2025-09-04 13:29:36,385 [INFO] CodeEngine:279 - Generated code: D:\VXL_VDK_LAB\LAB2\Exercise 1\MXTmpFiles\gpio.tmp
2025-09-04 13:29:36,437 [INFO] CodeEngine:255 - oldGeneratedFile, D:\VXL_VDK_LAB\LAB2\Exercise 1\Core\Src\stm32f1xx_it.c_save
2025-09-04 13:29:36,523 [INFO] CodeEngine:279 - Generated code: D:\VXL_VDK_LAB\LAB2\Exercise 1\Core\Src\stm32f1xx_it.c
2025-09-04 13:29:36,528 [INFO] CodeEngine:255 - oldGeneratedFile, D:\VXL_VDK_LAB\LAB2\Exercise 1\Core\Inc\stm32f1xx_it.h_save
2025-09-04 13:29:36,638 [INFO] CodeEngine:279 - Generated code: D:\VXL_VDK_LAB\LAB2\Exercise 1\Core\Inc\stm32f1xx_it.h
2025-09-04 13:29:36,660 [INFO] CodeEngine:255 - oldGeneratedFile, D:\VXL_VDK_LAB\LAB2\Exercise 1\Core\Src\stm32f1xx_hal_msp.c_save
2025-09-04 13:29:36,738 [INFO] CodeEngine:279 - Generated code: D:\VXL_VDK_LAB\LAB2\Exercise 1\Core\Src\stm32f1xx_hal_msp.c
2025-09-04 13:29:36,741 [INFO] CodeEngine:255 - oldGeneratedFile, D:\VXL_VDK_LAB\LAB2\Exercise 1\MXTmpFiles\system.tmp_save
2025-09-04 13:29:36,826 [INFO] CodeEngine:279 - Generated code: D:\VXL_VDK_LAB\LAB2\Exercise 1\MXTmpFiles\system.tmp
2025-09-04 13:29:36,846 [INFO] CodeEngine:311 - oldGeneratedFile, D:\VXL_VDK_LAB\LAB2\Exercise 1\Core\Inc\stm32f1xx_hal_conf.h_save
2025-09-04 13:29:36,966 [INFO] CodeEngine:335 - Generated code: D:\VXL_VDK_LAB\LAB2\Exercise 1\Core\Inc\stm32f1xx_hal_conf.h
2025-09-04 13:29:36,994 [WARN] IPConfigManager:3440 - IP not found : TIM
2025-09-04 13:29:36,994 [WARN] CodeGenerator:3939 - IP not found : null
2025-09-04 13:29:37,015 [INFO] CodeEngine:255 - oldGeneratedFile, D:\VXL_VDK_LAB\LAB2\Exercise 1\Core\Inc\main.h_save
2025-09-04 13:29:37,112 [INFO] CodeEngine:279 - Generated code: D:\VXL_VDK_LAB\LAB2\Exercise 1\Core\Inc\main.h
2025-09-04 13:29:37,126 [INFO] CodeEngine:255 - oldGeneratedFile, D:\VXL_VDK_LAB\LAB2\Exercise 1\Core\Src\main.c_save
2025-09-04 13:29:37,305 [INFO] CodeEngine:279 - Generated code: D:\VXL_VDK_LAB\LAB2\Exercise 1\Core\Src\main.c
2025-09-04 13:29:37,930 [INFO] ProjectBuilder:3076 - Time for Copy HAL[1] : 115mS.
2025-09-04 13:29:37,931 [INFO] ProjectBuilder:4485 - Project Generator version: 4.2.0-B44
2025-09-04 13:29:38,247 [INFO] ConfigFileManager:1495 - The Die is : DIE412
2025-09-04 13:29:40,122 [INFO] ProjectBuilder:4747 - Time for Generating toolchain IDE Files: 2191mS.
2025-09-04 13:29:40,123 [INFO] ProjectBuilder:2947 - Time for Copy CMSIS : 0mS.
2025-09-04 13:29:40,125 [INFO] ProjectBuilder:2947 - Time for Copy CMSIS : 0mS.
2025-09-04 13:47:03,290 [INFO] WebApp:354 - JxBrowser engine has been closed 
